#
# There is insufficient memory for the Java Runtime Environment to continue.
# Native memory allocation (malloc) failed to allocate 2492000 bytes for Chunk::new
# Possible reasons:
#   The system is out of physical RAM or swap space
#   The process is running with CompressedOops enabled, and the Java Heap may be blocking the growth of the native heap
# Possible solutions:
#   Reduce memory load on the system
#   Increase physical memory or swap space
#   Check if swap backing store is full
#   Decrease Java heap size (-Xmx/-Xms)
#   Decrease number of Java threads
#   Decrease Java thread stack sizes (-Xss)
#   Set larger code cache with -XX:ReservedCodeCacheSize=
#   JVM is running with Unscaled Compressed Oops mode in which the Java heap is
#     placed in the first 4GB address space. The Java Heap base address is the
#     maximum limit for the native heap growth. Please use -XX:HeapBaseMinAddress
#     to set the Java Heap base and to place the Java Heap above 4GB virtual address.
# This output file may be truncated or incomplete.
#
#  Out of Memory Error (arena.cpp:184), pid=11328, tid=8528
#
# JRE version: Java(TM) SE Runtime Environment (18.0.2.1+1) (build 18.0.2.1+1-1)
# Java VM: Java HotSpot(TM) 64-Bit Server VM (18.0.2.1+1-1, mixed mode, sharing, tiered, compressed oops, compressed class ptrs, g1 gc, windows-amd64)
# No core dump will be written. Minidumps are not enabled by default on client versions of Windows
#

---------------  S U M M A R Y ------------

Command Line: --add-opens=java.base/java.util=ALL-UNNAMED --add-opens=java.base/java.lang=ALL-UNNAMED --add-opens=java.base/java.lang.invoke=ALL-UNNAMED --add-opens=java.prefs/java.util.prefs=ALL-UNNAMED --add-opens=java.base/java.nio.charset=ALL-UNNAMED --add-opens=java.base/java.net=ALL-UNNAMED --add-opens=java.base/java.util.concurrent.atomic=ALL-UNNAMED -Xmx2048m -Dfile.encoding=UTF-8 -Duser.country=US -Duser.language=en -Duser.variant org.gradle.launcher.daemon.bootstrap.GradleDaemon 8.0

Host: AMD Ryzen 7 4800H with Radeon Graphics         , 16 cores, 7G,  Windows 11 , 64 bit Build 22621 (10.0.22621.2506)
Time: Thu Nov  9 20:23:07 2023 SE Asia Standard Time elapsed time: 4.870951 seconds (0d 0h 0m 4s)

---------------  T H R E A D  ---------------

Current thread (0x00000179b4dfad70):  JavaThread "C2 CompilerThread1" daemon [_thread_in_native, id=8528, stack(0x0000003e13900000,0x0000003e13a00000)]


Current CompileTask:
C2:   4871 6074       4       org.objectweb.asm.ClassReader::readMethod (1066 bytes)

Stack: [0x0000003e13900000,0x0000003e13a00000]
Native frames: (J=compiled Java code, j=interpreted, Vv=VM code, C=native code)
V  [jvm.dll+0x6993aa]
V  [jvm.dll+0x7f46dd]
V  [jvm.dll+0x7f5fee]
V  [jvm.dll+0x7f66a3]
V  [jvm.dll+0x25cf1f]
V  [jvm.dll+0xb8c2f]
V  [jvm.dll+0xb8fa5]
V  [jvm.dll+0x3860cb]
V  [jvm.dll+0x1d2d58]
V  [jvm.dll+0x230259]
V  [jvm.dll+0x22f4d1]
V  [jvm.dll+0x1ba01c]
V  [jvm.dll+0x23ee0a]
V  [jvm.dll+0x23d0f5]
V  [jvm.dll+0x7a6dd1]
V  [jvm.dll+0x7a120a]
V  [jvm.dll+0x698255]
C  [ucrtbase.dll+0x29363]
C  [KERNEL32.DLL+0x1257d]
C  [ntdll.dll+0x5aa58]


---------------  P R O C E S S  ---------------

Threads class SMR info:
_java_thread_list=0x00000179b8908280, length=53, elements={
0x0000017991cee500, 0x00000179b0a16f60, 0x00000179b0a17bc0, 0x00000179b0a30540,
0x00000179b0a31e00, 0x00000179b0a327a0, 0x00000179b0a33550, 0x00000179b0a36230,
0x00000179b0a38340, 0x00000179b0a3c6c0, 0x00000179b4d1ca10, 0x00000179b4d2ffa0,
0x00000179b4d38a90, 0x00000179b4dfad70, 0x00000179b5286c50, 0x00000179b57f7e10,
0x00000179b65e6fc0, 0x00000179b6bc71a0, 0x00000179b5ffa100, 0x00000179b5ff60e0,
0x00000179b6557650, 0x00000179b63205c0, 0x00000179b61431e0, 0x00000179b6142840,
0x00000179b6141ea0, 0x00000179b6142370, 0x00000179b61436b0, 0x00000179b6143b80,
0x00000179b6144ec0, 0x00000179b6145390, 0x00000179b6144520, 0x00000179b6145860,
0x00000179b6144050, 0x00000179b61449f0, 0x00000179b811de00, 0x00000179b811e2d0,
0x00000179b811e7a0, 0x00000179b811ec70, 0x00000179b8122160, 0x00000179b811f140,
0x00000179b811b2b0, 0x00000179b8121c90, 0x00000179b8120e20, 0x00000179b81212f0,
0x00000179b8122630, 0x00000179b811d930, 0x00000179b811bc50, 0x00000179b811b780,
0x00000179b811fae0, 0x00000179b811cf90, 0x00000179b811ffb0, 0x00000179b8120480,
0x00000179b811c120
}

Java Threads: ( => current thread )
  0x0000017991cee500 JavaThread "main" [_thread_blocked, id=18396, stack(0x0000003e12500000,0x0000003e12600000)]
  0x00000179b0a16f60 JavaThread "Reference Handler" daemon [_thread_blocked, id=13924, stack(0x0000003e12c00000,0x0000003e12d00000)]
  0x00000179b0a17bc0 JavaThread "Finalizer" daemon [_thread_blocked, id=696, stack(0x0000003e12d00000,0x0000003e12e00000)]
  0x00000179b0a30540 JavaThread "Signal Dispatcher" daemon [_thread_blocked, id=15036, stack(0x0000003e12e00000,0x0000003e12f00000)]
  0x00000179b0a31e00 JavaThread "Attach Listener" daemon [_thread_blocked, id=14904, stack(0x0000003e12f00000,0x0000003e13000000)]
  0x00000179b0a327a0 JavaThread "Service Thread" daemon [_thread_blocked, id=352, stack(0x0000003e13000000,0x0000003e13100000)]
  0x00000179b0a33550 JavaThread "Monitor Deflation Thread" daemon [_thread_blocked, id=15196, stack(0x0000003e13100000,0x0000003e13200000)]
  0x00000179b0a36230 JavaThread "C2 CompilerThread0" daemon [_thread_in_native, id=11128, stack(0x0000003e13200000,0x0000003e13300000)]
  0x00000179b0a38340 JavaThread "C1 CompilerThread0" daemon [_thread_blocked, id=12696, stack(0x0000003e13300000,0x0000003e13400000)]
  0x00000179b0a3c6c0 JavaThread "Sweeper thread" daemon [_thread_blocked, id=13516, stack(0x0000003e13400000,0x0000003e13500000)]
  0x00000179b4d1ca10 JavaThread "C1 CompilerThread1" daemon [_thread_blocked, id=14060, stack(0x0000003e13500000,0x0000003e13600000)]
  0x00000179b4d2ffa0 JavaThread "Common-Cleaner" daemon [_thread_blocked, id=13456, stack(0x0000003e13600000,0x0000003e13700000)]
  0x00000179b4d38a90 JavaThread "Notification Thread" daemon [_thread_blocked, id=18100, stack(0x0000003e13700000,0x0000003e13800000)]
=>0x00000179b4dfad70 JavaThread "C2 CompilerThread1" daemon [_thread_in_native, id=8528, stack(0x0000003e13900000,0x0000003e13a00000)]
  0x00000179b5286c50 JavaThread "C1 CompilerThread2" daemon [_thread_blocked, id=11836, stack(0x0000003e13b00000,0x0000003e13c00000)]
  0x00000179b57f7e10 JavaThread "C1 CompilerThread3" daemon [_thread_blocked, id=16308, stack(0x0000003e13c00000,0x0000003e13d00000)]
  0x00000179b65e6fc0 JavaThread "Daemon health stats" [_thread_blocked, id=12424, stack(0x0000003e14100000,0x0000003e14200000)]
  0x00000179b6bc71a0 JavaThread "Incoming local TCP Connector on port 55804" [_thread_in_native, id=1232, stack(0x0000003e14200000,0x0000003e14300000)]
  0x00000179b5ffa100 JavaThread "Daemon periodic checks" [_thread_blocked, id=15832, stack(0x0000003e14300000,0x0000003e14400000)]
  0x00000179b5ff60e0 JavaThread "Daemon" [_thread_blocked, id=3232, stack(0x0000003e14400000,0x0000003e14500000)]
  0x00000179b6557650 JavaThread "Handler for socket connection from /127.0.0.1:55804 to /127.0.0.1:55805" [_thread_in_native, id=14800, stack(0x0000003e14500000,0x0000003e14600000)]
  0x00000179b63205c0 JavaThread "Cancel handler" [_thread_blocked, id=5272, stack(0x0000003e14600000,0x0000003e14700000)]
  0x00000179b61431e0 JavaThread "Daemon worker" [_thread_blocked, id=13980, stack(0x0000003e14700000,0x0000003e14800000)]
  0x00000179b6142840 JavaThread "Asynchronous log dispatcher for DefaultDaemonConnection: socket connection from /127.0.0.1:55804 to /127.0.0.1:55805" [_thread_blocked, id=7924, stack(0x0000003e14800000,0x0000003e14900000)]
  0x00000179b6141ea0 JavaThread "Stdin handler" [_thread_blocked, id=12168, stack(0x0000003e14900000,0x0000003e14a00000)]
  0x00000179b6142370 JavaThread "Daemon client event forwarder" [_thread_blocked, id=16980, stack(0x0000003e13a00000,0x0000003e13b00000)]
  0x00000179b61436b0 JavaThread "Cache worker for journal cache (C:\Users\Admin\.gradle\caches\journal-1)" [_thread_blocked, id=14160, stack(0x0000003e14a00000,0x0000003e14b00000)]
  0x00000179b6143b80 JavaThread "File lock request listener" [_thread_in_native, id=7996, stack(0x0000003e14b00000,0x0000003e14c00000)]
  0x00000179b6144ec0 JavaThread "Cache worker for file hash cache (C:\Users\Admin\.gradle\caches\8.0\fileHashes)" [_thread_blocked, id=17240, stack(0x0000003e14c00000,0x0000003e14d00000)]
  0x00000179b6145390 JavaThread "File watcher server" daemon [_thread_in_native, id=11532, stack(0x0000003e15500000,0x0000003e15600000)]
  0x00000179b6144520 JavaThread "File watcher consumer" daemon [_thread_blocked, id=8712, stack(0x0000003e15600000,0x0000003e15700000)]
  0x00000179b6145860 JavaThread "jar transforms" [_thread_blocked, id=14500, stack(0x0000003e15700000,0x0000003e15800000)]
  0x00000179b6144050 JavaThread "jar transforms Thread 2" [_thread_blocked, id=9320, stack(0x0000003e15800000,0x0000003e15900000)]
  0x00000179b61449f0 JavaThread "jar transforms Thread 3" [_thread_blocked, id=13772, stack(0x0000003e15900000,0x0000003e15a00000)]
  0x00000179b811de00 JavaThread "jar transforms Thread 4" [_thread_blocked, id=3520, stack(0x0000003e15a00000,0x0000003e15b00000)]
  0x00000179b811e2d0 JavaThread "jar transforms Thread 5" [_thread_blocked, id=9620, stack(0x0000003e15b00000,0x0000003e15c00000)]
  0x00000179b811e7a0 JavaThread "jar transforms Thread 6" [_thread_blocked, id=17884, stack(0x0000003e15c00000,0x0000003e15d00000)]
  0x00000179b811ec70 JavaThread "jar transforms Thread 7" [_thread_blocked, id=17824, stack(0x0000003e15d00000,0x0000003e15e00000)]
  0x00000179b8122160 JavaThread "jar transforms Thread 8" [_thread_blocked, id=14884, stack(0x0000003e15e00000,0x0000003e15f00000)]
  0x00000179b811f140 JavaThread "jar transforms Thread 9" [_thread_blocked, id=17592, stack(0x0000003e15f00000,0x0000003e16000000)]
  0x00000179b811b2b0 JavaThread "jar transforms Thread 10" [_thread_blocked, id=17056, stack(0x0000003e16000000,0x0000003e16100000)]
  0x00000179b8121c90 JavaThread "jar transforms Thread 11" [_thread_blocked, id=16172, stack(0x0000003e16100000,0x0000003e16200000)]
  0x00000179b8120e20 JavaThread "jar transforms Thread 12" [_thread_blocked, id=13672, stack(0x0000003e16200000,0x0000003e16300000)]
  0x00000179b81212f0 JavaThread "jar transforms Thread 13" [_thread_blocked, id=1076, stack(0x0000003e16300000,0x0000003e16400000)]
  0x00000179b8122630 JavaThread "jar transforms Thread 14" [_thread_blocked, id=14312, stack(0x0000003e16400000,0x0000003e16500000)]
  0x00000179b811d930 JavaThread "jar transforms Thread 15" [_thread_blocked, id=16064, stack(0x0000003e16500000,0x0000003e16600000)]
  0x00000179b811bc50 JavaThread "jar transforms Thread 16" [_thread_blocked, id=7224, stack(0x0000003e16600000,0x0000003e16700000)]
  0x00000179b811b780 JavaThread "Cache worker for checksums cache (C:\Users\Admin\AndroidStudioProjects\RSS-App\.gradle\8.0\checksums)" [_thread_blocked, id=16600, stack(0x0000003e16900000,0x0000003e16a00000)]
  0x00000179b811fae0 JavaThread "Cache worker for cache directory md-rule (C:\Users\Admin\.gradle\caches\8.0\md-rule)" [_thread_blocked, id=716, stack(0x0000003e16a00000,0x0000003e16b00000)]
  0x00000179b811cf90 JavaThread "Cache worker for file content cache (C:\Users\Admin\.gradle\caches\8.0\fileContent)" [_thread_blocked, id=3248, stack(0x0000003e16b00000,0x0000003e16c00000)]
  0x00000179b811ffb0 JavaThread "Cache worker for file hash cache (C:\Users\Admin\AndroidStudioProjects\RSS-App\.gradle\8.0\fileHashes)" [_thread_blocked, id=2468, stack(0x0000003e16c00000,0x0000003e16d00000)]
  0x00000179b8120480 JavaThread "Cache worker for cache directory md-supplier (C:\Users\Admin\.gradle\caches\8.0\md-supplier)" [_thread_blocked, id=17144, stack(0x0000003e16d00000,0x0000003e16e00000)]
  0x00000179b811c120 JavaThread "Cache worker for execution history cache (C:\Users\Admin\.gradle\caches\8.0\executionHistory)" [_thread_blocked, id=14368, stack(0x0000003e16e00000,0x0000003e16f00000)]

Other Threads:
  0x0000017991d8f080 VMThread "VM Thread" [stack: 0x0000003e12b00000,0x0000003e12c00000] [id=8012]
  0x00000179b4d39360 WatcherThread "VM Periodic Task Thread" [stack: 0x0000003e13800000,0x0000003e13900000] [id=1444]
  0x0000017991d53210 WorkerThread "GC Thread#0" [stack: 0x0000003e12600000,0x0000003e12700000] [id=3600]
  0x00000179b597dce0 WorkerThread "GC Thread#1" [stack: 0x0000003e13d00000,0x0000003e13e00000] [id=1788]
  0x00000179b5700f30 WorkerThread "GC Thread#2" [stack: 0x0000003e13e00000,0x0000003e13f00000] [id=14204]
  0x00000179b57011d0 WorkerThread "GC Thread#3" [stack: 0x0000003e13f00000,0x0000003e14000000] [id=16152]
  0x00000179b5d7c420 WorkerThread "GC Thread#4" [stack: 0x0000003e14000000,0x0000003e14100000] [id=4000]
  0x00000179b6db3860 WorkerThread "GC Thread#5" [stack: 0x0000003e14d00000,0x0000003e14e00000] [id=13204]
  0x00000179b6db3b00 WorkerThread "GC Thread#6" [stack: 0x0000003e14e00000,0x0000003e14f00000] [id=11548]
  0x00000179b76a2d30 WorkerThread "GC Thread#7" [stack: 0x0000003e14f00000,0x0000003e15000000] [id=7720]
  0x00000179b77273e0 WorkerThread "GC Thread#8" [stack: 0x0000003e15000000,0x0000003e15100000] [id=856]
  0x00000179b7727680 WorkerThread "GC Thread#9" [stack: 0x0000003e15100000,0x0000003e15200000] [id=13536]
  0x00000179b70c6210 WorkerThread "GC Thread#10" [stack: 0x0000003e15200000,0x0000003e15300000] [id=18152]
  0x00000179b70c5250 WorkerThread "GC Thread#11" [stack: 0x0000003e15300000,0x0000003e15400000] [id=15716]
  0x00000179b70c64b0 WorkerThread "GC Thread#12" [stack: 0x0000003e15400000,0x0000003e15500000] [id=13532]
  0x0000017991d64040 ConcurrentGCThread "G1 Main Marker" [stack: 0x0000003e12700000,0x0000003e12800000] [id=6220]
  0x0000017991d66950 WorkerThread "G1 Conc#0" [stack: 0x0000003e12800000,0x0000003e12900000] [id=7092]
  0x00000179b70c6750 WorkerThread "G1 Conc#1" [stack: 0x0000003e16700000,0x0000003e16800000] [id=3776]
  0x00000179b70c5f70 WorkerThread "G1 Conc#2" [stack: 0x0000003e16800000,0x0000003e16900000] [id=17632]
  0x0000017991dae090 ConcurrentGCThread "G1 Refine#0" [stack: 0x0000003e12900000,0x0000003e12a00000] [id=14348]
  0x0000017991dae9a0 ConcurrentGCThread "G1 Service" [stack: 0x0000003e12a00000,0x0000003e12b00000] [id=1492]

Threads with active compile tasks:
C2 CompilerThread0     4885 5767 %     4       org.objectweb.asm.ClassReader::readCode @ 2232 (5109 bytes)
C2 CompilerThread1     4885 6074       4       org.objectweb.asm.ClassReader::readMethod (1066 bytes)

VM state: at safepoint (normal execution)

VM Mutex/Monitor currently owned by a thread:  ([mutex/lock_event])
[0x0000017991cebc10] Threads_lock - owner thread: 0x0000017991d8f080
[0x0000017991cea080] Heap_lock - owner thread: 0x00000179b811e2d0

Heap address: 0x0000000080000000, size: 2048 MB, Compressed Oops mode: 32-bit

CDS archive(s) mapped at: [0x0000000800000000-0x0000000800ba0000-0x0000000800ba0000), size 12189696, SharedBaseAddress: 0x0000000800000000, ArchiveRelocationMode: 0.
Compressed class space mapped at: 0x0000000800c00000-0x0000000840c00000, reserved size: 1073741824
Narrow klass base: 0x0000000800000000, Narrow klass shift: 0, Narrow klass range: 0x100000000

GC Precious Log:
 CardTable entry size: 512
 Card Set container configuration: InlinePtr #cards 5 size 8 Array Of Cards #cards 12 size 40 Howl #buckets 4 coarsen threshold 1843 Howl Bitmap #cards 512 size 80 coarsen threshold 460 Card regions per heap region 1 cards per card region 2048
 CPUs: 16 total, 16 available
 Memory: 7549M
 Large Page Support: Disabled
 NUMA Support: Disabled
 Compressed Oops: Enabled (32-bit)
 Heap Region Size: 1M
 Heap Min Capacity: 8M
 Heap Initial Capacity: 118M
 Heap Max Capacity: 2G
 Pre-touch: Disabled
 Parallel Workers: 13
 Concurrent Workers: 3
 Concurrent Refinement Workers: 13
 Periodic GC: Disabled

Heap:
 garbage-first heap   total 158720K, used 77113K [0x0000000080000000, 0x0000000100000000)
  region size 1024K, 3 young (3072K), 3 survivors (3072K)
 Metaspace       used 43610K, committed 44992K, reserved 1114112K
  class space    used 6034K, committed 6720K, reserved 1048576K

Heap Regions: E=young(eden), S=young(survivor), O=old, HS=humongous(starts), HC=humongous(continues), CS=collection set, F=free, OA=open archive, CA=closed archive, TAMS=top-at-mark-start (previous, next)
|   0|0x0000000080000000, 0x0000000080100000, 0x0000000080100000|100%|HS|  |TAMS 0x0000000080100000, 0x0000000080000000| Complete 
|   1|0x0000000080100000, 0x0000000080200000, 0x0000000080200000|100%|HC|  |TAMS 0x0000000080200000, 0x0000000080100000| Complete 
|   2|0x0000000080200000, 0x0000000080300000, 0x0000000080300000|100%|HC|  |TAMS 0x0000000080300000, 0x0000000080200000| Complete 
|   3|0x0000000080300000, 0x0000000080400000, 0x0000000080400000|100%|HC|  |TAMS 0x0000000080400000, 0x0000000080300000| Complete 
|   4|0x0000000080400000, 0x0000000080500000, 0x0000000080500000|100%| O|  |TAMS 0x0000000080500000, 0x0000000080400000| Untracked 
|   5|0x0000000080500000, 0x0000000080600000, 0x0000000080600000|100%| O|  |TAMS 0x0000000080600000, 0x0000000080500000| Untracked 
|   6|0x0000000080600000, 0x0000000080700000, 0x0000000080700000|100%| O|  |TAMS 0x0000000080700000, 0x0000000080600000| Untracked 
|   7|0x0000000080700000, 0x0000000080800000, 0x0000000080800000|100%| O|  |TAMS 0x0000000080800000, 0x0000000080700000| Untracked 
|   8|0x0000000080800000, 0x0000000080900000, 0x0000000080900000|100%| O|  |TAMS 0x0000000080900000, 0x0000000080800000| Untracked 
|   9|0x0000000080900000, 0x0000000080a00000, 0x0000000080a00000|100%| O|  |TAMS 0x0000000080a00000, 0x0000000080900000| Untracked 
|  10|0x0000000080a00000, 0x0000000080b00000, 0x0000000080b00000|100%| O|  |TAMS 0x0000000080b00000, 0x0000000080a00000| Untracked 
|  11|0x0000000080b00000, 0x0000000080c00000, 0x0000000080c00000|100%| O|  |TAMS 0x0000000080c00000, 0x0000000080b00000| Untracked 
|  12|0x0000000080c00000, 0x0000000080d00000, 0x0000000080d00000|100%|HS|  |TAMS 0x0000000080d00000, 0x0000000080c00000| Complete 
|  13|0x0000000080d00000, 0x0000000080e00000, 0x0000000080e00000|100%|HC|  |TAMS 0x0000000080e00000, 0x0000000080d00000| Complete 
|  14|0x0000000080e00000, 0x0000000080f00000, 0x0000000080f00000|100%|HS|  |TAMS 0x0000000080f00000, 0x0000000080e00000| Complete 
|  15|0x0000000080f00000, 0x0000000081000000, 0x0000000081000000|100%|HC|  |TAMS 0x0000000081000000, 0x0000000080f00000| Complete 
|  16|0x0000000081000000, 0x0000000081100000, 0x0000000081100000|100%|HC|  |TAMS 0x0000000081100000, 0x0000000081000000| Complete 
|  17|0x0000000081100000, 0x0000000081200000, 0x0000000081200000|100%|HS|  |TAMS 0x0000000081200000, 0x0000000081100000| Complete 
|  18|0x0000000081200000, 0x0000000081300000, 0x0000000081300000|100%|HC|  |TAMS 0x0000000081300000, 0x0000000081200000| Complete 
|  19|0x0000000081300000, 0x0000000081400000, 0x0000000081400000|100%|HC|  |TAMS 0x0000000081400000, 0x0000000081300000| Complete 
|  20|0x0000000081400000, 0x0000000081500000, 0x0000000081500000|100%|HS|  |TAMS 0x0000000081500000, 0x0000000081400000| Complete 
|  21|0x0000000081500000, 0x0000000081600000, 0x0000000081600000|100%|HC|  |TAMS 0x0000000081600000, 0x0000000081500000| Complete 
|  22|0x0000000081600000, 0x0000000081700000, 0x0000000081700000|100%|HS|  |TAMS 0x0000000081700000, 0x0000000081600000| Complete 
|  23|0x0000000081700000, 0x0000000081800000, 0x0000000081800000|100%|HC|  |TAMS 0x0000000081800000, 0x0000000081700000| Complete 
|  24|0x0000000081800000, 0x0000000081900000, 0x0000000081900000|100%|HC|  |TAMS 0x0000000081900000, 0x0000000081800000| Complete 
|  25|0x0000000081900000, 0x0000000081a00000, 0x0000000081a00000|100%|HC|  |TAMS 0x0000000081a00000, 0x0000000081900000| Complete 
|  26|0x0000000081a00000, 0x0000000081b00000, 0x0000000081b00000|100%|HC|  |TAMS 0x0000000081b00000, 0x0000000081a00000| Complete 
|  27|0x0000000081b00000, 0x0000000081c00000, 0x0000000081c00000|100%|HC|  |TAMS 0x0000000081c00000, 0x0000000081b00000| Complete 
|  28|0x0000000081c00000, 0x0000000081d00000, 0x0000000081d00000|100%|HC|  |TAMS 0x0000000081d00000, 0x0000000081c00000| Complete 
|  29|0x0000000081d00000, 0x0000000081e00000, 0x0000000081e00000|100%|HC|  |TAMS 0x0000000081e00000, 0x0000000081d00000| Complete 
|  30|0x0000000081e00000, 0x0000000081f00000, 0x0000000081f00000|100%|HC|  |TAMS 0x0000000081f00000, 0x0000000081e00000| Complete 
|  31|0x0000000081f00000, 0x0000000082000000, 0x0000000082000000|100%|HC|  |TAMS 0x0000000082000000, 0x0000000081f00000| Complete 
|  32|0x0000000082000000, 0x0000000082100000, 0x0000000082100000|100%|HS|  |TAMS 0x0000000082100000, 0x0000000082000000| Complete 
|  33|0x0000000082100000, 0x0000000082200000, 0x0000000082200000|100%|HC|  |TAMS 0x0000000082200000, 0x0000000082100000| Complete 
|  34|0x0000000082200000, 0x0000000082300000, 0x0000000082300000|100%|HS|  |TAMS 0x0000000082300000, 0x0000000082200000| Complete 
|  35|0x0000000082300000, 0x0000000082400000, 0x0000000082400000|100%|HC|  |TAMS 0x0000000082400000, 0x0000000082300000| Complete 
|  36|0x0000000082400000, 0x0000000082500000, 0x0000000082500000|100%|HC|  |TAMS 0x0000000082500000, 0x0000000082400000| Complete 
|  37|0x0000000082500000, 0x0000000082600000, 0x0000000082600000|100%|HC|  |TAMS 0x0000000082600000, 0x0000000082500000| Complete 
|  38|0x0000000082600000, 0x0000000082700000, 0x0000000082700000|100%|HC|  |TAMS 0x0000000082700000, 0x0000000082600000| Complete 
|  39|0x0000000082700000, 0x0000000082800000, 0x0000000082800000|100%| O|  |TAMS 0x0000000082800000, 0x0000000082700000| Untracked 
|  40|0x0000000082800000, 0x0000000082900000, 0x0000000082900000|100%| O|  |TAMS 0x0000000082900000, 0x0000000082800000| Untracked 
|  41|0x0000000082900000, 0x0000000082a00000, 0x0000000082a00000|100%| O|  |TAMS 0x0000000082a00000, 0x0000000082900000| Untracked 
|  42|0x0000000082a00000, 0x0000000082b00000, 0x0000000082b00000|100%| O|  |TAMS 0x0000000082b00000, 0x0000000082a00000| Untracked 
|  43|0x0000000082b00000, 0x0000000082c00000, 0x0000000082c00000|100%| O|  |TAMS 0x0000000082c00000, 0x0000000082b00000| Untracked 
|  44|0x0000000082c00000, 0x0000000082d00000, 0x0000000082d00000|100%| O|  |TAMS 0x0000000082d00000, 0x0000000082c00000| Untracked 
|  45|0x0000000082d00000, 0x0000000082e00000, 0x0000000082e00000|100%| O|  |TAMS 0x0000000082e00000, 0x0000000082d00000| Untracked 
|  46|0x0000000082e00000, 0x0000000082f00000, 0x0000000082f00000|100%| O|  |TAMS 0x0000000082f00000, 0x0000000082e00000| Untracked 
|  47|0x0000000082f00000, 0x0000000083000000, 0x0000000083000000|100%| O|  |TAMS 0x0000000083000000, 0x0000000082f00000| Untracked 
|  48|0x0000000083000000, 0x0000000083100000, 0x0000000083100000|100%| O|  |TAMS 0x0000000083100000, 0x0000000083000000| Untracked 
|  49|0x0000000083100000, 0x0000000083200000, 0x0000000083200000|100%| O|  |TAMS 0x0000000083200000, 0x0000000083100000| Untracked 
|  50|0x0000000083200000, 0x0000000083300000, 0x0000000083300000|100%| O|  |TAMS 0x0000000083300000, 0x0000000083200000| Untracked 
|  51|0x0000000083300000, 0x0000000083400000, 0x0000000083400000|100%| O|  |TAMS 0x0000000083400000, 0x0000000083300000| Untracked 
|  52|0x0000000083400000, 0x0000000083500000, 0x0000000083500000|100%| O|  |TAMS 0x0000000083500000, 0x0000000083400000| Untracked 
|  53|0x0000000083500000, 0x0000000083600000, 0x0000000083600000|100%| O|  |TAMS 0x0000000083600000, 0x0000000083500000| Untracked 
|  54|0x0000000083600000, 0x0000000083700000, 0x0000000083700000|100%| O|  |TAMS 0x0000000083700000, 0x0000000083600000| Untracked 
|  55|0x0000000083700000, 0x0000000083800000, 0x0000000083800000|100%| O|  |TAMS 0x0000000083800000, 0x0000000083700000| Untracked 
|  56|0x0000000083800000, 0x0000000083900000, 0x0000000083900000|100%| O|  |TAMS 0x0000000083900000, 0x0000000083800000| Untracked 
|  57|0x0000000083900000, 0x0000000083a00000, 0x0000000083a00000|100%| O|  |TAMS 0x0000000083a00000, 0x0000000083900000| Untracked 
|  58|0x0000000083a00000, 0x0000000083b00000, 0x0000000083b00000|100%| O|  |TAMS 0x0000000083b00000, 0x0000000083a00000| Untracked 
|  59|0x0000000083b00000, 0x0000000083c00000, 0x0000000083c00000|100%| O|  |TAMS 0x0000000083c00000, 0x0000000083b00000| Untracked 
|  60|0x0000000083c00000, 0x0000000083c00000, 0x0000000083d00000|  0%| F|  |TAMS 0x0000000083c00000, 0x0000000083c00000| Untracked 
|  61|0x0000000083d00000, 0x0000000083dadc00, 0x0000000083e00000| 67%| O|  |TAMS 0x0000000083dadc00, 0x0000000083d00000| Untracked 
|  62|0x0000000083e00000, 0x0000000083e00000, 0x0000000083f00000|  0%| F|  |TAMS 0x0000000083e00000, 0x0000000083e00000| Untracked 
|  63|0x0000000083f00000, 0x0000000083f00000, 0x0000000084000000|  0%| F|  |TAMS 0x0000000083f00000, 0x0000000083f00000| Untracked 
|  64|0x0000000084000000, 0x0000000084000000, 0x0000000084100000|  0%| F|  |TAMS 0x0000000084000000, 0x0000000084000000| Untracked 
|  65|0x0000000084100000, 0x0000000084200000, 0x0000000084200000|100%| O|  |TAMS 0x0000000084200000, 0x0000000084100000| Untracked 
|  66|0x0000000084200000, 0x0000000084300000, 0x0000000084300000|100%| O|  |TAMS 0x0000000084300000, 0x0000000084200000| Untracked 
|  67|0x0000000084300000, 0x0000000084400000, 0x0000000084400000|100%|HS|  |TAMS 0x0000000084400000, 0x0000000084300000| Complete 
|  68|0x0000000084400000, 0x0000000084500000, 0x0000000084500000|100%|HC|  |TAMS 0x0000000084500000, 0x0000000084400000| Complete 
|  69|0x0000000084500000, 0x0000000084600000, 0x0000000084600000|100%|HS|  |TAMS 0x0000000084600000, 0x0000000084500000| Complete 
|  70|0x0000000084600000, 0x0000000084700000, 0x0000000084700000|100%|HC|  |TAMS 0x0000000084700000, 0x0000000084600000| Complete 
|  71|0x0000000084700000, 0x0000000084800000, 0x0000000084800000|100%|HC|  |TAMS 0x0000000084800000, 0x0000000084700000| Complete 
|  72|0x0000000084800000, 0x0000000084900000, 0x0000000084900000|100%|HC|  |TAMS 0x0000000084900000, 0x0000000084800000| Complete 
|  73|0x0000000084900000, 0x0000000084a00000, 0x0000000084a00000|100%|HC|  |TAMS 0x0000000084a00000, 0x0000000084900000| Complete 
|  74|0x0000000084a00000, 0x0000000084b00000, 0x0000000084b00000|100%| O|  |TAMS 0x0000000084b00000, 0x0000000084a00000| Untracked 
|  75|0x0000000084b00000, 0x0000000084c00000, 0x0000000084c00000|100%| O|  |TAMS 0x0000000084c00000, 0x0000000084b00000| Untracked 
|  76|0x0000000084c00000, 0x0000000084d00000, 0x0000000084d00000|100%| O|  |TAMS 0x0000000084d00000, 0x0000000084c00000| Untracked 
|  77|0x0000000084d00000, 0x0000000084d00000, 0x0000000084e00000|  0%| F|  |TAMS 0x0000000084d00000, 0x0000000084d00000| Untracked 
|  78|0x0000000084e00000, 0x0000000084e00000, 0x0000000084f00000|  0%| F|  |TAMS 0x0000000084e00000, 0x0000000084e00000| Untracked 
|  79|0x0000000084f00000, 0x0000000084f00000, 0x0000000085000000|  0%| F|  |TAMS 0x0000000084f00000, 0x0000000084f00000| Untracked 
|  80|0x0000000085000000, 0x0000000085000000, 0x0000000085100000|  0%| F|  |TAMS 0x0000000085000000, 0x0000000085000000| Untracked 
|  81|0x0000000085100000, 0x0000000085100000, 0x0000000085200000|  0%| F|  |TAMS 0x0000000085100000, 0x0000000085100000| Untracked 
|  82|0x0000000085200000, 0x0000000085200000, 0x0000000085300000|  0%| F|  |TAMS 0x0000000085200000, 0x0000000085200000| Untracked 
|  83|0x0000000085300000, 0x0000000085300000, 0x0000000085400000|  0%| F|  |TAMS 0x0000000085300000, 0x0000000085300000| Untracked 
|  84|0x0000000085400000, 0x0000000085400000, 0x0000000085500000|  0%| F|  |TAMS 0x0000000085400000, 0x0000000085400000| Untracked 
|  85|0x0000000085500000, 0x0000000085500000, 0x0000000085600000|  0%| F|  |TAMS 0x0000000085500000, 0x0000000085500000| Untracked 
|  86|0x0000000085600000, 0x0000000085600000, 0x0000000085700000|  0%| F|  |TAMS 0x0000000085600000, 0x0000000085600000| Untracked 
|  87|0x0000000085700000, 0x0000000085700000, 0x0000000085800000|  0%| F|  |TAMS 0x0000000085700000, 0x0000000085700000| Untracked 
|  88|0x0000000085800000, 0x0000000085800000, 0x0000000085900000|  0%| F|  |TAMS 0x0000000085800000, 0x0000000085800000| Untracked 
|  89|0x0000000085900000, 0x0000000085900000, 0x0000000085a00000|  0%| F|  |TAMS 0x0000000085900000, 0x0000000085900000| Untracked 
|  90|0x0000000085a00000, 0x0000000085a00000, 0x0000000085b00000|  0%| F|  |TAMS 0x0000000085a00000, 0x0000000085a00000| Untracked 
|  91|0x0000000085b00000, 0x0000000085b00000, 0x0000000085c00000|  0%| F|  |TAMS 0x0000000085b00000, 0x0000000085b00000| Untracked 
|  92|0x0000000085c00000, 0x0000000085c00000, 0x0000000085d00000|  0%| F|  |TAMS 0x0000000085c00000, 0x0000000085c00000| Untracked 
|  93|0x0000000085d00000, 0x0000000085da0b18, 0x0000000085e00000| 62%| S|CS|TAMS 0x0000000085d00000, 0x0000000085d00000| Complete 
|  94|0x0000000085e00000, 0x0000000085f00000, 0x0000000085f00000|100%| S|CS|TAMS 0x0000000085e00000, 0x0000000085e00000| Complete 
|  95|0x0000000085f00000, 0x0000000085f00000, 0x0000000086000000|  0%| F|  |TAMS 0x0000000085f00000, 0x0000000085f00000| Untracked 
|  96|0x0000000086000000, 0x0000000086000000, 0x0000000086100000|  0%| F|  |TAMS 0x0000000086000000, 0x0000000086000000| Untracked 
|  97|0x0000000086100000, 0x0000000086200000, 0x0000000086200000|100%| S|CS|TAMS 0x0000000086100000, 0x0000000086100000| Complete 
|  98|0x0000000086200000, 0x0000000086200000, 0x0000000086300000|  0%| F|  |TAMS 0x0000000086200000, 0x0000000086200000| Untracked 
|  99|0x0000000086300000, 0x0000000086300000, 0x0000000086400000|  0%| F|  |TAMS 0x0000000086300000, 0x0000000086300000| Untracked 
| 100|0x0000000086400000, 0x0000000086400000, 0x0000000086500000|  0%| F|  |TAMS 0x0000000086400000, 0x0000000086400000| Untracked 
| 101|0x0000000086500000, 0x0000000086500000, 0x0000000086600000|  0%| F|  |TAMS 0x0000000086500000, 0x0000000086500000| Untracked 
| 102|0x0000000086600000, 0x0000000086600000, 0x0000000086700000|  0%| F|  |TAMS 0x0000000086600000, 0x0000000086600000| Untracked 
| 103|0x0000000086700000, 0x0000000086700000, 0x0000000086800000|  0%| F|  |TAMS 0x0000000086700000, 0x0000000086700000| Untracked 
| 104|0x0000000086800000, 0x0000000086800000, 0x0000000086900000|  0%| F|  |TAMS 0x0000000086800000, 0x0000000086800000| Untracked 
| 105|0x0000000086900000, 0x0000000086900000, 0x0000000086a00000|  0%| F|  |TAMS 0x0000000086900000, 0x0000000086900000| Untracked 
| 106|0x0000000086a00000, 0x0000000086a00000, 0x0000000086b00000|  0%| F|  |TAMS 0x0000000086a00000, 0x0000000086a00000| Untracked 
| 107|0x0000000086b00000, 0x0000000086b00000, 0x0000000086c00000|  0%| F|  |TAMS 0x0000000086b00000, 0x0000000086b00000| Untracked 
| 108|0x0000000086c00000, 0x0000000086c00000, 0x0000000086d00000|  0%| F|  |TAMS 0x0000000086c00000, 0x0000000086c00000| Untracked 
| 109|0x0000000086d00000, 0x0000000086d00000, 0x0000000086e00000|  0%| F|  |TAMS 0x0000000086d00000, 0x0000000086d00000| Untracked 
| 110|0x0000000086e00000, 0x0000000086e00000, 0x0000000086f00000|  0%| F|  |TAMS 0x0000000086e00000, 0x0000000086e00000| Untracked 
| 111|0x0000000086f00000, 0x0000000086f00000, 0x0000000087000000|  0%| F|  |TAMS 0x0000000086f00000, 0x0000000086f00000| Untracked 
| 112|0x0000000087000000, 0x0000000087000000, 0x0000000087100000|  0%| F|  |TAMS 0x0000000087000000, 0x0000000087000000| Untracked 
| 113|0x0000000087100000, 0x0000000087100000, 0x0000000087200000|  0%| F|  |TAMS 0x0000000087100000, 0x0000000087100000| Untracked 
| 114|0x0000000087200000, 0x0000000087200000, 0x0000000087300000|  0%| F|  |TAMS 0x0000000087200000, 0x0000000087200000| Untracked 
| 115|0x0000000087300000, 0x0000000087300000, 0x0000000087400000|  0%| F|  |TAMS 0x0000000087300000, 0x0000000087300000| Untracked 
| 116|0x0000000087400000, 0x0000000087400000, 0x0000000087500000|  0%| F|  |TAMS 0x0000000087400000, 0x0000000087400000| Untracked 
| 117|0x0000000087500000, 0x0000000087500000, 0x0000000087600000|  0%| F|  |TAMS 0x0000000087500000, 0x0000000087500000| Untracked 
| 118|0x0000000087600000, 0x0000000087600000, 0x0000000087700000|  0%| F|  |TAMS 0x0000000087600000, 0x0000000087600000| Untracked 
| 119|0x0000000087700000, 0x0000000087700000, 0x0000000087800000|  0%| F|  |TAMS 0x0000000087700000, 0x0000000087700000| Untracked 
| 120|0x0000000087800000, 0x0000000087800000, 0x0000000087900000|  0%| F|  |TAMS 0x0000000087800000, 0x0000000087800000| Untracked 
| 121|0x0000000087900000, 0x0000000087900000, 0x0000000087a00000|  0%| F|  |TAMS 0x0000000087900000, 0x0000000087900000| Untracked 
| 122|0x0000000087a00000, 0x0000000087a00000, 0x0000000087b00000|  0%| F|  |TAMS 0x0000000087a00000, 0x0000000087a00000| Untracked 
| 123|0x0000000087b00000, 0x0000000087b00000, 0x0000000087c00000|  0%| F|  |TAMS 0x0000000087b00000, 0x0000000087b00000| Untracked 
| 124|0x0000000087c00000, 0x0000000087c00000, 0x0000000087d00000|  0%| F|  |TAMS 0x0000000087c00000, 0x0000000087c00000| Untracked 
| 125|0x0000000087d00000, 0x0000000087d00000, 0x0000000087e00000|  0%| F|  |TAMS 0x0000000087d00000, 0x0000000087d00000| Untracked 
| 126|0x0000000087e00000, 0x0000000087e00000, 0x0000000087f00000|  0%| F|  |TAMS 0x0000000087e00000, 0x0000000087e00000| Untracked 
| 127|0x0000000087f00000, 0x0000000087f00000, 0x0000000088000000|  0%| F|  |TAMS 0x0000000087f00000, 0x0000000087f00000| Untracked 
| 128|0x0000000088000000, 0x0000000088000000, 0x0000000088100000|  0%| F|  |TAMS 0x0000000088000000, 0x0000000088000000| Untracked 
| 129|0x0000000088100000, 0x0000000088100000, 0x0000000088200000|  0%| F|  |TAMS 0x0000000088100000, 0x0000000088100000| Untracked 
| 130|0x0000000088200000, 0x0000000088200000, 0x0000000088300000|  0%| F|  |TAMS 0x0000000088200000, 0x0000000088200000| Untracked 
| 131|0x0000000088300000, 0x0000000088300000, 0x0000000088400000|  0%| F|  |TAMS 0x0000000088300000, 0x0000000088300000| Untracked 
| 132|0x0000000088400000, 0x0000000088400000, 0x0000000088500000|  0%| F|  |TAMS 0x0000000088400000, 0x0000000088400000| Untracked 
| 133|0x0000000088500000, 0x0000000088500000, 0x0000000088600000|  0%| F|  |TAMS 0x0000000088500000, 0x0000000088500000| Untracked 
| 134|0x0000000088600000, 0x0000000088600000, 0x0000000088700000|  0%| F|  |TAMS 0x0000000088600000, 0x0000000088600000| Untracked 
| 135|0x0000000088700000, 0x0000000088700000, 0x0000000088800000|  0%| F|  |TAMS 0x0000000088700000, 0x0000000088700000| Untracked 
| 136|0x0000000088800000, 0x0000000088800000, 0x0000000088900000|  0%| F|  |TAMS 0x0000000088800000, 0x0000000088800000| Untracked 
| 137|0x0000000088900000, 0x0000000088900000, 0x0000000088a00000|  0%| F|  |TAMS 0x0000000088900000, 0x0000000088900000| Untracked 
| 138|0x0000000088a00000, 0x0000000088a00000, 0x0000000088b00000|  0%| F|  |TAMS 0x0000000088a00000, 0x0000000088a00000| Untracked 
| 139|0x0000000088b00000, 0x0000000088b00000, 0x0000000088c00000|  0%| F|  |TAMS 0x0000000088b00000, 0x0000000088b00000| Untracked 
| 140|0x0000000088c00000, 0x0000000088c00000, 0x0000000088d00000|  0%| F|  |TAMS 0x0000000088c00000, 0x0000000088c00000| Untracked 
| 141|0x0000000088d00000, 0x0000000088d00000, 0x0000000088e00000|  0%| F|  |TAMS 0x0000000088d00000, 0x0000000088d00000| Untracked 
| 142|0x0000000088e00000, 0x0000000088e00000, 0x0000000088f00000|  0%| F|  |TAMS 0x0000000088e00000, 0x0000000088e00000| Untracked 
| 143|0x0000000088f00000, 0x0000000088f00000, 0x0000000089000000|  0%| F|  |TAMS 0x0000000088f00000, 0x0000000088f00000| Untracked 
| 144|0x0000000089000000, 0x0000000089000000, 0x0000000089100000|  0%| F|  |TAMS 0x0000000089000000, 0x0000000089000000| Untracked 
| 145|0x0000000089100000, 0x0000000089100000, 0x0000000089200000|  0%| F|  |TAMS 0x0000000089100000, 0x0000000089100000| Untracked 
| 146|0x0000000089200000, 0x0000000089200000, 0x0000000089300000|  0%| F|  |TAMS 0x0000000089200000, 0x0000000089200000| Untracked 
| 147|0x0000000089300000, 0x0000000089300000, 0x0000000089400000|  0%| F|  |TAMS 0x0000000089300000, 0x0000000089300000| Untracked 
| 148|0x0000000089400000, 0x0000000089400000, 0x0000000089500000|  0%| F|  |TAMS 0x0000000089400000, 0x0000000089400000| Untracked 
| 149|0x0000000089500000, 0x0000000089500000, 0x0000000089600000|  0%| F|  |TAMS 0x0000000089500000, 0x0000000089500000| Untracked 
| 150|0x0000000089600000, 0x0000000089600000, 0x0000000089700000|  0%| F|  |TAMS 0x0000000089600000, 0x0000000089600000| Untracked 
| 151|0x0000000089700000, 0x0000000089700000, 0x0000000089800000|  0%| F|  |TAMS 0x0000000089700000, 0x0000000089700000| Untracked 
| 152|0x0000000089800000, 0x0000000089800000, 0x0000000089900000|  0%| F|  |TAMS 0x0000000089800000, 0x0000000089800000| Untracked 
| 153|0x0000000089900000, 0x0000000089900000, 0x0000000089a00000|  0%| F|  |TAMS 0x0000000089900000, 0x0000000089900000| Untracked 
| 154|0x0000000089a00000, 0x0000000089a00000, 0x0000000089b00000|  0%| F|  |TAMS 0x0000000089a00000, 0x0000000089a00000| Untracked 

Card table byte_map: [0x00000179a92a0000,0x00000179a96a0000] _byte_map_base: 0x00000179a8ea0000

Marking Bits (Prev, Next): (CMBitMap*) 0x0000017991d53710, (CMBitMap*) 0x0000017991d53750
 Prev Bits: [0x00000179a9aa0000, 0x00000179abaa0000)
 Next Bits: [0x00000179abaa0000, 0x00000179adaa0000)

Polling page: 0x000001798fc30000

Metaspace:

Usage:
  Non-class:     36.70 MB used.
      Class:      5.89 MB used.
       Both:     42.59 MB used.

Virtual space:
  Non-class space:       64.00 MB reserved,      37.38 MB ( 58%) committed,  1 nodes.
      Class space:        1.00 GB reserved,       6.56 MB ( <1%) committed,  1 nodes.
             Both:        1.06 GB reserved,      43.94 MB (  4%) committed. 

Chunk freelists:
   Non-Class:  2.42 MB
       Class:  1.48 MB
        Both:  3.90 MB

MaxMetaspaceSize: unlimited
CompressedClassSpaceSize: 1.00 GB
Initial GC threshold: 21.00 MB
Current GC threshold: 73.25 MB
CDS: on
MetaspaceReclaimPolicy: balanced
 - commit_granule_bytes: 65536.
 - commit_granule_words: 8192.
 - virtual_space_node_default_size: 8388608.
 - enlarge_chunks_in_place: 1.
 - new_chunks_are_fully_committed: 0.
 - uncommit_free_chunks: 1.
 - use_allocation_guard: 0.


Internal statistics:

num_allocs_failed_limit: 3.
num_arena_births: 2328.
num_arena_deaths: 4.
num_vsnodes_births: 2.
num_vsnodes_deaths: 0.
num_space_committed: 703.
num_space_uncommitted: 0.
num_chunks_returned_to_freelist: 8.
num_chunks_taken_from_freelist: 4248.
num_chunk_merges: 3.
num_chunk_splits: 2777.
num_chunks_enlarged: 1749.
num_inconsistent_stats: 0.

CodeHeap 'non-profiled nmethods': size=119168Kb used=2309Kb max_used=2600Kb free=116858Kb
 bounds [0x00000179a11c0000, 0x00000179a1460000, 0x00000179a8620000]
CodeHeap 'profiled nmethods': size=119104Kb used=10500Kb max_used=10812Kb free=108603Kb
 bounds [0x0000017999d70000, 0x000001799a840000, 0x00000179a11c0000]
CodeHeap 'non-nmethods': size=7488Kb used=4014Kb max_used=4080Kb free=3473Kb
 bounds [0x0000017999620000, 0x0000017999a30000, 0x0000017999d70000]
 total_blobs=5971 nmethods=5140 adapters=740
 compilation: enabled
              stopped_count=0, restarted_count=0
 full_count=0

Compilation events (20 events):
Event: 4.637 Thread 0x00000179b0a38340 nmethod 6098 0x0000017999f60590 code [0x0000017999f60800, 0x0000017999f61368]
Event: 4.637 Thread 0x00000179b4d1ca10 nmethod 6099 0x0000017999f5f810 code [0x0000017999f5fa40, 0x0000017999f60148]
Event: 4.664 Thread 0x00000179b0a38340 6104       3       org.objectweb.asm.ClassReader::readParameterAnnotations (106 bytes)
Event: 4.665 Thread 0x00000179b0a38340 nmethod 6104 0x0000017999e7d610 code [0x0000017999e7d820, 0x0000017999e7def8]
Event: 4.671 Thread 0x00000179b0a38340 6105       2       java.util.concurrent.locks.LockSupport::parkNanos (29 bytes)
Event: 4.671 Thread 0x00000179b0a38340 nmethod 6105 0x0000017999dbd290 code [0x0000017999dbd440, 0x0000017999dbd5c8]
Event: 4.702 Thread 0x00000179b57f7e10 6109   !   2       java.util.concurrent.locks.AbstractQueuedSynchronizer::acquire (407 bytes)
Event: 4.704 Thread 0x00000179b57f7e10 nmethod 6109 0x0000017999e7bb90 code [0x0000017999e7be60, 0x0000017999e7ce08]
Event: 4.729 Thread 0x00000179b0a38340 6114 %     3       java.lang.StringUTF16::hashCode @ 9 (33 bytes)
Event: 4.730 Thread 0x00000179b0a38340 nmethod 6114% 0x0000017999e7b690 code [0x0000017999e7b840, 0x0000017999e7ba78]
Event: 4.776 Thread 0x00000179b0a38340 6116       2       org.objectweb.asm.AnnotationWriter::visitAnnotation (73 bytes)
Event: 4.776 Thread 0x00000179b0a38340 nmethod 6116 0x000001799a256a10 code [0x000001799a256c00, 0x000001799a256ed8]
Event: 4.782 Thread 0x00000179b4d1ca10 6118       2       java.util.concurrent.locks.AbstractQueuedSynchronizer$ConditionObject::awaitNanos (200 bytes)
Event: 4.782 Thread 0x00000179b4d1ca10 nmethod 6118 0x000001799a255a10 code [0x000001799a255c60, 0x000001799a2564a8]
Event: 4.784 Thread 0x00000179b0a38340 6119 %     3       org.objectweb.asm.AnnotationWriter::computeParameterAnnotationsSize @ 10 (51 bytes)
Event: 4.784 Thread 0x00000179b4d1ca10 6120       3       java.util.Arrays::binarySearch0 (74 bytes)
Event: 4.784 Thread 0x00000179b0a38340 nmethod 6119% 0x000001799a255390 code [0x000001799a255540, 0x000001799a255888]
Event: 4.784 Thread 0x00000179b4d1ca10 nmethod 6120 0x000001799a254e10 code [0x000001799a254fc0, 0x000001799a255278]
Event: 4.799 Thread 0x00000179b57f7e10 6121       2       org.objectweb.asm.MethodVisitor::visitLookupSwitchInsn (18 bytes)
Event: 4.799 Thread 0x00000179b57f7e10 nmethod 6121 0x0000017999e7b210 code [0x0000017999e7b3a0, 0x0000017999e7b4c8]

GC Heap History (20 events):
Event: 3.061 GC heap before
{Heap before GC invocations=7 (full 0):
 garbage-first heap   total 120832K, used 92870K [0x0000000080000000, 0x0000000100000000)
  region size 1024K, 38 young (38912K), 1 survivors (1024K)
 Metaspace       used 30366K, committed 31488K, reserved 1114112K
  class space    used 4417K, committed 4992K, reserved 1048576K
}
Event: 3.064 GC heap after
{Heap after GC invocations=8 (full 0):
 garbage-first heap   total 120832K, used 58653K [0x0000000080000000, 0x0000000100000000)
  region size 1024K, 3 young (3072K), 3 survivors (3072K)
 Metaspace       used 30366K, committed 31488K, reserved 1114112K
  class space    used 4417K, committed 4992K, reserved 1048576K
}
Event: 3.551 GC heap before
{Heap before GC invocations=9 (full 0):
 garbage-first heap   total 120832K, used 95517K [0x0000000080000000, 0x0000000100000000)
  region size 1024K, 39 young (39936K), 3 survivors (3072K)
 Metaspace       used 37745K, committed 38912K, reserved 1114112K
  class space    used 5341K, committed 5952K, reserved 1048576K
}
Event: 3.555 GC heap after
{Heap after GC invocations=10 (full 0):
 garbage-first heap   total 158720K, used 62341K [0x0000000080000000, 0x0000000100000000)
  region size 1024K, 5 young (5120K), 5 survivors (5120K)
 Metaspace       used 37745K, committed 38912K, reserved 1114112K
  class space    used 5341K, committed 5952K, reserved 1048576K
}
Event: 4.096 GC heap before
{Heap before GC invocations=10 (full 0):
 garbage-first heap   total 158720K, used 135045K [0x0000000080000000, 0x0000000100000000)
  region size 1024K, 65 young (66560K), 5 survivors (5120K)
 Metaspace       used 43209K, committed 44544K, reserved 1114112K
  class space    used 6027K, committed 6720K, reserved 1048576K
}
Event: 4.101 GC heap after
{Heap after GC invocations=11 (full 0):
 garbage-first heap   total 158720K, used 74054K [0x0000000080000000, 0x0000000100000000)
  region size 1024K, 9 young (9216K), 9 survivors (9216K)
 Metaspace       used 43209K, committed 44544K, reserved 1114112K
  class space    used 6027K, committed 6720K, reserved 1048576K
}
Event: 4.280 GC heap before
{Heap before GC invocations=11 (full 0):
 garbage-first heap   total 158720K, used 131398K [0x0000000080000000, 0x0000000100000000)
  region size 1024K, 61 young (62464K), 9 survivors (9216K)
 Metaspace       used 43619K, committed 44992K, reserved 1114112K
  class space    used 6039K, committed 6720K, reserved 1048576K
}
Event: 4.285 GC heap after
{Heap after GC invocations=12 (full 0):
 garbage-first heap   total 158720K, used 74750K [0x0000000080000000, 0x0000000100000000)
  region size 1024K, 2 young (2048K), 2 survivors (2048K)
 Metaspace       used 43619K, committed 44992K, reserved 1114112K
  class space    used 6039K, committed 6720K, reserved 1048576K
}
Event: 4.361 GC heap before
{Heap before GC invocations=12 (full 0):
 garbage-first heap   total 158720K, used 105470K [0x0000000080000000, 0x0000000100000000)
  region size 1024K, 33 young (33792K), 2 survivors (2048K)
 Metaspace       used 43625K, committed 44992K, reserved 1114112K
  class space    used 6039K, committed 6720K, reserved 1048576K
}
Event: 4.362 GC heap after
{Heap after GC invocations=13 (full 0):
 garbage-first heap   total 158720K, used 74613K [0x0000000080000000, 0x0000000100000000)
  region size 1024K, 2 young (2048K), 2 survivors (2048K)
 Metaspace       used 43625K, committed 44992K, reserved 1114112K
  class space    used 6039K, committed 6720K, reserved 1048576K
}
Event: 4.404 GC heap before
{Heap before GC invocations=14 (full 0):
 garbage-first heap   total 158720K, used 94069K [0x0000000080000000, 0x0000000100000000)
  region size 1024K, 21 young (21504K), 2 survivors (2048K)
 Metaspace       used 43609K, committed 44992K, reserved 1114112K
  class space    used 6033K, committed 6720K, reserved 1048576K
}
Event: 4.408 GC heap after
{Heap after GC invocations=15 (full 0):
 garbage-first heap   total 158720K, used 77984K [0x0000000080000000, 0x0000000100000000)
  region size 1024K, 5 young (5120K), 5 survivors (5120K)
 Metaspace       used 43609K, committed 44992K, reserved 1114112K
  class space    used 6033K, committed 6720K, reserved 1048576K
}
Event: 4.489 GC heap before
{Heap before GC invocations=16 (full 0):
 garbage-first heap   total 158720K, used 129184K [0x0000000080000000, 0x0000000100000000)
  region size 1024K, 54 young (55296K), 5 survivors (5120K)
 Metaspace       used 43609K, committed 44992K, reserved 1114112K
  class space    used 6033K, committed 6720K, reserved 1048576K
}
Event: 4.490 GC heap after
{Heap after GC invocations=17 (full 0):
 garbage-first heap   total 158720K, used 75248K [0x0000000080000000, 0x0000000100000000)
  region size 1024K, 1 young (1024K), 1 survivors (1024K)
 Metaspace       used 43609K, committed 44992K, reserved 1114112K
  class space    used 6033K, committed 6720K, reserved 1048576K
}
Event: 4.588 GC heap before
{Heap before GC invocations=17 (full 0):
 garbage-first heap   total 158720K, used 129520K [0x0000000080000000, 0x0000000100000000)
  region size 1024K, 54 young (55296K), 1 survivors (1024K)
 Metaspace       used 43609K, committed 44992K, reserved 1114112K
  class space    used 6033K, committed 6720K, reserved 1048576K
}
Event: 4.590 GC heap after
{Heap after GC invocations=18 (full 0):
 garbage-first heap   total 158720K, used 75740K [0x0000000080000000, 0x0000000100000000)
  region size 1024K, 2 young (2048K), 2 survivors (2048K)
 Metaspace       used 43609K, committed 44992K, reserved 1114112K
  class space    used 6033K, committed 6720K, reserved 1048576K
}
Event: 4.691 GC heap before
{Heap before GC invocations=19 (full 0):
 garbage-first heap   total 158720K, used 131036K [0x0000000080000000, 0x0000000100000000)
  region size 1024K, 56 young (57344K), 2 survivors (2048K)
 Metaspace       used 43610K, committed 44992K, reserved 1114112K
  class space    used 6034K, committed 6720K, reserved 1048576K
}
Event: 4.692 GC heap after
{Heap after GC invocations=20 (full 0):
 garbage-first heap   total 158720K, used 75877K [0x0000000080000000, 0x0000000100000000)
  region size 1024K, 2 young (2048K), 2 survivors (2048K)
 Metaspace       used 43610K, committed 44992K, reserved 1114112K
  class space    used 6034K, committed 6720K, reserved 1048576K
}
Event: 4.787 GC heap before
{Heap before GC invocations=20 (full 0):
 garbage-first heap   total 158720K, used 132197K [0x0000000080000000, 0x0000000100000000)
  region size 1024K, 58 young (59392K), 2 survivors (2048K)
 Metaspace       used 43610K, committed 44992K, reserved 1114112K
  class space    used 6034K, committed 6720K, reserved 1048576K
}
Event: 4.789 GC heap after
{Heap after GC invocations=21 (full 0):
 garbage-first heap   total 158720K, used 76409K [0x0000000080000000, 0x0000000100000000)
  region size 1024K, 2 young (2048K), 2 survivors (2048K)
 Metaspace       used 43610K, committed 44992K, reserved 1114112K
  class space    used 6034K, committed 6720K, reserved 1048576K
}

Deoptimization events (20 events):
Event: 4.338 Thread 0x00000179b811e2d0 DEOPT PACKING pc=0x000001799a4131fe sp=0x0000003e15bfdb50
Event: 4.338 Thread 0x00000179b811e2d0 DEOPT UNPACKING pc=0x0000017999672b43 sp=0x0000003e15bfcfc0 mode 0
Event: 4.338 Thread 0x00000179b6144050 DEOPT PACKING pc=0x000001799a4131fe sp=0x0000003e158fde70
Event: 4.338 Thread 0x00000179b6144050 DEOPT UNPACKING pc=0x0000017999672b43 sp=0x0000003e158fd2e0 mode 0
Event: 4.339 Thread 0x00000179b6144050 DEOPT PACKING pc=0x000001799a4131fe sp=0x0000003e158fde70
Event: 4.339 Thread 0x00000179b6144050 DEOPT UNPACKING pc=0x0000017999672b43 sp=0x0000003e158fd2e0 mode 0
Event: 4.363 Thread 0x00000179b6144050 DEOPT PACKING pc=0x0000017999dc52f0 sp=0x0000003e158fe690
Event: 4.363 Thread 0x00000179b6144050 DEOPT UNPACKING pc=0x0000017999672b43 sp=0x0000003e158fdb50 mode 0
Event: 4.450 Thread 0x00000179b811e2d0 DEOPT PACKING pc=0x000001799a475128 sp=0x0000003e15bfe4f0
Event: 4.450 Thread 0x00000179b811e2d0 DEOPT UNPACKING pc=0x0000017999672b43 sp=0x0000003e15bfd9d0 mode 0
Event: 4.454 Thread 0x00000179b811e2d0 DEOPT PACKING pc=0x000001799a475128 sp=0x0000003e15bfe4f0
Event: 4.454 Thread 0x00000179b811e2d0 DEOPT UNPACKING pc=0x0000017999672b43 sp=0x0000003e15bfd9d0 mode 0
Event: 4.459 Thread 0x00000179b6144050 DEOPT PACKING pc=0x000001799a475128 sp=0x0000003e158fe930
Event: 4.459 Thread 0x00000179b6144050 DEOPT UNPACKING pc=0x0000017999672b43 sp=0x0000003e158fde10 mode 0
Event: 4.499 Thread 0x00000179b6144050 Uncommon trap: trap_request=0xffffff45 fr.pc=0x00000179a1367db8 relative=0x0000000000000ef8
Event: 4.499 Thread 0x00000179b6144050 Uncommon trap: reason=unstable_if action=reinterpret pc=0x00000179a1367db8 method=org.objectweb.asm.ClassReader.readElementValue(Lorg/objectweb/asm/AnnotationVisitor;ILjava/lang/String;[C)I @ 102 c2
Event: 4.499 Thread 0x00000179b6144050 DEOPT PACKING pc=0x00000179a1367db8 sp=0x0000003e158fe460
Event: 4.499 Thread 0x00000179b6144050 DEOPT UNPACKING pc=0x00000179996723a3 sp=0x0000003e158fe3f0 mode 2
Event: 4.515 Thread 0x00000179b6144050 DEOPT PACKING pc=0x000001799a504ee9 sp=0x0000003e158fe1b0
Event: 4.515 Thread 0x00000179b6144050 DEOPT UNPACKING pc=0x0000017999672b43 sp=0x0000003e158fd6a8 mode 0

Classes loaded (20 events):
Event: 3.772 Loading class java/util/stream/SortedOps$AbstractIntSortingSink done
Event: 3.772 Loading class java/util/stream/SortedOps$SizedIntSortingSink done
Event: 3.772 Loading class java/util/stream/ReferencePipeline$4$1
Event: 3.772 Loading class java/util/stream/ReferencePipeline$4$1 done
Event: 3.805 Loading class java/util/regex/Pattern$1
Event: 3.805 Loading class java/util/regex/Pattern$1 done
Event: 3.824 Loading class java/util/stream/ReduceOps$5
Event: 3.825 Loading class java/util/stream/ReduceOps$5 done
Event: 3.825 Loading class java/util/stream/ReduceOps$CountingSink$OfRef
Event: 3.825 Loading class java/util/stream/ReduceOps$CountingSink$OfRef done
Event: 4.044 Loading class java/io/DeleteOnExitHook
Event: 4.044 Loading class java/io/DeleteOnExitHook done
Event: 4.044 Loading class java/io/DeleteOnExitHook$1
Event: 4.044 Loading class java/io/DeleteOnExitHook$1 done
Event: 4.078 Loading class java/util/zip/ZipFile$ZipEntryIterator
Event: 4.078 Loading class java/util/zip/ZipFile$ZipEntryIterator done
Event: 4.093 Loading class java/security/Key
Event: 4.093 Loading class java/security/Key done
Event: 4.644 Loading class jdk/internal/access/foreign/MemorySegmentProxy
Event: 4.645 Loading class jdk/internal/access/foreign/MemorySegmentProxy done

Classes unloaded (5 events):
Event: 4.376 Thread 0x0000017991d8f080 Unloading class 0x00000008012088f8 '_BuildScript_$_run_closure1$_closure2'
Event: 4.376 Thread 0x0000017991d8f080 Unloading class 0x0000000801208520 '_BuildScript_$_run_closure1'
Event: 4.376 Thread 0x0000017991d8f080 Unloading class 0x0000000801208000 '_BuildScript_'
Event: 4.376 Thread 0x0000017991d8f080 Unloading class 0x00000008011a8520 '_BuildScript_$_run_closure1'
Event: 4.376 Thread 0x0000017991d8f080 Unloading class 0x00000008011a8000 '_BuildScript_'

Classes redefined (0 events):
No events

Internal exceptions (20 events):
Event: 3.853 Thread 0x00000179b61431e0 Exception <a 'java/lang/ClassNotFoundException'{0x0000000087f73ad0}: sync_studio_tooling2871_7tfmbvomkww0x6dd40b07zf1pCustomizer> (0x0000000087f73ad0) 
thrown [s\open\src\hotspot\share\classfile\systemDictionary.cpp, line 255]
Event: 3.857 Thread 0x00000179b61431e0 Exception <a 'java/lang/ClassNotFoundException'{0x0000000087e243c8}: org/gradle/internal/metaobject/ConfigureDelegateBeanInfo> (0x0000000087e243c8) 
thrown [s\open\src\hotspot\share\classfile\systemDictionary.cpp, line 255]
Event: 3.858 Thread 0x00000179b61431e0 Exception <a 'java/lang/ClassNotFoundException'{0x0000000087e326b0}: org/gradle/internal/metaobject/ConfigureDelegateCustomizer> (0x0000000087e326b0) 
thrown [s\open\src\hotspot\share\classfile\systemDictionary.cpp, line 255]
Event: 3.861 Thread 0x00000179b61431e0 Exception <a 'java/lang/ClassNotFoundException'{0x0000000087e743f8}: org/gradle/api/internal/initialization/DefaultScriptHandlerBeanInfo> (0x0000000087e743f8) 
thrown [s\open\src\hotspot\share\classfile\systemDictionary.cpp, line 255]
Event: 3.862 Thread 0x00000179b61431e0 Exception <a 'java/lang/ClassNotFoundException'{0x0000000087e82ae8}: org/gradle/api/internal/initialization/DefaultScriptHandlerCustomizer> (0x0000000087e82ae8) 
thrown [s\open\src\hotspot\share\classfile\systemDictionary.cpp, line 255]
Event: 3.887 Thread 0x00000179b61431e0 Exception <a 'java/lang/NoSuchMethodError'{0x0000000087b221e8}: 'java.lang.Object java.lang.invoke.DirectMethodHandle$Holder.newInvokeSpecial(java.lang.Object, java.lang.Object, java.lang.Object, java.lang.Object, java.lang.Object, java.lang.Object, java.lang.Object, java.lang.Object, java.lang.Object, java.lang.Object, java.lang.Object, java.lang.Object, java.lang.Object)'> (0x0000000087b221e8) 
thrown [s\open\src\hotspot\share\interpreter\linkResolver.cpp, line 759]
Event: 3.906 Thread 0x00000179b61431e0 Exception <a 'java/lang/NoSuchMethodError'{0x0000000087948cf0}: 'java.lang.Object java.lang.invoke.DirectMethodHandle$Holder.newInvokeSpecial(java.lang.Object, java.lang.Object, java.lang.Object, java.lang.Object, java.lang.Object, java.lang.Object, java.lang.Object, java.lang.Object, java.lang.Object, java.lang.Object, java.lang.Object, java.lang.Object, java.lang.Object, java.lang.Object, java.lang.Object, java.lang.Object, java.lang.Object, java.lang.Object, java.lang.Object, java.lang.Object, java.lang
Event: 3.907 Thread 0x00000179b61431e0 Exception <a 'java/lang/NoSuchMethodError'{0x0000000087950788}: 'java.lang.Object java.lang.invoke.DirectMethodHandle$Holder.invokeSpecial(java.lang.Object, java.lang.Object, java.lang.Object, java.lang.Object, java.lang.Object, java.lang.Object, java.lang.Object, java.lang.Object, java.lang.Object, java.lang.Object, java.lang.Object, java.lang.Object, java.lang.Object, java.lang.Object, java.lang.Object, java.lang.Object, java.lang.Object, java.lang.Object, java.lang.Object, java.lang.Object, java.lang.Ob
Event: 3.907 Thread 0x00000179b61431e0 Exception <a 'java/lang/NoSuchMethodError'{0x0000000087956c30}: 'java.lang.Object java.lang.invoke.DelegatingMethodHandle$Holder.reinvoke_L(java.lang.Object, java.lang.Object, java.lang.Object, java.lang.Object, java.lang.Object, java.lang.Object, java.lang.Object, java.lang.Object, java.lang.Object, java.lang.Object, java.lang.Object, java.lang.Object, java.lang.Object, java.lang.Object, java.lang.Object, java.lang.Object, java.lang.Object, java.lang.Object, java.lang.Object, java.lang.Object, java.lang.O
Event: 3.942 Thread 0x00000179b61431e0 Implicit null exception at 0x00000179a14173ec to 0x00000179a141749c
Event: 3.945 Thread 0x00000179b61431e0 Exception <a 'java/lang/ClassNotFoundException'{0x00000000876eb458}: org/gradle/api/internal/artifacts/dsl/dependencies/DefaultDependencyHandler_DecoratedBeanInfo> (0x00000000876eb458) 
thrown [s\open\src\hotspot\share\classfile\systemDictionary.cpp, line 255]
Event: 3.946 Thread 0x00000179b61431e0 Exception <a 'java/lang/ClassNotFoundException'{0x00000000876fd820}: org/gradle/api/internal/artifacts/dsl/dependencies/DefaultDependencyHandlerBeanInfo> (0x00000000876fd820) 
thrown [s\open\src\hotspot\share\classfile\systemDictionary.cpp, line 255]
Event: 3.946 Thread 0x00000179b61431e0 Exception <a 'java/lang/ClassNotFoundException'{0x0000000087510090}: org/gradle/api/internal/artifacts/dsl/dependencies/DefaultDependencyHandlerCustomizer> (0x0000000087510090) 
thrown [s\open\src\hotspot\share\classfile\systemDictionary.cpp, line 255]
Event: 3.948 Thread 0x00000179b61431e0 Exception <a 'java/lang/ClassNotFoundException'{0x000000008754c2a0}: org/gradle/api/internal/artifacts/dsl/dependencies/DefaultDependencyHandler_DecoratedCustomizer> (0x000000008754c2a0) 
thrown [s\open\src\hotspot\share\classfile\systemDictionary.cpp, line 255]
Event: 3.972 Thread 0x00000179b61431e0 Exception <a 'java/lang/NoSuchMethodError'{0x00000000873a15a8}: 'java.lang.Object java.lang.invoke.DirectMethodHandle$Holder.newInvokeSpecial(java.lang.Object, int, java.lang.Object)'> (0x00000000873a15a8) 
thrown [s\open\src\hotspot\share\interpreter\linkResolver.cpp, line 759]
Event: 4.070 Thread 0x00000179b61431e0 Exception <a 'java/lang/NoSuchMethodError'{0x0000000086aa1010}: 'int java.lang.invoke.DirectMethodHandle$Holder.invokeStatic(java.lang.Object)'> (0x0000000086aa1010) 
thrown [s\open\src\hotspot\share\interpreter\linkResolver.cpp, line 759]
Event: 4.070 Thread 0x00000179b61431e0 Exception <a 'java/lang/NoSuchMethodError'{0x0000000086aa5388}: 'int java.lang.invoke.DirectMethodHandle$Holder.invokeStaticInit(java.lang.Object)'> (0x0000000086aa5388) 
thrown [s\open\src\hotspot\share\interpreter\linkResolver.cpp, line 759]
Event: 4.079 Thread 0x00000179b6144050 Implicit null exception at 0x00000179a1382617 to 0x00000179a138310c
Event: 4.087 Thread 0x00000179b6144050 Exception <a 'sun/nio/fs/WindowsException'{0x00000000866c06c8}> (0x00000000866c06c8) 
thrown [s\open\src\hotspot\share\prims\jni.cpp, line 516]
Event: 4.105 Thread 0x00000179b811e2d0 Exception <a 'sun/nio/fs/WindowsException'{0x0000000089898440}> (0x0000000089898440) 
thrown [s\open\src\hotspot\share\prims\jni.cpp, line 516]

VM Operations (20 events):
Event: 4.423 Executing VM operation: G1Concurrent
Event: 4.425 Executing VM operation: G1Concurrent done
Event: 4.431 Executing VM operation: G1Concurrent
Event: 4.431 Executing VM operation: G1Concurrent done
Event: 4.488 Executing VM operation: G1CollectForAllocation
Event: 4.490 Executing VM operation: G1CollectForAllocation done
Event: 4.588 Executing VM operation: G1CollectForAllocation
Event: 4.590 Executing VM operation: G1CollectForAllocation done
Event: 4.610 Executing VM operation: G1Concurrent
Event: 4.612 Executing VM operation: G1Concurrent done
Event: 4.620 Executing VM operation: G1Concurrent
Event: 4.620 Executing VM operation: G1Concurrent done
Event: 4.691 Executing VM operation: G1CollectForAllocation
Event: 4.692 Executing VM operation: G1CollectForAllocation done
Event: 4.787 Executing VM operation: G1CollectForAllocation
Event: 4.789 Executing VM operation: G1CollectForAllocation done
Event: 4.805 Executing VM operation: G1Concurrent
Event: 4.806 Executing VM operation: G1Concurrent done
Event: 4.813 Executing VM operation: G1Concurrent
Event: 4.813 Executing VM operation: G1Concurrent done

Events (20 events):
Event: 3.888 Thread 0x00000179b0a3c6c0 flushing nmethod 0x000001799a640990
Event: 3.888 Thread 0x00000179b0a3c6c0 flushing nmethod 0x000001799a641190
Event: 3.888 Thread 0x00000179b0a3c6c0 flushing nmethod 0x000001799a641f10
Event: 3.888 Thread 0x00000179b0a3c6c0 flushing nmethod 0x000001799a643390
Event: 3.888 Thread 0x00000179b0a3c6c0 flushing nmethod 0x000001799a643990
Event: 3.888 Thread 0x00000179b0a3c6c0 flushing nmethod 0x000001799a647210
Event: 3.888 Thread 0x00000179b0a3c6c0 flushing nmethod 0x000001799a648690
Event: 3.888 Thread 0x00000179b0a3c6c0 flushing nmethod 0x000001799a65af10
Event: 3.888 Thread 0x00000179b0a3c6c0 flushing nmethod 0x000001799a65bb10
Event: 3.888 Thread 0x00000179b0a3c6c0 flushing nmethod 0x000001799a67e610
Event: 3.888 Thread 0x00000179b0a3c6c0 flushing nmethod 0x000001799a686f10
Event: 3.888 Thread 0x00000179b0a3c6c0 flushing nmethod 0x000001799a68b210
Event: 3.888 Thread 0x00000179b0a3c6c0 flushing nmethod 0x000001799a698d10
Event: 3.888 Thread 0x00000179b0a3c6c0 flushing nmethod 0x000001799a6a5f90
Event: 3.888 Thread 0x00000179b0a3c6c0 flushing nmethod 0x000001799a6a7d10
Event: 3.889 Thread 0x00000179b0a3c6c0 flushing nmethod 0x000001799a6e6090
Event: 3.889 Thread 0x00000179b0a3c6c0 flushing nmethod 0x000001799a6f0c10
Event: 3.889 Thread 0x00000179b0a3c6c0 flushing nmethod 0x000001799a6f2710
Event: 3.889 Thread 0x00000179b0a3c6c0 flushing nmethod 0x000001799a70a190
Event: 3.889 Thread 0x00000179b0a3c6c0 flushing nmethod 0x000001799a715310


Dynamic libraries:
0x00007ff607ff0000 - 0x00007ff608000000 	C:\Program Files\Java\jdk-18.0.2.1\bin\java.exe
0x00007ffe50fd0000 - 0x00007ffe511e7000 	C:\WINDOWS\SYSTEM32\ntdll.dll
0x00007ffe4f230000 - 0x00007ffe4f2f4000 	C:\WINDOWS\System32\KERNEL32.DLL
0x00007ffe4e5e0000 - 0x00007ffe4e987000 	C:\WINDOWS\System32\KERNELBASE.dll
0x00007ffe4e350000 - 0x00007ffe4e461000 	C:\WINDOWS\System32\ucrtbase.dll
0x00007ffe416f0000 - 0x00007ffe4170a000 	C:\Program Files\Java\jdk-18.0.2.1\bin\VCRUNTIME140.dll
0x00007ffe416d0000 - 0x00007ffe416e8000 	C:\Program Files\Java\jdk-18.0.2.1\bin\jli.dll
0x00007ffe4f890000 - 0x00007ffe4f940000 	C:\WINDOWS\System32\ADVAPI32.dll
0x00007ffe50d20000 - 0x00007ffe50dc7000 	C:\WINDOWS\System32\msvcrt.dll
0x00007ffe50c60000 - 0x00007ffe50d06000 	C:\WINDOWS\System32\sechost.dll
0x00007ffe4fcc0000 - 0x00007ffe4fdd7000 	C:\WINDOWS\System32\RPCRT4.dll
0x00007ffe50de0000 - 0x00007ffe50f8e000 	C:\WINDOWS\System32\USER32.dll
0x00007ffe4e530000 - 0x00007ffe4e556000 	C:\WINDOWS\System32\win32u.dll
0x00007ffe34f50000 - 0x00007ffe351e3000 	C:\WINDOWS\WinSxS\amd64_microsoft.windows.common-controls_6595b64144ccf1df_6.0.22621.2506_none_270c5ae97388e100\COMCTL32.dll
0x00007ffe4f860000 - 0x00007ffe4f889000 	C:\WINDOWS\System32\GDI32.dll
0x00007ffe4e990000 - 0x00007ffe4eaa9000 	C:\WINDOWS\System32\gdi32full.dll
0x00007ffe4ec90000 - 0x00007ffe4ed2a000 	C:\WINDOWS\System32\msvcp_win.dll
0x00007ffe463e0000 - 0x00007ffe463ea000 	C:\WINDOWS\SYSTEM32\VERSION.dll
0x00007ffe50210000 - 0x00007ffe50241000 	C:\WINDOWS\System32\IMM32.DLL
0x00007ffe41630000 - 0x00007ffe4163c000 	C:\Program Files\Java\jdk-18.0.2.1\bin\vcruntime140_1.dll
0x00007ffe35d20000 - 0x00007ffe35dad000 	C:\Program Files\Java\jdk-18.0.2.1\bin\msvcp140.dll
0x00007ffdf3970000 - 0x00007ffdf4581000 	C:\Program Files\Java\jdk-18.0.2.1\bin\server\jvm.dll
0x00007ffe50dd0000 - 0x00007ffe50dd8000 	C:\WINDOWS\System32\PSAPI.DLL
0x00007ffe4b200000 - 0x00007ffe4b209000 	C:\WINDOWS\SYSTEM32\WSOCK32.dll
0x00007ffe478a0000 - 0x00007ffe478d4000 	C:\WINDOWS\SYSTEM32\WINMM.dll
0x00007ffe4f1b0000 - 0x00007ffe4f221000 	C:\WINDOWS\System32\WS2_32.dll
0x00007ffe4d3e0000 - 0x00007ffe4d3f8000 	C:\WINDOWS\SYSTEM32\kernel.appcore.dll
0x00007ffe3fc60000 - 0x00007ffe3fc6a000 	C:\Program Files\Java\jdk-18.0.2.1\bin\jimage.dll
0x00007ffe4bcd0000 - 0x00007ffe4bf03000 	C:\WINDOWS\SYSTEM32\DBGHELP.DLL
0x00007ffe4eda0000 - 0x00007ffe4f129000 	C:\WINDOWS\System32\combase.dll
0x00007ffe4ff70000 - 0x00007ffe50047000 	C:\WINDOWS\System32\OLEAUT32.dll
0x00007ffe163f0000 - 0x00007ffe16422000 	C:\WINDOWS\SYSTEM32\dbgcore.DLL
0x00007ffe4e560000 - 0x00007ffe4e5da000 	C:\WINDOWS\System32\bcryptPrimitives.dll
0x00007ffe3f830000 - 0x00007ffe3f855000 	C:\Program Files\Java\jdk-18.0.2.1\bin\java.dll
0x00007ffe0ab20000 - 0x00007ffe0abf6000 	C:\Program Files\Java\jdk-18.0.2.1\bin\jsvml.dll
0x00007ffe50250000 - 0x00007ffe50aa9000 	C:\WINDOWS\System32\SHELL32.dll
0x00007ffe4c830000 - 0x00007ffe4d124000 	C:\WINDOWS\SYSTEM32\windows.storage.dll
0x00007ffe4c6f0000 - 0x00007ffe4c82e000 	C:\WINDOWS\SYSTEM32\wintypes.dll
0x00007ffe4f9f0000 - 0x00007ffe4fae3000 	C:\WINDOWS\System32\SHCORE.dll
0x00007ffe50c00000 - 0x00007ffe50c5e000 	C:\WINDOWS\System32\shlwapi.dll
0x00007ffe4e280000 - 0x00007ffe4e2a6000 	C:\WINDOWS\SYSTEM32\profapi.dll
0x00007ffe3f9b0000 - 0x00007ffe3f9c3000 	C:\Program Files\Java\jdk-18.0.2.1\bin\net.dll
0x00007ffe46700000 - 0x00007ffe46837000 	C:\WINDOWS\SYSTEM32\WINHTTP.dll
0x00007ffe4d8c0000 - 0x00007ffe4d929000 	C:\WINDOWS\system32\mswsock.dll
0x00007ffe3efa0000 - 0x00007ffe3efb6000 	C:\Program Files\Java\jdk-18.0.2.1\bin\nio.dll
0x00007ffe3ef80000 - 0x00007ffe3ef98000 	C:\Program Files\Java\jdk-18.0.2.1\bin\zip.dll
0x00007ffe3f1e0000 - 0x00007ffe3f1f0000 	C:\Program Files\Java\jdk-18.0.2.1\bin\verify.dll
0x00007ffe41a50000 - 0x00007ffe41a77000 	C:\Users\Admin\.gradle\native\68d5fa5c4cc2d200863cafc0d521ce42e7d3e7ee720ec0a83991735586a16f82\windows-amd64\native-platform.dll
0x00007ffe08a00000 - 0x00007ffe08b44000 	C:\Users\Admin\.gradle\native\e376f236ea51e6404a007f0833ffe2c6e607c4080706a723a18a27aeea778392\windows-amd64\native-platform-file-events.dll
0x00007ffe3f000000 - 0x00007ffe3f009000 	C:\Program Files\Java\jdk-18.0.2.1\bin\management.dll
0x00007ffe3eaf0000 - 0x00007ffe3eafb000 	C:\Program Files\Java\jdk-18.0.2.1\bin\management_ext.dll
0x00007ffe4db20000 - 0x00007ffe4db3b000 	C:\WINDOWS\SYSTEM32\CRYPTSP.dll
0x00007ffe4d3a0000 - 0x00007ffe4d3d5000 	C:\WINDOWS\system32\rsaenh.dll
0x00007ffe4d9b0000 - 0x00007ffe4d9dc000 	C:\WINDOWS\SYSTEM32\USERENV.dll
0x00007ffe4dce0000 - 0x00007ffe4dd08000 	C:\WINDOWS\SYSTEM32\bcrypt.dll
0x00007ffe4db10000 - 0x00007ffe4db1c000 	C:\WINDOWS\SYSTEM32\CRYPTBASE.dll
0x00007ffe4c3c0000 - 0x00007ffe4c3ed000 	C:\WINDOWS\SYSTEM32\IPHLPAPI.DLL
0x00007ffe4fde0000 - 0x00007ffe4fde9000 	C:\WINDOWS\System32\NSI.dll
0x00007ffe47800000 - 0x00007ffe47819000 	C:\WINDOWS\SYSTEM32\dhcpcsvc6.DLL
0x00007ffe46890000 - 0x00007ffe468af000 	C:\WINDOWS\SYSTEM32\dhcpcsvc.DLL
0x00007ffe4c430000 - 0x00007ffe4c529000 	C:\WINDOWS\SYSTEM32\DNSAPI.dll

dbghelp: loaded successfully - version: 4.0.5 - missing functions: none
symbol engine: initialized successfully - sym options: 0x614 - pdb path: .;C:\Program Files\Java\jdk-18.0.2.1\bin;C:\WINDOWS\SYSTEM32;C:\WINDOWS\WinSxS\amd64_microsoft.windows.common-controls_6595b64144ccf1df_6.0.22621.2506_none_270c5ae97388e100;C:\Program Files\Java\jdk-18.0.2.1\bin\server;C:\Users\Admin\.gradle\native\68d5fa5c4cc2d200863cafc0d521ce42e7d3e7ee720ec0a83991735586a16f82\windows-amd64;C:\Users\Admin\.gradle\native\e376f236ea51e6404a007f0833ffe2c6e607c4080706a723a18a27aeea778392\windows-amd64

VM Arguments:
jvm_args: --add-opens=java.base/java.util=ALL-UNNAMED --add-opens=java.base/java.lang=ALL-UNNAMED --add-opens=java.base/java.lang.invoke=ALL-UNNAMED --add-opens=java.prefs/java.util.prefs=ALL-UNNAMED --add-opens=java.base/java.nio.charset=ALL-UNNAMED --add-opens=java.base/java.net=ALL-UNNAMED --add-opens=java.base/java.util.concurrent.atomic=ALL-UNNAMED -Xmx2048m -Dfile.encoding=UTF-8 -Duser.country=US -Duser.language=en -Duser.variant 
java_command: org.gradle.launcher.daemon.bootstrap.GradleDaemon 8.0
java_class_path (initial): C:\Users\Admin\.gradle\wrapper\dists\gradle-8.0-bin\ca5e32bp14vu59qr306oxotwh\gradle-8.0\lib\gradle-launcher-8.0.jar
Launcher Type: SUN_STANDARD

[Global flags]
     intx CICompilerCount                          = 12                                        {product} {ergonomic}
     uint ConcGCThreads                            = 3                                         {product} {ergonomic}
     uint G1ConcRefinementThreads                  = 13                                        {product} {ergonomic}
   size_t G1HeapRegionSize                         = 1048576                                   {product} {ergonomic}
    uintx GCDrainStackTargetSize                   = 64                                        {product} {ergonomic}
   size_t InitialHeapSize                          = 123731968                                 {product} {ergonomic}
   size_t MarkStackSize                            = 4194304                                   {product} {ergonomic}
   size_t MaxHeapSize                              = 2147483648                                {product} {command line}
   size_t MaxNewSize                               = 1287651328                                {product} {ergonomic}
   size_t MinHeapDeltaBytes                        = 1048576                                   {product} {ergonomic}
   size_t MinHeapSize                              = 8388608                                   {product} {ergonomic}
    uintx NonNMethodCodeHeapSize                   = 7602480                                {pd product} {ergonomic}
    uintx NonProfiledCodeHeapSize                  = 122027880                              {pd product} {ergonomic}
    uintx ProfiledCodeHeapSize                     = 122027880                              {pd product} {ergonomic}
    uintx ReservedCodeCacheSize                    = 251658240                              {pd product} {ergonomic}
     bool SegmentedCodeCache                       = true                                      {product} {ergonomic}
   size_t SoftMaxHeapSize                          = 2147483648                             {manageable} {ergonomic}
     bool UseCompressedClassPointers               = true                           {product lp64_product} {ergonomic}
     bool UseCompressedOops                        = true                           {product lp64_product} {ergonomic}
     bool UseG1GC                                  = true                                      {product} {ergonomic}
     bool UseLargePagesIndividualAllocation        = false                                  {pd product} {ergonomic}

Logging:
Log output configuration:
 #0: stdout all=warning uptime,level,tags foldmultilines=false
 #1: stderr all=off uptime,level,tags foldmultilines=false

Environment Variables:
PATH=C:\Program Files\Common Files\Oracle\Java\javapath;C:\Program Files (x86)\Common Files\Oracle\Java\javapath;C:\Users\Admin\AppData\Local\Microsoft\WindowsApps;C:\Users\Admin\AppData\Local\Programs\Microsoft VS Code\bin;C:\Users\Admin\.dotnet\tools;C:\Users\Admin\AppData\Local\Yarn\bin;C:\Users\Admin\AppData\Roaming\npm;C:\Program Files\Git\cmd;C:\Program Files\nodejs\;C:\WINDOWS\system32;C:\WINDOWS;C:\WINDOWS\System32\Wbem;C:\WINDOWS\System32\WindowsPowerShell\v1.0\;C:\WINDOWS\System32\OpenSSH\;C:\Program Files\TortoiseGit\bin;C:\Program Files\dotnet\;C:\Program Files (x86)\NVIDIA Corporation\PhysX\Common;C:\Program Files\NVIDIA Corporation\NVIDIA NvDLISR;C:\Program Files\Microsoft SQL Server\150\Tools\Binn\;C:\Program Files (x86)\Microsoft SQL Server\160\Tools\Binn\;C:\Program Files\Microsoft SQL Server\160\Tools\Binn\;C:\Program Files\Microsoft SQL Server\Client SDK\ODBC\170\Tools\Binn\;C:\Program Files\Microsoft SQL Server\160\DTS\Binn\;C:\Program Files (x86)\Microsoft SQL Server\160\DTS\Binn\;C:\Program Files\Azure Data Studio\bin;C:\ProgramData\chocolatey\bin;C:\Program Files\Cloudflare\Cloudflare WARP\;C:\Users\Admin\AppData\Local\Programs\Python\Python310\Scripts\;C:\Users\Admin\AppData\Local\Programs\Python\Python310\;C:\Users\Admin\AppData\Local\Programs\Python\Python39\Scripts\;C:\Users\Admin\AppData\Local\Programs\Python\Python39\;C:\Users\Admin\AppData\Local\Microsoft\WindowsApps;C:\Users\Admin\AppData\Local\Programs\Microsoft VS Code\bin;C:\Users\Admin\.dotnet\tools;C:\Users\Admin\AppData\Local\Yarn\bin;C:\MinGW\bin;C:\Users\Admin\AppData\Roaming\npm;D:\IntelliJ IDEA 2022.3.3\bin;;C:\Program Files\Azure Data Studio\bin;C:\Program Files\Azure Data Studio\bin
USERNAME=Admin
OS=Windows_NT
PROCESSOR_IDENTIFIER=AMD64 Family 23 Model 96 Stepping 1, AuthenticAMD



---------------  S Y S T E M  ---------------

OS:
 Windows 11 , 64 bit Build 22621 (10.0.22621.2506)
OS uptime: 0 days 4:29 hours

CPU: total 16 (initial active 16) (16 cores per cpu, 2 threads per core) family 23 model 96 stepping 1 microcode 0x0, cx8, cmov, fxsr, ht, mmx, 3dnowpref, sse, sse2, sse3, ssse3, sse4a, sse4.1, sse4.2, popcnt, lzcnt, tsc, tscinvbit, avx, avx2, aes, clmul, bmi1, bmi2, adx, sha, fma, vzeroupper, clflush, clflushopt

Memory: 4k page, system-wide physical 7549M (397M free)
TotalPageFile size 15549M (AvailPageFile size 6M)
current process WorkingSet (physical memory assigned to process): 343M, peak: 347M
current process commit charge ("private bytes"): 401M, peak: 432M

vm_info: Java HotSpot(TM) 64-Bit Server VM (18.0.2.1+1-1) for windows-amd64 JRE (18.0.2.1+1-1), built on Aug 16 2022 01:46:33 by "mach5one" with MS VC++ 16.8 / 16.9 (VS2019)

END.
