#
# There is insufficient memory for the Java Runtime Environment to continue.
# Native memory allocation (malloc) failed to allocate 650416 bytes for Chunk::new
# Possible reasons:
#   The system is out of physical RAM or swap space
#   The process is running with CompressedOops enabled, and the Java Heap may be blocking the growth of the native heap
# Possible solutions:
#   Reduce memory load on the system
#   Increase physical memory or swap space
#   Check if swap backing store is full
#   Decrease Java heap size (-Xmx/-Xms)
#   Decrease number of Java threads
#   Decrease Java thread stack sizes (-Xss)
#   Set larger code cache with -XX:ReservedCodeCacheSize=
#   JVM is running with Unscaled Compressed Oops mode in which the Java heap is
#     placed in the first 4GB address space. The Java Heap base address is the
#     maximum limit for the native heap growth. Please use -XX:HeapBaseMinAddress
#     to set the Java Heap base and to place the Java Heap above 4GB virtual address.
# This output file may be truncated or incomplete.
#
#  Out of Memory Error (arena.cpp:184), pid=12204, tid=10876
#
# JRE version: Java(TM) SE Runtime Environment (20.0+36) (build 20+36-2344)
# Java VM: Java HotSpot(TM) 64-Bit Server VM (20+36-2344, mixed mode, sharing, tiered, compressed oops, compressed class ptrs, g1 gc, windows-amd64)
# No core dump will be written. Minidumps are not enabled by default on client versions of Windows
#

---------------  S U M M A R Y ------------

Command Line: --add-opens=java.base/java.util=ALL-UNNAMED --add-opens=java.base/java.lang=ALL-UNNAMED --add-opens=java.base/java.lang.invoke=ALL-UNNAMED --add-opens=java.prefs/java.util.prefs=ALL-UNNAMED --add-opens=java.base/java.nio.charset=ALL-UNNAMED --add-opens=java.base/java.net=ALL-UNNAMED --add-opens=java.base/java.util.concurrent.atomic=ALL-UNNAMED -Xmx2048m -Dfile.encoding=UTF-8 -Duser.country=US -Duser.language=en -Duser.variant -javaagent:C:\Users\Admin\.gradle\wrapper\dists\gradle-8.1-bin\2eyty4r6kz6fpakefpk52nbbm\gradle-8.1\lib\agents\gradle-instrumentation-agent-8.1.jar org.gradle.launcher.daemon.bootstrap.GradleDaemon 8.1

Host: AMD Ryzen 7 4800H with Radeon Graphics         , 16 cores, 7G,  Windows 11 , 64 bit Build 22621 (10.0.22621.2506)
Time: Thu Nov  9 20:22:02 2023 SE Asia Standard Time elapsed time: 7.177997 seconds (0d 0h 0m 7s)

---------------  T H R E A D  ---------------

Current thread (0x0000022e6f4eb130):  JavaThread "C2 CompilerThread1" daemon [_thread_in_native, id=10876, stack(0x000000d77e200000,0x000000d77e300000)]


Current CompileTask:
C2:   7178 8449   !   4       com.sun.org.apache.xerces.internal.impl.XMLDocumentFragmentScannerImpl$FragmentContentDriver::next (2331 bytes)

Stack: [0x000000d77e200000,0x000000d77e300000]
Native frames: (J=compiled Java code, j=interpreted, Vv=VM code, C=native code)
V  [jvm.dll+0x6bb95a]
V  [jvm.dll+0x8483aa]
V  [jvm.dll+0x849fa5]
V  [jvm.dll+0x84a6a3]
V  [jvm.dll+0x280b0f]
V  [jvm.dll+0xc2b11]
V  [jvm.dll+0xc2e35]
V  [jvm.dll+0x3bb142]
V  [jvm.dll+0x3857f5]
V  [jvm.dll+0x384c6a]
V  [jvm.dll+0x24b259]
V  [jvm.dll+0x24a651]
V  [jvm.dll+0x1ce491]
V  [jvm.dll+0x259e1b]
V  [jvm.dll+0x2584f0]
V  [jvm.dll+0x3f2895]
V  [jvm.dll+0x7f4906]
V  [jvm.dll+0x6ba5cb]
C  [ucrtbase.dll+0x29363]
C  [KERNEL32.DLL+0x1257d]
C  [ntdll.dll+0x5aa58]


---------------  P R O C E S S  ---------------

Threads class SMR info:
_java_thread_list=0x0000022e6dbdd6f0, length=69, elements={
0x0000022e48e12760, 0x0000022e663ea940, 0x0000022e663eb350, 0x0000022e663ee790,
0x0000022e6a5031d0, 0x0000022e6a506af0, 0x0000022e6a50b7f0, 0x0000022e6a512de0,
0x0000022e6a518070, 0x0000022e6637c5b0, 0x0000022e6a519120, 0x0000022e6a5196b0,
0x0000022e6a7b54e0, 0x0000022e6a516fc0, 0x0000022e6beec1a0, 0x0000022e6bf3cdb0,
0x0000022e6bfa2080, 0x0000022e6bf9ca50, 0x0000022e6c5395e0, 0x0000022e6c539b30,
0x0000022e6c53b5c0, 0x0000022e6c53bb10, 0x0000022e6c53c060, 0x0000022e6c53c5b0,
0x0000022e6c53a5d0, 0x0000022e6c539090, 0x0000022e6c53a080, 0x0000022e6c53ab20,
0x0000022e6c53b070, 0x0000022e6df92740, 0x0000022e6df92c90, 0x0000022e6df93c80,
0x0000022e6df931e0, 0x0000022e6df941d0, 0x0000022e6df93730, 0x0000022e6df951c0,
0x0000022e6df91ca0, 0x0000022e6df94720, 0x0000022e6df94c70, 0x0000022e6fc5c9a0,
0x0000022e6fc5cef0, 0x0000022e6fc5b9b0, 0x0000022e6fc599d0, 0x0000022e6fc5bf00,
0x0000022e6fc574a0, 0x0000022e6fc57f40, 0x0000022e6fc5a9c0, 0x0000022e6fc5d440,
0x0000022e6fc5c450, 0x0000022e6fc58490, 0x0000022e6fc56f50, 0x0000022e6fc5e430,
0x0000022e6fc56a00, 0x0000022e7059d8c0, 0x0000022e7059ee00, 0x0000022e705a4300,
0x0000022e7059d370, 0x0000022e705a1330, 0x0000022e705a2870, 0x0000022e7059e360,
0x0000022e705a3db0, 0x0000022e705a4850, 0x0000022e705a1dd0, 0x0000022e7059e8b0,
0x0000022e7059de10, 0x0000022e705a3860, 0x0000022e705a0de0, 0x0000022e7059f350,
0x0000022e6f4eb130
}

Java Threads: ( => current thread )
  0x0000022e48e12760 JavaThread "main" [_thread_blocked, id=16168, stack(0x000000d778800000,0x000000d778900000)]
  0x0000022e663ea940 JavaThread "Reference Handler" daemon [_thread_blocked, id=16924, stack(0x000000d778f00000,0x000000d779000000)]
  0x0000022e663eb350 JavaThread "Finalizer" daemon [_thread_blocked, id=17836, stack(0x000000d779000000,0x000000d779100000)]
  0x0000022e663ee790 JavaThread "Signal Dispatcher" daemon [_thread_blocked, id=5504, stack(0x000000d779100000,0x000000d779200000)]
  0x0000022e6a5031d0 JavaThread "Attach Listener" daemon [_thread_blocked, id=16084, stack(0x000000d779200000,0x000000d779300000)]
  0x0000022e6a506af0 JavaThread "Service Thread" daemon [_thread_blocked, id=12360, stack(0x000000d779300000,0x000000d779400000)]
  0x0000022e6a50b7f0 JavaThread "Monitor Deflation Thread" daemon [_thread_blocked, id=4500, stack(0x000000d779400000,0x000000d779500000)]
  0x0000022e6a512de0 JavaThread "C2 CompilerThread0" daemon [_thread_blocked, id=10288, stack(0x000000d779500000,0x000000d779600000)]
  0x0000022e6a518070 JavaThread "C1 CompilerThread0" daemon [_thread_blocked, id=6044, stack(0x000000d779600000,0x000000d779700000)]
  0x0000022e6637c5b0 JavaThread "Common-Cleaner" daemon [_thread_blocked, id=12488, stack(0x000000d779700000,0x000000d779800000)]
  0x0000022e6a519120 JavaThread "C1 CompilerThread1" daemon [_thread_blocked, id=2076, stack(0x000000d779800000,0x000000d779900000)]
  0x0000022e6a5196b0 JavaThread "C1 CompilerThread2" daemon [_thread_blocked, id=15532, stack(0x000000d779900000,0x000000d779a00000)]
  0x0000022e6a7b54e0 JavaThread "Notification Thread" daemon [_thread_blocked, id=8684, stack(0x000000d779a00000,0x000000d779b00000)]
  0x0000022e6a516fc0 JavaThread "C1 CompilerThread3" daemon [_thread_blocked, id=13636, stack(0x000000d779e00000,0x000000d779f00000)]
  0x0000022e6beec1a0 JavaThread "Daemon health stats" [_thread_blocked, id=16092, stack(0x000000d77a300000,0x000000d77a400000)]
  0x0000022e6bf3cdb0 JavaThread "Incoming local TCP Connector on port 55754" [_thread_in_native, id=12900, stack(0x000000d77a400000,0x000000d77a500000)]
  0x0000022e6bfa2080 JavaThread "Daemon periodic checks" [_thread_blocked, id=9324, stack(0x000000d77a500000,0x000000d77a600000)]
  0x0000022e6bf9ca50 JavaThread "Daemon" [_thread_blocked, id=17180, stack(0x000000d77a600000,0x000000d77a700000)]
  0x0000022e6c5395e0 JavaThread "Handler for socket connection from /127.0.0.1:55754 to /127.0.0.1:55755" [_thread_in_native, id=18104, stack(0x000000d77a700000,0x000000d77a800000)]
  0x0000022e6c539b30 JavaThread "Cancel handler" [_thread_blocked, id=16680, stack(0x000000d77a800000,0x000000d77a900000)]
  0x0000022e6c53b5c0 JavaThread "Daemon worker" [_thread_in_native, id=7648, stack(0x000000d77a900000,0x000000d77aa00000)]
  0x0000022e6c53bb10 JavaThread "Asynchronous log dispatcher for DefaultDaemonConnection: socket connection from /127.0.0.1:55754 to /127.0.0.1:55755" [_thread_blocked, id=4364, stack(0x000000d77aa00000,0x000000d77ab00000)]
  0x0000022e6c53c060 JavaThread "Stdin handler" [_thread_blocked, id=17396, stack(0x000000d77ab00000,0x000000d77ac00000)]
  0x0000022e6c53c5b0 JavaThread "Daemon client event forwarder" [_thread_blocked, id=7684, stack(0x000000d77ac00000,0x000000d77ad00000)]
  0x0000022e6c53a5d0 JavaThread "Cache worker for journal cache (C:\Users\Admin\.gradle\caches\journal-1)" [_thread_blocked, id=17272, stack(0x000000d77ad00000,0x000000d77ae00000)]
  0x0000022e6c539090 JavaThread "File lock request listener" [_thread_in_native, id=16900, stack(0x000000d77ae00000,0x000000d77af00000)]
  0x0000022e6c53a080 JavaThread "Cache worker for file hash cache (C:\Users\Admin\.gradle\caches\8.1\fileHashes)" [_thread_blocked, id=12128, stack(0x000000d77af00000,0x000000d77b000000)]
  0x0000022e6c53ab20 JavaThread "File watcher server" daemon [_thread_in_native, id=12752, stack(0x000000d77b800000,0x000000d77b900000)]
  0x0000022e6c53b070 JavaThread "File watcher consumer" daemon [_thread_blocked, id=3564, stack(0x000000d77bb00000,0x000000d77bc00000)]
  0x0000022e6df92740 JavaThread "jar transforms" [_thread_blocked, id=15880, stack(0x000000d77bc00000,0x000000d77bd00000)]
  0x0000022e6df92c90 JavaThread "jar transforms Thread 2" [_thread_blocked, id=15516, stack(0x000000d77bd00000,0x000000d77be00000)]
  0x0000022e6df93c80 JavaThread "jar transforms Thread 3" [_thread_blocked, id=7852, stack(0x000000d77be00000,0x000000d77bf00000)]
  0x0000022e6df931e0 JavaThread "jar transforms Thread 4" [_thread_blocked, id=6108, stack(0x000000d77bf00000,0x000000d77c000000)]
  0x0000022e6df941d0 JavaThread "jar transforms Thread 5" [_thread_blocked, id=13212, stack(0x000000d77c000000,0x000000d77c100000)]
  0x0000022e6df93730 JavaThread "jar transforms Thread 6" [_thread_blocked, id=11860, stack(0x000000d77c100000,0x000000d77c200000)]
  0x0000022e6df951c0 JavaThread "jar transforms Thread 7" [_thread_blocked, id=12216, stack(0x000000d77c200000,0x000000d77c300000)]
  0x0000022e6df91ca0 JavaThread "jar transforms Thread 8" [_thread_blocked, id=16052, stack(0x000000d77c300000,0x000000d77c400000)]
  0x0000022e6df94720 JavaThread "jar transforms Thread 9" [_thread_blocked, id=17244, stack(0x000000d77c400000,0x000000d77c500000)]
  0x0000022e6df94c70 JavaThread "jar transforms Thread 10" [_thread_blocked, id=18256, stack(0x000000d77c500000,0x000000d77c600000)]
  0x0000022e6fc5c9a0 JavaThread "jar transforms Thread 11" [_thread_blocked, id=15892, stack(0x000000d77c600000,0x000000d77c700000)]
  0x0000022e6fc5cef0 JavaThread "jar transforms Thread 12" [_thread_blocked, id=6868, stack(0x000000d77c700000,0x000000d77c800000)]
  0x0000022e6fc5b9b0 JavaThread "jar transforms Thread 13" [_thread_blocked, id=15944, stack(0x000000d77c800000,0x000000d77c900000)]
  0x0000022e6fc599d0 JavaThread "jar transforms Thread 14" [_thread_blocked, id=12400, stack(0x000000d77c900000,0x000000d77ca00000)]
  0x0000022e6fc5bf00 JavaThread "jar transforms Thread 15" [_thread_blocked, id=15564, stack(0x000000d77ca00000,0x000000d77cb00000)]
  0x0000022e6fc574a0 JavaThread "jar transforms Thread 16" [_thread_blocked, id=9204, stack(0x000000d77cb00000,0x000000d77cc00000)]
  0x0000022e6fc57f40 JavaThread "Cache worker for checksums cache (C:\Users\Admin\AndroidStudioProjects\RSS-App\.gradle\8.1\checksums)" [_thread_blocked, id=4376, stack(0x000000d77cc00000,0x000000d77cd00000)]
  0x0000022e6fc5a9c0 JavaThread "Cache worker for cache directory md-rule (C:\Users\Admin\.gradle\caches\8.1\md-rule)" [_thread_blocked, id=17612, stack(0x000000d77cd00000,0x000000d77ce00000)]
  0x0000022e6fc5d440 JavaThread "Cache worker for file content cache (C:\Users\Admin\.gradle\caches\8.1\fileContent)" [_thread_blocked, id=16328, stack(0x000000d77ce00000,0x000000d77cf00000)]
  0x0000022e6fc5c450 JavaThread "Cache worker for file hash cache (C:\Users\Admin\AndroidStudioProjects\RSS-App\.gradle\8.1\fileHashes)" [_thread_blocked, id=704, stack(0x000000d77cf00000,0x000000d77d000000)]
  0x0000022e6fc58490 JavaThread "Cache worker for cache directory md-supplier (C:\Users\Admin\.gradle\caches\8.1\md-supplier)" [_thread_blocked, id=17892, stack(0x000000d77d000000,0x000000d77d100000)]
  0x0000022e6fc56f50 JavaThread "Cache worker for execution history cache (C:\Users\Admin\.gradle\caches\8.1\executionHistory)" [_thread_blocked, id=15860, stack(0x000000d77d100000,0x000000d77d200000)]
  0x0000022e6fc5e430 JavaThread "Cache worker for dependencies-accessors (C:\Users\Admin\AndroidStudioProjects\RSS-App\.gradle\8.1\dependencies-accessors)" [_thread_blocked, id=12240, stack(0x000000d779d00000,0x000000d779e00000)]
  0x0000022e6fc56a00 JavaThread "Cache worker for Build Output Cleanup Cache (C:\Users\Admin\AndroidStudioProjects\RSS-App\.gradle\buildOutputCleanup)" [_thread_blocked, id=16644, stack(0x000000d77d200000,0x000000d77d300000)]
  0x0000022e7059d8c0 JavaThread "Unconstrained build operations" [_thread_blocked, id=14384, stack(0x000000d779c00000,0x000000d779d00000)]
  0x0000022e7059ee00 JavaThread "Unconstrained build operations Thread 2" [_thread_in_native, id=1156, stack(0x000000d77d400000,0x000000d77d500000)]
  0x0000022e705a4300 JavaThread "Unconstrained build operations Thread 3" [_thread_blocked, id=13300, stack(0x000000d77d500000,0x000000d77d600000)]
  0x0000022e7059d370 JavaThread "Unconstrained build operations Thread 4" [_thread_blocked, id=7040, stack(0x000000d77d600000,0x000000d77d700000)]
  0x0000022e705a1330 JavaThread "Unconstrained build operations Thread 5" [_thread_blocked, id=12756, stack(0x000000d77d700000,0x000000d77d800000)]
  0x0000022e705a2870 JavaThread "Unconstrained build operations Thread 6" [_thread_blocked, id=14220, stack(0x000000d77d800000,0x000000d77d900000)]
  0x0000022e7059e360 JavaThread "Unconstrained build operations Thread 7" [_thread_in_native, id=17156, stack(0x000000d77d900000,0x000000d77da00000)]
  0x0000022e705a3db0 JavaThread "Unconstrained build operations Thread 8" [_thread_blocked, id=7028, stack(0x000000d77da00000,0x000000d77db00000)]
  0x0000022e705a4850 JavaThread "Unconstrained build operations Thread 9" [_thread_in_Java, id=16724, stack(0x000000d77db00000,0x000000d77dc00000)]
  0x0000022e705a1dd0 JavaThread "Unconstrained build operations Thread 10" [_thread_in_native, id=15712, stack(0x000000d77dc00000,0x000000d77dd00000)]
  0x0000022e7059e8b0 JavaThread "Unconstrained build operations Thread 11" [_thread_in_native, id=16512, stack(0x000000d77dd00000,0x000000d77de00000)]
  0x0000022e7059de10 JavaThread "Unconstrained build operations Thread 12" [_thread_in_native, id=1224, stack(0x000000d77de00000,0x000000d77df00000)]
  0x0000022e705a3860 JavaThread "Unconstrained build operations Thread 13" [_thread_blocked, id=15588, stack(0x000000d77df00000,0x000000d77e000000)]
  0x0000022e705a0de0 JavaThread "Unconstrained build operations Thread 14" [_thread_blocked, id=10508, stack(0x000000d77e000000,0x000000d77e100000)]
  0x0000022e7059f350 JavaThread "Unconstrained build operations Thread 15" [_thread_blocked, id=11484, stack(0x000000d77e100000,0x000000d77e200000)]
=>0x0000022e6f4eb130 JavaThread "C2 CompilerThread1" daemon [_thread_in_native, id=10876, stack(0x000000d77e200000,0x000000d77e300000)]

Other Threads:
  0x0000022e663d0010 VMThread "VM Thread" [stack: 0x000000d778e00000,0x000000d778f00000] [id=15640]
  0x0000022e48e13ca0 WatcherThread "VM Periodic Task Thread" [stack: 0x000000d779b00000,0x000000d779c00000] [id=2784]
  0x0000022e48e6f9c0 WorkerThread "GC Thread#0" [stack: 0x000000d778900000,0x000000d778a00000] [id=15364]
  0x0000022e6a7d41a0 WorkerThread "GC Thread#1" [stack: 0x000000d779f00000,0x000000d77a000000] [id=3276]
  0x0000022e6a7d30c0 WorkerThread "GC Thread#2" [stack: 0x000000d77a000000,0x000000d77a100000] [id=6332]
  0x0000022e6a7d4470 WorkerThread "GC Thread#3" [stack: 0x000000d77a100000,0x000000d77a200000] [id=17196]
  0x0000022e6a7d2850 WorkerThread "GC Thread#4" [stack: 0x000000d77a200000,0x000000d77a300000] [id=6408]
  0x0000022e6bfcf030 WorkerThread "GC Thread#5" [stack: 0x000000d77b000000,0x000000d77b100000] [id=15780]
  0x0000022e6bfcf300 WorkerThread "GC Thread#6" [stack: 0x000000d77b100000,0x000000d77b200000] [id=8604]
  0x0000022e6bfcf5d0 WorkerThread "GC Thread#7" [stack: 0x000000d77b200000,0x000000d77b300000] [id=16800]
  0x0000022e6bfce4f0 WorkerThread "GC Thread#8" [stack: 0x000000d77b300000,0x000000d77b400000] [id=13804]
  0x0000022e6bfcd6e0 WorkerThread "GC Thread#9" [stack: 0x000000d77b400000,0x000000d77b500000] [id=6456]
  0x0000022e6bfcd9b0 WorkerThread "GC Thread#10" [stack: 0x000000d77b500000,0x000000d77b600000] [id=18096]
  0x0000022e6bfcce70 WorkerThread "GC Thread#11" [stack: 0x000000d77b600000,0x000000d77b700000] [id=3436]
  0x0000022e6bfcf8a0 WorkerThread "GC Thread#12" [stack: 0x000000d77b700000,0x000000d77b800000] [id=13692]
  0x0000022e46c0e840 ConcurrentGCThread "G1 Main Marker" [stack: 0x000000d778a00000,0x000000d778b00000] [id=5180]
  0x0000022e48e83340 WorkerThread "G1 Conc#0" [stack: 0x000000d778b00000,0x000000d778c00000] [id=16524]
  0x0000022e6bfce7c0 WorkerThread "G1 Conc#1" [stack: 0x000000d77b900000,0x000000d77ba00000] [id=8088]
  0x0000022e6bfce220 WorkerThread "G1 Conc#2" [stack: 0x000000d77ba00000,0x000000d77bb00000] [id=16756]
  0x0000022e6624b590 ConcurrentGCThread "G1 Refine#0" [stack: 0x000000d778c00000,0x000000d778d00000] [id=5980]
  0x0000022e6624cb60 ConcurrentGCThread "G1 Service" [stack: 0x000000d778d00000,0x000000d778e00000] [id=17740]

Threads with active compile tasks:
C2 CompilerThread0     7201 8485       4       sun.nio.fs.WindowsPath::elementAsString (62 bytes)
C2 CompilerThread1     7201 8449   !   4       com.sun.org.apache.xerces.internal.impl.XMLDocumentFragmentScannerImpl$FragmentContentDriver::next (2331 bytes)

VM state: not at safepoint (normal execution)

VM Mutex/Monitor currently owned by a thread: None

Heap address: 0x0000000080000000, size: 2048 MB, Compressed Oops mode: 32-bit

CDS archive(s) mapped at: [0x0000000800000000-0x0000000800c60000-0x0000000800c60000), size 12976128, SharedBaseAddress: 0x0000000800000000, ArchiveRelocationMode: 0.
Compressed class space mapped at: 0x0000000801000000-0x0000000841000000, reserved size: 1073741824
Narrow klass base: 0x0000000800000000, Narrow klass shift: 0, Narrow klass range: 0x100000000

GC Precious Log:
 CardTable entry size: 512
 Card Set container configuration: InlinePtr #cards 5 size 8 Array Of Cards #cards 12 size 40 Howl #buckets 4 coarsen threshold 1843 Howl Bitmap #cards 512 size 80 coarsen threshold 460 Card regions per heap region 1 cards per card region 2048
 CPUs: 16 total, 16 available
 Memory: 7549M
 Large Page Support: Disabled
 NUMA Support: Disabled
 Compressed Oops: Enabled (32-bit)
 Heap Region Size: 1M
 Heap Min Capacity: 8M
 Heap Initial Capacity: 118M
 Heap Max Capacity: 2G
 Pre-touch: Disabled
 Parallel Workers: 13
 Concurrent Workers: 3
 Concurrent Refinement Workers: 13
 Periodic GC: Disabled

Heap:
 garbage-first heap   total 171008K, used 104650K [0x0000000080000000, 0x0000000100000000)
  region size 1024K, 25 young (25600K), 8 survivors (8192K)
 Metaspace       used 61688K, committed 63360K, reserved 1114112K
  class space    used 8326K, committed 9152K, reserved 1048576K

Heap Regions: E=young(eden), S=young(survivor), O=old, HS=humongous(starts), HC=humongous(continues), CS=collection set, F=free, OA=open archive, CA=closed archive, TAMS=top-at-mark-start, PB=parsable bottom
|   0|0x0000000080000000, 0x0000000080100000, 0x0000000080100000|100%|HS|  |TAMS 0x0000000080000000| PB 0x0000000080000000| Complete 
|   1|0x0000000080100000, 0x0000000080200000, 0x0000000080200000|100%|HC|  |TAMS 0x0000000080100000| PB 0x0000000080100000| Complete 
|   2|0x0000000080200000, 0x0000000080300000, 0x0000000080300000|100%|HC|  |TAMS 0x0000000080200000| PB 0x0000000080200000| Complete 
|   3|0x0000000080300000, 0x0000000080400000, 0x0000000080400000|100%|HC|  |TAMS 0x0000000080300000| PB 0x0000000080300000| Complete 
|   4|0x0000000080400000, 0x0000000080500000, 0x0000000080500000|100%| O|  |TAMS 0x0000000080400000| PB 0x0000000080400000| Untracked 
|   5|0x0000000080500000, 0x0000000080600000, 0x0000000080600000|100%| O|  |TAMS 0x0000000080500000| PB 0x0000000080500000| Untracked 
|   6|0x0000000080600000, 0x0000000080700000, 0x0000000080700000|100%| O|  |TAMS 0x0000000080600000| PB 0x0000000080600000| Untracked 
|   7|0x0000000080700000, 0x0000000080800000, 0x0000000080800000|100%| O|  |TAMS 0x0000000080700000| PB 0x0000000080700000| Untracked 
|   8|0x0000000080800000, 0x0000000080900000, 0x0000000080900000|100%| O|  |TAMS 0x0000000080800000| PB 0x0000000080800000| Untracked 
|   9|0x0000000080900000, 0x0000000080a00000, 0x0000000080a00000|100%| O|  |TAMS 0x0000000080900000| PB 0x0000000080900000| Untracked 
|  10|0x0000000080a00000, 0x0000000080b00000, 0x0000000080b00000|100%| O|  |TAMS 0x0000000080a00000| PB 0x0000000080a00000| Untracked 
|  11|0x0000000080b00000, 0x0000000080c00000, 0x0000000080c00000|100%| O|  |TAMS 0x0000000080b00000| PB 0x0000000080b00000| Untracked 
|  12|0x0000000080c00000, 0x0000000080d00000, 0x0000000080d00000|100%| O|  |TAMS 0x0000000080c00000| PB 0x0000000080c00000| Untracked 
|  13|0x0000000080d00000, 0x0000000080e00000, 0x0000000080e00000|100%| O|  |TAMS 0x0000000080d00000| PB 0x0000000080d00000| Untracked 
|  14|0x0000000080e00000, 0x0000000080f00000, 0x0000000080f00000|100%| O|  |TAMS 0x0000000080e00000| PB 0x0000000080e00000| Untracked 
|  15|0x0000000080f00000, 0x0000000081000000, 0x0000000081000000|100%| O|  |TAMS 0x0000000080f00000| PB 0x0000000080f00000| Untracked 
|  16|0x0000000081000000, 0x0000000081100000, 0x0000000081100000|100%| O|  |TAMS 0x0000000081000000| PB 0x0000000081000000| Untracked 
|  17|0x0000000081100000, 0x0000000081200000, 0x0000000081200000|100%| O|  |TAMS 0x0000000081100000| PB 0x0000000081100000| Untracked 
|  18|0x0000000081200000, 0x0000000081300000, 0x0000000081300000|100%| O|  |TAMS 0x0000000081200000| PB 0x0000000081200000| Untracked 
|  19|0x0000000081300000, 0x0000000081400000, 0x0000000081400000|100%| O|  |TAMS 0x0000000081300000| PB 0x0000000081300000| Untracked 
|  20|0x0000000081400000, 0x0000000081500000, 0x0000000081500000|100%|HS|  |TAMS 0x0000000081400000| PB 0x0000000081400000| Complete 
|  21|0x0000000081500000, 0x0000000081600000, 0x0000000081600000|100%|HC|  |TAMS 0x0000000081500000| PB 0x0000000081500000| Complete 
|  22|0x0000000081600000, 0x0000000081700000, 0x0000000081700000|100%|HS|  |TAMS 0x0000000081600000| PB 0x0000000081600000| Complete 
|  23|0x0000000081700000, 0x0000000081800000, 0x0000000081800000|100%|HC|  |TAMS 0x0000000081700000| PB 0x0000000081700000| Complete 
|  24|0x0000000081800000, 0x0000000081900000, 0x0000000081900000|100%|HC|  |TAMS 0x0000000081800000| PB 0x0000000081800000| Complete 
|  25|0x0000000081900000, 0x0000000081a00000, 0x0000000081a00000|100%|HS|  |TAMS 0x0000000081900000| PB 0x0000000081900000| Complete 
|  26|0x0000000081a00000, 0x0000000081b00000, 0x0000000081b00000|100%|HC|  |TAMS 0x0000000081a00000| PB 0x0000000081a00000| Complete 
|  27|0x0000000081b00000, 0x0000000081c00000, 0x0000000081c00000|100%|HC|  |TAMS 0x0000000081b00000| PB 0x0000000081b00000| Complete 
|  28|0x0000000081c00000, 0x0000000081d00000, 0x0000000081d00000|100%|HS|  |TAMS 0x0000000081c00000| PB 0x0000000081c00000| Complete 
|  29|0x0000000081d00000, 0x0000000081e00000, 0x0000000081e00000|100%|HC|  |TAMS 0x0000000081d00000| PB 0x0000000081d00000| Complete 
|  30|0x0000000081e00000, 0x0000000081f00000, 0x0000000081f00000|100%|HS|  |TAMS 0x0000000081e00000| PB 0x0000000081e00000| Complete 
|  31|0x0000000081f00000, 0x0000000082000000, 0x0000000082000000|100%|HC|  |TAMS 0x0000000081f00000| PB 0x0000000081f00000| Complete 
|  32|0x0000000082000000, 0x0000000082100000, 0x0000000082100000|100%|HC|  |TAMS 0x0000000082000000| PB 0x0000000082000000| Complete 
|  33|0x0000000082100000, 0x0000000082200000, 0x0000000082200000|100%|HC|  |TAMS 0x0000000082100000| PB 0x0000000082100000| Complete 
|  34|0x0000000082200000, 0x0000000082300000, 0x0000000082300000|100%|HC|  |TAMS 0x0000000082200000| PB 0x0000000082200000| Complete 
|  35|0x0000000082300000, 0x0000000082400000, 0x0000000082400000|100%|HC|  |TAMS 0x0000000082300000| PB 0x0000000082300000| Complete 
|  36|0x0000000082400000, 0x0000000082500000, 0x0000000082500000|100%|HC|  |TAMS 0x0000000082400000| PB 0x0000000082400000| Complete 
|  37|0x0000000082500000, 0x0000000082600000, 0x0000000082600000|100%|HC|  |TAMS 0x0000000082500000| PB 0x0000000082500000| Complete 
|  38|0x0000000082600000, 0x0000000082700000, 0x0000000082700000|100%|HC|  |TAMS 0x0000000082600000| PB 0x0000000082600000| Complete 
|  39|0x0000000082700000, 0x0000000082800000, 0x0000000082800000|100%|HC|  |TAMS 0x0000000082700000| PB 0x0000000082700000| Complete 
|  40|0x0000000082800000, 0x0000000082900000, 0x0000000082900000|100%| O|  |TAMS 0x0000000082800000| PB 0x0000000082800000| Untracked 
|  41|0x0000000082900000, 0x0000000082a00000, 0x0000000082a00000|100%| O|  |TAMS 0x0000000082900000| PB 0x0000000082900000| Untracked 
|  42|0x0000000082a00000, 0x0000000082b00000, 0x0000000082b00000|100%| O|  |TAMS 0x0000000082a00000| PB 0x0000000082a00000| Untracked 
|  43|0x0000000082b00000, 0x0000000082c00000, 0x0000000082c00000|100%| O|  |TAMS 0x0000000082b00000| PB 0x0000000082b00000| Untracked 
|  44|0x0000000082c00000, 0x0000000082d00000, 0x0000000082d00000|100%| O|  |TAMS 0x0000000082c00000| PB 0x0000000082c00000| Untracked 
|  45|0x0000000082d00000, 0x0000000082e00000, 0x0000000082e00000|100%| O|  |TAMS 0x0000000082d00000| PB 0x0000000082d00000| Untracked 
|  46|0x0000000082e00000, 0x0000000082f00000, 0x0000000082f00000|100%|HS|  |TAMS 0x0000000082e00000| PB 0x0000000082e00000| Complete 
|  47|0x0000000082f00000, 0x0000000083000000, 0x0000000083000000|100%|HC|  |TAMS 0x0000000082f00000| PB 0x0000000082f00000| Complete 
|  48|0x0000000083000000, 0x0000000083100000, 0x0000000083100000|100%|HS|  |TAMS 0x0000000083000000| PB 0x0000000083000000| Complete 
|  49|0x0000000083100000, 0x0000000083200000, 0x0000000083200000|100%|HC|  |TAMS 0x0000000083100000| PB 0x0000000083100000| Complete 
|  50|0x0000000083200000, 0x0000000083300000, 0x0000000083300000|100%|HC|  |TAMS 0x0000000083200000| PB 0x0000000083200000| Complete 
|  51|0x0000000083300000, 0x0000000083400000, 0x0000000083400000|100%|HC|  |TAMS 0x0000000083300000| PB 0x0000000083300000| Complete 
|  52|0x0000000083400000, 0x0000000083500000, 0x0000000083500000|100%|HC|  |TAMS 0x0000000083400000| PB 0x0000000083400000| Complete 
|  53|0x0000000083500000, 0x0000000083600000, 0x0000000083600000|100%| O|  |TAMS 0x0000000083500000| PB 0x0000000083500000| Untracked 
|  54|0x0000000083600000, 0x0000000083700000, 0x0000000083700000|100%| O|  |TAMS 0x0000000083600000| PB 0x0000000083600000| Untracked 
|  55|0x0000000083700000, 0x0000000083800000, 0x0000000083800000|100%|HS|  |TAMS 0x0000000083700000| PB 0x0000000083700000| Complete 
|  56|0x0000000083800000, 0x0000000083900000, 0x0000000083900000|100%|HC|  |TAMS 0x0000000083800000| PB 0x0000000083800000| Complete 
|  57|0x0000000083900000, 0x0000000083a00000, 0x0000000083a00000|100%|HC|  |TAMS 0x0000000083900000| PB 0x0000000083900000| Complete 
|  58|0x0000000083a00000, 0x0000000083b00000, 0x0000000083b00000|100%| O|  |TAMS 0x0000000083a00000| PB 0x0000000083a00000| Untracked 
|  59|0x0000000083b00000, 0x0000000083c00000, 0x0000000083c00000|100%| O|  |TAMS 0x0000000083b00000| PB 0x0000000083b00000| Untracked 
|  60|0x0000000083c00000, 0x0000000083d00000, 0x0000000083d00000|100%|HS|  |TAMS 0x0000000083c00000| PB 0x0000000083c00000| Complete 
|  61|0x0000000083d00000, 0x0000000083e00000, 0x0000000083e00000|100%|HC|  |TAMS 0x0000000083d00000| PB 0x0000000083d00000| Complete 
|  62|0x0000000083e00000, 0x0000000083f00000, 0x0000000083f00000|100%|HC|  |TAMS 0x0000000083e00000| PB 0x0000000083e00000| Complete 
|  63|0x0000000083f00000, 0x0000000084000000, 0x0000000084000000|100%| O|  |TAMS 0x0000000083f00000| PB 0x0000000083f00000| Untracked 
|  64|0x0000000084000000, 0x0000000084100000, 0x0000000084100000|100%| O|  |TAMS 0x0000000084000000| PB 0x0000000084000000| Untracked 
|  65|0x0000000084100000, 0x0000000084200000, 0x0000000084200000|100%| O|  |TAMS 0x0000000084100000| PB 0x0000000084100000| Untracked 
|  66|0x0000000084200000, 0x0000000084300000, 0x0000000084300000|100%| O|  |TAMS 0x0000000084200000| PB 0x0000000084200000| Untracked 
|  67|0x0000000084300000, 0x0000000084400000, 0x0000000084400000|100%| O|  |TAMS 0x0000000084300000| PB 0x0000000084300000| Untracked 
|  68|0x0000000084400000, 0x0000000084500000, 0x0000000084500000|100%| O|  |TAMS 0x0000000084400000| PB 0x0000000084400000| Untracked 
|  69|0x0000000084500000, 0x0000000084600000, 0x0000000084600000|100%| O|  |TAMS 0x0000000084500000| PB 0x0000000084500000| Untracked 
|  70|0x0000000084600000, 0x0000000084700000, 0x0000000084700000|100%| O|  |TAMS 0x0000000084600000| PB 0x0000000084600000| Untracked 
|  71|0x0000000084700000, 0x0000000084800000, 0x0000000084800000|100%| O|  |TAMS 0x0000000084700000| PB 0x0000000084700000| Untracked 
|  72|0x0000000084800000, 0x0000000084832a00, 0x0000000084900000| 19%| O|  |TAMS 0x0000000084800000| PB 0x0000000084800000| Untracked 
|  73|0x0000000084900000, 0x0000000084a00000, 0x0000000084a00000|100%| O|  |TAMS 0x0000000084900000| PB 0x0000000084900000| Untracked 
|  74|0x0000000084a00000, 0x0000000084b00000, 0x0000000084b00000|100%| O|  |TAMS 0x0000000084a00000| PB 0x0000000084a00000| Untracked 
|  75|0x0000000084b00000, 0x0000000084c00000, 0x0000000084c00000|100%| O|  |TAMS 0x0000000084b00000| PB 0x0000000084b00000| Untracked 
|  76|0x0000000084c00000, 0x0000000084d00000, 0x0000000084d00000|100%| O|  |TAMS 0x0000000084c00000| PB 0x0000000084c00000| Untracked 
|  77|0x0000000084d00000, 0x0000000084e00000, 0x0000000084e00000|100%|HS|  |TAMS 0x0000000084d00000| PB 0x0000000084d00000| Complete 
|  78|0x0000000084e00000, 0x0000000084f00000, 0x0000000084f00000|100%|HC|  |TAMS 0x0000000084e00000| PB 0x0000000084e00000| Complete 
|  79|0x0000000084f00000, 0x0000000085000000, 0x0000000085000000|100%|HC|  |TAMS 0x0000000084f00000| PB 0x0000000084f00000| Complete 
|  80|0x0000000085000000, 0x0000000085000000, 0x0000000085100000|  0%| F|  |TAMS 0x0000000085000000| PB 0x0000000085000000| Untracked 
|  81|0x0000000085100000, 0x0000000085100000, 0x0000000085200000|  0%| F|  |TAMS 0x0000000085100000| PB 0x0000000085100000| Untracked 
|  82|0x0000000085200000, 0x0000000085200000, 0x0000000085300000|  0%| F|  |TAMS 0x0000000085200000| PB 0x0000000085200000| Untracked 
|  83|0x0000000085300000, 0x0000000085300000, 0x0000000085400000|  0%| F|  |TAMS 0x0000000085300000| PB 0x0000000085300000| Untracked 
|  84|0x0000000085400000, 0x0000000085400000, 0x0000000085500000|  0%| F|  |TAMS 0x0000000085400000| PB 0x0000000085400000| Untracked 
|  85|0x0000000085500000, 0x0000000085500000, 0x0000000085600000|  0%| F|  |TAMS 0x0000000085500000| PB 0x0000000085500000| Untracked 
|  86|0x0000000085600000, 0x0000000085600000, 0x0000000085700000|  0%| F|  |TAMS 0x0000000085600000| PB 0x0000000085600000| Untracked 
|  87|0x0000000085700000, 0x0000000085700000, 0x0000000085800000|  0%| F|  |TAMS 0x0000000085700000| PB 0x0000000085700000| Untracked 
|  88|0x0000000085800000, 0x0000000085800000, 0x0000000085900000|  0%| F|  |TAMS 0x0000000085800000| PB 0x0000000085800000| Untracked 
|  89|0x0000000085900000, 0x0000000085900000, 0x0000000085a00000|  0%| F|  |TAMS 0x0000000085900000| PB 0x0000000085900000| Untracked 
|  90|0x0000000085a00000, 0x0000000085a00000, 0x0000000085b00000|  0%| F|  |TAMS 0x0000000085a00000| PB 0x0000000085a00000| Untracked 
|  91|0x0000000085b00000, 0x0000000085b00000, 0x0000000085c00000|  0%| F|  |TAMS 0x0000000085b00000| PB 0x0000000085b00000| Untracked 
|  92|0x0000000085c00000, 0x0000000085c00000, 0x0000000085d00000|  0%| F|  |TAMS 0x0000000085c00000| PB 0x0000000085c00000| Untracked 
|  93|0x0000000085d00000, 0x0000000085d00000, 0x0000000085e00000|  0%| F|  |TAMS 0x0000000085d00000| PB 0x0000000085d00000| Untracked 
|  94|0x0000000085e00000, 0x0000000085e00000, 0x0000000085f00000|  0%| F|  |TAMS 0x0000000085e00000| PB 0x0000000085e00000| Untracked 
|  95|0x0000000085f00000, 0x0000000085f00000, 0x0000000086000000|  0%| F|  |TAMS 0x0000000085f00000| PB 0x0000000085f00000| Untracked 
|  96|0x0000000086000000, 0x0000000086000000, 0x0000000086100000|  0%| F|  |TAMS 0x0000000086000000| PB 0x0000000086000000| Untracked 
|  97|0x0000000086100000, 0x0000000086100000, 0x0000000086200000|  0%| F|  |TAMS 0x0000000086100000| PB 0x0000000086100000| Untracked 
|  98|0x0000000086200000, 0x0000000086200000, 0x0000000086300000|  0%| F|  |TAMS 0x0000000086200000| PB 0x0000000086200000| Untracked 
|  99|0x0000000086300000, 0x0000000086300000, 0x0000000086400000|  0%| F|  |TAMS 0x0000000086300000| PB 0x0000000086300000| Untracked 
| 100|0x0000000086400000, 0x0000000086400000, 0x0000000086500000|  0%| F|  |TAMS 0x0000000086400000| PB 0x0000000086400000| Untracked 
| 101|0x0000000086500000, 0x0000000086500000, 0x0000000086600000|  0%| F|  |TAMS 0x0000000086500000| PB 0x0000000086500000| Untracked 
| 102|0x0000000086600000, 0x0000000086600000, 0x0000000086700000|  0%| F|  |TAMS 0x0000000086600000| PB 0x0000000086600000| Untracked 
| 103|0x0000000086700000, 0x0000000086800000, 0x0000000086800000|100%| S|CS|TAMS 0x0000000086700000| PB 0x0000000086700000| Complete 
| 104|0x0000000086800000, 0x0000000086900000, 0x0000000086900000|100%| S|CS|TAMS 0x0000000086800000| PB 0x0000000086800000| Complete 
| 105|0x0000000086900000, 0x0000000086a00000, 0x0000000086a00000|100%| S|CS|TAMS 0x0000000086900000| PB 0x0000000086900000| Complete 
| 106|0x0000000086a00000, 0x0000000086b00000, 0x0000000086b00000|100%| S|CS|TAMS 0x0000000086a00000| PB 0x0000000086a00000| Complete 
| 107|0x0000000086b00000, 0x0000000086c00000, 0x0000000086c00000|100%| S|CS|TAMS 0x0000000086b00000| PB 0x0000000086b00000| Complete 
| 108|0x0000000086c00000, 0x0000000086d00000, 0x0000000086d00000|100%| S|CS|TAMS 0x0000000086c00000| PB 0x0000000086c00000| Complete 
| 109|0x0000000086d00000, 0x0000000086e00000, 0x0000000086e00000|100%| S|CS|TAMS 0x0000000086d00000| PB 0x0000000086d00000| Complete 
| 110|0x0000000086e00000, 0x0000000086f00000, 0x0000000086f00000|100%| S|CS|TAMS 0x0000000086e00000| PB 0x0000000086e00000| Complete 
| 111|0x0000000086f00000, 0x0000000086f00000, 0x0000000087000000|  0%| F|  |TAMS 0x0000000086f00000| PB 0x0000000086f00000| Untracked 
| 112|0x0000000087000000, 0x0000000087000000, 0x0000000087100000|  0%| F|  |TAMS 0x0000000087000000| PB 0x0000000087000000| Untracked 
| 113|0x0000000087100000, 0x0000000087100000, 0x0000000087200000|  0%| F|  |TAMS 0x0000000087100000| PB 0x0000000087100000| Untracked 
| 114|0x0000000087200000, 0x0000000087200000, 0x0000000087300000|  0%| F|  |TAMS 0x0000000087200000| PB 0x0000000087200000| Untracked 
| 115|0x0000000087300000, 0x0000000087300000, 0x0000000087400000|  0%| F|  |TAMS 0x0000000087300000| PB 0x0000000087300000| Untracked 
| 116|0x0000000087400000, 0x0000000087400000, 0x0000000087500000|  0%| F|  |TAMS 0x0000000087400000| PB 0x0000000087400000| Untracked 
| 117|0x0000000087500000, 0x0000000087500000, 0x0000000087600000|  0%| F|  |TAMS 0x0000000087500000| PB 0x0000000087500000| Untracked 
| 118|0x0000000087600000, 0x0000000087600000, 0x0000000087700000|  0%| F|  |TAMS 0x0000000087600000| PB 0x0000000087600000| Untracked 
| 119|0x0000000087700000, 0x0000000087700000, 0x0000000087800000|  0%| F|  |TAMS 0x0000000087700000| PB 0x0000000087700000| Untracked 
| 120|0x0000000087800000, 0x0000000087800000, 0x0000000087900000|  0%| F|  |TAMS 0x0000000087800000| PB 0x0000000087800000| Untracked 
| 121|0x0000000087900000, 0x0000000087900000, 0x0000000087a00000|  0%| F|  |TAMS 0x0000000087900000| PB 0x0000000087900000| Untracked 
| 122|0x0000000087a00000, 0x0000000087a00000, 0x0000000087b00000|  0%| F|  |TAMS 0x0000000087a00000| PB 0x0000000087a00000| Untracked 
| 123|0x0000000087b00000, 0x0000000087b00000, 0x0000000087c00000|  0%| F|  |TAMS 0x0000000087b00000| PB 0x0000000087b00000| Untracked 
| 124|0x0000000087c00000, 0x0000000087c00000, 0x0000000087d00000|  0%| F|  |TAMS 0x0000000087c00000| PB 0x0000000087c00000| Untracked 
| 125|0x0000000087d00000, 0x0000000087d00000, 0x0000000087e00000|  0%| F|  |TAMS 0x0000000087d00000| PB 0x0000000087d00000| Untracked 
| 126|0x0000000087e00000, 0x0000000087e00000, 0x0000000087f00000|  0%| F|  |TAMS 0x0000000087e00000| PB 0x0000000087e00000| Untracked 
| 127|0x0000000087f00000, 0x0000000087f00000, 0x0000000088000000|  0%| F|  |TAMS 0x0000000087f00000| PB 0x0000000087f00000| Untracked 
| 128|0x0000000088000000, 0x0000000088000000, 0x0000000088100000|  0%| F|  |TAMS 0x0000000088000000| PB 0x0000000088000000| Untracked 
| 129|0x0000000088100000, 0x0000000088100000, 0x0000000088200000|  0%| F|  |TAMS 0x0000000088100000| PB 0x0000000088100000| Untracked 
| 130|0x0000000088200000, 0x0000000088200000, 0x0000000088300000|  0%| F|  |TAMS 0x0000000088200000| PB 0x0000000088200000| Untracked 
| 131|0x0000000088300000, 0x0000000088300000, 0x0000000088400000|  0%| F|  |TAMS 0x0000000088300000| PB 0x0000000088300000| Untracked 
| 132|0x0000000088400000, 0x0000000088400000, 0x0000000088500000|  0%| F|  |TAMS 0x0000000088400000| PB 0x0000000088400000| Untracked 
| 133|0x0000000088500000, 0x0000000088500000, 0x0000000088600000|  0%| F|  |TAMS 0x0000000088500000| PB 0x0000000088500000| Untracked 
| 134|0x0000000088600000, 0x0000000088600000, 0x0000000088700000|  0%| F|  |TAMS 0x0000000088600000| PB 0x0000000088600000| Untracked 
| 135|0x0000000088700000, 0x0000000088700000, 0x0000000088800000|  0%| F|  |TAMS 0x0000000088700000| PB 0x0000000088700000| Untracked 
| 136|0x0000000088800000, 0x0000000088800000, 0x0000000088900000|  0%| F|  |TAMS 0x0000000088800000| PB 0x0000000088800000| Untracked 
| 137|0x0000000088900000, 0x0000000088900000, 0x0000000088a00000|  0%| F|  |TAMS 0x0000000088900000| PB 0x0000000088900000| Untracked 
| 138|0x0000000088a00000, 0x0000000088a00000, 0x0000000088b00000|  0%| F|  |TAMS 0x0000000088a00000| PB 0x0000000088a00000| Untracked 
| 139|0x0000000088b00000, 0x0000000088b00000, 0x0000000088c00000|  0%| F|  |TAMS 0x0000000088b00000| PB 0x0000000088b00000| Untracked 
| 140|0x0000000088c00000, 0x0000000088c00000, 0x0000000088d00000|  0%| F|  |TAMS 0x0000000088c00000| PB 0x0000000088c00000| Untracked 
| 141|0x0000000088d00000, 0x0000000088d00000, 0x0000000088e00000|  0%| F|  |TAMS 0x0000000088d00000| PB 0x0000000088d00000| Untracked 
| 142|0x0000000088e00000, 0x0000000088e00000, 0x0000000088f00000|  0%| F|  |TAMS 0x0000000088e00000| PB 0x0000000088e00000| Untracked 
| 143|0x0000000088f00000, 0x0000000088f00000, 0x0000000089000000|  0%| F|  |TAMS 0x0000000088f00000| PB 0x0000000088f00000| Untracked 
| 144|0x0000000089000000, 0x0000000089000000, 0x0000000089100000|  0%| F|  |TAMS 0x0000000089000000| PB 0x0000000089000000| Untracked 
| 145|0x0000000089100000, 0x0000000089100000, 0x0000000089200000|  0%| F|  |TAMS 0x0000000089100000| PB 0x0000000089100000| Untracked 
| 146|0x0000000089200000, 0x0000000089200000, 0x0000000089300000|  0%| F|  |TAMS 0x0000000089200000| PB 0x0000000089200000| Untracked 
| 147|0x0000000089300000, 0x0000000089300000, 0x0000000089400000|  0%| F|  |TAMS 0x0000000089300000| PB 0x0000000089300000| Untracked 
| 148|0x0000000089400000, 0x0000000089400000, 0x0000000089500000|  0%| F|  |TAMS 0x0000000089400000| PB 0x0000000089400000| Untracked 
| 149|0x0000000089500000, 0x0000000089500000, 0x0000000089600000|  0%| F|  |TAMS 0x0000000089500000| PB 0x0000000089500000| Untracked 
| 150|0x0000000089600000, 0x0000000089680a50, 0x0000000089700000| 50%| E|  |TAMS 0x0000000089600000| PB 0x0000000089600000| Complete 
| 151|0x0000000089700000, 0x0000000089800000, 0x0000000089800000|100%| E|CS|TAMS 0x0000000089700000| PB 0x0000000089700000| Complete 
| 152|0x0000000089800000, 0x0000000089900000, 0x0000000089900000|100%| E|CS|TAMS 0x0000000089800000| PB 0x0000000089800000| Complete 
| 153|0x0000000089900000, 0x0000000089a00000, 0x0000000089a00000|100%| E|CS|TAMS 0x0000000089900000| PB 0x0000000089900000| Complete 
| 154|0x0000000089a00000, 0x0000000089b00000, 0x0000000089b00000|100%| E|CS|TAMS 0x0000000089a00000| PB 0x0000000089a00000| Complete 
| 155|0x0000000089b00000, 0x0000000089c00000, 0x0000000089c00000|100%| E|CS|TAMS 0x0000000089b00000| PB 0x0000000089b00000| Complete 
| 156|0x0000000089c00000, 0x0000000089d00000, 0x0000000089d00000|100%| E|CS|TAMS 0x0000000089c00000| PB 0x0000000089c00000| Complete 
| 157|0x0000000089d00000, 0x0000000089e00000, 0x0000000089e00000|100%| E|  |TAMS 0x0000000089d00000| PB 0x0000000089d00000| Complete 
| 158|0x0000000089e00000, 0x0000000089f00000, 0x0000000089f00000|100%| E|CS|TAMS 0x0000000089e00000| PB 0x0000000089e00000| Complete 
| 159|0x0000000089f00000, 0x000000008a000000, 0x000000008a000000|100%| E|CS|TAMS 0x0000000089f00000| PB 0x0000000089f00000| Complete 
| 160|0x000000008a000000, 0x000000008a100000, 0x000000008a100000|100%| E|CS|TAMS 0x000000008a000000| PB 0x000000008a000000| Complete 
| 161|0x000000008a100000, 0x000000008a200000, 0x000000008a200000|100%| E|CS|TAMS 0x000000008a100000| PB 0x000000008a100000| Complete 
| 162|0x000000008a200000, 0x000000008a300000, 0x000000008a300000|100%| E|CS|TAMS 0x000000008a200000| PB 0x000000008a200000| Complete 
| 163|0x000000008a300000, 0x000000008a400000, 0x000000008a400000|100%| E|CS|TAMS 0x000000008a300000| PB 0x000000008a300000| Complete 
| 164|0x000000008a400000, 0x000000008a500000, 0x000000008a500000|100%| E|CS|TAMS 0x000000008a400000| PB 0x000000008a400000| Complete 
| 165|0x000000008a500000, 0x000000008a600000, 0x000000008a600000|100%| E|CS|TAMS 0x000000008a500000| PB 0x000000008a500000| Complete 
|2047|0x00000000fff00000, 0x0000000100000000, 0x0000000100000000|100%| E|CS|TAMS 0x00000000fff00000| PB 0x00000000fff00000| Complete 

Card table byte_map: [0x0000022e60b50000,0x0000022e60f50000] _byte_map_base: 0x0000022e60750000

Marking Bits: (CMBitMap*) 0x0000022e46c0df90
 Bits: [0x0000022e61350000, 0x0000022e63350000)

Polling page: 0x0000022e485d0000

Metaspace:

Usage:
  Non-class:     52.11 MB used.
      Class:      8.13 MB used.
       Both:     60.24 MB used.

Virtual space:
  Non-class space:       64.00 MB reserved,      52.94 MB ( 83%) committed,  1 nodes.
      Class space:        1.00 GB reserved,       8.94 MB ( <1%) committed,  1 nodes.
             Both:        1.06 GB reserved,      61.88 MB (  6%) committed. 

Chunk freelists:
   Non-Class:  2.69 MB
       Class:  3.09 MB
        Both:  5.78 MB

MaxMetaspaceSize: unlimited
CompressedClassSpaceSize: 1.00 GB
Initial GC threshold: 21.00 MB
Current GC threshold: 81.25 MB
CDS: on
MetaspaceReclaimPolicy: balanced
 - commit_granule_bytes: 65536.
 - commit_granule_words: 8192.
 - virtual_space_node_default_size: 8388608.
 - enlarge_chunks_in_place: 1.
 - new_chunks_are_fully_committed: 0.
 - uncommit_free_chunks: 1.
 - use_allocation_guard: 0.


Internal statistics:

num_allocs_failed_limit: 3.
num_arena_births: 2884.
num_arena_deaths: 0.
num_vsnodes_births: 2.
num_vsnodes_deaths: 0.
num_space_committed: 990.
num_space_uncommitted: 0.
num_chunks_returned_to_freelist: 3.
num_chunks_taken_from_freelist: 5311.
num_chunk_merges: 3.
num_chunk_splits: 3496.
num_chunks_enlarged: 2195.
num_inconsistent_stats: 0.

CodeHeap 'non-profiled nmethods': size=119168Kb used=3710Kb max_used=3710Kb free=115457Kb
 bounds [0x0000022e58a60000, 0x0000022e58e00000, 0x0000022e5fec0000]
CodeHeap 'profiled nmethods': size=119104Kb used=15392Kb max_used=15392Kb free=103711Kb
 bounds [0x0000022e50ec0000, 0x0000022e51dd0000, 0x0000022e58310000]
CodeHeap 'non-nmethods': size=7488Kb used=4568Kb max_used=4605Kb free=2919Kb
 bounds [0x0000022e58310000, 0x0000022e587a0000, 0x0000022e58a60000]
 total_blobs=8567 nmethods=7636 adapters=837
 compilation: enabled
              stopped_count=0, restarted_count=0
 full_count=0

Compilation events (20 events):
Event: 7.154 Thread 0x0000022e6a519120 nmethod 8466 0x0000022e51db9390 code [0x0000022e51db9520, 0x0000022e51db9648]
Event: 7.154 Thread 0x0000022e6a516fc0 nmethod 8465 0x0000022e51db9710 code [0x0000022e51db9900, 0x0000022e51dba020]
Event: 7.155 Thread 0x0000022e6a519120 8467       1       org.gradle.internal.component.external.model.AbstractModuleComponentResolveMetadata::getSources (5 bytes)
Event: 7.155 Thread 0x0000022e6a519120 nmethod 8467 0x0000022e58df9a10 code [0x0000022e58df9b80, 0x0000022e58df9c48]
Event: 7.155 Thread 0x0000022e6a519120 8468       3       org.gradle.cache.internal.CrossProcessSynchronizingIndexedCache::getIfPresent (17 bytes)
Event: 7.155 Thread 0x0000022e6a516fc0 8469   !   3       com.google.common.cache.LocalCache$Segment::get (210 bytes)
Event: 7.156 Thread 0x0000022e6a512de0 nmethod 8459 0x0000022e58df9d10 code [0x0000022e58df9e80, 0x0000022e58dfa078]
Event: 7.156 Thread 0x0000022e6a512de0 8463       4       com.sun.org.apache.xerces.internal.dom.DeferredDocumentImpl::getNodeURI (49 bytes)
Event: 7.156 Thread 0x0000022e6a519120 nmethod 8468 0x0000022e51dba210 code [0x0000022e51dba400, 0x0000022e51dbab00]
Event: 7.156 Thread 0x0000022e6a516fc0 nmethod 8469 0x0000022e51dbad90 code [0x0000022e51dbb160, 0x0000022e51dbc9e8]
Event: 7.157 Thread 0x0000022e6a516fc0 8470       3       org.gradle.api.internal.attributes.DefaultImmutableAttributes::asImmutable (2 bytes)
Event: 7.157 Thread 0x0000022e6a516fc0 nmethod 8470 0x0000022e51dbd710 code [0x0000022e51dbd8a0, 0x0000022e51dbd9b0]
Event: 7.157 Thread 0x0000022e6a512de0 nmethod 8463 0x0000022e58dfa190 code [0x0000022e58dfa320, 0x0000022e58dfa5f0]
Event: 7.157 Thread 0x0000022e6a518070 8472       3       java.util.concurrent.ThreadPoolExecutor::workerCountOf (5 bytes)
Event: 7.157 Thread 0x0000022e6a512de0 8464       4       com.sun.org.apache.xerces.internal.dom.ParentNode::setReadOnly (53 bytes)
Event: 7.158 Thread 0x0000022e6a518070 nmethod 8472 0x0000022e51dbda90 code [0x0000022e51dbdc20, 0x0000022e51dbdd18]
Event: 7.158 Thread 0x0000022e6a518070 8473       3       org.apache.http.message.ParserCursor::<init> (49 bytes)
Event: 7.158 Thread 0x0000022e6a518070 nmethod 8473 0x0000022e51dbdd90 code [0x0000022e51dbdf60, 0x0000022e51dbe308]
Event: 7.163 Thread 0x0000022e6a5196b0 8474       3       java.util.regex.Pattern$Curly::match (91 bytes)
Event: 7.164 Thread 0x0000022e6a5196b0 nmethod 8474 0x0000022e51dbe490 code [0x0000022e51dbe680, 0x0000022e51dbeb38]

GC Heap History (20 events):
Event: 3.136 GC heap before
{Heap before GC invocations=9 (full 0):
 garbage-first heap   total 103424K, used 87590K [0x0000000080000000, 0x0000000100000000)
  region size 1024K, 35 young (35840K), 4 survivors (4096K)
 Metaspace       used 28881K, committed 30016K, reserved 1114112K
  class space    used 4354K, committed 4928K, reserved 1048576K
}
Event: 3.139 GC heap after
{Heap after GC invocations=10 (full 0):
 garbage-first heap   total 103424K, used 57938K [0x0000000080000000, 0x0000000100000000)
  region size 1024K, 2 young (2048K), 2 survivors (2048K)
 Metaspace       used 28881K, committed 30016K, reserved 1114112K
  class space    used 4354K, committed 4928K, reserved 1048576K
}
Event: 3.455 GC heap before
{Heap before GC invocations=10 (full 0):
 garbage-first heap   total 103424K, used 89682K [0x0000000080000000, 0x0000000100000000)
  region size 1024K, 34 young (34816K), 2 survivors (2048K)
 Metaspace       used 34513K, committed 35712K, reserved 1114112K
  class space    used 4921K, committed 5504K, reserved 1048576K
}
Event: 3.458 GC heap after
{Heap after GC invocations=11 (full 0):
 garbage-first heap   total 103424K, used 61912K [0x0000000080000000, 0x0000000100000000)
  region size 1024K, 5 young (5120K), 5 survivors (5120K)
 Metaspace       used 34513K, committed 35712K, reserved 1114112K
  class space    used 4921K, committed 5504K, reserved 1048576K
}
Event: 3.725 GC heap before
{Heap before GC invocations=12 (full 0):
 garbage-first heap   total 112640K, used 95704K [0x0000000080000000, 0x0000000100000000)
  region size 1024K, 34 young (34816K), 5 survivors (5120K)
 Metaspace       used 37378K, committed 38656K, reserved 1114112K
  class space    used 5215K, committed 5824K, reserved 1048576K
}
Event: 3.729 GC heap after
{Heap after GC invocations=13 (full 0):
 garbage-first heap   total 112640K, used 64418K [0x0000000080000000, 0x0000000100000000)
  region size 1024K, 3 young (3072K), 3 survivors (3072K)
 Metaspace       used 37378K, committed 38656K, reserved 1114112K
  class space    used 5215K, committed 5824K, reserved 1048576K
}
Event: 4.109 GC heap before
{Heap before GC invocations=13 (full 0):
 garbage-first heap   total 112640K, used 104354K [0x0000000080000000, 0x0000000100000000)
  region size 1024K, 37 young (37888K), 3 survivors (3072K)
 Metaspace       used 40497K, committed 41984K, reserved 1114112K
  class space    used 5662K, committed 6400K, reserved 1048576K
}
Event: 4.113 GC heap after
{Heap after GC invocations=14 (full 0):
 garbage-first heap   total 113664K, used 73883K [0x0000000080000000, 0x0000000100000000)
  region size 1024K, 5 young (5120K), 5 survivors (5120K)
 Metaspace       used 40497K, committed 41984K, reserved 1114112K
  class space    used 5662K, committed 6400K, reserved 1048576K
}
Event: 4.114 GC heap before
{Heap before GC invocations=14 (full 0):
 garbage-first heap   total 113664K, used 73883K [0x0000000080000000, 0x0000000100000000)
  region size 1024K, 6 young (6144K), 5 survivors (5120K)
 Metaspace       used 40497K, committed 41984K, reserved 1114112K
  class space    used 5662K, committed 6400K, reserved 1048576K
}
Event: 4.117 GC heap after
{Heap after GC invocations=15 (full 0):
 garbage-first heap   total 113664K, used 74669K [0x0000000080000000, 0x0000000100000000)
  region size 1024K, 1 young (1024K), 1 survivors (1024K)
 Metaspace       used 40497K, committed 41984K, reserved 1114112K
  class space    used 5662K, committed 6400K, reserved 1048576K
}
Event: 4.362 GC heap before
{Heap before GC invocations=16 (full 0):
 garbage-first heap   total 132096K, used 98221K [0x0000000080000000, 0x0000000100000000)
  region size 1024K, 22 young (22528K), 1 survivors (1024K)
 Metaspace       used 43712K, committed 45248K, reserved 1114112K
  class space    used 6079K, committed 6848K, reserved 1048576K
}
Event: 4.364 GC heap after
{Heap after GC invocations=17 (full 0):
 garbage-first heap   total 132096K, used 75698K [0x0000000080000000, 0x0000000100000000)
  region size 1024K, 2 young (2048K), 2 survivors (2048K)
 Metaspace       used 43712K, committed 45248K, reserved 1114112K
  class space    used 6079K, committed 6848K, reserved 1048576K
}
Event: 4.810 GC heap before
{Heap before GC invocations=17 (full 0):
 garbage-first heap   total 132096K, used 108466K [0x0000000080000000, 0x0000000100000000)
  region size 1024K, 35 young (35840K), 2 survivors (2048K)
 Metaspace       used 47867K, committed 49344K, reserved 1114112K
  class space    used 6633K, committed 7360K, reserved 1048576K
}
Event: 4.814 GC heap after
{Heap after GC invocations=18 (full 0):
 garbage-first heap   total 132096K, used 78180K [0x0000000080000000, 0x0000000100000000)
  region size 1024K, 5 young (5120K), 5 survivors (5120K)
 Metaspace       used 47867K, committed 49344K, reserved 1114112K
  class space    used 6633K, committed 7360K, reserved 1048576K
}
Event: 4.868 GC heap before
{Heap before GC invocations=18 (full 0):
 garbage-first heap   total 132096K, used 83300K [0x0000000080000000, 0x0000000100000000)
  region size 1024K, 11 young (11264K), 5 survivors (5120K)
 Metaspace       used 48361K, committed 49920K, reserved 1114112K
  class space    used 6725K, committed 7488K, reserved 1048576K
}
Event: 4.872 GC heap after
{Heap after GC invocations=19 (full 0):
 garbage-first heap   total 132096K, used 78923K [0x0000000080000000, 0x0000000100000000)
  region size 1024K, 1 young (1024K), 1 survivors (1024K)
 Metaspace       used 48361K, committed 49920K, reserved 1114112K
  class space    used 6725K, committed 7488K, reserved 1048576K
}
Event: 5.198 GC heap before
{Heap before GC invocations=20 (full 0):
 garbage-first heap   total 142336K, used 117835K [0x0000000080000000, 0x0000000100000000)
  region size 1024K, 36 young (36864K), 1 survivors (1024K)
 Metaspace       used 50593K, committed 52160K, reserved 1114112K
  class space    used 7096K, committed 7872K, reserved 1048576K
}
Event: 5.200 GC heap after
{Heap after GC invocations=21 (full 0):
 garbage-first heap   total 171008K, used 84187K [0x0000000080000000, 0x0000000100000000)
  region size 1024K, 3 young (3072K), 3 survivors (3072K)
 Metaspace       used 50593K, committed 52160K, reserved 1114112K
  class space    used 7096K, committed 7872K, reserved 1048576K
}
Event: 6.719 GC heap before
{Heap before GC invocations=21 (full 0):
 garbage-first heap   total 171008K, used 139483K [0x0000000080000000, 0x0000000100000000)
  region size 1024K, 58 young (59392K), 3 survivors (3072K)
 Metaspace       used 60989K, committed 62720K, reserved 1114112K
  class space    used 8299K, committed 9152K, reserved 1048576K
}
Event: 6.726 GC heap after
{Heap after GC invocations=22 (full 0):
 garbage-first heap   total 171008K, used 89290K [0x0000000080000000, 0x0000000100000000)
  region size 1024K, 8 young (8192K), 8 survivors (8192K)
 Metaspace       used 60989K, committed 62720K, reserved 1114112K
  class space    used 8299K, committed 9152K, reserved 1048576K
}

Dll operation events (15 events):
Event: 0.008 Loaded shared library C:\Program Files\Java\jdk-20\bin\java.dll
Event: 0.015 Loaded shared library C:\Program Files\Java\jdk-20\bin\jsvml.dll
Event: 0.061 Loaded shared library C:\Program Files\Java\jdk-20\bin\zip.dll
Event: 0.065 Loaded shared library C:\Program Files\Java\jdk-20\bin\instrument.dll
Event: 0.070 Loaded shared library C:\Program Files\Java\jdk-20\bin\net.dll
Event: 0.072 Loaded shared library C:\Program Files\Java\jdk-20\bin\nio.dll
Event: 0.076 Loaded shared library C:\Program Files\Java\jdk-20\bin\zip.dll
Event: 0.235 Loaded shared library C:\Program Files\Java\jdk-20\bin\jimage.dll
Event: 0.286 Loaded shared library C:\Program Files\Java\jdk-20\bin\verify.dll
Event: 0.414 Loaded shared library C:\Users\Admin\.gradle\native\68d5fa5c4cc2d200863cafc0d521ce42e7d3e7ee720ec0a83991735586a16f82\windows-amd64\native-platform.dll
Event: 0.419 Loaded shared library C:\Users\Admin\.gradle\native\e376f236ea51e6404a007f0833ffe2c6e607c4080706a723a18a27aeea778392\windows-amd64\native-platform-file-events.dll
Event: 0.992 Loaded shared library C:\Program Files\Java\jdk-20\bin\management.dll
Event: 0.994 Loaded shared library C:\Program Files\Java\jdk-20\bin\management_ext.dll
Event: 1.159 Loaded shared library C:\Program Files\Java\jdk-20\bin\extnet.dll
Event: 1.312 Loaded shared library C:\Program Files\Java\jdk-20\bin\sunmscapi.dll

Deoptimization events (20 events):
Event: 6.717 Thread 0x0000022e7059e360 DEOPT PACKING pc=0x0000022e517157a2 sp=0x000000d77d9fcc40
Event: 6.717 Thread 0x0000022e7059e360 DEOPT UNPACKING pc=0x0000022e5837a4c2 sp=0x000000d77d9fc0b8 mode 0
Event: 6.729 Thread 0x0000022e705a4850 DEOPT PACKING pc=0x0000022e519e3789 sp=0x000000d77dbfd6c0
Event: 6.729 Thread 0x0000022e705a4850 DEOPT UNPACKING pc=0x0000022e5837a4c2 sp=0x000000d77dbfcbd0 mode 0
Event: 6.792 Thread 0x0000022e7059de10 DEOPT PACKING pc=0x0000022e513a88fe sp=0x000000d77defc640
Event: 6.792 Thread 0x0000022e705a3db0 DEOPT PACKING pc=0x0000022e513a88fe sp=0x000000d77dafc900
Event: 6.792 Thread 0x0000022e7059f350 DEOPT PACKING pc=0x0000022e513a88fe sp=0x000000d77e1fc830
Event: 6.792 Thread 0x0000022e7059de10 DEOPT UNPACKING pc=0x0000022e5837a4c2 sp=0x000000d77defbbc0 mode 0
Event: 6.792 Thread 0x0000022e705a3db0 DEOPT UNPACKING pc=0x0000022e5837a4c2 sp=0x000000d77dafbe80 mode 0
Event: 6.792 Thread 0x0000022e7059f350 DEOPT UNPACKING pc=0x0000022e5837a4c2 sp=0x000000d77e1fbdb0 mode 0
Event: 6.934 Thread 0x0000022e7059e360 DEOPT PACKING pc=0x0000022e51c4fdc1 sp=0x000000d77d9fcee0
Event: 6.934 Thread 0x0000022e7059e360 DEOPT UNPACKING pc=0x0000022e5837a4c2 sp=0x000000d77d9fc380 mode 0
Event: 6.947 Thread 0x0000022e7059de10 DEOPT PACKING pc=0x0000022e51c4fdc1 sp=0x000000d77defcff0
Event: 6.947 Thread 0x0000022e7059de10 DEOPT UNPACKING pc=0x0000022e5837a4c2 sp=0x000000d77defc490 mode 0
Event: 6.948 Thread 0x0000022e705a3db0 DEOPT PACKING pc=0x0000022e51c4fdc1 sp=0x000000d77dafcf80
Event: 6.948 Thread 0x0000022e705a3db0 DEOPT UNPACKING pc=0x0000022e5837a4c2 sp=0x000000d77dafc420 mode 0
Event: 7.026 Thread 0x0000022e7059ee00 Uncommon trap: trap_request=0xffffff45 fr.pc=0x0000022e58af4040 relative=0x00000000000001a0
Event: 7.026 Thread 0x0000022e7059ee00 Uncommon trap: reason=unstable_if action=reinterpret pc=0x0000022e58af4040 method=java.lang.Class.newReflectionData(Ljava/lang/ref/SoftReference;I)Ljava/lang/Class$ReflectionData; @ 22 c2
Event: 7.026 Thread 0x0000022e7059ee00 DEOPT PACKING pc=0x0000022e58af4040 sp=0x000000d77d4fb800
Event: 7.026 Thread 0x0000022e7059ee00 DEOPT UNPACKING pc=0x0000022e58379d22 sp=0x000000d77d4fb738 mode 2

Classes loaded (20 events):
Event: 7.027 Loading class com/sun/crypto/provider/TlsPrfGenerator$V12
Event: 7.027 Loading class com/sun/crypto/provider/TlsPrfGenerator$V12 done
Event: 7.027 Loading class sun/security/ssl/Authenticator$TLS10Authenticator
Event: 7.027 Loading class sun/security/ssl/Authenticator$TLS10Authenticator done
Event: 7.027 Loading class sun/security/ssl/SSLCipher$T12CC20P1305WriteCipherGenerator$CC20P1305WriteCipher
Event: 7.027 Loading class sun/security/ssl/SSLCipher$T12CC20P1305WriteCipherGenerator$CC20P1305WriteCipher done
Event: 7.028 Loading class com/sun/crypto/provider/ChaCha20Cipher$EngineAEADEnc
Event: 7.028 Loading class com/sun/crypto/provider/ChaCha20Cipher$ChaChaEngine
Event: 7.028 Loading class com/sun/crypto/provider/ChaCha20Cipher$ChaChaEngine done
Event: 7.028 Loading class com/sun/crypto/provider/ChaCha20Cipher$EngineAEADEnc done
Event: 7.028 Loading class com/sun/crypto/provider/Poly1305
Event: 7.028 Loading class com/sun/crypto/provider/Poly1305 done
Event: 7.028 Loading class sun/security/util/math/intpoly/IntegerPolynomial1305
Event: 7.028 Loading class sun/security/util/math/intpoly/IntegerPolynomial1305 done
Event: 7.080 Loading class sun/security/ssl/NewSessionTicket$T12NewSessionTicketMessage
Event: 7.080 Loading class sun/security/ssl/NewSessionTicket$T12NewSessionTicketMessage done
Event: 7.080 Loading class sun/security/ssl/SSLCipher$T12CC20P1305ReadCipherGenerator$CC20P1305ReadCipher
Event: 7.081 Loading class sun/security/ssl/SSLCipher$T12CC20P1305ReadCipherGenerator$CC20P1305ReadCipher done
Event: 7.081 Loading class com/sun/crypto/provider/ChaCha20Cipher$EngineAEADDec
Event: 7.081 Loading class com/sun/crypto/provider/ChaCha20Cipher$EngineAEADDec done

Classes unloaded (0 events):
No events

Classes redefined (0 events):
No events

Internal exceptions (20 events):
Event: 6.177 Thread 0x0000022e6c53c5b0 Exception <a 'java/lang/NoSuchMethodError'{0x00000000880c7b70}: static Lorg/gradle/internal/build/event/types/AbstractOperationResult;.<clinit>()V> (0x00000000880c7b70) 
thrown [s\open\src\hotspot\share\prims\jni.cpp, line 1105]
Event: 6.177 Thread 0x0000022e6c53c5b0 Exception <a 'java/lang/NoSuchMethodError'{0x00000000880c9010}: static Lorg/gradle/internal/build/event/types/AbstractResult;.<clinit>()V> (0x00000000880c9010) 
thrown [s\open\src\hotspot\share\prims\jni.cpp, line 1105]
Event: 6.430 Thread 0x0000022e6c53b5c0 Exception <a 'java/lang/NoSuchMethodError'{0x0000000087ad7730}: 'java.lang.Object java.lang.invoke.DirectMethodHandle$Holder.newInvokeSpecial(java.lang.Object, java.lang.Object, java.lang.Object, java.lang.Object, java.lang.Object, int)'> (0x0000000087ad7730) 
thrown [s\open\src\hotspot\share\interpreter\linkResolver.cpp, line 773]
Event: 6.430 Thread 0x0000022e6c53b5c0 Exception <a 'java/lang/NoSuchMethodError'{0x0000000087adca80}: 'java.lang.Object java.lang.invoke.DirectMethodHandle$Holder.invokeSpecial(java.lang.Object, java.lang.Object, java.lang.Object, java.lang.Object, java.lang.Object, java.lang.Object, int)'> (0x0000000087adca80) 
thrown [s\open\src\hotspot\share\interpreter\linkResolver.cpp, line 773]
Event: 6.574 Thread 0x0000022e7059de10 Implicit null exception at 0x0000022e51b3181f to 0x0000022e51b323e4
Event: 6.575 Thread 0x0000022e7059de10 Exception <a 'java/lang/NullPointerException'{0x00000000874b8ef8}> (0x00000000874b8ef8) 
thrown [s\open\src\hotspot\share\runtime\sharedRuntime.cpp, line 709]
Event: 6.576 Thread 0x0000022e705a1dd0 Implicit null exception at 0x0000022e51b3181f to 0x0000022e51b323e4
Event: 6.576 Thread 0x0000022e705a1dd0 Exception <a 'java/lang/NullPointerException'{0x000000008732a698}> (0x000000008732a698) 
thrown [s\open\src\hotspot\share\runtime\sharedRuntime.cpp, line 709]
Event: 6.588 Thread 0x0000022e705a0de0 Implicit null exception at 0x0000022e51b3181f to 0x0000022e51b323e4
Event: 6.588 Thread 0x0000022e705a0de0 Exception <a 'java/lang/NullPointerException'{0x00000000873b6bb8}> (0x00000000873b6bb8) 
thrown [s\open\src\hotspot\share\runtime\sharedRuntime.cpp, line 709]
Event: 6.590 Thread 0x0000022e7059f350 Implicit null exception at 0x0000022e51b3181f to 0x0000022e51b323e4
Event: 6.590 Thread 0x0000022e7059f350 Exception <a 'java/lang/NullPointerException'{0x000000008720b798}> (0x000000008720b798) 
thrown [s\open\src\hotspot\share\runtime\sharedRuntime.cpp, line 709]
Event: 6.591 Thread 0x0000022e6c53b5c0 Implicit null exception at 0x0000022e51b3181f to 0x0000022e51b323e4
Event: 6.591 Thread 0x0000022e6c53b5c0 Exception <a 'java/lang/NullPointerException'{0x00000000878726c8}> (0x00000000878726c8) 
thrown [s\open\src\hotspot\share\runtime\sharedRuntime.cpp, line 709]
Event: 6.592 Thread 0x0000022e705a1330 Implicit null exception at 0x0000022e51b3181f to 0x0000022e51b323e4
Event: 6.592 Thread 0x0000022e705a1330 Exception <a 'java/lang/NullPointerException'{0x00000000873fc678}> (0x00000000873fc678) 
thrown [s\open\src\hotspot\share\runtime\sharedRuntime.cpp, line 709]
Event: 6.593 Thread 0x0000022e705a4300 Implicit null exception at 0x0000022e51b3181f to 0x0000022e51b323e4
Event: 6.593 Thread 0x0000022e7059e8b0 Implicit null exception at 0x0000022e51b3181f to 0x0000022e51b323e4
Event: 6.593 Thread 0x0000022e705a4300 Exception <a 'java/lang/NullPointerException'{0x0000000087260ef0}> (0x0000000087260ef0) 
thrown [s\open\src\hotspot\share\runtime\sharedRuntime.cpp, line 709]
Event: 6.593 Thread 0x0000022e7059e8b0 Exception <a 'java/lang/NullPointerException'{0x0000000087244d50}> (0x0000000087244d50) 
thrown [s\open\src\hotspot\share\runtime\sharedRuntime.cpp, line 709]

VM Operations (20 events):
Event: 5.518 Executing VM operation: HandshakeAllThreads
Event: 5.518 Executing VM operation: HandshakeAllThreads done
Event: 6.173 Executing VM operation: HandshakeAllThreads
Event: 6.173 Executing VM operation: HandshakeAllThreads done
Event: 6.199 Executing VM operation: HandshakeAllThreads
Event: 6.199 Executing VM operation: HandshakeAllThreads done
Event: 6.210 Executing VM operation: HandshakeAllThreads
Event: 6.210 Executing VM operation: HandshakeAllThreads done
Event: 6.210 Executing VM operation: Cleanup
Event: 6.210 Executing VM operation: Cleanup done
Event: 6.243 Executing VM operation: HandshakeAllThreads
Event: 6.243 Executing VM operation: HandshakeAllThreads done
Event: 6.665 Executing VM operation: ICBufferFull
Event: 6.665 Executing VM operation: ICBufferFull done
Event: 6.719 Executing VM operation: G1CollectForAllocation
Event: 6.726 Executing VM operation: G1CollectForAllocation done
Event: 7.029 Executing VM operation: HandshakeAllThreads
Event: 7.029 Executing VM operation: HandshakeAllThreads done
Event: 7.096 Executing VM operation: ICBufferFull
Event: 7.097 Executing VM operation: ICBufferFull done

Events (20 events):
Event: 4.950 Thread 0x0000022e6fc56a00 Thread added: 0x0000022e6fc56a00
Event: 6.018 Thread 0x0000022e6a518b90 Thread exited: 0x0000022e6a518b90
Event: 6.256 Thread 0x0000022e6f4eb130 Thread added: 0x0000022e6f4eb130
Event: 6.397 Thread 0x0000022e6f4eb130 Thread exited: 0x0000022e6f4eb130
Event: 6.463 Thread 0x0000022e7059d8c0 Thread added: 0x0000022e7059d8c0
Event: 6.463 Thread 0x0000022e7059ee00 Thread added: 0x0000022e7059ee00
Event: 6.463 Thread 0x0000022e705a4300 Thread added: 0x0000022e705a4300
Event: 6.463 Thread 0x0000022e7059d370 Thread added: 0x0000022e7059d370
Event: 6.464 Thread 0x0000022e705a1330 Thread added: 0x0000022e705a1330
Event: 6.464 Thread 0x0000022e705a2870 Thread added: 0x0000022e705a2870
Event: 6.464 Thread 0x0000022e7059e360 Thread added: 0x0000022e7059e360
Event: 6.464 Thread 0x0000022e705a3db0 Thread added: 0x0000022e705a3db0
Event: 6.464 Thread 0x0000022e705a4850 Thread added: 0x0000022e705a4850
Event: 6.464 Thread 0x0000022e705a1dd0 Thread added: 0x0000022e705a1dd0
Event: 6.464 Thread 0x0000022e7059e8b0 Thread added: 0x0000022e7059e8b0
Event: 6.464 Thread 0x0000022e7059de10 Thread added: 0x0000022e7059de10
Event: 6.464 Thread 0x0000022e705a3860 Thread added: 0x0000022e705a3860
Event: 6.464 Thread 0x0000022e705a0de0 Thread added: 0x0000022e705a0de0
Event: 6.465 Thread 0x0000022e7059f350 Thread added: 0x0000022e7059f350
Event: 6.471 Thread 0x0000022e6f4eb130 Thread added: 0x0000022e6f4eb130


Dynamic libraries:
0x00007ff6d0590000 - 0x00007ff6d05a0000 	C:\Program Files\Java\jdk-20\bin\java.exe
0x00007ffe50fd0000 - 0x00007ffe511e7000 	C:\WINDOWS\SYSTEM32\ntdll.dll
0x00007ffe4f230000 - 0x00007ffe4f2f4000 	C:\WINDOWS\System32\KERNEL32.DLL
0x00007ffe4e5e0000 - 0x00007ffe4e987000 	C:\WINDOWS\System32\KERNELBASE.dll
0x00007ffe4e350000 - 0x00007ffe4e461000 	C:\WINDOWS\System32\ucrtbase.dll
0x00007ffe417b0000 - 0x00007ffe417c9000 	C:\Program Files\Java\jdk-20\bin\jli.dll
0x00007ffe4f890000 - 0x00007ffe4f940000 	C:\WINDOWS\System32\ADVAPI32.dll
0x00007ffe41960000 - 0x00007ffe4197b000 	C:\Program Files\Java\jdk-20\bin\VCRUNTIME140.dll
0x00007ffe50d20000 - 0x00007ffe50dc7000 	C:\WINDOWS\System32\msvcrt.dll
0x00007ffe50c60000 - 0x00007ffe50d06000 	C:\WINDOWS\System32\sechost.dll
0x00007ffe4fcc0000 - 0x00007ffe4fdd7000 	C:\WINDOWS\System32\RPCRT4.dll
0x00007ffe50de0000 - 0x00007ffe50f8e000 	C:\WINDOWS\System32\USER32.dll
0x00007ffe4e530000 - 0x00007ffe4e556000 	C:\WINDOWS\System32\win32u.dll
0x00007ffe34f50000 - 0x00007ffe351e3000 	C:\WINDOWS\WinSxS\amd64_microsoft.windows.common-controls_6595b64144ccf1df_6.0.22621.2506_none_270c5ae97388e100\COMCTL32.dll
0x00007ffe4f860000 - 0x00007ffe4f889000 	C:\WINDOWS\System32\GDI32.dll
0x00007ffe4e990000 - 0x00007ffe4eaa9000 	C:\WINDOWS\System32\gdi32full.dll
0x00007ffe4ec90000 - 0x00007ffe4ed2a000 	C:\WINDOWS\System32\msvcp_win.dll
0x00007ffe463e0000 - 0x00007ffe463ea000 	C:\WINDOWS\SYSTEM32\VERSION.dll
0x00007ffe50210000 - 0x00007ffe50241000 	C:\WINDOWS\System32\IMM32.DLL
0x00007ffe41570000 - 0x00007ffe4157c000 	C:\Program Files\Java\jdk-20\bin\vcruntime140_1.dll
0x00007ffe25da0000 - 0x00007ffe25e2e000 	C:\Program Files\Java\jdk-20\bin\msvcp140.dll
0x00007ffdf9830000 - 0x00007ffdfa4c7000 	C:\Program Files\Java\jdk-20\bin\server\jvm.dll
0x00007ffe4b200000 - 0x00007ffe4b209000 	C:\WINDOWS\SYSTEM32\WSOCK32.dll
0x00007ffe478a0000 - 0x00007ffe478d4000 	C:\WINDOWS\SYSTEM32\WINMM.dll
0x00007ffe4f1b0000 - 0x00007ffe4f221000 	C:\WINDOWS\System32\WS2_32.dll
0x00007ffe4d3e0000 - 0x00007ffe4d3f8000 	C:\WINDOWS\SYSTEM32\kernel.appcore.dll
0x00007ffe41560000 - 0x00007ffe4156a000 	C:\Program Files\Java\jdk-20\bin\jimage.dll
0x00007ffe4bcd0000 - 0x00007ffe4bf03000 	C:\WINDOWS\SYSTEM32\DBGHELP.DLL
0x00007ffe4eda0000 - 0x00007ffe4f129000 	C:\WINDOWS\System32\combase.dll
0x00007ffe4ff70000 - 0x00007ffe50047000 	C:\WINDOWS\System32\OLEAUT32.dll
0x00007ffe163f0000 - 0x00007ffe16422000 	C:\WINDOWS\SYSTEM32\dbgcore.DLL
0x00007ffe4e560000 - 0x00007ffe4e5da000 	C:\WINDOWS\System32\bcryptPrimitives.dll
0x00007ffe41550000 - 0x00007ffe4155e000 	C:\Program Files\Java\jdk-20\bin\instrument.dll
0x00007ffe3fc30000 - 0x00007ffe3fc56000 	C:\Program Files\Java\jdk-20\bin\java.dll
0x00007ffe0ac90000 - 0x00007ffe0ad67000 	C:\Program Files\Java\jdk-20\bin\jsvml.dll
0x00007ffe50250000 - 0x00007ffe50aa9000 	C:\WINDOWS\System32\SHELL32.dll
0x00007ffe4c830000 - 0x00007ffe4d124000 	C:\WINDOWS\SYSTEM32\windows.storage.dll
0x00007ffe4c6f0000 - 0x00007ffe4c82e000 	C:\WINDOWS\SYSTEM32\wintypes.dll
0x00007ffe4f9f0000 - 0x00007ffe4fae3000 	C:\WINDOWS\System32\SHCORE.dll
0x00007ffe50c00000 - 0x00007ffe50c5e000 	C:\WINDOWS\System32\shlwapi.dll
0x00007ffe4e280000 - 0x00007ffe4e2a6000 	C:\WINDOWS\SYSTEM32\profapi.dll
0x00007ffe3fc10000 - 0x00007ffe3fc28000 	C:\Program Files\Java\jdk-20\bin\zip.dll
0x00007ffe3f960000 - 0x00007ffe3f973000 	C:\Program Files\Java\jdk-20\bin\net.dll
0x00007ffe46700000 - 0x00007ffe46837000 	C:\WINDOWS\SYSTEM32\WINHTTP.dll
0x00007ffe4d8c0000 - 0x00007ffe4d929000 	C:\WINDOWS\system32\mswsock.dll
0x00007ffe3f7e0000 - 0x00007ffe3f7f6000 	C:\Program Files\Java\jdk-20\bin\nio.dll
0x00007ffe3fc00000 - 0x00007ffe3fc10000 	C:\Program Files\Java\jdk-20\bin\verify.dll
0x00007ffe41a50000 - 0x00007ffe41a77000 	C:\Users\Admin\.gradle\native\68d5fa5c4cc2d200863cafc0d521ce42e7d3e7ee720ec0a83991735586a16f82\windows-amd64\native-platform.dll
0x00007ffe08a00000 - 0x00007ffe08b44000 	C:\Users\Admin\.gradle\native\e376f236ea51e6404a007f0833ffe2c6e607c4080706a723a18a27aeea778392\windows-amd64\native-platform-file-events.dll
0x00007ffe3f990000 - 0x00007ffe3f99a000 	C:\Program Files\Java\jdk-20\bin\management.dll
0x00007ffe3f7d0000 - 0x00007ffe3f7db000 	C:\Program Files\Java\jdk-20\bin\management_ext.dll
0x00007ffe50dd0000 - 0x00007ffe50dd8000 	C:\WINDOWS\System32\PSAPI.DLL
0x00007ffe4db20000 - 0x00007ffe4db3b000 	C:\WINDOWS\SYSTEM32\CRYPTSP.dll
0x00007ffe4d3a0000 - 0x00007ffe4d3d5000 	C:\WINDOWS\system32\rsaenh.dll
0x00007ffe4d9b0000 - 0x00007ffe4d9dc000 	C:\WINDOWS\SYSTEM32\USERENV.dll
0x00007ffe4dce0000 - 0x00007ffe4dd08000 	C:\WINDOWS\SYSTEM32\bcrypt.dll
0x00007ffe4db10000 - 0x00007ffe4db1c000 	C:\WINDOWS\SYSTEM32\CRYPTBASE.dll
0x00007ffe4c3c0000 - 0x00007ffe4c3ed000 	C:\WINDOWS\SYSTEM32\IPHLPAPI.DLL
0x00007ffe4fde0000 - 0x00007ffe4fde9000 	C:\WINDOWS\System32\NSI.dll
0x00007ffe47800000 - 0x00007ffe47819000 	C:\WINDOWS\SYSTEM32\dhcpcsvc6.DLL
0x00007ffe46890000 - 0x00007ffe468af000 	C:\WINDOWS\SYSTEM32\dhcpcsvc.DLL
0x00007ffe4c430000 - 0x00007ffe4c529000 	C:\WINDOWS\SYSTEM32\DNSAPI.dll
0x00007ffe3f2a0000 - 0x00007ffe3f2a7000 	C:\Program Files\Java\jdk-20\bin\extnet.dll
0x00007ffe3f290000 - 0x00007ffe3f29e000 	C:\Program Files\Java\jdk-20\bin\sunmscapi.dll
0x00007ffe4eab0000 - 0x00007ffe4ec16000 	C:\WINDOWS\System32\CRYPT32.dll
0x00007ffe4dcb0000 - 0x00007ffe4dcdd000 	C:\WINDOWS\SYSTEM32\ncrypt.dll
0x00007ffe4dc70000 - 0x00007ffe4dca7000 	C:\WINDOWS\SYSTEM32\NTASN1.dll
0x00007ffe3f280000 - 0x00007ffe3f288000 	C:\WINDOWS\system32\wshunix.dll
0x00007ffe44550000 - 0x00007ffe4455a000 	C:\Windows\System32\rasadhlp.dll
0x00007ffe45950000 - 0x00007ffe459d3000 	C:\WINDOWS\System32\fwpuclnt.dll

dbghelp: loaded successfully - version: 4.0.5 - missing functions: none
symbol engine: initialized successfully - sym options: 0x614 - pdb path: .;C:\Program Files\Java\jdk-20\bin;C:\WINDOWS\SYSTEM32;C:\WINDOWS\WinSxS\amd64_microsoft.windows.common-controls_6595b64144ccf1df_6.0.22621.2506_none_270c5ae97388e100;C:\Program Files\Java\jdk-20\bin\server;C:\Users\Admin\.gradle\native\68d5fa5c4cc2d200863cafc0d521ce42e7d3e7ee720ec0a83991735586a16f82\windows-amd64;C:\Users\Admin\.gradle\native\e376f236ea51e6404a007f0833ffe2c6e607c4080706a723a18a27aeea778392\windows-amd64

VM Arguments:
jvm_args: --add-opens=java.base/java.util=ALL-UNNAMED --add-opens=java.base/java.lang=ALL-UNNAMED --add-opens=java.base/java.lang.invoke=ALL-UNNAMED --add-opens=java.prefs/java.util.prefs=ALL-UNNAMED --add-opens=java.base/java.nio.charset=ALL-UNNAMED --add-opens=java.base/java.net=ALL-UNNAMED --add-opens=java.base/java.util.concurrent.atomic=ALL-UNNAMED -Xmx2048m -Dfile.encoding=UTF-8 -Duser.country=US -Duser.language=en -Duser.variant -javaagent:C:\Users\Admin\.gradle\wrapper\dists\gradle-8.1-bin\2eyty4r6kz6fpakefpk52nbbm\gradle-8.1\lib\agents\gradle-instrumentation-agent-8.1.jar 
java_command: org.gradle.launcher.daemon.bootstrap.GradleDaemon 8.1
java_class_path (initial): C:\Users\Admin\.gradle\wrapper\dists\gradle-8.1-bin\2eyty4r6kz6fpakefpk52nbbm\gradle-8.1\lib\gradle-launcher-8.1.jar
Launcher Type: SUN_STANDARD

[Global flags]
     intx CICompilerCount                          = 12                                        {product} {ergonomic}
     uint ConcGCThreads                            = 3                                         {product} {ergonomic}
     uint G1ConcRefinementThreads                  = 13                                        {product} {ergonomic}
   size_t G1HeapRegionSize                         = 1048576                                   {product} {ergonomic}
    uintx GCDrainStackTargetSize                   = 64                                        {product} {ergonomic}
   size_t InitialHeapSize                          = 123731968                                 {product} {ergonomic}
   size_t MarkStackSize                            = 4194304                                   {product} {ergonomic}
   size_t MaxHeapSize                              = 2147483648                                {product} {command line}
   size_t MaxNewSize                               = 1287651328                                {product} {ergonomic}
   size_t MinHeapDeltaBytes                        = 1048576                                   {product} {ergonomic}
   size_t MinHeapSize                              = 8388608                                   {product} {ergonomic}
    uintx NonNMethodCodeHeapSize                   = 7602480                                {pd product} {ergonomic}
    uintx NonProfiledCodeHeapSize                  = 122027880                              {pd product} {ergonomic}
    uintx ProfiledCodeHeapSize                     = 122027880                              {pd product} {ergonomic}
    uintx ReservedCodeCacheSize                    = 251658240                              {pd product} {ergonomic}
     bool SegmentedCodeCache                       = true                                      {product} {ergonomic}
   size_t SoftMaxHeapSize                          = 2147483648                             {manageable} {ergonomic}
     bool UseCompressedClassPointers               = true                           {product lp64_product} {ergonomic}
     bool UseCompressedOops                        = true                           {product lp64_product} {ergonomic}
     bool UseG1GC                                  = true                                      {product} {ergonomic}
     bool UseLargePagesIndividualAllocation        = false                                  {pd product} {ergonomic}

Logging:
Log output configuration:
 #0: stdout all=warning uptime,level,tags foldmultilines=false
 #1: stderr all=off uptime,level,tags foldmultilines=false

Environment Variables:
PATH=C:\Program Files\Common Files\Oracle\Java\javapath;C:\Program Files (x86)\Common Files\Oracle\Java\javapath;C:\Users\Admin\AppData\Local\Microsoft\WindowsApps;C:\Users\Admin\AppData\Local\Programs\Microsoft VS Code\bin;C:\Users\Admin\.dotnet\tools;C:\Users\Admin\AppData\Local\Yarn\bin;C:\Users\Admin\AppData\Roaming\npm;C:\Program Files\Git\cmd;C:\Program Files\nodejs\;C:\WINDOWS\system32;C:\WINDOWS;C:\WINDOWS\System32\Wbem;C:\WINDOWS\System32\WindowsPowerShell\v1.0\;C:\WINDOWS\System32\OpenSSH\;C:\Program Files\TortoiseGit\bin;C:\Program Files\dotnet\;C:\Program Files (x86)\NVIDIA Corporation\PhysX\Common;C:\Program Files\NVIDIA Corporation\NVIDIA NvDLISR;C:\Program Files\Microsoft SQL Server\150\Tools\Binn\;C:\Program Files (x86)\Microsoft SQL Server\160\Tools\Binn\;C:\Program Files\Microsoft SQL Server\160\Tools\Binn\;C:\Program Files\Microsoft SQL Server\Client SDK\ODBC\170\Tools\Binn\;C:\Program Files\Microsoft SQL Server\160\DTS\Binn\;C:\Program Files (x86)\Microsoft SQL Server\160\DTS\Binn\;C:\Program Files\Azure Data Studio\bin;C:\ProgramData\chocolatey\bin;C:\Program Files\Cloudflare\Cloudflare WARP\;C:\Users\Admin\AppData\Local\Programs\Python\Python310\Scripts\;C:\Users\Admin\AppData\Local\Programs\Python\Python310\;C:\Users\Admin\AppData\Local\Programs\Python\Python39\Scripts\;C:\Users\Admin\AppData\Local\Programs\Python\Python39\;C:\Users\Admin\AppData\Local\Microsoft\WindowsApps;C:\Users\Admin\AppData\Local\Programs\Microsoft VS Code\bin;C:\Users\Admin\.dotnet\tools;C:\Users\Admin\AppData\Local\Yarn\bin;C:\MinGW\bin;C:\Users\Admin\AppData\Roaming\npm;D:\IntelliJ IDEA 2022.3.3\bin;;C:\Program Files\Azure Data Studio\bin;C:\Program Files\Azure Data Studio\bin
USERNAME=Admin
OS=Windows_NT
PROCESSOR_IDENTIFIER=AMD64 Family 23 Model 96 Stepping 1, AuthenticAMD
TMP=C:\Users\Admin\AppData\Local\Temp
TEMP=C:\Users\Admin\AppData\Local\Temp




---------------  S Y S T E M  ---------------

OS:
 Windows 11 , 64 bit Build 22621 (10.0.22621.2506)
OS uptime: 0 days 4:28 hours

CPU: total 16 (initial active 16) (16 cores per cpu, 2 threads per core) family 23 model 96 stepping 1 microcode 0x0, cx8, cmov, fxsr, ht, mmx, 3dnowpref, sse, sse2, sse3, ssse3, sse4a, sse4.1, sse4.2, popcnt, lzcnt, tsc, tscinvbit, avx, avx2, aes, clmul, bmi1, bmi2, adx, sha, fma, vzeroupper, clflush, clflushopt, rdtscp, rdpid, f16c

Memory: 4k page, system-wide physical 7549M (412M free)
TotalPageFile size 15549M (AvailPageFile size 4M)
current process WorkingSet (physical memory assigned to process): 360M, peak: 360M
current process commit charge ("private bytes"): 414M, peak: 414M

vm_info: Java HotSpot(TM) 64-Bit Server VM (20+36-2344) for windows-amd64 JRE (20+36-2344), built on 2023-02-10T19:30:15Z by "mach5one" with MS VC++ 17.1 (VS2022)

END.
