#
# There is insufficient memory for the Java Runtime Environment to continue.
# Native memory allocation (mmap) failed to map 29360128 bytes for G1 virtual space
# Possible reasons:
#   The system is out of physical RAM or swap space
#   The process is running with CompressedOops enabled, and the Java Heap may be blocking the growth of the native heap
# Possible solutions:
#   Reduce memory load on the system
#   Increase physical memory or swap space
#   Check if swap backing store is full
#   Decrease Java heap size (-Xmx/-Xms)
#   Decrease number of Java threads
#   Decrease Java thread stack sizes (-Xss)
#   Set larger code cache with -XX:ReservedCodeCacheSize=
#   JVM is running with Unscaled Compressed Oops mode in which the Java heap is
#     placed in the first 4GB address space. The Java Heap base address is the
#     maximum limit for the native heap growth. Please use -XX:HeapBaseMinAddress
#     to set the Java Heap base and to place the Java Heap above 4GB virtual address.
# This output file may be truncated or incomplete.
#
#  Out of Memory Error (os_windows.cpp:3528), pid=11180, tid=12448
#
# JRE version: Java(TM) SE Runtime Environment (20.0+36) (build 20+36-2344)
# Java VM: Java HotSpot(TM) 64-Bit Server VM (20+36-2344, mixed mode, sharing, tiered, compressed oops, compressed class ptrs, g1 gc, windows-amd64)
# No core dump will be written. Minidumps are not enabled by default on client versions of Windows
#

---------------  S U M M A R Y ------------

Command Line: --add-opens=java.base/java.util=ALL-UNNAMED --add-opens=java.base/java.lang=ALL-UNNAMED --add-opens=java.base/java.lang.invoke=ALL-UNNAMED --add-opens=java.prefs/java.util.prefs=ALL-UNNAMED --add-opens=java.base/java.nio.charset=ALL-UNNAMED --add-opens=java.base/java.net=ALL-UNNAMED --add-opens=java.base/java.util.concurrent.atomic=ALL-UNNAMED -Xmx2048m -Dfile.encoding=UTF-8 -Duser.country=US -Duser.language=en -Duser.variant -javaagent:C:\Users\Admin\.gradle\wrapper\dists\gradle-8.1-bin\2eyty4r6kz6fpakefpk52nbbm\gradle-8.1\lib\agents\gradle-instrumentation-agent-8.1.jar org.gradle.launcher.daemon.bootstrap.GradleDaemon 8.1

Host: AMD Ryzen 7 4800H with Radeon Graphics         , 16 cores, 7G,  Windows 11 , 64 bit Build 22621 (10.0.22621.2506)
Time: Thu Nov  9 20:22:25 2023 SE Asia Standard Time elapsed time: 4.333853 seconds (0d 0h 0m 4s)

---------------  T H R E A D  ---------------

Current thread (0x0000021d4d842010):  VMThread "VM Thread" [stack: 0x000000e7b4e00000,0x000000e7b4f00000] [id=12448]

Stack: [0x000000e7b4e00000,0x000000e7b4f00000]
Native frames: (J=compiled Java code, j=interpreted, Vv=VM code, C=native code)
V  [jvm.dll+0x6bb95a]
V  [jvm.dll+0x8483aa]
V  [jvm.dll+0x849fa5]
V  [jvm.dll+0x84a6a3]
V  [jvm.dll+0x280b0f]
V  [jvm.dll+0x6b86e9]
V  [jvm.dll+0x6ad2da]
V  [jvm.dll+0x35adf5]
V  [jvm.dll+0x363016]
V  [jvm.dll+0x3b3b3e]
V  [jvm.dll+0x3b3dc5]
V  [jvm.dll+0x32b50a]
V  [jvm.dll+0x32b5b7]
V  [jvm.dll+0x373942]
V  [jvm.dll+0x372140]
V  [jvm.dll+0x32ac51]
V  [jvm.dll+0x371836]
V  [jvm.dll+0x84ffee]
V  [jvm.dll+0x851101]
V  [jvm.dll+0x851609]
V  [jvm.dll+0x851883]
V  [jvm.dll+0x7f4906]
V  [jvm.dll+0x6ba5cb]
C  [ucrtbase.dll+0x29363]
C  [KERNEL32.DLL+0x1257d]
C  [ntdll.dll+0x5aa58]

VM_Operation (0x000000e7b69f6ee0): G1CollectForAllocation, mode: safepoint, requested by thread 0x0000021d4f3503e0


---------------  P R O C E S S  ---------------

Threads class SMR info:
_java_thread_list=0x0000021d53afa8b0, length=54, elements={
0x0000021d29e5ee50, 0x0000021d494e7070, 0x0000021d494e7a80, 0x0000021d494ea940,
0x0000021d494ec100, 0x0000021d494edd30, 0x0000021d494f2560, 0x0000021d494f3250,
0x0000021d494f3a40, 0x0000021d4d907e90, 0x0000021d4d94bcd0, 0x0000021d4d94c7f0,
0x0000021d4db0d180, 0x0000021d4d94c260, 0x0000021d4d94e3c0, 0x0000021d4f1ba290,
0x0000021d4f1b4120, 0x0000021d4f1b10a0, 0x0000021d4f43e560, 0x0000021d4f350e80,
0x0000021d4f353900, 0x0000021d4f3503e0, 0x0000021d4f350930, 0x0000021d4f352e60,
0x0000021d4f3533b0, 0x0000021d4f3513d0, 0x0000021d4f351920, 0x0000021d4f351e70,
0x0000021d4f3523c0, 0x0000021d4f352910, 0x0000021d52462520, 0x0000021d52462a70,
0x0000021d52461530, 0x0000021d52462fc0, 0x0000021d52464a50, 0x0000021d52463a60,
0x0000021d52461a80, 0x0000021d5245faa0, 0x0000021d52463510, 0x0000021d52461fd0,
0x0000021d52463fb0, 0x0000021d524664e0, 0x0000021d5245f550, 0x0000021d52460540,
0x0000021d52464500, 0x0000021d52464fa0, 0x0000021d524654f0, 0x0000021d5245fff0,
0x0000021d52465a40, 0x0000021d52460a90, 0x0000021d52466a30, 0x0000021d5245f000,
0x0000021d50f193e0, 0x0000021d50f1a920
}

Java Threads: ( => current thread )
  0x0000021d29e5ee50 JavaThread "main" [_thread_blocked, id=17152, stack(0x000000e7b4800000,0x000000e7b4900000)]
  0x0000021d494e7070 JavaThread "Reference Handler" daemon [_thread_blocked, id=17016, stack(0x000000e7b4f00000,0x000000e7b5000000)]
  0x0000021d494e7a80 JavaThread "Finalizer" daemon [_thread_blocked, id=10100, stack(0x000000e7b5000000,0x000000e7b5100000)]
  0x0000021d494ea940 JavaThread "Signal Dispatcher" daemon [_thread_blocked, id=10668, stack(0x000000e7b5100000,0x000000e7b5200000)]
  0x0000021d494ec100 JavaThread "Attach Listener" daemon [_thread_blocked, id=6048, stack(0x000000e7b5200000,0x000000e7b5300000)]
  0x0000021d494edd30 JavaThread "Service Thread" daemon [_thread_blocked, id=16016, stack(0x000000e7b5300000,0x000000e7b5400000)]
  0x0000021d494f2560 JavaThread "Monitor Deflation Thread" daemon [_thread_blocked, id=15884, stack(0x000000e7b5400000,0x000000e7b5500000)]
  0x0000021d494f3250 JavaThread "C2 CompilerThread0" daemon [_thread_in_native, id=17136, stack(0x000000e7b5500000,0x000000e7b5600000)]
  0x0000021d494f3a40 JavaThread "C1 CompilerThread0" daemon [_thread_blocked, id=4208, stack(0x000000e7b5600000,0x000000e7b5700000)]
  0x0000021d4d907e90 JavaThread "Common-Cleaner" daemon [_thread_blocked, id=13700, stack(0x000000e7b5700000,0x000000e7b5800000)]
  0x0000021d4d94bcd0 JavaThread "C1 CompilerThread1" daemon [_thread_blocked, id=17936, stack(0x000000e7b5800000,0x000000e7b5900000)]
  0x0000021d4d94c7f0 JavaThread "C1 CompilerThread2" daemon [_thread_blocked, id=5456, stack(0x000000e7b5900000,0x000000e7b5a00000)]
  0x0000021d4db0d180 JavaThread "Notification Thread" daemon [_thread_blocked, id=18388, stack(0x000000e7b5a00000,0x000000e7b5b00000)]
  0x0000021d4d94c260 JavaThread "C2 CompilerThread1" daemon [_thread_in_native, id=8324, stack(0x000000e7b5c00000,0x000000e7b5d00000)]
  0x0000021d4d94e3c0 JavaThread "C1 CompilerThread3" daemon [_thread_blocked, id=3888, stack(0x000000e7b5e00000,0x000000e7b5f00000)]
  0x0000021d4f1ba290 JavaThread "Daemon health stats" [_thread_blocked, id=11068, stack(0x000000e7b6300000,0x000000e7b6400000)]
  0x0000021d4f1b4120 JavaThread "Incoming local TCP Connector on port 55785" [_thread_in_native, id=12432, stack(0x000000e7b6400000,0x000000e7b6500000)]
  0x0000021d4f1b10a0 JavaThread "Daemon periodic checks" [_thread_blocked, id=15916, stack(0x000000e7b6500000,0x000000e7b6600000)]
  0x0000021d4f43e560 JavaThread "Daemon" [_thread_blocked, id=17404, stack(0x000000e7b6600000,0x000000e7b6700000)]
  0x0000021d4f350e80 JavaThread "Handler for socket connection from /127.0.0.1:55785 to /127.0.0.1:55786" [_thread_in_native, id=14548, stack(0x000000e7b6700000,0x000000e7b6800000)]
  0x0000021d4f353900 JavaThread "Cancel handler" [_thread_blocked, id=18356, stack(0x000000e7b6800000,0x000000e7b6900000)]
  0x0000021d4f3503e0 JavaThread "Daemon worker" [_thread_blocked, id=8952, stack(0x000000e7b6900000,0x000000e7b6a00000)]
  0x0000021d4f350930 JavaThread "Asynchronous log dispatcher for DefaultDaemonConnection: socket connection from /127.0.0.1:55785 to /127.0.0.1:55786" [_thread_blocked, id=5976, stack(0x000000e7b6a00000,0x000000e7b6b00000)]
  0x0000021d4f352e60 JavaThread "Stdin handler" [_thread_blocked, id=5160, stack(0x000000e7b6b00000,0x000000e7b6c00000)]
  0x0000021d4f3533b0 JavaThread "Daemon client event forwarder" [_thread_blocked, id=13812, stack(0x000000e7b6c00000,0x000000e7b6d00000)]
  0x0000021d4f3513d0 JavaThread "Cache worker for journal cache (C:\Users\Admin\.gradle\caches\journal-1)" [_thread_blocked, id=12596, stack(0x000000e7b6d00000,0x000000e7b6e00000)]
  0x0000021d4f351920 JavaThread "File lock request listener" [_thread_in_native, id=9500, stack(0x000000e7b6e00000,0x000000e7b6f00000)]
  0x0000021d4f351e70 JavaThread "Cache worker for file hash cache (C:\Users\Admin\.gradle\caches\8.1\fileHashes)" [_thread_blocked, id=17320, stack(0x000000e7b6f00000,0x000000e7b7000000)]
  0x0000021d4f3523c0 JavaThread "File watcher server" daemon [_thread_in_native, id=8732, stack(0x000000e7b7800000,0x000000e7b7900000)]
  0x0000021d4f352910 JavaThread "File watcher consumer" daemon [_thread_blocked, id=2832, stack(0x000000e7b7b00000,0x000000e7b7c00000)]
  0x0000021d52462520 JavaThread "jar transforms" [_thread_blocked, id=15996, stack(0x000000e7b7c00000,0x000000e7b7d00000)]
  0x0000021d52462a70 JavaThread "jar transforms Thread 2" [_thread_blocked, id=6472, stack(0x000000e7b7d00000,0x000000e7b7e00000)]
  0x0000021d52461530 JavaThread "jar transforms Thread 3" [_thread_blocked, id=17804, stack(0x000000e7b7e00000,0x000000e7b7f00000)]
  0x0000021d52462fc0 JavaThread "jar transforms Thread 4" [_thread_blocked, id=6676, stack(0x000000e7b7f00000,0x000000e7b8000000)]
  0x0000021d52464a50 JavaThread "jar transforms Thread 5" [_thread_blocked, id=320, stack(0x000000e7b8000000,0x000000e7b8100000)]
  0x0000021d52463a60 JavaThread "jar transforms Thread 6" [_thread_blocked, id=15736, stack(0x000000e7b8100000,0x000000e7b8200000)]
  0x0000021d52461a80 JavaThread "jar transforms Thread 7" [_thread_blocked, id=8228, stack(0x000000e7b8200000,0x000000e7b8300000)]
  0x0000021d5245faa0 JavaThread "jar transforms Thread 8" [_thread_blocked, id=14848, stack(0x000000e7b8300000,0x000000e7b8400000)]
  0x0000021d52463510 JavaThread "jar transforms Thread 9" [_thread_blocked, id=7124, stack(0x000000e7b8400000,0x000000e7b8500000)]
  0x0000021d52461fd0 JavaThread "jar transforms Thread 10" [_thread_blocked, id=13496, stack(0x000000e7b8500000,0x000000e7b8600000)]
  0x0000021d52463fb0 JavaThread "jar transforms Thread 11" [_thread_blocked, id=18260, stack(0x000000e7b8600000,0x000000e7b8700000)]
  0x0000021d524664e0 JavaThread "jar transforms Thread 12" [_thread_blocked, id=3656, stack(0x000000e7b8700000,0x000000e7b8800000)]
  0x0000021d5245f550 JavaThread "jar transforms Thread 13" [_thread_blocked, id=14256, stack(0x000000e7b8800000,0x000000e7b8900000)]
  0x0000021d52460540 JavaThread "jar transforms Thread 14" [_thread_blocked, id=13396, stack(0x000000e7b8900000,0x000000e7b8a00000)]
  0x0000021d52464500 JavaThread "jar transforms Thread 15" [_thread_blocked, id=3000, stack(0x000000e7b8a00000,0x000000e7b8b00000)]
  0x0000021d52464fa0 JavaThread "jar transforms Thread 16" [_thread_blocked, id=15456, stack(0x000000e7b8b00000,0x000000e7b8c00000)]
  0x0000021d524654f0 JavaThread "Cache worker for checksums cache (C:\Users\Admin\AndroidStudioProjects\RSS-App\.gradle\8.1\checksums)" [_thread_blocked, id=3864, stack(0x000000e7b8c00000,0x000000e7b8d00000)]
  0x0000021d5245fff0 JavaThread "Cache worker for cache directory md-rule (C:\Users\Admin\.gradle\caches\8.1\md-rule)" [_thread_blocked, id=7348, stack(0x000000e7b8d00000,0x000000e7b8e00000)]
  0x0000021d52465a40 JavaThread "Cache worker for file content cache (C:\Users\Admin\.gradle\caches\8.1\fileContent)" [_thread_blocked, id=7880, stack(0x000000e7b8e00000,0x000000e7b8f00000)]
  0x0000021d52460a90 JavaThread "Cache worker for file hash cache (C:\Users\Admin\AndroidStudioProjects\RSS-App\.gradle\8.1\fileHashes)" [_thread_blocked, id=11084, stack(0x000000e7b8f00000,0x000000e7b9000000)]
  0x0000021d52466a30 JavaThread "Cache worker for cache directory md-supplier (C:\Users\Admin\.gradle\caches\8.1\md-supplier)" [_thread_blocked, id=4220, stack(0x000000e7b9000000,0x000000e7b9100000)]
  0x0000021d5245f000 JavaThread "Cache worker for execution history cache (C:\Users\Admin\.gradle\caches\8.1\executionHistory)" [_thread_blocked, id=16552, stack(0x000000e7b9100000,0x000000e7b9200000)]
  0x0000021d50f193e0 JavaThread "Cache worker for dependencies-accessors (C:\Users\Admin\AndroidStudioProjects\RSS-App\.gradle\8.1\dependencies-accessors)" [_thread_blocked, id=17232, stack(0x000000e7b5d00000,0x000000e7b5e00000)]
  0x0000021d50f1a920 JavaThread "Cache worker for Build Output Cleanup Cache (C:\Users\Admin\AndroidStudioProjects\RSS-App\.gradle\buildOutputCleanup)" [_thread_blocked, id=6200, stack(0x000000e7b9200000,0x000000e7b9300000)]

Other Threads:
=>0x0000021d4d842010 VMThread "VM Thread" [stack: 0x000000e7b4e00000,0x000000e7b4f00000] [id=12448]
  0x0000021d2a02ea70 WatcherThread "VM Periodic Task Thread" [stack: 0x000000e7b5b00000,0x000000e7b5c00000] [id=14552]
  0x0000021d2a08f390 WorkerThread "GC Thread#0" [stack: 0x000000e7b4900000,0x000000e7b4a00000] [id=17812]
  0x0000021d4db1c5c0 WorkerThread "GC Thread#1" [stack: 0x000000e7b5f00000,0x000000e7b6000000] [id=15428]
  0x0000021d4db1ce30 WorkerThread "GC Thread#2" [stack: 0x000000e7b6000000,0x000000e7b6100000] [id=5232]
  0x0000021d4db1d970 WorkerThread "GC Thread#3" [stack: 0x000000e7b6100000,0x000000e7b6200000] [id=8232]
  0x0000021d4db1cb60 WorkerThread "GC Thread#4" [stack: 0x000000e7b6200000,0x000000e7b6300000] [id=8028]
  0x0000021d4f06fb30 WorkerThread "GC Thread#5" [stack: 0x000000e7b7000000,0x000000e7b7100000] [id=12316]
  0x0000021d4f070ee0 WorkerThread "GC Thread#6" [stack: 0x000000e7b7100000,0x000000e7b7200000] [id=15404]
  0x0000021d4f06e780 WorkerThread "GC Thread#7" [stack: 0x000000e7b7200000,0x000000e7b7300000] [id=1240]
  0x0000021d4f071a20 WorkerThread "GC Thread#8" [stack: 0x000000e7b7300000,0x000000e7b7400000] [id=17856]
  0x0000021d4f070670 WorkerThread "GC Thread#9" [stack: 0x000000e7b7400000,0x000000e7b7500000] [id=2560]
  0x0000021d4f070c10 WorkerThread "GC Thread#10" [stack: 0x000000e7b7500000,0x000000e7b7600000] [id=3360]
  0x0000021d4f06fe00 WorkerThread "GC Thread#11" [stack: 0x000000e7b7600000,0x000000e7b7700000] [id=16156]
  0x0000021d4f071750 WorkerThread "GC Thread#12" [stack: 0x000000e7b7700000,0x000000e7b7800000] [id=16284]
  0x0000021d2a0a01b0 ConcurrentGCThread "G1 Main Marker" [stack: 0x000000e7b4a00000,0x000000e7b4b00000] [id=11324]
  0x0000021d2a0a1ca0 WorkerThread "G1 Conc#0" [stack: 0x000000e7b4b00000,0x000000e7b4c00000] [id=12736]
  0x0000021d4f06f590 WorkerThread "G1 Conc#1" [stack: 0x000000e7b7900000,0x000000e7b7a00000] [id=15376]
  0x0000021d4f071480 WorkerThread "G1 Conc#2" [stack: 0x000000e7b7a00000,0x000000e7b7b00000] [id=15348]
  0x0000021d49369560 ConcurrentGCThread "G1 Refine#0" [stack: 0x000000e7b4c00000,0x000000e7b4d00000] [id=14284]
  0x0000021d2a0ee410 ConcurrentGCThread "G1 Service" [stack: 0x000000e7b4d00000,0x000000e7b4e00000] [id=5196]

Threads with active compile tasks:
C2 CompilerThread0     4347 5462       4       java.net.URLClassLoader$1::run (5 bytes)
C2 CompilerThread1     4347 5460   !   4       java.net.URLClassLoader::findClass (47 bytes)

VM state: at safepoint (normal execution)

VM Mutex/Monitor currently owned by a thread:  ([mutex/lock_event])
[0x0000021d2a028660] Threads_lock - owner thread: 0x0000021d4d842010
[0x0000021d2a0274f0] Heap_lock - owner thread: 0x0000021d4f3503e0

Heap address: 0x0000000080000000, size: 2048 MB, Compressed Oops mode: 32-bit

CDS archive(s) mapped at: [0x0000000800000000-0x0000000800c60000-0x0000000800c60000), size 12976128, SharedBaseAddress: 0x0000000800000000, ArchiveRelocationMode: 0.
Compressed class space mapped at: 0x0000000801000000-0x0000000841000000, reserved size: 1073741824
Narrow klass base: 0x0000000800000000, Narrow klass shift: 0, Narrow klass range: 0x100000000

GC Precious Log:
 CardTable entry size: 512
 Card Set container configuration: InlinePtr #cards 5 size 8 Array Of Cards #cards 12 size 40 Howl #buckets 4 coarsen threshold 1843 Howl Bitmap #cards 512 size 80 coarsen threshold 460 Card regions per heap region 1 cards per card region 2048
 CPUs: 16 total, 16 available
 Memory: 7549M
 Large Page Support: Disabled
 NUMA Support: Disabled
 Compressed Oops: Enabled (32-bit)
 Heap Region Size: 1M
 Heap Min Capacity: 8M
 Heap Initial Capacity: 118M
 Heap Max Capacity: 2G
 Pre-touch: Disabled
 Parallel Workers: 13
 Concurrent Workers: 3
 Concurrent Refinement Workers: 13
 Periodic GC: Disabled

Heap:
 garbage-first heap   total 140288K, used 82443K [0x0000000080000000, 0x0000000100000000)
  region size 1024K, 3 young (3072K), 3 survivors (3072K)
 Metaspace       used 46024K, committed 47680K, reserved 1114112K
  class space    used 6482K, committed 7296K, reserved 1048576K

Heap Regions: E=young(eden), S=young(survivor), O=old, HS=humongous(starts), HC=humongous(continues), CS=collection set, F=free, OA=open archive, CA=closed archive, TAMS=top-at-mark-start, PB=parsable bottom
|   0|0x0000000080000000, 0x0000000080100000, 0x0000000080100000|100%|HS|  |TAMS 0x0000000080000000| PB 0x0000000080000000| Complete 
|   1|0x0000000080100000, 0x0000000080200000, 0x0000000080200000|100%|HC|  |TAMS 0x0000000080100000| PB 0x0000000080100000| Complete 
|   2|0x0000000080200000, 0x0000000080300000, 0x0000000080300000|100%|HC|  |TAMS 0x0000000080200000| PB 0x0000000080200000| Complete 
|   3|0x0000000080300000, 0x0000000080400000, 0x0000000080400000|100%|HC|  |TAMS 0x0000000080300000| PB 0x0000000080300000| Complete 
|   4|0x0000000080400000, 0x0000000080500000, 0x0000000080500000|100%| O|  |TAMS 0x0000000080400000| PB 0x0000000080400000| Untracked 
|   5|0x0000000080500000, 0x0000000080600000, 0x0000000080600000|100%| O|  |TAMS 0x0000000080500000| PB 0x0000000080500000| Untracked 
|   6|0x0000000080600000, 0x0000000080700000, 0x0000000080700000|100%| O|  |TAMS 0x0000000080600000| PB 0x0000000080600000| Untracked 
|   7|0x0000000080700000, 0x0000000080800000, 0x0000000080800000|100%| O|  |TAMS 0x0000000080700000| PB 0x0000000080700000| Untracked 
|   8|0x0000000080800000, 0x0000000080900000, 0x0000000080900000|100%| O|  |TAMS 0x0000000080800000| PB 0x0000000080800000| Untracked 
|   9|0x0000000080900000, 0x0000000080a00000, 0x0000000080a00000|100%| O|  |TAMS 0x0000000080900000| PB 0x0000000080900000| Untracked 
|  10|0x0000000080a00000, 0x0000000080b00000, 0x0000000080b00000|100%| O|  |TAMS 0x0000000080a00000| PB 0x0000000080a00000| Untracked 
|  11|0x0000000080b00000, 0x0000000080c00000, 0x0000000080c00000|100%| O|  |TAMS 0x0000000080b00000| PB 0x0000000080b00000| Untracked 
|  12|0x0000000080c00000, 0x0000000080d00000, 0x0000000080d00000|100%| O|  |TAMS 0x0000000080c00000| PB 0x0000000080c00000| Untracked 
|  13|0x0000000080d00000, 0x0000000080e00000, 0x0000000080e00000|100%| O|  |TAMS 0x0000000080d00000| PB 0x0000000080d00000| Untracked 
|  14|0x0000000080e00000, 0x0000000080f00000, 0x0000000080f00000|100%| O|  |TAMS 0x0000000080e00000| PB 0x0000000080e00000| Untracked 
|  15|0x0000000080f00000, 0x0000000081000000, 0x0000000081000000|100%| O|  |TAMS 0x0000000080f00000| PB 0x0000000080f00000| Untracked 
|  16|0x0000000081000000, 0x0000000081100000, 0x0000000081100000|100%| O|  |TAMS 0x0000000081000000| PB 0x0000000081000000| Untracked 
|  17|0x0000000081100000, 0x0000000081200000, 0x0000000081200000|100%| O|  |TAMS 0x0000000081100000| PB 0x0000000081100000| Untracked 
|  18|0x0000000081200000, 0x0000000081300000, 0x0000000081300000|100%| O|  |TAMS 0x0000000081200000| PB 0x0000000081200000| Untracked 
|  19|0x0000000081300000, 0x0000000081400000, 0x0000000081400000|100%| O|  |TAMS 0x0000000081300000| PB 0x0000000081300000| Untracked 
|  20|0x0000000081400000, 0x0000000081500000, 0x0000000081500000|100%| O|  |TAMS 0x0000000081400000| PB 0x0000000081400000| Untracked 
|  21|0x0000000081500000, 0x0000000081600000, 0x0000000081600000|100%|HS|  |TAMS 0x0000000081500000| PB 0x0000000081500000| Complete 
|  22|0x0000000081600000, 0x0000000081700000, 0x0000000081700000|100%|HC|  |TAMS 0x0000000081600000| PB 0x0000000081600000| Complete 
|  23|0x0000000081700000, 0x0000000081800000, 0x0000000081800000|100%|HS|  |TAMS 0x0000000081700000| PB 0x0000000081700000| Complete 
|  24|0x0000000081800000, 0x0000000081900000, 0x0000000081900000|100%|HC|  |TAMS 0x0000000081800000| PB 0x0000000081800000| Complete 
|  25|0x0000000081900000, 0x0000000081a00000, 0x0000000081a00000|100%|HC|  |TAMS 0x0000000081900000| PB 0x0000000081900000| Complete 
|  26|0x0000000081a00000, 0x0000000081b00000, 0x0000000081b00000|100%|HS|  |TAMS 0x0000000081a00000| PB 0x0000000081a00000| Complete 
|  27|0x0000000081b00000, 0x0000000081c00000, 0x0000000081c00000|100%|HC|  |TAMS 0x0000000081b00000| PB 0x0000000081b00000| Complete 
|  28|0x0000000081c00000, 0x0000000081d00000, 0x0000000081d00000|100%|HC|  |TAMS 0x0000000081c00000| PB 0x0000000081c00000| Complete 
|  29|0x0000000081d00000, 0x0000000081e00000, 0x0000000081e00000|100%|HC|  |TAMS 0x0000000081d00000| PB 0x0000000081d00000| Complete 
|  30|0x0000000081e00000, 0x0000000081f00000, 0x0000000081f00000|100%|HC|  |TAMS 0x0000000081e00000| PB 0x0000000081e00000| Complete 
|  31|0x0000000081f00000, 0x0000000082000000, 0x0000000082000000|100%|HS|  |TAMS 0x0000000081f00000| PB 0x0000000081f00000| Complete 
|  32|0x0000000082000000, 0x0000000082100000, 0x0000000082100000|100%|HC|  |TAMS 0x0000000082000000| PB 0x0000000082000000| Complete 
|  33|0x0000000082100000, 0x0000000082200000, 0x0000000082200000|100%|HS|  |TAMS 0x0000000082100000| PB 0x0000000082100000| Complete 
|  34|0x0000000082200000, 0x0000000082300000, 0x0000000082300000|100%|HC|  |TAMS 0x0000000082200000| PB 0x0000000082200000| Complete 
|  35|0x0000000082300000, 0x0000000082400000, 0x0000000082400000|100%|HC|  |TAMS 0x0000000082300000| PB 0x0000000082300000| Complete 
|  36|0x0000000082400000, 0x0000000082500000, 0x0000000082500000|100%|HS|  |TAMS 0x0000000082400000| PB 0x0000000082400000| Complete 
|  37|0x0000000082500000, 0x0000000082600000, 0x0000000082600000|100%|HC|  |TAMS 0x0000000082500000| PB 0x0000000082500000| Complete 
|  38|0x0000000082600000, 0x0000000082700000, 0x0000000082700000|100%|HC|  |TAMS 0x0000000082600000| PB 0x0000000082600000| Complete 
|  39|0x0000000082700000, 0x0000000082800000, 0x0000000082800000|100%|HC|  |TAMS 0x0000000082700000| PB 0x0000000082700000| Complete 
|  40|0x0000000082800000, 0x0000000082900000, 0x0000000082900000|100%|HC|  |TAMS 0x0000000082800000| PB 0x0000000082800000| Complete 
|  41|0x0000000082900000, 0x0000000082a00000, 0x0000000082a00000|100%|HC|  |TAMS 0x0000000082900000| PB 0x0000000082900000| Complete 
|  42|0x0000000082a00000, 0x0000000082b00000, 0x0000000082b00000|100%|HC|  |TAMS 0x0000000082a00000| PB 0x0000000082a00000| Complete 
|  43|0x0000000082b00000, 0x0000000082c00000, 0x0000000082c00000|100%|HC|  |TAMS 0x0000000082b00000| PB 0x0000000082b00000| Complete 
|  44|0x0000000082c00000, 0x0000000082d00000, 0x0000000082d00000|100%|HC|  |TAMS 0x0000000082c00000| PB 0x0000000082c00000| Complete 
|  45|0x0000000082d00000, 0x0000000082e00000, 0x0000000082e00000|100%|HC|  |TAMS 0x0000000082d00000| PB 0x0000000082d00000| Complete 
|  46|0x0000000082e00000, 0x0000000082f00000, 0x0000000082f00000|100%|HS|  |TAMS 0x0000000082e00000| PB 0x0000000082e00000| Complete 
|  47|0x0000000082f00000, 0x0000000083000000, 0x0000000083000000|100%|HC|  |TAMS 0x0000000082f00000| PB 0x0000000082f00000| Complete 
|  48|0x0000000083000000, 0x0000000083100000, 0x0000000083100000|100%| O|  |TAMS 0x0000000083000000| PB 0x0000000083000000| Untracked 
|  49|0x0000000083100000, 0x0000000083200000, 0x0000000083200000|100%| O|  |TAMS 0x0000000083100000| PB 0x0000000083100000| Untracked 
|  50|0x0000000083200000, 0x0000000083300000, 0x0000000083300000|100%| O|  |TAMS 0x0000000083200000| PB 0x0000000083200000| Untracked 
|  51|0x0000000083300000, 0x0000000083400000, 0x0000000083400000|100%| O|  |TAMS 0x0000000083300000| PB 0x0000000083300000| Untracked 
|  52|0x0000000083400000, 0x0000000083500000, 0x0000000083500000|100%| O|  |TAMS 0x0000000083400000| PB 0x0000000083400000| Untracked 
|  53|0x0000000083500000, 0x0000000083600000, 0x0000000083600000|100%| O|  |TAMS 0x0000000083500000| PB 0x0000000083500000| Untracked 
|  54|0x0000000083600000, 0x0000000083700000, 0x0000000083700000|100%| O|  |TAMS 0x0000000083600000| PB 0x0000000083600000| Untracked 
|  55|0x0000000083700000, 0x0000000083800000, 0x0000000083800000|100%| O|  |TAMS 0x0000000083700000| PB 0x0000000083700000| Untracked 
|  56|0x0000000083800000, 0x0000000083900000, 0x0000000083900000|100%| O|  |TAMS 0x0000000083800000| PB 0x0000000083800000| Untracked 
|  57|0x0000000083900000, 0x0000000083a00000, 0x0000000083a00000|100%|HS|  |TAMS 0x0000000083900000| PB 0x0000000083900000| Complete 
|  58|0x0000000083a00000, 0x0000000083b00000, 0x0000000083b00000|100%|HC|  |TAMS 0x0000000083a00000| PB 0x0000000083a00000| Complete 
|  59|0x0000000083b00000, 0x0000000083c00000, 0x0000000083c00000|100%|HC|  |TAMS 0x0000000083b00000| PB 0x0000000083b00000| Complete 
|  60|0x0000000083c00000, 0x0000000083d00000, 0x0000000083d00000|100%| O|  |TAMS 0x0000000083c00000| PB 0x0000000083c00000| Untracked 
|  61|0x0000000083d00000, 0x0000000083e00000, 0x0000000083e00000|100%| O|  |TAMS 0x0000000083d00000| PB 0x0000000083d00000| Untracked 
|  62|0x0000000083e00000, 0x0000000083f00000, 0x0000000083f00000|100%| O|  |TAMS 0x0000000083e00000| PB 0x0000000083e00000| Untracked 
|  63|0x0000000083f00000, 0x0000000084000000, 0x0000000084000000|100%| O|  |TAMS 0x0000000083f00000| PB 0x0000000083f00000| Untracked 
|  64|0x0000000084000000, 0x0000000084100000, 0x0000000084100000|100%| O|  |TAMS 0x0000000084000000| PB 0x0000000084000000| Untracked 
|  65|0x0000000084100000, 0x0000000084200000, 0x0000000084200000|100%| O|  |TAMS 0x0000000084100000| PB 0x0000000084100000| Untracked 
|  66|0x0000000084200000, 0x0000000084300000, 0x0000000084300000|100%|HS|  |TAMS 0x0000000084200000| PB 0x0000000084200000| Complete 
|  67|0x0000000084300000, 0x0000000084400000, 0x0000000084400000|100%|HC|  |TAMS 0x0000000084300000| PB 0x0000000084300000| Complete 
|  68|0x0000000084400000, 0x0000000084500000, 0x0000000084500000|100%|HC|  |TAMS 0x0000000084400000| PB 0x0000000084400000| Complete 
|  69|0x0000000084500000, 0x0000000084600000, 0x0000000084600000|100%| O|  |TAMS 0x0000000084500000| PB 0x0000000084500000| Untracked 
|  70|0x0000000084600000, 0x0000000084700000, 0x0000000084700000|100%| O|  |TAMS 0x0000000084600000| PB 0x0000000084600000| Untracked 
|  71|0x0000000084700000, 0x0000000084800000, 0x0000000084800000|100%|HS|  |TAMS 0x0000000084700000| PB 0x0000000084700000| Complete 
|  72|0x0000000084800000, 0x0000000084900000, 0x0000000084900000|100%|HC|  |TAMS 0x0000000084800000| PB 0x0000000084800000| Complete 
|  73|0x0000000084900000, 0x0000000084a00000, 0x0000000084a00000|100%|HC|  |TAMS 0x0000000084900000| PB 0x0000000084900000| Complete 
|  74|0x0000000084a00000, 0x0000000084b00000, 0x0000000084b00000|100%| O|  |TAMS 0x0000000084a00000| PB 0x0000000084a00000| Untracked 
|  75|0x0000000084b00000, 0x0000000084c00000, 0x0000000084c00000|100%| O|  |TAMS 0x0000000084b00000| PB 0x0000000084b00000| Untracked 
|  76|0x0000000084c00000, 0x0000000084c00000, 0x0000000084d00000|  0%| F|  |TAMS 0x0000000084c00000| PB 0x0000000084c00000| Untracked 
|  77|0x0000000084d00000, 0x0000000084d00000, 0x0000000084e00000|  0%| F|  |TAMS 0x0000000084d00000| PB 0x0000000084d00000| Untracked 
|  78|0x0000000084e00000, 0x0000000084e00000, 0x0000000084f00000|  0%| F|  |TAMS 0x0000000084e00000| PB 0x0000000084e00000| Untracked 
|  79|0x0000000084f00000, 0x0000000084f00000, 0x0000000085000000|  0%| F|  |TAMS 0x0000000084f00000| PB 0x0000000084f00000| Untracked 
|  80|0x0000000085000000, 0x0000000085000000, 0x0000000085100000|  0%| F|  |TAMS 0x0000000085000000| PB 0x0000000085000000| Untracked 
|  81|0x0000000085100000, 0x0000000085100000, 0x0000000085200000|  0%| F|  |TAMS 0x0000000085100000| PB 0x0000000085100000| Untracked 
|  82|0x0000000085200000, 0x0000000085200000, 0x0000000085300000|  0%| F|  |TAMS 0x0000000085200000| PB 0x0000000085200000| Untracked 
|  83|0x0000000085300000, 0x0000000085300000, 0x0000000085400000|  0%| F|  |TAMS 0x0000000085300000| PB 0x0000000085300000| Untracked 
|  84|0x0000000085400000, 0x0000000085400000, 0x0000000085500000|  0%| F|  |TAMS 0x0000000085400000| PB 0x0000000085400000| Untracked 
|  85|0x0000000085500000, 0x0000000085500000, 0x0000000085600000|  0%| F|  |TAMS 0x0000000085500000| PB 0x0000000085500000| Untracked 
|  86|0x0000000085600000, 0x0000000085600000, 0x0000000085700000|  0%| F|  |TAMS 0x0000000085600000| PB 0x0000000085600000| Untracked 
|  87|0x0000000085700000, 0x0000000085700000, 0x0000000085800000|  0%| F|  |TAMS 0x0000000085700000| PB 0x0000000085700000| Untracked 
|  88|0x0000000085800000, 0x0000000085800000, 0x0000000085900000|  0%| F|  |TAMS 0x0000000085800000| PB 0x0000000085800000| Untracked 
|  89|0x0000000085900000, 0x0000000085900000, 0x0000000085a00000|  0%| F|  |TAMS 0x0000000085900000| PB 0x0000000085900000| Untracked 
|  90|0x0000000085a00000, 0x0000000085a00000, 0x0000000085b00000|  0%| F|  |TAMS 0x0000000085a00000| PB 0x0000000085a00000| Untracked 
|  91|0x0000000085b00000, 0x0000000085b00000, 0x0000000085c00000|  0%| F|  |TAMS 0x0000000085b00000| PB 0x0000000085b00000| Untracked 
|  92|0x0000000085c00000, 0x0000000085c00000, 0x0000000085d00000|  0%| F|  |TAMS 0x0000000085c00000| PB 0x0000000085c00000| Untracked 
|  93|0x0000000085d00000, 0x0000000085d00000, 0x0000000085e00000|  0%| F|  |TAMS 0x0000000085d00000| PB 0x0000000085d00000| Untracked 
|  94|0x0000000085e00000, 0x0000000085e00000, 0x0000000085f00000|  0%| F|  |TAMS 0x0000000085e00000| PB 0x0000000085e00000| Untracked 
|  95|0x0000000085f00000, 0x0000000085f00000, 0x0000000086000000|  0%| F|  |TAMS 0x0000000085f00000| PB 0x0000000085f00000| Untracked 
|  96|0x0000000086000000, 0x0000000086000000, 0x0000000086100000|  0%| F|  |TAMS 0x0000000086000000| PB 0x0000000086000000| Untracked 
|  97|0x0000000086100000, 0x0000000086100000, 0x0000000086200000|  0%| F|  |TAMS 0x0000000086100000| PB 0x0000000086100000| Untracked 
|  98|0x0000000086200000, 0x0000000086200000, 0x0000000086300000|  0%| F|  |TAMS 0x0000000086200000| PB 0x0000000086200000| Untracked 
|  99|0x0000000086300000, 0x0000000086300000, 0x0000000086400000|  0%| F|  |TAMS 0x0000000086300000| PB 0x0000000086300000| Untracked 
| 100|0x0000000086400000, 0x0000000086400000, 0x0000000086500000|  0%| F|  |TAMS 0x0000000086400000| PB 0x0000000086400000| Untracked 
| 101|0x0000000086500000, 0x0000000086500000, 0x0000000086600000|  0%| F|  |TAMS 0x0000000086500000| PB 0x0000000086500000| Untracked 
| 102|0x0000000086600000, 0x0000000086600000, 0x0000000086700000|  0%| F|  |TAMS 0x0000000086600000| PB 0x0000000086600000| Untracked 
| 103|0x0000000086700000, 0x0000000086782de0, 0x0000000086800000| 51%| S|CS|TAMS 0x0000000086700000| PB 0x0000000086700000| Complete 
| 104|0x0000000086800000, 0x0000000086900000, 0x0000000086900000|100%| S|CS|TAMS 0x0000000086800000| PB 0x0000000086800000| Complete 
| 105|0x0000000086900000, 0x0000000086a00000, 0x0000000086a00000|100%| S|CS|TAMS 0x0000000086900000| PB 0x0000000086900000| Complete 
| 106|0x0000000086a00000, 0x0000000086a00000, 0x0000000086b00000|  0%| F|  |TAMS 0x0000000086a00000| PB 0x0000000086a00000| Untracked 
| 107|0x0000000086b00000, 0x0000000086b00000, 0x0000000086c00000|  0%| F|  |TAMS 0x0000000086b00000| PB 0x0000000086b00000| Untracked 
| 108|0x0000000086c00000, 0x0000000086c00000, 0x0000000086d00000|  0%| F|  |TAMS 0x0000000086c00000| PB 0x0000000086c00000| Untracked 
| 109|0x0000000086d00000, 0x0000000086d00000, 0x0000000086e00000|  0%| F|  |TAMS 0x0000000086d00000| PB 0x0000000086d00000| Untracked 
| 110|0x0000000086e00000, 0x0000000086e00000, 0x0000000086f00000|  0%| F|  |TAMS 0x0000000086e00000| PB 0x0000000086e00000| Untracked 
| 111|0x0000000086f00000, 0x0000000086f00000, 0x0000000087000000|  0%| F|  |TAMS 0x0000000086f00000| PB 0x0000000086f00000| Untracked 
| 112|0x0000000087000000, 0x0000000087000000, 0x0000000087100000|  0%| F|  |TAMS 0x0000000087000000| PB 0x0000000087000000| Untracked 
| 113|0x0000000087100000, 0x0000000087100000, 0x0000000087200000|  0%| F|  |TAMS 0x0000000087100000| PB 0x0000000087100000| Untracked 
| 114|0x0000000087200000, 0x0000000087200000, 0x0000000087300000|  0%| F|  |TAMS 0x0000000087200000| PB 0x0000000087200000| Untracked 
| 115|0x0000000087300000, 0x0000000087300000, 0x0000000087400000|  0%| F|  |TAMS 0x0000000087300000| PB 0x0000000087300000| Untracked 
| 116|0x0000000087400000, 0x0000000087400000, 0x0000000087500000|  0%| F|  |TAMS 0x0000000087400000| PB 0x0000000087400000| Untracked 
| 117|0x0000000087500000, 0x0000000087500000, 0x0000000087600000|  0%| F|  |TAMS 0x0000000087500000| PB 0x0000000087500000| Untracked 
| 118|0x0000000087600000, 0x0000000087600000, 0x0000000087700000|  0%| F|  |TAMS 0x0000000087600000| PB 0x0000000087600000| Untracked 
| 119|0x0000000087700000, 0x0000000087700000, 0x0000000087800000|  0%| F|  |TAMS 0x0000000087700000| PB 0x0000000087700000| Untracked 
| 120|0x0000000087800000, 0x0000000087800000, 0x0000000087900000|  0%| F|  |TAMS 0x0000000087800000| PB 0x0000000087800000| Untracked 
| 121|0x0000000087900000, 0x0000000087900000, 0x0000000087a00000|  0%| F|  |TAMS 0x0000000087900000| PB 0x0000000087900000| Untracked 
| 122|0x0000000087a00000, 0x0000000087a00000, 0x0000000087b00000|  0%| F|  |TAMS 0x0000000087a00000| PB 0x0000000087a00000| Untracked 
| 123|0x0000000087b00000, 0x0000000087b00000, 0x0000000087c00000|  0%| F|  |TAMS 0x0000000087b00000| PB 0x0000000087b00000| Untracked 
| 124|0x0000000087c00000, 0x0000000087c00000, 0x0000000087d00000|  0%| F|  |TAMS 0x0000000087c00000| PB 0x0000000087c00000| Untracked 
| 125|0x0000000087d00000, 0x0000000087d00000, 0x0000000087e00000|  0%| F|  |TAMS 0x0000000087d00000| PB 0x0000000087d00000| Untracked 
| 126|0x0000000087e00000, 0x0000000087e00000, 0x0000000087f00000|  0%| F|  |TAMS 0x0000000087e00000| PB 0x0000000087e00000| Untracked 
| 127|0x0000000087f00000, 0x0000000087f00000, 0x0000000088000000|  0%| F|  |TAMS 0x0000000087f00000| PB 0x0000000087f00000| Untracked 
| 128|0x0000000088000000, 0x0000000088000000, 0x0000000088100000|  0%| F|  |TAMS 0x0000000088000000| PB 0x0000000088000000| Untracked 
| 129|0x0000000088100000, 0x0000000088100000, 0x0000000088200000|  0%| F|  |TAMS 0x0000000088100000| PB 0x0000000088100000| Untracked 
| 130|0x0000000088200000, 0x0000000088200000, 0x0000000088300000|  0%| F|  |TAMS 0x0000000088200000| PB 0x0000000088200000| Untracked 
| 131|0x0000000088300000, 0x0000000088300000, 0x0000000088400000|  0%| F|  |TAMS 0x0000000088300000| PB 0x0000000088300000| Untracked 
| 132|0x0000000088400000, 0x0000000088400000, 0x0000000088500000|  0%| F|  |TAMS 0x0000000088400000| PB 0x0000000088400000| Untracked 
| 133|0x0000000088500000, 0x0000000088500000, 0x0000000088600000|  0%| F|  |TAMS 0x0000000088500000| PB 0x0000000088500000| Untracked 
| 134|0x0000000088600000, 0x0000000088600000, 0x0000000088700000|  0%| F|  |TAMS 0x0000000088600000| PB 0x0000000088600000| Untracked 
|2046|0x00000000ffe00000, 0x00000000fff00000, 0x00000000fff00000|100%| O|  |TAMS 0x00000000ffe00000| PB 0x00000000ffe00000| Complete 
|2047|0x00000000fff00000, 0x0000000100000000, 0x0000000100000000|100%| O|  |TAMS 0x00000000fff00000| PB 0x00000000fff00000| Untracked 

Card table byte_map: [0x0000021d43c70000,0x0000021d44070000] _byte_map_base: 0x0000021d43870000

Marking Bits: (CMBitMap*) 0x0000021d2a08f8d0
 Bits: [0x0000021d44470000, 0x0000021d46470000)

Polling page: 0x0000021d33890000

Metaspace:

Usage:
  Non-class:     38.62 MB used.
      Class:      6.33 MB used.
       Both:     44.95 MB used.

Virtual space:
  Non-class space:       64.00 MB reserved,      39.44 MB ( 62%) committed,  1 nodes.
      Class space:        1.00 GB reserved,       7.12 MB ( <1%) committed,  1 nodes.
             Both:        1.06 GB reserved,      46.56 MB (  4%) committed. 

Chunk freelists:
   Non-Class:  496.00 KB
       Class:  897.00 KB
        Both:  1.36 MB

MaxMetaspaceSize: unlimited
CompressedClassSpaceSize: 1.00 GB
Initial GC threshold: 21.00 MB
Current GC threshold: 73.69 MB
CDS: on
MetaspaceReclaimPolicy: balanced
 - commit_granule_bytes: 65536.
 - commit_granule_words: 8192.
 - virtual_space_node_default_size: 8388608.
 - enlarge_chunks_in_place: 1.
 - new_chunks_are_fully_committed: 0.
 - uncommit_free_chunks: 1.
 - use_allocation_guard: 0.


Internal statistics:

num_allocs_failed_limit: 3.
num_arena_births: 2808.
num_arena_deaths: 0.
num_vsnodes_births: 2.
num_vsnodes_deaths: 0.
num_space_committed: 745.
num_space_uncommitted: 0.
num_chunks_returned_to_freelist: 3.
num_chunks_taken_from_freelist: 4857.
num_chunk_merges: 3.
num_chunk_splits: 3205.
num_chunks_enlarged: 1977.
num_inconsistent_stats: 0.

CodeHeap 'non-profiled nmethods': size=119168Kb used=2372Kb max_used=2826Kb free=116795Kb
 bounds [0x0000021d3b450000, 0x0000021d3b720000, 0x0000021d428b0000]
CodeHeap 'profiled nmethods': size=119104Kb used=9816Kb max_used=9970Kb free=109287Kb
 bounds [0x0000021d338b0000, 0x0000021d34290000, 0x0000021d3ad00000]
CodeHeap 'non-nmethods': size=7488Kb used=4460Kb max_used=4482Kb free=3027Kb
 bounds [0x0000021d3ad00000, 0x0000021d3b170000, 0x0000021d3b450000]
 total_blobs=5728 nmethods=4879 adapters=755
 compilation: enabled
              stopped_count=0, restarted_count=0
 full_count=0

Compilation events (20 events):
Event: 4.301 Thread 0x0000021d4d94bcd0 nmethod 5592 0x0000021d33c49210 code [0x0000021d33c493a0, 0x0000021d33c49498]
Event: 4.301 Thread 0x0000021d4d94bcd0 5593       1       org.gradle.internal.instantiation.generator.AsmBackedClassGenerator$ClassBuilderImpl::access$1200 (5 bytes)
Event: 4.301 Thread 0x0000021d4d94bcd0 nmethod 5593 0x0000021d3b55ce10 code [0x0000021d3b55cf80, 0x0000021d3b55d030]
Event: 4.301 Thread 0x0000021d4d94bcd0 5594       3       org.gradle.internal.instantiation.generator.AsmBackedClassGenerator$ClassBuilderImpl$$Lambda$154/0x00000008011c6a20::transform (8 bytes)
Event: 4.301 Thread 0x0000021d4d94bcd0 nmethod 5594 0x0000021d33ae9f10 code [0x0000021d33aea0a0, 0x0000021d33aea2c8]
Event: 4.301 Thread 0x0000021d4d94c7f0 nmethod 5589 0x0000021d33987290 code [0x0000021d33987640, 0x0000021d33989328]
Event: 4.315 Thread 0x0000021d4d94bcd0 5595       3       java.lang.invoke.DelegatingMethodHandle::rebind (8 bytes)
Event: 4.315 Thread 0x0000021d4d94bcd0 nmethod 5595 0x0000021d33ae9910 code [0x0000021d33ae9ac0, 0x0000021d33ae9d48]
Event: 4.319 Thread 0x0000021d4d94bcd0 5598       3       org.codehaus.groovy.runtime.metaclass.MetaMethodIndex$Header::<init> (26 bytes)
Event: 4.320 Thread 0x0000021d4d94bcd0 nmethod 5598 0x0000021d33bf2210 code [0x0000021d33bf23c0, 0x0000021d33bf26b8]
Event: 4.320 Thread 0x0000021d4d94c7f0 5599       3       com.google.common.collect.IndexedImmutableSet$1::get (9 bytes)
Event: 4.320 Thread 0x0000021d4d94bcd0 5600       3       com.google.common.collect.RegularImmutableMap$KeySet::get (15 bytes)
Event: 4.320 Thread 0x0000021d4d94c7f0 nmethod 5599 0x0000021d33c16590 code [0x0000021d33c16720, 0x0000021d33c168f0]
Event: 4.321 Thread 0x0000021d4d94bcd0 nmethod 5600 0x0000021d33c1b090 code [0x0000021d33c1b220, 0x0000021d33c1b420]
Event: 4.325 Thread 0x0000021d4d94c7f0 5601       3       java.lang.invoke.BoundMethodHandle::bindSingle (7 bytes)
Event: 4.325 Thread 0x0000021d4d94c7f0 nmethod 5601 0x0000021d33d4c410 code [0x0000021d33d4c5a0, 0x0000021d33d4c6b0]
Event: 4.327 Thread 0x0000021d4d94c7f0 5602       3       java.util.Arrays$ArrayList::iterator (12 bytes)
Event: 4.327 Thread 0x0000021d494f3a40 5603       3       java.util.Arrays$ArrayItr::<init> (10 bytes)
Event: 4.328 Thread 0x0000021d494f3a40 nmethod 5603 0x0000021d33ee3690 code [0x0000021d33ee3820, 0x0000021d33ee39d8]
Event: 4.328 Thread 0x0000021d4d94c7f0 nmethod 5602 0x0000021d33c1ab10 code [0x0000021d33c1aca0, 0x0000021d33c1af28]

GC Heap History (20 events):
Event: 0.492 GC heap after
{Heap after GC invocations=1 (full 0):
 garbage-first heap   total 120832K, used 10864K [0x0000000080000000, 0x0000000100000000)
  region size 1024K, 3 young (3072K), 3 survivors (3072K)
 Metaspace       used 3189K, committed 3328K, reserved 1114112K
  class space    used 395K, committed 448K, reserved 1048576K
}
Event: 0.813 GC heap before
{Heap before GC invocations=1 (full 0):
 garbage-first heap   total 120832K, used 40560K [0x0000000080000000, 0x0000000100000000)
  region size 1024K, 32 young (32768K), 3 survivors (3072K)
 Metaspace       used 4162K, committed 4352K, reserved 1114112K
  class space    used 492K, committed 576K, reserved 1048576K
}
Event: 0.818 GC heap after
{Heap after GC invocations=2 (full 0):
 garbage-first heap   total 120832K, used 14692K [0x0000000080000000, 0x0000000100000000)
  region size 1024K, 4 young (4096K), 4 survivors (4096K)
 Metaspace       used 4162K, committed 4352K, reserved 1114112K
  class space    used 492K, committed 576K, reserved 1048576K
}
Event: 1.777 GC heap before
{Heap before GC invocations=2 (full 0):
 garbage-first heap   total 120832K, used 82276K [0x0000000080000000, 0x0000000100000000)
  region size 1024K, 70 young (71680K), 4 survivors (4096K)
 Metaspace       used 16830K, committed 17408K, reserved 1114112K
  class space    used 2353K, committed 2624K, reserved 1048576K
}
Event: 1.783 GC heap after
{Heap after GC invocations=3 (full 0):
 garbage-first heap   total 120832K, used 20543K [0x0000000080000000, 0x0000000100000000)
  region size 1024K, 9 young (9216K), 9 survivors (9216K)
 Metaspace       used 16830K, committed 17408K, reserved 1114112K
  class space    used 2353K, committed 2624K, reserved 1048576K
}
Event: 2.097 GC heap before
{Heap before GC invocations=3 (full 0):
 garbage-first heap   total 120832K, used 48191K [0x0000000080000000, 0x0000000100000000)
  region size 1024K, 38 young (38912K), 9 survivors (9216K)
 Metaspace       used 20772K, committed 21504K, reserved 1114112K
  class space    used 3039K, committed 3392K, reserved 1048576K
}
Event: 2.103 GC heap after
{Heap after GC invocations=4 (full 0):
 garbage-first heap   total 120832K, used 23467K [0x0000000080000000, 0x0000000100000000)
  region size 1024K, 3 young (3072K), 3 survivors (3072K)
 Metaspace       used 20772K, committed 21504K, reserved 1114112K
  class space    used 3039K, committed 3392K, reserved 1048576K
}
Event: 2.527 GC heap before
{Heap before GC invocations=5 (full 0):
 garbage-first heap   total 86016K, used 83883K [0x0000000080000000, 0x0000000100000000)
  region size 1024K, 36 young (36864K), 3 survivors (3072K)
 Metaspace       used 24215K, committed 25088K, reserved 1114112K
  class space    used 3612K, committed 4032K, reserved 1048576K
}
Event: 2.531 GC heap after
{Heap after GC invocations=6 (full 0):
 garbage-first heap   total 95232K, used 57180K [0x0000000080000000, 0x0000000100000000)
  region size 1024K, 9 young (9216K), 9 survivors (9216K)
 Metaspace       used 24215K, committed 25088K, reserved 1114112K
  class space    used 3612K, committed 4032K, reserved 1048576K
}
Event: 2.751 GC heap before
{Heap before GC invocations=6 (full 0):
 garbage-first heap   total 95232K, used 78684K [0x0000000080000000, 0x0000000100000000)
  region size 1024K, 30 young (30720K), 9 survivors (9216K)
 Metaspace       used 26734K, committed 27840K, reserved 1114112K
  class space    used 4025K, committed 4544K, reserved 1048576K
}
Event: 2.755 GC heap after
{Heap after GC invocations=7 (full 0):
 garbage-first heap   total 114688K, used 58027K [0x0000000080000000, 0x0000000100000000)
  region size 1024K, 2 young (2048K), 2 survivors (2048K)
 Metaspace       used 26734K, committed 27840K, reserved 1114112K
  class space    used 4025K, committed 4544K, reserved 1048576K
}
Event: 3.172 GC heap before
{Heap before GC invocations=7 (full 0):
 garbage-first heap   total 114688K, used 97963K [0x0000000080000000, 0x0000000100000000)
  region size 1024K, 42 young (43008K), 2 survivors (2048K)
 Metaspace       used 34504K, committed 35840K, reserved 1114112K
  class space    used 4931K, committed 5568K, reserved 1048576K
}
Event: 3.175 GC heap after
{Heap after GC invocations=8 (full 0):
 garbage-first heap   total 114688K, used 62227K [0x0000000080000000, 0x0000000100000000)
  region size 1024K, 6 young (6144K), 6 survivors (6144K)
 Metaspace       used 34504K, committed 35840K, reserved 1114112K
  class space    used 4931K, committed 5568K, reserved 1048576K
}
Event: 3.458 GC heap before
{Heap before GC invocations=9 (full 0):
 garbage-first heap   total 114688K, used 105235K [0x0000000080000000, 0x0000000100000000)
  region size 1024K, 43 young (44032K), 6 survivors (6144K)
 Metaspace       used 37539K, committed 38848K, reserved 1114112K
  class space    used 5244K, committed 5888K, reserved 1048576K
}
Event: 3.461 GC heap after
{Heap after GC invocations=10 (full 0):
 garbage-first heap   total 114688K, used 64595K [0x0000000080000000, 0x0000000100000000)
  region size 1024K, 4 young (4096K), 4 survivors (4096K)
 Metaspace       used 37539K, committed 38848K, reserved 1114112K
  class space    used 5244K, committed 5888K, reserved 1048576K
}
Event: 3.807 GC heap before
{Heap before GC invocations=10 (full 0):
 garbage-first heap   total 114688K, used 108627K [0x0000000080000000, 0x0000000100000000)
  region size 1024K, 40 young (40960K), 4 survivors (4096K)
 Metaspace       used 41415K, committed 42880K, reserved 1114112K
  class space    used 5693K, committed 6400K, reserved 1048576K
}
Event: 3.811 GC heap after
{Heap after GC invocations=11 (full 0):
 garbage-first heap   total 118784K, used 74415K [0x0000000080000000, 0x0000000100000000)
  region size 1024K, 4 young (4096K), 4 survivors (4096K)
 Metaspace       used 41415K, committed 42880K, reserved 1114112K
  class space    used 5693K, committed 6400K, reserved 1048576K
}
Event: 4.061 GC heap before
{Heap before GC invocations=11 (full 0):
 garbage-first heap   total 118784K, used 98991K [0x0000000080000000, 0x0000000100000000)
  region size 1024K, 29 young (29696K), 4 survivors (4096K)
 Metaspace       used 43687K, committed 45248K, reserved 1114112K
  class space    used 6066K, committed 6848K, reserved 1048576K
}
Event: 4.065 GC heap after
{Heap after GC invocations=12 (full 0):
 garbage-first heap   total 118784K, used 76815K [0x0000000080000000, 0x0000000100000000)
  region size 1024K, 3 young (3072K), 3 survivors (3072K)
 Metaspace       used 43687K, committed 45248K, reserved 1114112K
  class space    used 6066K, committed 6848K, reserved 1048576K
}
Event: 4.329 GC heap before
{Heap before GC invocations=13 (full 0):
 garbage-first heap   total 140288K, used 109583K [0x0000000080000000, 0x0000000100000000)
  region size 1024K, 32 young (32768K), 3 survivors (3072K)
 Metaspace       used 46024K, committed 47680K, reserved 1114112K
  class space    used 6482K, committed 7296K, reserved 1048576K
}

Dll operation events (15 events):
Event: 0.007 Loaded shared library C:\Program Files\Java\jdk-20\bin\java.dll
Event: 0.013 Loaded shared library C:\Program Files\Java\jdk-20\bin\jsvml.dll
Event: 0.052 Loaded shared library C:\Program Files\Java\jdk-20\bin\zip.dll
Event: 0.054 Loaded shared library C:\Program Files\Java\jdk-20\bin\instrument.dll
Event: 0.057 Loaded shared library C:\Program Files\Java\jdk-20\bin\net.dll
Event: 0.059 Loaded shared library C:\Program Files\Java\jdk-20\bin\nio.dll
Event: 0.063 Loaded shared library C:\Program Files\Java\jdk-20\bin\zip.dll
Event: 0.214 Loaded shared library C:\Program Files\Java\jdk-20\bin\jimage.dll
Event: 0.270 Loaded shared library C:\Program Files\Java\jdk-20\bin\verify.dll
Event: 0.396 Loaded shared library C:\Users\Admin\.gradle\native\68d5fa5c4cc2d200863cafc0d521ce42e7d3e7ee720ec0a83991735586a16f82\windows-amd64\native-platform.dll
Event: 0.402 Loaded shared library C:\Users\Admin\.gradle\native\e376f236ea51e6404a007f0833ffe2c6e607c4080706a723a18a27aeea778392\windows-amd64\native-platform-file-events.dll
Event: 0.958 Loaded shared library C:\Program Files\Java\jdk-20\bin\management.dll
Event: 0.960 Loaded shared library C:\Program Files\Java\jdk-20\bin\management_ext.dll
Event: 1.103 Loaded shared library C:\Program Files\Java\jdk-20\bin\extnet.dll
Event: 1.248 Loaded shared library C:\Program Files\Java\jdk-20\bin\sunmscapi.dll

Deoptimization events (20 events):
Event: 4.177 Thread 0x0000021d4f3503e0 DEOPT PACKING pc=0x0000021d3b68f028 sp=0x000000e7b69f8210
Event: 4.177 Thread 0x0000021d4f3503e0 DEOPT UNPACKING pc=0x0000021d3ad69d22 sp=0x000000e7b69f8198 mode 2
Event: 4.179 Thread 0x0000021d4f3503e0 Uncommon trap: trap_request=0xffffff45 fr.pc=0x0000021d3b679f58 relative=0x0000000000000318
Event: 4.179 Thread 0x0000021d4f3503e0 Uncommon trap: reason=unstable_if action=reinterpret pc=0x0000021d3b679f58 method=org.gradle.internal.reflect.PropertyAccessorType.isGetGetterName(Ljava/lang/String;)Z @ 14 c2
Event: 4.179 Thread 0x0000021d4f3503e0 DEOPT PACKING pc=0x0000021d3b679f58 sp=0x000000e7b69f8700
Event: 4.180 Thread 0x0000021d4f3503e0 DEOPT UNPACKING pc=0x0000021d3ad69d22 sp=0x000000e7b69f8658 mode 2
Event: 4.214 Thread 0x0000021d4f3503e0 Uncommon trap: trap_request=0xffffff45 fr.pc=0x0000021d3b6970fc relative=0x000000000000129c
Event: 4.214 Thread 0x0000021d4f3503e0 Uncommon trap: reason=unstable_if action=reinterpret pc=0x0000021d3b6970fc method=java.util.concurrent.ConcurrentHashMap.computeIfAbsent(Ljava/lang/Object;Ljava/util/function/Function;)Ljava/lang/Object; @ 123 c2
Event: 4.214 Thread 0x0000021d4f3503e0 DEOPT PACKING pc=0x0000021d3b6970fc sp=0x000000e7b69f95f0
Event: 4.214 Thread 0x0000021d4f3503e0 DEOPT UNPACKING pc=0x0000021d3ad69d22 sp=0x000000e7b69f9570 mode 2
Event: 4.233 Thread 0x0000021d4f3503e0 Uncommon trap: trap_request=0xffffff45 fr.pc=0x0000021d3b4b4ee4 relative=0x00000000000001c4
Event: 4.233 Thread 0x0000021d4f3503e0 Uncommon trap: reason=unstable_if action=reinterpret pc=0x0000021d3b4b4ee4 method=java.net.URI$Parser.scan(IILjava/lang/String;)I @ 26 c2
Event: 4.233 Thread 0x0000021d4f3503e0 DEOPT PACKING pc=0x0000021d3b4b4ee4 sp=0x000000e7b69f8d00
Event: 4.233 Thread 0x0000021d4f3503e0 DEOPT UNPACKING pc=0x0000021d3ad69d22 sp=0x000000e7b69f8c90 mode 2
Event: 4.233 Thread 0x0000021d4f3503e0 Uncommon trap: trap_request=0xffffff45 fr.pc=0x0000021d3b6d0024 relative=0x00000000000000a4
Event: 4.233 Thread 0x0000021d4f3503e0 Uncommon trap: reason=unstable_if action=reinterpret pc=0x0000021d3b6d0024 method=java.net.URI.match(CJJ)Z @ 45 c2
Event: 4.233 Thread 0x0000021d4f3503e0 DEOPT PACKING pc=0x0000021d3b6d0024 sp=0x000000e7b69f89d0
Event: 4.233 Thread 0x0000021d4f3503e0 DEOPT UNPACKING pc=0x0000021d3ad69d22 sp=0x000000e7b69f8938 mode 2
Event: 4.325 Thread 0x0000021d4f3503e0 DEOPT PACKING pc=0x0000021d33d7f7b3 sp=0x000000e7b69f7e60
Event: 4.325 Thread 0x0000021d4f3503e0 DEOPT UNPACKING pc=0x0000021d3ad6a4c2 sp=0x000000e7b69f72d0 mode 0

Classes loaded (20 events):
Event: 4.240 Loading class javax/net/ssl/SSLException
Event: 4.240 Loading class javax/net/ssl/SSLException done
Event: 4.240 Loading class javax/net/ssl/SSLPeerUnverifiedException
Event: 4.240 Loading class javax/net/ssl/SSLPeerUnverifiedException done
Event: 4.240 Loading class java/security/cert/CertificateParsingException
Event: 4.240 Loading class java/security/cert/CertificateException
Event: 4.240 Loading class java/security/cert/CertificateException done
Event: 4.240 Loading class java/security/cert/CertificateParsingException done
Event: 4.240 Loading class javax/naming/NamingException
Event: 4.240 Loading class javax/naming/NamingException done
Event: 4.240 Loading class javax/naming/InvalidNameException
Event: 4.240 Loading class javax/naming/InvalidNameException done
Event: 4.283 Loading class java/util/AbstractCollectionBeanInfo
Event: 4.283 Loading class java/util/AbstractCollectionBeanInfo done
Event: 4.283 Loading class java/util/AbstractCollectionBeanInfo
Event: 4.283 Loading class java/util/AbstractCollectionBeanInfo done
Event: 4.283 Loading class java/util/AbstractCollectionCustomizer
Event: 4.283 Loading class java/util/AbstractCollectionCustomizer done
Event: 4.283 Loading class java/util/AbstractCollectionCustomizer
Event: 4.283 Loading class java/util/AbstractCollectionCustomizer done

Classes unloaded (0 events):
No events

Classes redefined (0 events):
No events

Internal exceptions (20 events):
Event: 4.266 Thread 0x0000021d4f3503e0 Exception <a 'java/lang/ClassNotFoundException'{0x000000008779e098}: org/gradle/api/internal/project/ProjectScriptBeanInfo> (0x000000008779e098) 
thrown [s\open\src\hotspot\share\classfile\systemDictionary.cpp, line 305]
Event: 4.266 Thread 0x0000021d4f3503e0 Exception <a 'java/lang/ClassNotFoundException'{0x00000000877a7130}: org/gradle/api/internal/project/ProjectScriptCustomizer> (0x00000000877a7130) 
thrown [s\open\src\hotspot\share\classfile\systemDictionary.cpp, line 305]
Event: 4.267 Thread 0x0000021d4f3503e0 Exception <a 'java/lang/ClassNotFoundException'{0x00000000877be0a0}: build_blnamgpkx9yqwmfw2dt84r2j6Customizer> (0x00000000877be0a0) 
thrown [s\open\src\hotspot\share\classfile\systemDictionary.cpp, line 305]
Event: 4.281 Thread 0x0000021d4f3503e0 Exception <a 'java/lang/ClassNotFoundException'{0x0000000087126678}: org/gradle/api/internal/artifacts/dsl/DefaultRepositoryHandler_DecoratedBeanInfo> (0x0000000087126678) 
thrown [s\open\src\hotspot\share\classfile\systemDictionary.cpp, line 305]
Event: 4.282 Thread 0x0000021d4f3503e0 Exception <a 'java/lang/ClassNotFoundException'{0x000000008713ac30}: org/gradle/api/internal/artifacts/dsl/DefaultRepositoryHandlerBeanInfo> (0x000000008713ac30) 
thrown [s\open\src\hotspot\share\classfile\systemDictionary.cpp, line 305]
Event: 4.282 Thread 0x0000021d4f3503e0 Exception <a 'java/lang/ClassNotFoundException'{0x000000008714f388}: org/gradle/api/internal/artifacts/DefaultArtifactRepositoryContainerBeanInfo> (0x000000008714f388) 
thrown [s\open\src\hotspot\share\classfile\systemDictionary.cpp, line 305]
Event: 4.282 Thread 0x0000021d4f3503e0 Exception <a 'java/lang/ClassNotFoundException'{0x00000000871615c8}: org/gradle/api/internal/DefaultNamedDomainObjectListBeanInfo> (0x00000000871615c8) 
thrown [s\open\src\hotspot\share\classfile\systemDictionary.cpp, line 305]
Event: 4.283 Thread 0x0000021d4f3503e0 Exception <a 'java/lang/ClassNotFoundException'{0x0000000087173918}: org/gradle/api/internal/DefaultNamedDomainObjectCollectionBeanInfo> (0x0000000087173918) 
thrown [s\open\src\hotspot\share\classfile\systemDictionary.cpp, line 305]
Event: 4.283 Thread 0x0000021d4f3503e0 Exception <a 'java/lang/ClassNotFoundException'{0x0000000087185e60}: org/gradle/api/internal/DefaultDomainObjectCollectionBeanInfo> (0x0000000087185e60) 
thrown [s\open\src\hotspot\share\classfile\systemDictionary.cpp, line 305]
Event: 4.283 Thread 0x0000021d4f3503e0 Exception <a 'java/lang/ClassNotFoundException'{0x000000008718c370}: java/util/AbstractCollectionBeanInfo> (0x000000008718c370) 
thrown [s\open\src\hotspot\share\classfile\systemDictionary.cpp, line 305]
Event: 4.283 Thread 0x0000021d4f3503e0 Exception <a 'java/lang/ClassNotFoundException'{0x0000000087192850}: java/util/AbstractCollectionCustomizer> (0x0000000087192850) 
thrown [s\open\src\hotspot\share\classfile\systemDictionary.cpp, line 305]
Event: 4.284 Thread 0x0000021d4f3503e0 Exception <a 'java/lang/ClassNotFoundException'{0x00000000871adcf0}: org/gradle/api/internal/DefaultDomainObjectCollectionCustomizer> (0x00000000871adcf0) 
thrown [s\open\src\hotspot\share\classfile\systemDictionary.cpp, line 305]
Event: 4.286 Thread 0x0000021d4f3503e0 Exception <a 'java/lang/ClassNotFoundException'{0x00000000871de398}: org/gradle/api/internal/DefaultNamedDomainObjectCollectionCustomizer> (0x00000000871de398) 
thrown [s\open\src\hotspot\share\classfile\systemDictionary.cpp, line 305]
Event: 4.288 Thread 0x0000021d4f3503e0 Exception <a 'java/lang/ClassNotFoundException'{0x0000000086e181c0}: org/gradle/api/internal/DefaultNamedDomainObjectListCustomizer> (0x0000000086e181c0) 
thrown [s\open\src\hotspot\share\classfile\systemDictionary.cpp, line 305]
Event: 4.289 Thread 0x0000021d4f3503e0 Exception <a 'java/lang/ClassNotFoundException'{0x0000000086e47610}: org/gradle/api/internal/artifacts/DefaultArtifactRepositoryContainerCustomizer> (0x0000000086e47610) 
thrown [s\open\src\hotspot\share\classfile\systemDictionary.cpp, line 305]
Event: 4.290 Thread 0x0000021d4f3503e0 Exception <a 'java/lang/ClassNotFoundException'{0x0000000086e6e540}: org/gradle/api/internal/artifacts/dsl/DefaultRepositoryHandlerCustomizer> (0x0000000086e6e540) 
thrown [s\open\src\hotspot\share\classfile\systemDictionary.cpp, line 305]
Event: 4.291 Thread 0x0000021d4f3503e0 Exception <a 'java/lang/ClassNotFoundException'{0x0000000086ea3880}: org/gradle/api/internal/artifacts/dsl/DefaultRepositoryHandler_DecoratedCustomizer> (0x0000000086ea3880) 
thrown [s\open\src\hotspot\share\classfile\systemDictionary.cpp, line 305]
Event: 4.316 Thread 0x0000021d4f3503e0 Exception <a 'java/lang/NoSuchMethodError'{0x0000000086ba0570}: 'java.lang.Object java.lang.invoke.DirectMethodHandle$Holder.newInvokeSpecial(java.lang.Object, java.lang.Object, java.lang.Object, java.lang.Object, java.lang.Object, java.lang.Object, java.lang.Object, java.lang.Object, java.lang.Object, java.lang.Object, java.lang.Object, java.lang.Object, java.lang.Object, java.lang.Object, java.lang.Object, java.lang.Object, java.lang.Object, java.lang.Object, java.lang.Object)'> (0x0000000086ba0570) 
thr
Event: 4.316 Thread 0x0000021d4f3503e0 Exception <a 'java/lang/NoSuchMethodError'{0x0000000086ba7590}: 'java.lang.Object java.lang.invoke.DirectMethodHandle$Holder.invokeSpecial(java.lang.Object, java.lang.Object, java.lang.Object, java.lang.Object, java.lang.Object, java.lang.Object, java.lang.Object, java.lang.Object, java.lang.Object, java.lang.Object, java.lang.Object, java.lang.Object, java.lang.Object, java.lang.Object, java.lang.Object, java.lang.Object, java.lang.Object, java.lang.Object, java.lang.Object, java.lang.Object)'> (0x0000000
Event: 4.316 Thread 0x0000021d4f3503e0 Exception <a 'java/lang/NoSuchMethodError'{0x0000000086bad330}: 'java.lang.Object java.lang.invoke.DelegatingMethodHandle$Holder.reinvoke_L(java.lang.Object, java.lang.Object, java.lang.Object, java.lang.Object, java.lang.Object, java.lang.Object, java.lang.Object, java.lang.Object, java.lang.Object, java.lang.Object, java.lang.Object, java.lang.Object, java.lang.Object, java.lang.Object, java.lang.Object, java.lang.Object, java.lang.Object, java.lang.Object, java.lang.Object)'> (0x0000000086bad330) 
throw

VM Operations (20 events):
Event: 3.365 Executing VM operation: HandshakeAllThreads done
Event: 3.455 Executing VM operation: HandshakeAllThreads
Event: 3.455 Executing VM operation: HandshakeAllThreads done
Event: 3.457 Executing VM operation: G1CollectForAllocation
Event: 3.461 Executing VM operation: G1CollectForAllocation done
Event: 3.711 Executing VM operation: HandshakeAllThreads
Event: 3.711 Executing VM operation: HandshakeAllThreads done
Event: 3.806 Executing VM operation: G1CollectForAllocation
Event: 3.811 Executing VM operation: G1CollectForAllocation done
Event: 4.029 Executing VM operation: HandshakeAllThreads
Event: 4.029 Executing VM operation: HandshakeAllThreads done
Event: 4.047 Executing VM operation: ICBufferFull
Event: 4.047 Executing VM operation: ICBufferFull done
Event: 4.061 Executing VM operation: G1TryInitiateConcMark
Event: 4.065 Executing VM operation: G1TryInitiateConcMark done
Event: 4.079 Executing VM operation: G1PauseRemark
Event: 4.081 Executing VM operation: G1PauseRemark done
Event: 4.090 Executing VM operation: G1PauseCleanup
Event: 4.090 Executing VM operation: G1PauseCleanup done
Event: 4.329 Executing VM operation: G1CollectForAllocation

Events (20 events):
Event: 4.080 Thread 0x0000021d4d842010 flushing nmethod 0x0000021d3b658990
Event: 4.080 Thread 0x0000021d4d842010 flushing nmethod 0x0000021d3b63ef90
Event: 4.080 Thread 0x0000021d4d842010 flushing nmethod 0x0000021d3b55ca10
Event: 4.080 Thread 0x0000021d4d842010 flushing nmethod 0x0000021d3b5bce90
Event: 4.080 Thread 0x0000021d4d842010 flushing nmethod 0x0000021d3b5d0610
Event: 4.080 Thread 0x0000021d4d842010 flushing nmethod 0x0000021d3b597a90
Event: 4.080 Thread 0x0000021d4d842010 flushing nmethod 0x0000021d3b58b690
Event: 4.080 Thread 0x0000021d4d842010 flushing nmethod 0x0000021d3b4f8010
Event: 4.081 Thread 0x0000021d4d842010 flushing nmethod 0x0000021d3b4b9410
Event: 4.081 Thread 0x0000021d4d842010 flushing nmethod 0x0000021d3b554a90
Event: 4.081 Thread 0x0000021d4d842010 flushing nmethod 0x0000021d3b4eea10
Event: 4.081 Thread 0x0000021d4d842010 flushing nmethod 0x0000021d3b4cd210
Event: 4.081 Thread 0x0000021d4d842010 flushing nmethod 0x0000021d3b4d3e90
Event: 4.081 Thread 0x0000021d4d842010 flushing nmethod 0x0000021d3b503f10
Event: 4.081 Thread 0x0000021d4d842010 flushing nmethod 0x0000021d3b485210
Event: 4.081 Thread 0x0000021d4d842010 flushing nmethod 0x0000021d3b4ed490
Event: 4.081 Thread 0x0000021d4d842010 flushing nmethod 0x0000021d3b4ac310
Event: 4.081 Thread 0x0000021d4d842010 flushing nmethod 0x0000021d3b47af10
Event: 4.081 Thread 0x0000021d4d842010 flushing nmethod 0x0000021d3b450a10
Event: 4.133 Thread 0x0000021d50f1a920 Thread added: 0x0000021d50f1a920


Dynamic libraries:
0x00007ff6d0590000 - 0x00007ff6d05a0000 	C:\Program Files\Java\jdk-20\bin\java.exe
0x00007ffe50fd0000 - 0x00007ffe511e7000 	C:\WINDOWS\SYSTEM32\ntdll.dll
0x00007ffe4f230000 - 0x00007ffe4f2f4000 	C:\WINDOWS\System32\KERNEL32.DLL
0x00007ffe4e5e0000 - 0x00007ffe4e987000 	C:\WINDOWS\System32\KERNELBASE.dll
0x00007ffe4e350000 - 0x00007ffe4e461000 	C:\WINDOWS\System32\ucrtbase.dll
0x00007ffe417b0000 - 0x00007ffe417c9000 	C:\Program Files\Java\jdk-20\bin\jli.dll
0x00007ffe41960000 - 0x00007ffe4197b000 	C:\Program Files\Java\jdk-20\bin\VCRUNTIME140.dll
0x00007ffe4f890000 - 0x00007ffe4f940000 	C:\WINDOWS\System32\ADVAPI32.dll
0x00007ffe50d20000 - 0x00007ffe50dc7000 	C:\WINDOWS\System32\msvcrt.dll
0x00007ffe50c60000 - 0x00007ffe50d06000 	C:\WINDOWS\System32\sechost.dll
0x00007ffe4fcc0000 - 0x00007ffe4fdd7000 	C:\WINDOWS\System32\RPCRT4.dll
0x00007ffe50de0000 - 0x00007ffe50f8e000 	C:\WINDOWS\System32\USER32.dll
0x00007ffe4e530000 - 0x00007ffe4e556000 	C:\WINDOWS\System32\win32u.dll
0x00007ffe34f50000 - 0x00007ffe351e3000 	C:\WINDOWS\WinSxS\amd64_microsoft.windows.common-controls_6595b64144ccf1df_6.0.22621.2506_none_270c5ae97388e100\COMCTL32.dll
0x00007ffe4f860000 - 0x00007ffe4f889000 	C:\WINDOWS\System32\GDI32.dll
0x00007ffe4e990000 - 0x00007ffe4eaa9000 	C:\WINDOWS\System32\gdi32full.dll
0x00007ffe4ec90000 - 0x00007ffe4ed2a000 	C:\WINDOWS\System32\msvcp_win.dll
0x00007ffe463e0000 - 0x00007ffe463ea000 	C:\WINDOWS\SYSTEM32\VERSION.dll
0x00007ffe50210000 - 0x00007ffe50241000 	C:\WINDOWS\System32\IMM32.DLL
0x00007ffe41570000 - 0x00007ffe4157c000 	C:\Program Files\Java\jdk-20\bin\vcruntime140_1.dll
0x00007ffe25da0000 - 0x00007ffe25e2e000 	C:\Program Files\Java\jdk-20\bin\msvcp140.dll
0x00007ffdf9830000 - 0x00007ffdfa4c7000 	C:\Program Files\Java\jdk-20\bin\server\jvm.dll
0x00007ffe4b200000 - 0x00007ffe4b209000 	C:\WINDOWS\SYSTEM32\WSOCK32.dll
0x00007ffe4f1b0000 - 0x00007ffe4f221000 	C:\WINDOWS\System32\WS2_32.dll
0x00007ffe478a0000 - 0x00007ffe478d4000 	C:\WINDOWS\SYSTEM32\WINMM.dll
0x00007ffe4d3e0000 - 0x00007ffe4d3f8000 	C:\WINDOWS\SYSTEM32\kernel.appcore.dll
0x00007ffe41560000 - 0x00007ffe4156a000 	C:\Program Files\Java\jdk-20\bin\jimage.dll
0x00007ffe4bcd0000 - 0x00007ffe4bf03000 	C:\WINDOWS\SYSTEM32\DBGHELP.DLL
0x00007ffe4eda0000 - 0x00007ffe4f129000 	C:\WINDOWS\System32\combase.dll
0x00007ffe4ff70000 - 0x00007ffe50047000 	C:\WINDOWS\System32\OLEAUT32.dll
0x00007ffe163f0000 - 0x00007ffe16422000 	C:\WINDOWS\SYSTEM32\dbgcore.DLL
0x00007ffe4e560000 - 0x00007ffe4e5da000 	C:\WINDOWS\System32\bcryptPrimitives.dll
0x00007ffe41550000 - 0x00007ffe4155e000 	C:\Program Files\Java\jdk-20\bin\instrument.dll
0x00007ffe3fc30000 - 0x00007ffe3fc56000 	C:\Program Files\Java\jdk-20\bin\java.dll
0x00007ffe0ac90000 - 0x00007ffe0ad67000 	C:\Program Files\Java\jdk-20\bin\jsvml.dll
0x00007ffe50250000 - 0x00007ffe50aa9000 	C:\WINDOWS\System32\SHELL32.dll
0x00007ffe4c830000 - 0x00007ffe4d124000 	C:\WINDOWS\SYSTEM32\windows.storage.dll
0x00007ffe4c6f0000 - 0x00007ffe4c82e000 	C:\WINDOWS\SYSTEM32\wintypes.dll
0x00007ffe4f9f0000 - 0x00007ffe4fae3000 	C:\WINDOWS\System32\SHCORE.dll
0x00007ffe50c00000 - 0x00007ffe50c5e000 	C:\WINDOWS\System32\shlwapi.dll
0x00007ffe4e280000 - 0x00007ffe4e2a6000 	C:\WINDOWS\SYSTEM32\profapi.dll
0x00007ffe3fc10000 - 0x00007ffe3fc28000 	C:\Program Files\Java\jdk-20\bin\zip.dll
0x00007ffe3f960000 - 0x00007ffe3f973000 	C:\Program Files\Java\jdk-20\bin\net.dll
0x00007ffe46700000 - 0x00007ffe46837000 	C:\WINDOWS\SYSTEM32\WINHTTP.dll
0x00007ffe4d8c0000 - 0x00007ffe4d929000 	C:\WINDOWS\system32\mswsock.dll
0x00007ffe3f7e0000 - 0x00007ffe3f7f6000 	C:\Program Files\Java\jdk-20\bin\nio.dll
0x00007ffe3fc00000 - 0x00007ffe3fc10000 	C:\Program Files\Java\jdk-20\bin\verify.dll
0x00007ffe41a50000 - 0x00007ffe41a77000 	C:\Users\Admin\.gradle\native\68d5fa5c4cc2d200863cafc0d521ce42e7d3e7ee720ec0a83991735586a16f82\windows-amd64\native-platform.dll
0x00007ffe08a00000 - 0x00007ffe08b44000 	C:\Users\Admin\.gradle\native\e376f236ea51e6404a007f0833ffe2c6e607c4080706a723a18a27aeea778392\windows-amd64\native-platform-file-events.dll
0x00007ffe3f990000 - 0x00007ffe3f99a000 	C:\Program Files\Java\jdk-20\bin\management.dll
0x00007ffe3f7d0000 - 0x00007ffe3f7db000 	C:\Program Files\Java\jdk-20\bin\management_ext.dll
0x00007ffe50dd0000 - 0x00007ffe50dd8000 	C:\WINDOWS\System32\PSAPI.DLL
0x00007ffe4db20000 - 0x00007ffe4db3b000 	C:\WINDOWS\SYSTEM32\CRYPTSP.dll
0x00007ffe4d3a0000 - 0x00007ffe4d3d5000 	C:\WINDOWS\system32\rsaenh.dll
0x00007ffe4d9b0000 - 0x00007ffe4d9dc000 	C:\WINDOWS\SYSTEM32\USERENV.dll
0x00007ffe4dce0000 - 0x00007ffe4dd08000 	C:\WINDOWS\SYSTEM32\bcrypt.dll
0x00007ffe4db10000 - 0x00007ffe4db1c000 	C:\WINDOWS\SYSTEM32\CRYPTBASE.dll
0x00007ffe4c3c0000 - 0x00007ffe4c3ed000 	C:\WINDOWS\SYSTEM32\IPHLPAPI.DLL
0x00007ffe4fde0000 - 0x00007ffe4fde9000 	C:\WINDOWS\System32\NSI.dll
0x00007ffe47800000 - 0x00007ffe47819000 	C:\WINDOWS\SYSTEM32\dhcpcsvc6.DLL
0x00007ffe46890000 - 0x00007ffe468af000 	C:\WINDOWS\SYSTEM32\dhcpcsvc.DLL
0x00007ffe4c430000 - 0x00007ffe4c529000 	C:\WINDOWS\SYSTEM32\DNSAPI.dll
0x00007ffe3f2a0000 - 0x00007ffe3f2a7000 	C:\Program Files\Java\jdk-20\bin\extnet.dll
0x00007ffe3f290000 - 0x00007ffe3f29e000 	C:\Program Files\Java\jdk-20\bin\sunmscapi.dll
0x00007ffe4eab0000 - 0x00007ffe4ec16000 	C:\WINDOWS\System32\CRYPT32.dll
0x00007ffe4dcb0000 - 0x00007ffe4dcdd000 	C:\WINDOWS\SYSTEM32\ncrypt.dll
0x00007ffe4dc70000 - 0x00007ffe4dca7000 	C:\WINDOWS\SYSTEM32\NTASN1.dll
0x00007ffe3f280000 - 0x00007ffe3f288000 	C:\WINDOWS\system32\wshunix.dll

dbghelp: loaded successfully - version: 4.0.5 - missing functions: none
symbol engine: initialized successfully - sym options: 0x614 - pdb path: .;C:\Program Files\Java\jdk-20\bin;C:\WINDOWS\SYSTEM32;C:\WINDOWS\WinSxS\amd64_microsoft.windows.common-controls_6595b64144ccf1df_6.0.22621.2506_none_270c5ae97388e100;C:\Program Files\Java\jdk-20\bin\server;C:\Users\Admin\.gradle\native\68d5fa5c4cc2d200863cafc0d521ce42e7d3e7ee720ec0a83991735586a16f82\windows-amd64;C:\Users\Admin\.gradle\native\e376f236ea51e6404a007f0833ffe2c6e607c4080706a723a18a27aeea778392\windows-amd64

VM Arguments:
jvm_args: --add-opens=java.base/java.util=ALL-UNNAMED --add-opens=java.base/java.lang=ALL-UNNAMED --add-opens=java.base/java.lang.invoke=ALL-UNNAMED --add-opens=java.prefs/java.util.prefs=ALL-UNNAMED --add-opens=java.base/java.nio.charset=ALL-UNNAMED --add-opens=java.base/java.net=ALL-UNNAMED --add-opens=java.base/java.util.concurrent.atomic=ALL-UNNAMED -Xmx2048m -Dfile.encoding=UTF-8 -Duser.country=US -Duser.language=en -Duser.variant -javaagent:C:\Users\Admin\.gradle\wrapper\dists\gradle-8.1-bin\2eyty4r6kz6fpakefpk52nbbm\gradle-8.1\lib\agents\gradle-instrumentation-agent-8.1.jar 
java_command: org.gradle.launcher.daemon.bootstrap.GradleDaemon 8.1
java_class_path (initial): C:\Users\Admin\.gradle\wrapper\dists\gradle-8.1-bin\2eyty4r6kz6fpakefpk52nbbm\gradle-8.1\lib\gradle-launcher-8.1.jar
Launcher Type: SUN_STANDARD

[Global flags]
     intx CICompilerCount                          = 12                                        {product} {ergonomic}
     uint ConcGCThreads                            = 3                                         {product} {ergonomic}
     uint G1ConcRefinementThreads                  = 13                                        {product} {ergonomic}
   size_t G1HeapRegionSize                         = 1048576                                   {product} {ergonomic}
    uintx GCDrainStackTargetSize                   = 64                                        {product} {ergonomic}
   size_t InitialHeapSize                          = 123731968                                 {product} {ergonomic}
   size_t MarkStackSize                            = 4194304                                   {product} {ergonomic}
   size_t MaxHeapSize                              = 2147483648                                {product} {command line}
   size_t MaxNewSize                               = 1287651328                                {product} {ergonomic}
   size_t MinHeapDeltaBytes                        = 1048576                                   {product} {ergonomic}
   size_t MinHeapSize                              = 8388608                                   {product} {ergonomic}
    uintx NonNMethodCodeHeapSize                   = 7602480                                {pd product} {ergonomic}
    uintx NonProfiledCodeHeapSize                  = 122027880                              {pd product} {ergonomic}
    uintx ProfiledCodeHeapSize                     = 122027880                              {pd product} {ergonomic}
    uintx ReservedCodeCacheSize                    = 251658240                              {pd product} {ergonomic}
     bool SegmentedCodeCache                       = true                                      {product} {ergonomic}
   size_t SoftMaxHeapSize                          = 2147483648                             {manageable} {ergonomic}
     bool UseCompressedClassPointers               = true                           {product lp64_product} {ergonomic}
     bool UseCompressedOops                        = true                           {product lp64_product} {ergonomic}
     bool UseG1GC                                  = true                                      {product} {ergonomic}
     bool UseLargePagesIndividualAllocation        = false                                  {pd product} {ergonomic}

Logging:
Log output configuration:
 #0: stdout all=warning uptime,level,tags foldmultilines=false
 #1: stderr all=off uptime,level,tags foldmultilines=false

Environment Variables:
PATH=C:\Program Files\Common Files\Oracle\Java\javapath;C:\Program Files (x86)\Common Files\Oracle\Java\javapath;C:\Users\Admin\AppData\Local\Microsoft\WindowsApps;C:\Users\Admin\AppData\Local\Programs\Microsoft VS Code\bin;C:\Users\Admin\.dotnet\tools;C:\Users\Admin\AppData\Local\Yarn\bin;C:\Users\Admin\AppData\Roaming\npm;C:\Program Files\Git\cmd;C:\Program Files\nodejs\;C:\WINDOWS\system32;C:\WINDOWS;C:\WINDOWS\System32\Wbem;C:\WINDOWS\System32\WindowsPowerShell\v1.0\;C:\WINDOWS\System32\OpenSSH\;C:\Program Files\TortoiseGit\bin;C:\Program Files\dotnet\;C:\Program Files (x86)\NVIDIA Corporation\PhysX\Common;C:\Program Files\NVIDIA Corporation\NVIDIA NvDLISR;C:\Program Files\Microsoft SQL Server\150\Tools\Binn\;C:\Program Files (x86)\Microsoft SQL Server\160\Tools\Binn\;C:\Program Files\Microsoft SQL Server\160\Tools\Binn\;C:\Program Files\Microsoft SQL Server\Client SDK\ODBC\170\Tools\Binn\;C:\Program Files\Microsoft SQL Server\160\DTS\Binn\;C:\Program Files (x86)\Microsoft SQL Server\160\DTS\Binn\;C:\Program Files\Azure Data Studio\bin;C:\ProgramData\chocolatey\bin;C:\Program Files\Cloudflare\Cloudflare WARP\;C:\Users\Admin\AppData\Local\Programs\Python\Python310\Scripts\;C:\Users\Admin\AppData\Local\Programs\Python\Python310\;C:\Users\Admin\AppData\Local\Programs\Python\Python39\Scripts\;C:\Users\Admin\AppData\Local\Programs\Python\Python39\;C:\Users\Admin\AppData\Local\Microsoft\WindowsApps;C:\Users\Admin\AppData\Local\Programs\Microsoft VS Code\bin;C:\Users\Admin\.dotnet\tools;C:\Users\Admin\AppData\Local\Yarn\bin;C:\MinGW\bin;C:\Users\Admin\AppData\Roaming\npm;D:\IntelliJ IDEA 2022.3.3\bin;;C:\Program Files\Azure Data Studio\bin;C:\Program Files\Azure Data Studio\bin
USERNAME=Admin
OS=Windows_NT
PROCESSOR_IDENTIFIER=AMD64 Family 23 Model 96 Stepping 1, AuthenticAMD
TMP=C:\Users\Admin\AppData\Local\Temp
TEMP=C:\Users\Admin\AppData\Local\Temp




---------------  S Y S T E M  ---------------

OS:
 Windows 11 , 64 bit Build 22621 (10.0.22621.2506)
OS uptime: 0 days 4:29 hours

CPU: total 16 (initial active 16) (16 cores per cpu, 2 threads per core) family 23 model 96 stepping 1 microcode 0x0, cx8, cmov, fxsr, ht, mmx, 3dnowpref, sse, sse2, sse3, ssse3, sse4a, sse4.1, sse4.2, popcnt, lzcnt, tsc, tscinvbit, avx, avx2, aes, clmul, bmi1, bmi2, adx, sha, fma, vzeroupper, clflush, clflushopt, rdtscp, rdpid, f16c

Memory: 4k page, system-wide physical 7549M (417M free)
TotalPageFile size 15549M (AvailPageFile size 28M)
current process WorkingSet (physical memory assigned to process): 342M, peak: 342M
current process commit charge ("private bytes"): 398M, peak: 425M

vm_info: Java HotSpot(TM) 64-Bit Server VM (20+36-2344) for windows-amd64 JRE (20+36-2344), built on 2023-02-10T19:30:15Z by "mach5one" with MS VC++ 17.1 (VS2022)

END.
