#
# There is insufficient memory for the Java Runtime Environment to continue.
# Native memory allocation (mmap) failed to map 74448896 bytes for G1 virtual space
# Possible reasons:
#   The system is out of physical RAM or swap space
#   The process is running with CompressedOops enabled, and the Java Heap may be blocking the growth of the native heap
# Possible solutions:
#   Reduce memory load on the system
#   Increase physical memory or swap space
#   Check if swap backing store is full
#   Decrease Java heap size (-Xmx/-Xms)
#   Decrease number of Java threads
#   Decrease Java thread stack sizes (-Xss)
#   Set larger code cache with -XX:ReservedCodeCacheSize=
#   JVM is running with Unscaled Compressed Oops mode in which the Java heap is
#     placed in the first 4GB address space. The Java Heap base address is the
#     maximum limit for the native heap growth. Please use -XX:HeapBaseMinAddress
#     to set the Java Heap base and to place the Java Heap above 4GB virtual address.
# This output file may be truncated or incomplete.
#
#  Out of Memory Error (os_windows.cpp:3528), pid=1180, tid=7300
#
# JRE version: Java(TM) SE Runtime Environment (20.0+36) (build 20+36-2344)
# Java VM: Java HotSpot(TM) 64-Bit Server VM (20+36-2344, mixed mode, sharing, tiered, compressed oops, compressed class ptrs, g1 gc, windows-amd64)
# No core dump will be written. Minidumps are not enabled by default on client versions of Windows
#

---------------  S U M M A R Y ------------

Command Line: --add-opens=java.base/java.util=ALL-UNNAMED --add-opens=java.base/java.lang=ALL-UNNAMED --add-opens=java.base/java.lang.invoke=ALL-UNNAMED --add-opens=java.prefs/java.util.prefs=ALL-UNNAMED --add-opens=java.base/java.nio.charset=ALL-UNNAMED --add-opens=java.base/java.net=ALL-UNNAMED --add-opens=java.base/java.util.concurrent.atomic=ALL-UNNAMED -Xmx2048m -Dfile.encoding=UTF-8 -Duser.country=US -Duser.language=en -Duser.variant -javaagent:C:\Users\Admin\.gradle\wrapper\dists\gradle-8.1-bin\2eyty4r6kz6fpakefpk52nbbm\gradle-8.1\lib\agents\gradle-instrumentation-agent-8.1.jar org.gradle.launcher.daemon.bootstrap.GradleDaemon 8.1

Host: AMD Ryzen 7 4800H with Radeon Graphics         , 16 cores, 7G,  Windows 11 , 64 bit Build 22621 (10.0.22621.2506)
Time: Thu Nov  9 20:51:08 2023 SE Asia Standard Time elapsed time: 18.871255 seconds (0d 0h 0m 18s)

---------------  T H R E A D  ---------------

Current thread (0x000001e99b2dd010):  VMThread "VM Thread" [stack: 0x0000007d86000000,0x0000007d86100000] [id=7300]

Stack: [0x0000007d86000000,0x0000007d86100000]
Native frames: (J=compiled Java code, j=interpreted, Vv=VM code, C=native code)
V  [jvm.dll+0x6bb95a]
V  [jvm.dll+0x8483aa]
V  [jvm.dll+0x849fa5]
V  [jvm.dll+0x84a6a3]
V  [jvm.dll+0x280b0f]
V  [jvm.dll+0x6b86e9]
V  [jvm.dll+0x6ad2da]
V  [jvm.dll+0x35adf5]
V  [jvm.dll+0x363016]
V  [jvm.dll+0x3b3b3e]
V  [jvm.dll+0x3b3dc5]
V  [jvm.dll+0x32b50a]
V  [jvm.dll+0x32b5b7]
V  [jvm.dll+0x373942]
V  [jvm.dll+0x372140]
V  [jvm.dll+0x32ac51]
V  [jvm.dll+0x371836]
V  [jvm.dll+0x84ffee]
V  [jvm.dll+0x851101]
V  [jvm.dll+0x851609]
V  [jvm.dll+0x851883]
V  [jvm.dll+0x7f4906]
V  [jvm.dll+0x6ba5cb]
C  [ucrtbase.dll+0x29363]
C  [KERNEL32.DLL+0x1257d]
C  [ntdll.dll+0x5aa58]

VM_Operation (0x0000007d896fdef0): G1CollectForAllocation, mode: safepoint, requested by thread 0x000001e9a5564c40


---------------  P R O C E S S  ---------------

Threads class SMR info:
_java_thread_list=0x000001e9a4032340, length=127, elements={
0x000001e9fbd708b0, 0x000001e99b2fae20, 0x000001e99b2fde40, 0x000001e99f412510,
0x000001e99f414590, 0x000001e99f416290, 0x000001e99f41a390, 0x000001e99f41b000,
0x000001e99f41bab0, 0x000001e99f525f20, 0x000001e99f52f720, 0x000001e99f533cc0,
0x000001e99f5d0120, 0x000001e9a017c780, 0x000001e9a12462c0, 0x000001e9a0f1cf70,
0x000001e9a0d7a050, 0x000001e9a0fa7460, 0x000001e9a0fa8450, 0x000001e9a0fa79b0,
0x000001e9a0fa9ee0, 0x000001e9a0fa7f00, 0x000001e9a0faa430, 0x000001e9a0fa9440,
0x000001e9a0fa9990, 0x000001e9a0faa980, 0x000001e9a0fa8ef0, 0x000001e9a0fa89a0,
0x000001e9a5563c50, 0x000001e9a5563700, 0x000001e9a5565190, 0x000001e9a5561720,
0x000001e9a55641a0, 0x000001e9a555dcb0, 0x000001e9a55646f0, 0x000001e9a5561c70,
0x000001e9a5560730, 0x000001e9a5564c40, 0x000001e9a5560c80, 0x000001e9a55656e0,
0x000001e9a555e200, 0x000001e9a555f1f0, 0x000001e9a555e750, 0x000001e9a55611d0,
0x000001e9a55621c0, 0x000001e9a5562c60, 0x000001e9a555f740, 0x000001e9a5562710,
0x000001e9a555eca0, 0x000001e9a555fc90, 0x000001e9a55631b0, 0x000001e9a2895060,
0x000001e9a2896050, 0x000001e9a28925e0, 0x000001e9a2895b00, 0x000001e9a28965a0,
0x000001e9a2896af0, 0x000001e9a2892090, 0x000001e9a2892b30, 0x000001e9a2890b50,
0x000001e9a2897040, 0x000001e9a2893080, 0x000001e9a2897590, 0x000001e9a28900b0,
0x000001e9a2891b40, 0x000001e9a18f36b0, 0x000001e9a18ef1a0, 0x000001e9a18ef6f0,
0x000001e9a18f4bf0, 0x000001e9a18f4150, 0x000001e9a18f5690, 0x000001e9a18efc40,
0x000001e9a18f2c10, 0x000001e9a18f06e0, 0x000001e9a18f0190, 0x000001e9a18f5be0,
0x000001e9a18ee1b0, 0x000001e9a18f0c30, 0x000001e9a18ee700, 0x000001e9a18f3c00,
0x000001e9a18f2170, 0x000001e9a18f1180, 0x000001e9a18f16d0, 0x000001e9a18f1c20,
0x000001e9a18f26c0, 0x000001e9a18f3160, 0x000001e9a18f46a0, 0x000001e9a5559780,
0x000001e9a555b210, 0x000001e9a5558ce0, 0x000001e9a555a770, 0x000001e9a555acc0,
0x000001e9a5559cd0, 0x000001e9a555a220, 0x000001e9a5557cf0, 0x000001e9a5558240,
0x000001e9a5558790, 0x000001e9a5559230, 0x000001e9a32c7bb0, 0x000001e9a32ca630,
0x000001e9a32c9640, 0x000001e9a32ca0e0, 0x000001e9a32c8650, 0x000001e9a32c8ba0,
0x000001e9a32c90f0, 0x000001e9a32c9b90, 0x000001e9a32cab80, 0x000001e9a32c7660,
0x000001e9a32c8100, 0x000001e9a5b33f40, 0x000001e9a5b369c0, 0x000001e9a5b359d0,
0x000001e9a5b36f10, 0x000001e9a5b349e0, 0x000001e9a5b35f20, 0x000001e9a5b339f0,
0x000001e9a5b34490, 0x000001e9a5b35480, 0x000001e9a5b36470, 0x000001e9a5b34f30,
0x000001e99f8ea050, 0x000001e99f8e8070, 0x000001e99f8ee010, 0x000001e99f8edac0,
0x000001e99f8ebae0, 0x000001e9a1f2e100, 0x000001e9a1f32950
}

Java Threads: ( => current thread )
  0x000001e9fbd708b0 JavaThread "main" [_thread_blocked, id=15916, stack(0x0000007d85a00000,0x0000007d85b00000)]
  0x000001e99b2fae20 JavaThread "Reference Handler" daemon [_thread_blocked, id=16540, stack(0x0000007d86100000,0x0000007d86200000)]
  0x000001e99b2fde40 JavaThread "Finalizer" daemon [_thread_blocked, id=12412, stack(0x0000007d86200000,0x0000007d86300000)]
  0x000001e99f412510 JavaThread "Signal Dispatcher" daemon [_thread_blocked, id=13300, stack(0x0000007d86300000,0x0000007d86400000)]
  0x000001e99f414590 JavaThread "Attach Listener" daemon [_thread_blocked, id=14648, stack(0x0000007d86400000,0x0000007d86500000)]
  0x000001e99f416290 JavaThread "Service Thread" daemon [_thread_blocked, id=2336, stack(0x0000007d86500000,0x0000007d86600000)]
  0x000001e99f41a390 JavaThread "Monitor Deflation Thread" daemon [_thread_blocked, id=3428, stack(0x0000007d86600000,0x0000007d86700000)]
  0x000001e99f41b000 JavaThread "C2 CompilerThread0" daemon [_thread_blocked, id=11992, stack(0x0000007d86700000,0x0000007d86800000)]
  0x000001e99f41bab0 JavaThread "C1 CompilerThread0" daemon [_thread_blocked, id=16424, stack(0x0000007d86800000,0x0000007d86900000)]
  0x000001e99f525f20 JavaThread "Common-Cleaner" daemon [_thread_blocked, id=400, stack(0x0000007d86900000,0x0000007d86a00000)]
  0x000001e99f52f720 JavaThread "C1 CompilerThread1" daemon [_thread_blocked, id=15332, stack(0x0000007d86a00000,0x0000007d86b00000)]
  0x000001e99f533cc0 JavaThread "C1 CompilerThread2" daemon [_thread_blocked, id=17356, stack(0x0000007d86b00000,0x0000007d86c00000)]
  0x000001e99f5d0120 JavaThread "Notification Thread" daemon [_thread_blocked, id=16616, stack(0x0000007d86c00000,0x0000007d86d00000)]
  0x000001e9a017c780 JavaThread "C1 CompilerThread3" daemon [_thread_blocked, id=13636, stack(0x0000007d87000000,0x0000007d87100000)]
  0x000001e9a12462c0 JavaThread "Daemon health stats" [_thread_blocked, id=4364, stack(0x0000007d87500000,0x0000007d87600000)]
  0x000001e9a0f1cf70 JavaThread "Incoming local TCP Connector on port 56985" [_thread_in_native, id=5668, stack(0x0000007d87600000,0x0000007d87700000)]
  0x000001e9a0d7a050 JavaThread "Daemon periodic checks" [_thread_blocked, id=14308, stack(0x0000007d87700000,0x0000007d87800000)]
  0x000001e9a0fa7460 JavaThread "Daemon" [_thread_blocked, id=11072, stack(0x0000007d87800000,0x0000007d87900000)]
  0x000001e9a0fa8450 JavaThread "Handler for socket connection from /127.0.0.1:56985 to /127.0.0.1:56986" [_thread_in_native, id=14060, stack(0x0000007d87900000,0x0000007d87a00000)]
  0x000001e9a0fa79b0 JavaThread "Cancel handler" [_thread_blocked, id=3404, stack(0x0000007d87a00000,0x0000007d87b00000)]
  0x000001e9a0fa9ee0 JavaThread "Daemon worker" [_thread_blocked, id=17116, stack(0x0000007d87b00000,0x0000007d87c00000)]
  0x000001e9a0fa7f00 JavaThread "Asynchronous log dispatcher for DefaultDaemonConnection: socket connection from /127.0.0.1:56985 to /127.0.0.1:56986" [_thread_blocked, id=10444, stack(0x0000007d87c00000,0x0000007d87d00000)]
  0x000001e9a0faa430 JavaThread "Stdin handler" [_thread_blocked, id=16932, stack(0x0000007d87d00000,0x0000007d87e00000)]
  0x000001e9a0fa9440 JavaThread "Daemon client event forwarder" [_thread_blocked, id=17192, stack(0x0000007d87e00000,0x0000007d87f00000)]
  0x000001e9a0fa9990 JavaThread "Cache worker for journal cache (C:\Users\Admin\.gradle\caches\journal-1)" [_thread_blocked, id=17044, stack(0x0000007d87f00000,0x0000007d88000000)]
  0x000001e9a0faa980 JavaThread "File lock request listener" [_thread_in_native, id=8088, stack(0x0000007d88000000,0x0000007d88100000)]
  0x000001e9a0fa8ef0 JavaThread "Cache worker for file hash cache (C:\Users\Admin\.gradle\caches\8.1\fileHashes)" [_thread_blocked, id=7608, stack(0x0000007d88100000,0x0000007d88200000)]
  0x000001e9a0fa89a0 JavaThread "File watcher server" daemon [_thread_in_native, id=13200, stack(0x0000007d88a00000,0x0000007d88b00000)]
  0x000001e9a5563c50 JavaThread "File watcher consumer" daemon [_thread_blocked, id=12316, stack(0x0000007d88d00000,0x0000007d88e00000)]
  0x000001e9a5563700 JavaThread "jar transforms" [_thread_blocked, id=14332, stack(0x0000007d88e00000,0x0000007d88f00000)]
  0x000001e9a5565190 JavaThread "jar transforms Thread 2" [_thread_blocked, id=17120, stack(0x0000007d88f00000,0x0000007d89000000)]
  0x000001e9a5561720 JavaThread "jar transforms Thread 3" [_thread_blocked, id=12556, stack(0x0000007d89000000,0x0000007d89100000)]
  0x000001e9a55641a0 JavaThread "jar transforms Thread 4" [_thread_blocked, id=14288, stack(0x0000007d89100000,0x0000007d89200000)]
  0x000001e9a555dcb0 JavaThread "jar transforms Thread 5" [_thread_blocked, id=12152, stack(0x0000007d89200000,0x0000007d89300000)]
  0x000001e9a55646f0 JavaThread "jar transforms Thread 6" [_thread_blocked, id=9320, stack(0x0000007d89300000,0x0000007d89400000)]
  0x000001e9a5561c70 JavaThread "jar transforms Thread 7" [_thread_blocked, id=13296, stack(0x0000007d89400000,0x0000007d89500000)]
  0x000001e9a5560730 JavaThread "jar transforms Thread 8" [_thread_blocked, id=13440, stack(0x0000007d89500000,0x0000007d89600000)]
  0x000001e9a5564c40 JavaThread "jar transforms Thread 9" [_thread_blocked, id=17832, stack(0x0000007d89600000,0x0000007d89700000)]
  0x000001e9a5560c80 JavaThread "jar transforms Thread 10" [_thread_blocked, id=15624, stack(0x0000007d89700000,0x0000007d89800000)]
  0x000001e9a55656e0 JavaThread "jar transforms Thread 11" [_thread_blocked, id=18008, stack(0x0000007d89800000,0x0000007d89900000)]
  0x000001e9a555e200 JavaThread "jar transforms Thread 12" [_thread_blocked, id=16676, stack(0x0000007d89900000,0x0000007d89a00000)]
  0x000001e9a555f1f0 JavaThread "jar transforms Thread 13" [_thread_blocked, id=17860, stack(0x0000007d89a00000,0x0000007d89b00000)]
  0x000001e9a555e750 JavaThread "jar transforms Thread 14" [_thread_blocked, id=1288, stack(0x0000007d89b00000,0x0000007d89c00000)]
  0x000001e9a55611d0 JavaThread "jar transforms Thread 15" [_thread_blocked, id=11328, stack(0x0000007d89c00000,0x0000007d89d00000)]
  0x000001e9a55621c0 JavaThread "jar transforms Thread 16" [_thread_blocked, id=8780, stack(0x0000007d89d00000,0x0000007d89e00000)]
  0x000001e9a5562c60 JavaThread "Cache worker for checksums cache (C:\Users\Admin\AndroidStudioProjects\RSS-App\.gradle\8.1\checksums)" [_thread_blocked, id=12528, stack(0x0000007d89e00000,0x0000007d89f00000)]
  0x000001e9a555f740 JavaThread "Cache worker for cache directory md-rule (C:\Users\Admin\.gradle\caches\8.1\md-rule)" [_thread_blocked, id=16564, stack(0x0000007d89f00000,0x0000007d8a000000)]
  0x000001e9a5562710 JavaThread "Cache worker for file content cache (C:\Users\Admin\.gradle\caches\8.1\fileContent)" [_thread_blocked, id=13404, stack(0x0000007d8a000000,0x0000007d8a100000)]
  0x000001e9a555eca0 JavaThread "Cache worker for file hash cache (C:\Users\Admin\AndroidStudioProjects\RSS-App\.gradle\8.1\fileHashes)" [_thread_blocked, id=18172, stack(0x0000007d8a100000,0x0000007d8a200000)]
  0x000001e9a555fc90 JavaThread "Cache worker for cache directory md-supplier (C:\Users\Admin\.gradle\caches\8.1\md-supplier)" [_thread_blocked, id=3144, stack(0x0000007d8a200000,0x0000007d8a300000)]
  0x000001e9a55631b0 JavaThread "Cache worker for execution history cache (C:\Users\Admin\.gradle\caches\8.1\executionHistory)" [_thread_blocked, id=14864, stack(0x0000007d8a300000,0x0000007d8a400000)]
  0x000001e9a2895060 JavaThread "Cache worker for dependencies-accessors (C:\Users\Admin\AndroidStudioProjects\RSS-App\.gradle\8.1\dependencies-accessors)" [_thread_blocked, id=8528, stack(0x0000007d8a400000,0x0000007d8a500000)]
  0x000001e9a2896050 JavaThread "Cache worker for Build Output Cleanup Cache (C:\Users\Admin\AndroidStudioProjects\RSS-App\.gradle\buildOutputCleanup)" [_thread_blocked, id=15140, stack(0x0000007d8a500000,0x0000007d8a600000)]
  0x000001e9a28925e0 JavaThread "Unconstrained build operations" [_thread_blocked, id=14352, stack(0x0000007d86e00000,0x0000007d86f00000)]
  0x000001e9a2895b00 JavaThread "Unconstrained build operations Thread 2" [_thread_blocked, id=16020, stack(0x0000007d86f00000,0x0000007d87000000)]
  0x000001e9a28965a0 JavaThread "Unconstrained build operations Thread 3" [_thread_blocked, id=10480, stack(0x0000007d8a700000,0x0000007d8a800000)]
  0x000001e9a2896af0 JavaThread "Unconstrained build operations Thread 4" [_thread_blocked, id=18084, stack(0x0000007d8a800000,0x0000007d8a900000)]
  0x000001e9a2892090 JavaThread "Unconstrained build operations Thread 5" [_thread_blocked, id=2040, stack(0x0000007d8a900000,0x0000007d8aa00000)]
  0x000001e9a2892b30 JavaThread "Unconstrained build operations Thread 6" [_thread_blocked, id=17440, stack(0x0000007d8aa00000,0x0000007d8ab00000)]
  0x000001e9a2890b50 JavaThread "Unconstrained build operations Thread 7" [_thread_blocked, id=18264, stack(0x0000007d8ab00000,0x0000007d8ac00000)]
  0x000001e9a2897040 JavaThread "Unconstrained build operations Thread 8" [_thread_blocked, id=17392, stack(0x0000007d8ac00000,0x0000007d8ad00000)]
  0x000001e9a2893080 JavaThread "Unconstrained build operations Thread 9" [_thread_blocked, id=1864, stack(0x0000007d8ad00000,0x0000007d8ae00000)]
  0x000001e9a2897590 JavaThread "Unconstrained build operations Thread 10" [_thread_blocked, id=13008, stack(0x0000007d8ae00000,0x0000007d8af00000)]
  0x000001e9a28900b0 JavaThread "Unconstrained build operations Thread 11" [_thread_blocked, id=6188, stack(0x0000007d8af00000,0x0000007d8b000000)]
  0x000001e9a2891b40 JavaThread "Unconstrained build operations Thread 12" [_thread_blocked, id=13208, stack(0x0000007d8b000000,0x0000007d8b100000)]
  0x000001e9a18f36b0 JavaThread "Unconstrained build operations Thread 13" [_thread_blocked, id=17176, stack(0x0000007d8b100000,0x0000007d8b200000)]
  0x000001e9a18ef1a0 JavaThread "Unconstrained build operations Thread 14" [_thread_blocked, id=1120, stack(0x0000007d8b200000,0x0000007d8b300000)]
  0x000001e9a18ef6f0 JavaThread "Unconstrained build operations Thread 15" [_thread_blocked, id=7944, stack(0x0000007d8b300000,0x0000007d8b400000)]
  0x000001e9a18f4bf0 JavaThread "Unconstrained build operations Thread 16" [_thread_blocked, id=15032, stack(0x0000007d8b600000,0x0000007d8b700000)]
  0x000001e9a18f4150 JavaThread "Unconstrained build operations Thread 17" [_thread_blocked, id=11048, stack(0x0000007d8b700000,0x0000007d8b800000)]
  0x000001e9a18f5690 JavaThread "Unconstrained build operations Thread 18" [_thread_blocked, id=15964, stack(0x0000007d8b800000,0x0000007d8b900000)]
  0x000001e9a18efc40 JavaThread "Unconstrained build operations Thread 19" [_thread_blocked, id=17432, stack(0x0000007d8b900000,0x0000007d8ba00000)]
  0x000001e9a18f2c10 JavaThread "Unconstrained build operations Thread 20" [_thread_blocked, id=10996, stack(0x0000007d8b500000,0x0000007d8b600000)]
  0x000001e9a18f06e0 JavaThread "Unconstrained build operations Thread 21" [_thread_blocked, id=13732, stack(0x0000007d8ba00000,0x0000007d8bb00000)]
  0x000001e9a18f0190 JavaThread "Unconstrained build operations Thread 22" [_thread_blocked, id=17004, stack(0x0000007d8bb00000,0x0000007d8bc00000)]
  0x000001e9a18f5be0 JavaThread "Unconstrained build operations Thread 23" [_thread_blocked, id=15880, stack(0x0000007d8bc00000,0x0000007d8bd00000)]
  0x000001e9a18ee1b0 JavaThread "Unconstrained build operations Thread 24" [_thread_blocked, id=1224, stack(0x0000007d8b400000,0x0000007d8b500000)]
  0x000001e9a18f0c30 JavaThread "Unconstrained build operations Thread 25" [_thread_blocked, id=1856, stack(0x0000007d8bd00000,0x0000007d8be00000)]
  0x000001e9a18ee700 JavaThread "Unconstrained build operations Thread 26" [_thread_blocked, id=5104, stack(0x0000007d8be00000,0x0000007d8bf00000)]
  0x000001e9a18f3c00 JavaThread "Unconstrained build operations Thread 27" [_thread_blocked, id=1108, stack(0x0000007d8bf00000,0x0000007d8c000000)]
  0x000001e9a18f2170 JavaThread "Unconstrained build operations Thread 28" [_thread_blocked, id=17692, stack(0x0000007d8c000000,0x0000007d8c100000)]
  0x000001e9a18f1180 JavaThread "Unconstrained build operations Thread 29" [_thread_blocked, id=12240, stack(0x0000007d8c200000,0x0000007d8c300000)]
  0x000001e9a18f16d0 JavaThread "Unconstrained build operations Thread 30" [_thread_blocked, id=18012, stack(0x0000007d8c300000,0x0000007d8c400000)]
  0x000001e9a18f1c20 JavaThread "Unconstrained build operations Thread 31" [_thread_blocked, id=9796, stack(0x0000007d8c100000,0x0000007d8c200000)]
  0x000001e9a18f26c0 JavaThread "Unconstrained build operations Thread 32" [_thread_blocked, id=18052, stack(0x0000007d8c400000,0x0000007d8c500000)]
  0x000001e9a18f3160 JavaThread "Unconstrained build operations Thread 33" [_thread_blocked, id=2032, stack(0x0000007d8c500000,0x0000007d8c600000)]
  0x000001e9a18f46a0 JavaThread "Unconstrained build operations Thread 34" [_thread_blocked, id=17696, stack(0x0000007d8c600000,0x0000007d8c700000)]
  0x000001e9a5559780 JavaThread "Unconstrained build operations Thread 35" [_thread_blocked, id=14032, stack(0x0000007d8c700000,0x0000007d8c800000)]
  0x000001e9a555b210 JavaThread "Unconstrained build operations Thread 36" [_thread_blocked, id=16184, stack(0x0000007d8ca00000,0x0000007d8cb00000)]
  0x000001e9a5558ce0 JavaThread "Unconstrained build operations Thread 37" [_thread_blocked, id=17744, stack(0x0000007d8cb00000,0x0000007d8cc00000)]
  0x000001e9a555a770 JavaThread "Unconstrained build operations Thread 38" [_thread_blocked, id=2832, stack(0x0000007d8cc00000,0x0000007d8cd00000)]
  0x000001e9a555acc0 JavaThread "Unconstrained build operations Thread 39" [_thread_blocked, id=7072, stack(0x0000007d8cd00000,0x0000007d8ce00000)]
  0x000001e9a5559cd0 JavaThread "Unconstrained build operations Thread 40" [_thread_blocked, id=17624, stack(0x0000007d8ce00000,0x0000007d8cf00000)]
  0x000001e9a555a220 JavaThread "Unconstrained build operations Thread 41" [_thread_blocked, id=15580, stack(0x0000007d8cf00000,0x0000007d8d000000)]
  0x000001e9a5557cf0 JavaThread "Unconstrained build operations Thread 42" [_thread_blocked, id=3572, stack(0x0000007d8d000000,0x0000007d8d100000)]
  0x000001e9a5558240 JavaThread "Unconstrained build operations Thread 43" [_thread_blocked, id=17596, stack(0x0000007d8d100000,0x0000007d8d200000)]
  0x000001e9a5558790 JavaThread "Unconstrained build operations Thread 44" [_thread_blocked, id=6724, stack(0x0000007d8c800000,0x0000007d8c900000)]
  0x000001e9a5559230 JavaThread "Unconstrained build operations Thread 45" [_thread_blocked, id=8740, stack(0x0000007d8c900000,0x0000007d8ca00000)]
  0x000001e9a32c7bb0 JavaThread "Unconstrained build operations Thread 46" [_thread_blocked, id=11524, stack(0x0000007d8d200000,0x0000007d8d300000)]
  0x000001e9a32ca630 JavaThread "Unconstrained build operations Thread 47" [_thread_blocked, id=13484, stack(0x0000007d8d300000,0x0000007d8d400000)]
  0x000001e9a32c9640 JavaThread "Unconstrained build operations Thread 48" [_thread_blocked, id=7228, stack(0x0000007d8d400000,0x0000007d8d500000)]
  0x000001e9a32ca0e0 JavaThread "Unconstrained build operations Thread 49" [_thread_blocked, id=15612, stack(0x0000007d8d500000,0x0000007d8d600000)]
  0x000001e9a32c8650 JavaThread "Unconstrained build operations Thread 50" [_thread_blocked, id=17352, stack(0x0000007d8d600000,0x0000007d8d700000)]
  0x000001e9a32c8ba0 JavaThread "Unconstrained build operations Thread 51" [_thread_blocked, id=17156, stack(0x0000007d8d700000,0x0000007d8d800000)]
  0x000001e9a32c90f0 JavaThread "Unconstrained build operations Thread 52" [_thread_blocked, id=12880, stack(0x0000007d8d800000,0x0000007d8d900000)]
  0x000001e9a32c9b90 JavaThread "Unconstrained build operations Thread 53" [_thread_blocked, id=13040, stack(0x0000007d8d900000,0x0000007d8da00000)]
  0x000001e9a32cab80 JavaThread "Unconstrained build operations Thread 54" [_thread_blocked, id=8664, stack(0x0000007d8da00000,0x0000007d8db00000)]
  0x000001e9a32c7660 JavaThread "Unconstrained build operations Thread 55" [_thread_blocked, id=3760, stack(0x0000007d8db00000,0x0000007d8dc00000)]
  0x000001e9a32c8100 JavaThread "Unconstrained build operations Thread 56" [_thread_blocked, id=17080, stack(0x0000007d8dc00000,0x0000007d8dd00000)]
  0x000001e9a5b33f40 JavaThread "Unconstrained build operations Thread 57" [_thread_blocked, id=17212, stack(0x0000007d8dd00000,0x0000007d8de00000)]
  0x000001e9a5b369c0 JavaThread "Unconstrained build operations Thread 58" [_thread_blocked, id=15020, stack(0x0000007d8de00000,0x0000007d8df00000)]
  0x000001e9a5b359d0 JavaThread "Unconstrained build operations Thread 59" [_thread_blocked, id=2432, stack(0x0000007d8df00000,0x0000007d8e000000)]
  0x000001e9a5b36f10 JavaThread "Unconstrained build operations Thread 60" [_thread_blocked, id=16168, stack(0x0000007d8e000000,0x0000007d8e100000)]
  0x000001e9a5b349e0 JavaThread "Unconstrained build operations Thread 61" [_thread_blocked, id=12000, stack(0x0000007d8e100000,0x0000007d8e200000)]
  0x000001e9a5b35f20 JavaThread "Unconstrained build operations Thread 62" [_thread_blocked, id=1616, stack(0x0000007d8e200000,0x0000007d8e300000)]
  0x000001e9a5b339f0 JavaThread "Unconstrained build operations Thread 63" [_thread_blocked, id=8064, stack(0x0000007d8e300000,0x0000007d8e400000)]
  0x000001e9a5b34490 JavaThread "Unconstrained build operations Thread 64" [_thread_blocked, id=6996, stack(0x0000007d8e400000,0x0000007d8e500000)]
  0x000001e9a5b35480 JavaThread "Unconstrained build operations Thread 65" [_thread_blocked, id=8604, stack(0x0000007d8e500000,0x0000007d8e600000)]
  0x000001e9a5b36470 JavaThread "Unconstrained build operations Thread 66" [_thread_blocked, id=15804, stack(0x0000007d8e600000,0x0000007d8e700000)]
  0x000001e9a5b34f30 JavaThread "Unconstrained build operations Thread 67" [_thread_blocked, id=11656, stack(0x0000007d8e700000,0x0000007d8e800000)]
  0x000001e99f8ea050 JavaThread "Unconstrained build operations Thread 68" [_thread_blocked, id=17328, stack(0x0000007d8e800000,0x0000007d8e900000)]
  0x000001e99f8e8070 JavaThread "Unconstrained build operations Thread 69" [_thread_blocked, id=13768, stack(0x0000007d8e900000,0x0000007d8ea00000)]
  0x000001e99f8ee010 JavaThread "Unconstrained build operations Thread 70" [_thread_blocked, id=11068, stack(0x0000007d8ea00000,0x0000007d8eb00000)]
  0x000001e99f8edac0 JavaThread "Unconstrained build operations Thread 71" [_thread_blocked, id=13092, stack(0x0000007d8eb00000,0x0000007d8ec00000)]
  0x000001e99f8ebae0 JavaThread "Unconstrained build operations Thread 72" [_thread_blocked, id=7804, stack(0x0000007d8ec00000,0x0000007d8ed00000)]
  0x000001e9a1f2e100 JavaThread "C2 CompilerThread1" daemon [_thread_in_native, id=16980, stack(0x0000007d8ed00000,0x0000007d8ee00000)]
  0x000001e9a1f32950 JavaThread "C2 CompilerThread2" daemon [_thread_blocked, id=18392, stack(0x0000007d8ee00000,0x0000007d8ef00000)]

Other Threads:
=>0x000001e99b2dd010 VMThread "VM Thread" [stack: 0x0000007d86000000,0x0000007d86100000] [id=7300]
  0x000001e99f6ab0c0 WatcherThread "VM Periodic Task Thread" [stack: 0x0000007d86d00000,0x0000007d86e00000] [id=15136]
  0x000001e9fbdceec0 WorkerThread "GC Thread#0" [stack: 0x0000007d85b00000,0x0000007d85c00000] [id=14156]
  0x000001e99f6d43b0 WorkerThread "GC Thread#1" [stack: 0x0000007d87100000,0x0000007d87200000] [id=13308]
  0x000001e99f6d4680 WorkerThread "GC Thread#2" [stack: 0x0000007d87200000,0x0000007d87300000] [id=13856]
  0x000001e99f6d51c0 WorkerThread "GC Thread#3" [stack: 0x0000007d87300000,0x0000007d87400000] [id=4664]
  0x000001e99f6d4950 WorkerThread "GC Thread#4" [stack: 0x0000007d87400000,0x0000007d87500000] [id=17580]
  0x000001e9a0553070 WorkerThread "GC Thread#5" [stack: 0x0000007d88200000,0x0000007d88300000] [id=9544]
  0x000001e9a0552ad0 WorkerThread "GC Thread#6" [stack: 0x0000007d88300000,0x0000007d88400000] [id=16772]
  0x000001e9a0553610 WorkerThread "GC Thread#7" [stack: 0x0000007d88400000,0x0000007d88500000] [id=18376]
  0x000001e9a0554f60 WorkerThread "GC Thread#8" [stack: 0x0000007d88500000,0x0000007d88600000] [id=17228]
  0x000001e9a0553bb0 WorkerThread "GC Thread#9" [stack: 0x0000007d88600000,0x0000007d88700000] [id=6092]
  0x000001e9a0554c90 WorkerThread "GC Thread#10" [stack: 0x0000007d88700000,0x0000007d88800000] [id=5256]
  0x000001e9a0551f90 WorkerThread "GC Thread#11" [stack: 0x0000007d88800000,0x0000007d88900000] [id=16880]
  0x000001e9a0551450 WorkerThread "GC Thread#12" [stack: 0x0000007d88900000,0x0000007d88a00000] [id=12372]
  0x000001e9fbddfdd0 ConcurrentGCThread "G1 Main Marker" [stack: 0x0000007d85c00000,0x0000007d85d00000] [id=3112]
  0x000001e9fbde21d0 WorkerThread "G1 Conc#0" [stack: 0x0000007d85d00000,0x0000007d85e00000] [id=12752]
  0x000001e9a0552800 WorkerThread "G1 Conc#1" [stack: 0x0000007d88b00000,0x0000007d88c00000] [id=8684]
  0x000001e9a0552260 WorkerThread "G1 Conc#2" [stack: 0x0000007d88c00000,0x0000007d88d00000] [id=14500]
  0x000001e99b1595d0 ConcurrentGCThread "G1 Refine#0" [stack: 0x0000007d85e00000,0x0000007d85f00000] [id=9028]
  0x000001e99b15b490 ConcurrentGCThread "G1 Service" [stack: 0x0000007d85f00000,0x0000007d86000000] [id=15068]

Threads with active compile tasks:
C2 CompilerThread0    18891 11560       4       org.objectweb.asm.ClassReader::readMethod (1066 bytes)
C2 CompilerThread1    18891 11137       4       org.objectweb.asm.ClassReader::readCode (5109 bytes)
C2 CompilerThread2    18891 11609       4       org.objectweb.asm.ClassWriter::toByteArray (1535 bytes)

VM state: at safepoint (normal execution)

VM Mutex/Monitor currently owned by a thread:  ([mutex/lock_event])
[0x000001e9fbd6c4d0] Threads_lock - owner thread: 0x000001e99b2dd010
[0x000001e9fbd6d5b0] Heap_lock - owner thread: 0x000001e9a5564c40

Heap address: 0x0000000080000000, size: 2048 MB, Compressed Oops mode: 32-bit

CDS archive(s) mapped at: [0x0000000800000000-0x0000000800c60000-0x0000000800c60000), size 12976128, SharedBaseAddress: 0x0000000800000000, ArchiveRelocationMode: 0.
Compressed class space mapped at: 0x0000000801000000-0x0000000841000000, reserved size: 1073741824
Narrow klass base: 0x0000000800000000, Narrow klass shift: 0, Narrow klass range: 0x100000000

GC Precious Log:
 CardTable entry size: 512
 Card Set container configuration: InlinePtr #cards 5 size 8 Array Of Cards #cards 12 size 40 Howl #buckets 4 coarsen threshold 1843 Howl Bitmap #cards 512 size 80 coarsen threshold 460 Card regions per heap region 1 cards per card region 2048
 CPUs: 16 total, 16 available
 Memory: 7549M
 Large Page Support: Disabled
 NUMA Support: Disabled
 Compressed Oops: Enabled (32-bit)
 Heap Region Size: 1M
 Heap Min Capacity: 8M
 Heap Initial Capacity: 118M
 Heap Max Capacity: 2G
 Pre-touch: Disabled
 Parallel Workers: 13
 Concurrent Workers: 3
 Concurrent Refinement Workers: 13
 Periodic GC: Disabled

Heap:
 garbage-first heap   total 227328K, used 103455K [0x0000000080000000, 0x0000000100000000)
  region size 1024K, 6 young (6144K), 6 survivors (6144K)
 Metaspace       used 64010K, committed 65728K, reserved 1114112K
  class space    used 8418K, committed 9280K, reserved 1048576K

Heap Regions: E=young(eden), S=young(survivor), O=old, HS=humongous(starts), HC=humongous(continues), CS=collection set, F=free, OA=open archive, CA=closed archive, TAMS=top-at-mark-start, PB=parsable bottom
|   0|0x0000000080000000, 0x0000000080100000, 0x0000000080100000|100%|HS|  |TAMS 0x0000000080100000| PB 0x0000000080000000| Complete 
|   1|0x0000000080100000, 0x0000000080200000, 0x0000000080200000|100%|HC|  |TAMS 0x0000000080200000| PB 0x0000000080100000| Complete 
|   2|0x0000000080200000, 0x0000000080300000, 0x0000000080300000|100%|HC|  |TAMS 0x0000000080300000| PB 0x0000000080200000| Complete 
|   3|0x0000000080300000, 0x0000000080400000, 0x0000000080400000|100%|HC|  |TAMS 0x0000000080400000| PB 0x0000000080300000| Complete 
|   4|0x0000000080400000, 0x0000000080500000, 0x0000000080500000|100%| O|  |TAMS 0x0000000080500000| PB 0x0000000080400000| Untracked 
|   5|0x0000000080500000, 0x0000000080600000, 0x0000000080600000|100%| O|  |TAMS 0x0000000080600000| PB 0x0000000080500000| Untracked 
|   6|0x0000000080600000, 0x0000000080700000, 0x0000000080700000|100%| O|  |TAMS 0x0000000080700000| PB 0x0000000080600000| Untracked 
|   7|0x0000000080700000, 0x0000000080800000, 0x0000000080800000|100%| O|  |TAMS 0x0000000080800000| PB 0x0000000080700000| Untracked 
|   8|0x0000000080800000, 0x0000000080900000, 0x0000000080900000|100%| O|  |TAMS 0x0000000080900000| PB 0x0000000080800000| Untracked 
|   9|0x0000000080900000, 0x0000000080a00000, 0x0000000080a00000|100%| O|  |TAMS 0x0000000080a00000| PB 0x0000000080900000| Untracked 
|  10|0x0000000080a00000, 0x0000000080b00000, 0x0000000080b00000|100%| O|  |TAMS 0x0000000080b00000| PB 0x0000000080a00000| Untracked 
|  11|0x0000000080b00000, 0x0000000080c00000, 0x0000000080c00000|100%| O|  |TAMS 0x0000000080c00000| PB 0x0000000080b00000| Untracked 
|  12|0x0000000080c00000, 0x0000000080d00000, 0x0000000080d00000|100%| O|  |TAMS 0x0000000080d00000| PB 0x0000000080c00000| Untracked 
|  13|0x0000000080d00000, 0x0000000080e00000, 0x0000000080e00000|100%| O|  |TAMS 0x0000000080e00000| PB 0x0000000080d00000| Untracked 
|  14|0x0000000080e00000, 0x0000000080f00000, 0x0000000080f00000|100%| O|  |TAMS 0x0000000080f00000| PB 0x0000000080e00000| Untracked 
|  15|0x0000000080f00000, 0x0000000081000000, 0x0000000081000000|100%| O|  |TAMS 0x0000000081000000| PB 0x0000000080f00000| Untracked 
|  16|0x0000000081000000, 0x0000000081100000, 0x0000000081100000|100%| O|  |TAMS 0x0000000081100000| PB 0x0000000081000000| Untracked 
|  17|0x0000000081100000, 0x0000000081200000, 0x0000000081200000|100%| O|  |TAMS 0x0000000081200000| PB 0x0000000081100000| Untracked 
|  18|0x0000000081200000, 0x0000000081300000, 0x0000000081300000|100%| O|  |TAMS 0x0000000081300000| PB 0x0000000081200000| Untracked 
|  19|0x0000000081300000, 0x0000000081400000, 0x0000000081400000|100%| O|  |TAMS 0x0000000081400000| PB 0x0000000081300000| Untracked 
|  20|0x0000000081400000, 0x0000000081500000, 0x0000000081500000|100%| O|  |TAMS 0x0000000081500000| PB 0x0000000081400000| Untracked 
|  21|0x0000000081500000, 0x0000000081600000, 0x0000000081600000|100%|HS|  |TAMS 0x0000000081600000| PB 0x0000000081500000| Complete 
|  22|0x0000000081600000, 0x0000000081700000, 0x0000000081700000|100%|HC|  |TAMS 0x0000000081700000| PB 0x0000000081600000| Complete 
|  23|0x0000000081700000, 0x0000000081800000, 0x0000000081800000|100%|HS|  |TAMS 0x0000000081800000| PB 0x0000000081700000| Complete 
|  24|0x0000000081800000, 0x0000000081900000, 0x0000000081900000|100%|HC|  |TAMS 0x0000000081900000| PB 0x0000000081800000| Complete 
|  25|0x0000000081900000, 0x0000000081a00000, 0x0000000081a00000|100%|HC|  |TAMS 0x0000000081a00000| PB 0x0000000081900000| Complete 
|  26|0x0000000081a00000, 0x0000000081b00000, 0x0000000081b00000|100%|HS|  |TAMS 0x0000000081b00000| PB 0x0000000081a00000| Complete 
|  27|0x0000000081b00000, 0x0000000081c00000, 0x0000000081c00000|100%|HC|  |TAMS 0x0000000081c00000| PB 0x0000000081b00000| Complete 
|  28|0x0000000081c00000, 0x0000000081d00000, 0x0000000081d00000|100%|HC|  |TAMS 0x0000000081d00000| PB 0x0000000081c00000| Complete 
|  29|0x0000000081d00000, 0x0000000081e00000, 0x0000000081e00000|100%|HS|  |TAMS 0x0000000081e00000| PB 0x0000000081d00000| Complete 
|  30|0x0000000081e00000, 0x0000000081f00000, 0x0000000081f00000|100%|HC|  |TAMS 0x0000000081f00000| PB 0x0000000081e00000| Complete 
|  31|0x0000000081f00000, 0x0000000082000000, 0x0000000082000000|100%|HS|  |TAMS 0x0000000082000000| PB 0x0000000081f00000| Complete 
|  32|0x0000000082000000, 0x0000000082100000, 0x0000000082100000|100%|HC|  |TAMS 0x0000000082100000| PB 0x0000000082000000| Complete 
|  33|0x0000000082100000, 0x0000000082200000, 0x0000000082200000|100%|HC|  |TAMS 0x0000000082200000| PB 0x0000000082100000| Complete 
|  34|0x0000000082200000, 0x0000000082300000, 0x0000000082300000|100%|HC|  |TAMS 0x0000000082300000| PB 0x0000000082200000| Complete 
|  35|0x0000000082300000, 0x0000000082400000, 0x0000000082400000|100%|HC|  |TAMS 0x0000000082400000| PB 0x0000000082300000| Complete 
|  36|0x0000000082400000, 0x0000000082500000, 0x0000000082500000|100%|HC|  |TAMS 0x0000000082500000| PB 0x0000000082400000| Complete 
|  37|0x0000000082500000, 0x0000000082600000, 0x0000000082600000|100%|HC|  |TAMS 0x0000000082600000| PB 0x0000000082500000| Complete 
|  38|0x0000000082600000, 0x0000000082700000, 0x0000000082700000|100%|HC|  |TAMS 0x0000000082700000| PB 0x0000000082600000| Complete 
|  39|0x0000000082700000, 0x0000000082800000, 0x0000000082800000|100%|HC|  |TAMS 0x0000000082800000| PB 0x0000000082700000| Complete 
|  40|0x0000000082800000, 0x0000000082900000, 0x0000000082900000|100%|HC|  |TAMS 0x0000000082900000| PB 0x0000000082800000| Complete 
|  41|0x0000000082900000, 0x0000000082a00000, 0x0000000082a00000|100%|HS|  |TAMS 0x0000000082a00000| PB 0x0000000082900000| Complete 
|  42|0x0000000082a00000, 0x0000000082b00000, 0x0000000082b00000|100%|HC|  |TAMS 0x0000000082b00000| PB 0x0000000082a00000| Complete 
|  43|0x0000000082b00000, 0x0000000082c00000, 0x0000000082c00000|100%|HS|  |TAMS 0x0000000082c00000| PB 0x0000000082b00000| Complete 
|  44|0x0000000082c00000, 0x0000000082d00000, 0x0000000082d00000|100%|HC|  |TAMS 0x0000000082d00000| PB 0x0000000082c00000| Complete 
|  45|0x0000000082d00000, 0x0000000082e00000, 0x0000000082e00000|100%|HC|  |TAMS 0x0000000082e00000| PB 0x0000000082d00000| Complete 
|  46|0x0000000082e00000, 0x0000000082f00000, 0x0000000082f00000|100%|HC|  |TAMS 0x0000000082f00000| PB 0x0000000082e00000| Complete 
|  47|0x0000000082f00000, 0x0000000083000000, 0x0000000083000000|100%|HC|  |TAMS 0x0000000083000000| PB 0x0000000082f00000| Complete 
|  48|0x0000000083000000, 0x0000000083100000, 0x0000000083100000|100%| O|  |TAMS 0x0000000083100000| PB 0x0000000083000000| Untracked 
|  49|0x0000000083100000, 0x0000000083200000, 0x0000000083200000|100%| O|  |TAMS 0x0000000083200000| PB 0x0000000083100000| Untracked 
|  50|0x0000000083200000, 0x0000000083300000, 0x0000000083300000|100%| O|  |TAMS 0x0000000083300000| PB 0x0000000083200000| Untracked 
|  51|0x0000000083300000, 0x0000000083400000, 0x0000000083400000|100%| O|  |TAMS 0x0000000083400000| PB 0x0000000083300000| Untracked 
|  52|0x0000000083400000, 0x0000000083500000, 0x0000000083500000|100%| O|  |TAMS 0x0000000083500000| PB 0x0000000083400000| Untracked 
|  53|0x0000000083500000, 0x0000000083600000, 0x0000000083600000|100%| O|  |TAMS 0x0000000083600000| PB 0x0000000083500000| Untracked 
|  54|0x0000000083600000, 0x0000000083700000, 0x0000000083700000|100%| O|  |TAMS 0x0000000083700000| PB 0x0000000083600000| Untracked 
|  55|0x0000000083700000, 0x0000000083800000, 0x0000000083800000|100%| O|  |TAMS 0x0000000083800000| PB 0x0000000083700000| Untracked 
|  56|0x0000000083800000, 0x0000000083900000, 0x0000000083900000|100%| O|  |TAMS 0x0000000083900000| PB 0x0000000083800000| Untracked 
|  57|0x0000000083900000, 0x0000000083a00000, 0x0000000083a00000|100%|HS|  |TAMS 0x0000000083a00000| PB 0x0000000083900000| Complete 
|  58|0x0000000083a00000, 0x0000000083b00000, 0x0000000083b00000|100%|HC|  |TAMS 0x0000000083b00000| PB 0x0000000083a00000| Complete 
|  59|0x0000000083b00000, 0x0000000083c00000, 0x0000000083c00000|100%|HC|  |TAMS 0x0000000083c00000| PB 0x0000000083b00000| Complete 
|  60|0x0000000083c00000, 0x0000000083d00000, 0x0000000083d00000|100%| O|  |TAMS 0x0000000083d00000| PB 0x0000000083c00000| Untracked 
|  61|0x0000000083d00000, 0x0000000083e00000, 0x0000000083e00000|100%| O|  |TAMS 0x0000000083e00000| PB 0x0000000083d00000| Untracked 
|  62|0x0000000083e00000, 0x0000000083f00000, 0x0000000083f00000|100%| O|  |TAMS 0x0000000083f00000| PB 0x0000000083e00000| Untracked 
|  63|0x0000000083f00000, 0x0000000084000000, 0x0000000084000000|100%| O|  |TAMS 0x0000000084000000| PB 0x0000000083f00000| Untracked 
|  64|0x0000000084000000, 0x0000000084100000, 0x0000000084100000|100%| O|  |TAMS 0x0000000084100000| PB 0x0000000084000000| Untracked 
|  65|0x0000000084100000, 0x0000000084200000, 0x0000000084200000|100%| O|  |TAMS 0x0000000084200000| PB 0x0000000084100000| Untracked 
|  66|0x0000000084200000, 0x0000000084300000, 0x0000000084300000|100%|HS|  |TAMS 0x0000000084300000| PB 0x0000000084200000| Complete 
|  67|0x0000000084300000, 0x0000000084400000, 0x0000000084400000|100%|HC|  |TAMS 0x0000000084400000| PB 0x0000000084300000| Complete 
|  68|0x0000000084400000, 0x0000000084500000, 0x0000000084500000|100%|HC|  |TAMS 0x0000000084500000| PB 0x0000000084400000| Complete 
|  69|0x0000000084500000, 0x0000000084600000, 0x0000000084600000|100%| O|  |TAMS 0x0000000084600000| PB 0x0000000084500000| Untracked 
|  70|0x0000000084600000, 0x0000000084700000, 0x0000000084700000|100%|HS|  |TAMS 0x0000000084700000| PB 0x0000000084600000| Complete 
|  71|0x0000000084700000, 0x0000000084800000, 0x0000000084800000|100%|HC|  |TAMS 0x0000000084800000| PB 0x0000000084700000| Complete 
|  72|0x0000000084800000, 0x0000000084900000, 0x0000000084900000|100%|HC|  |TAMS 0x0000000084900000| PB 0x0000000084800000| Complete 
|  73|0x0000000084900000, 0x0000000084a00000, 0x0000000084a00000|100%| O|  |TAMS 0x0000000084a00000| PB 0x0000000084900000| Untracked 
|  74|0x0000000084a00000, 0x0000000084b00000, 0x0000000084b00000|100%| O|  |TAMS 0x0000000084b00000| PB 0x0000000084a00000| Untracked 
|  75|0x0000000084b00000, 0x0000000084c00000, 0x0000000084c00000|100%| O|  |TAMS 0x0000000084c00000| PB 0x0000000084b00000| Untracked 
|  76|0x0000000084c00000, 0x0000000084d00000, 0x0000000084d00000|100%| O|  |TAMS 0x0000000084d00000| PB 0x0000000084c00000| Untracked 
|  77|0x0000000084d00000, 0x0000000084e00000, 0x0000000084e00000|100%| O|  |TAMS 0x0000000084e00000| PB 0x0000000084d00000| Untracked 
|  78|0x0000000084e00000, 0x0000000084f00000, 0x0000000084f00000|100%| O|  |TAMS 0x0000000084f00000| PB 0x0000000084e00000| Untracked 
|  79|0x0000000084f00000, 0x0000000085000000, 0x0000000085000000|100%| O|  |TAMS 0x0000000085000000| PB 0x0000000084f00000| Untracked 
|  80|0x0000000085000000, 0x00000000850cf400, 0x0000000085100000| 80%| O|  |TAMS 0x00000000850cf400| PB 0x0000000085000000| Untracked 
|  81|0x0000000085100000, 0x0000000085200000, 0x0000000085200000|100%| O|  |TAMS 0x0000000085200000| PB 0x0000000085100000| Untracked 
|  82|0x0000000085200000, 0x0000000085300000, 0x0000000085300000|100%| O|  |TAMS 0x0000000085300000| PB 0x0000000085200000| Untracked 
|  83|0x0000000085300000, 0x0000000085400000, 0x0000000085400000|100%| O|  |TAMS 0x0000000085400000| PB 0x0000000085300000| Untracked 
|  84|0x0000000085400000, 0x0000000085500000, 0x0000000085500000|100%| O|  |TAMS 0x0000000085500000| PB 0x0000000085400000| Untracked 
|  85|0x0000000085500000, 0x0000000085500000, 0x0000000085600000|  0%| F|  |TAMS 0x0000000085500000| PB 0x0000000085500000| Untracked 
|  86|0x0000000085600000, 0x0000000085700000, 0x0000000085700000|100%|HS|  |TAMS 0x0000000085700000| PB 0x0000000085600000| Complete 
|  87|0x0000000085700000, 0x0000000085800000, 0x0000000085800000|100%|HS|  |TAMS 0x0000000085800000| PB 0x0000000085700000| Complete 
|  88|0x0000000085800000, 0x0000000085900000, 0x0000000085900000|100%|HS|  |TAMS 0x0000000085900000| PB 0x0000000085800000| Complete 
|  89|0x0000000085900000, 0x0000000085900000, 0x0000000085a00000|  0%| F|  |TAMS 0x0000000085900000| PB 0x0000000085900000| Untracked 
|  90|0x0000000085a00000, 0x0000000085b00000, 0x0000000085b00000|100%| O|  |TAMS 0x0000000085b00000| PB 0x0000000085a00000| Untracked 
|  91|0x0000000085b00000, 0x0000000085c00000, 0x0000000085c00000|100%| O|  |TAMS 0x0000000085c00000| PB 0x0000000085b00000| Untracked 
|  92|0x0000000085c00000, 0x0000000085d00000, 0x0000000085d00000|100%| O|  |TAMS 0x0000000085d00000| PB 0x0000000085c00000| Untracked 
|  93|0x0000000085d00000, 0x0000000085d00000, 0x0000000085e00000|  0%| F|  |TAMS 0x0000000085d00000| PB 0x0000000085d00000| Untracked 
|  94|0x0000000085e00000, 0x0000000085f00000, 0x0000000085f00000|100%| O|  |TAMS 0x0000000085f00000| PB 0x0000000085e00000| Untracked 
|  95|0x0000000085f00000, 0x0000000086000000, 0x0000000086000000|100%| O|  |TAMS 0x0000000086000000| PB 0x0000000085f00000| Untracked 
|  96|0x0000000086000000, 0x0000000086000000, 0x0000000086100000|  0%| F|  |TAMS 0x0000000086000000| PB 0x0000000086000000| Untracked 
|  97|0x0000000086100000, 0x0000000086100000, 0x0000000086200000|  0%| F|  |TAMS 0x0000000086100000| PB 0x0000000086100000| Untracked 
|  98|0x0000000086200000, 0x0000000086200000, 0x0000000086300000|  0%| F|  |TAMS 0x0000000086200000| PB 0x0000000086200000| Untracked 
|  99|0x0000000086300000, 0x0000000086300000, 0x0000000086400000|  0%| F|  |TAMS 0x0000000086300000| PB 0x0000000086300000| Untracked 
| 100|0x0000000086400000, 0x0000000086400000, 0x0000000086500000|  0%| F|  |TAMS 0x0000000086400000| PB 0x0000000086400000| Untracked 
| 101|0x0000000086500000, 0x0000000086500000, 0x0000000086600000|  0%| F|  |TAMS 0x0000000086500000| PB 0x0000000086500000| Untracked 
| 102|0x0000000086600000, 0x0000000086600000, 0x0000000086700000|  0%| F|  |TAMS 0x0000000086600000| PB 0x0000000086600000| Untracked 
| 103|0x0000000086700000, 0x0000000086700000, 0x0000000086800000|  0%| F|  |TAMS 0x0000000086700000| PB 0x0000000086700000| Untracked 
| 104|0x0000000086800000, 0x0000000086838bf0, 0x0000000086900000| 22%| S|CS|TAMS 0x0000000086800000| PB 0x0000000086800000| Complete 
| 105|0x0000000086900000, 0x0000000086a00000, 0x0000000086a00000|100%| S|CS|TAMS 0x0000000086900000| PB 0x0000000086900000| Complete 
| 106|0x0000000086a00000, 0x0000000086a00000, 0x0000000086b00000|  0%| F|  |TAMS 0x0000000086a00000| PB 0x0000000086a00000| Untracked 
| 107|0x0000000086b00000, 0x0000000086b00000, 0x0000000086c00000|  0%| F|  |TAMS 0x0000000086b00000| PB 0x0000000086b00000| Untracked 
| 108|0x0000000086c00000, 0x0000000086c00000, 0x0000000086d00000|  0%| F|  |TAMS 0x0000000086c00000| PB 0x0000000086c00000| Untracked 
| 109|0x0000000086d00000, 0x0000000086d00000, 0x0000000086e00000|  0%| F|  |TAMS 0x0000000086d00000| PB 0x0000000086d00000| Untracked 
| 110|0x0000000086e00000, 0x0000000086e00000, 0x0000000086f00000|  0%| F|  |TAMS 0x0000000086e00000| PB 0x0000000086e00000| Untracked 
| 111|0x0000000086f00000, 0x0000000087000000, 0x0000000087000000|100%| S|CS|TAMS 0x0000000086f00000| PB 0x0000000086f00000| Complete 
| 112|0x0000000087000000, 0x0000000087100000, 0x0000000087100000|100%| S|CS|TAMS 0x0000000087000000| PB 0x0000000087000000| Complete 
| 113|0x0000000087100000, 0x0000000087200000, 0x0000000087200000|100%| S|CS|TAMS 0x0000000087100000| PB 0x0000000087100000| Complete 
| 114|0x0000000087200000, 0x0000000087300000, 0x0000000087300000|100%| S|CS|TAMS 0x0000000087200000| PB 0x0000000087200000| Complete 
| 115|0x0000000087300000, 0x0000000087300000, 0x0000000087400000|  0%| F|  |TAMS 0x0000000087300000| PB 0x0000000087300000| Untracked 
| 116|0x0000000087400000, 0x0000000087400000, 0x0000000087500000|  0%| F|  |TAMS 0x0000000087400000| PB 0x0000000087400000| Untracked 
| 117|0x0000000087500000, 0x0000000087500000, 0x0000000087600000|  0%| F|  |TAMS 0x0000000087500000| PB 0x0000000087500000| Untracked 
| 118|0x0000000087600000, 0x0000000087600000, 0x0000000087700000|  0%| F|  |TAMS 0x0000000087600000| PB 0x0000000087600000| Untracked 
| 119|0x0000000087700000, 0x0000000087700000, 0x0000000087800000|  0%| F|  |TAMS 0x0000000087700000| PB 0x0000000087700000| Untracked 
| 120|0x0000000087800000, 0x0000000087800000, 0x0000000087900000|  0%| F|  |TAMS 0x0000000087800000| PB 0x0000000087800000| Untracked 
| 121|0x0000000087900000, 0x0000000087900000, 0x0000000087a00000|  0%| F|  |TAMS 0x0000000087900000| PB 0x0000000087900000| Untracked 
| 122|0x0000000087a00000, 0x0000000087a00000, 0x0000000087b00000|  0%| F|  |TAMS 0x0000000087a00000| PB 0x0000000087a00000| Untracked 
| 123|0x0000000087b00000, 0x0000000087b00000, 0x0000000087c00000|  0%| F|  |TAMS 0x0000000087b00000| PB 0x0000000087b00000| Untracked 
| 124|0x0000000087c00000, 0x0000000087c00000, 0x0000000087d00000|  0%| F|  |TAMS 0x0000000087c00000| PB 0x0000000087c00000| Untracked 
| 125|0x0000000087d00000, 0x0000000087d00000, 0x0000000087e00000|  0%| F|  |TAMS 0x0000000087d00000| PB 0x0000000087d00000| Untracked 
| 126|0x0000000087e00000, 0x0000000087e00000, 0x0000000087f00000|  0%| F|  |TAMS 0x0000000087e00000| PB 0x0000000087e00000| Untracked 
| 127|0x0000000087f00000, 0x0000000087f00000, 0x0000000088000000|  0%| F|  |TAMS 0x0000000087f00000| PB 0x0000000087f00000| Untracked 
| 128|0x0000000088000000, 0x0000000088000000, 0x0000000088100000|  0%| F|  |TAMS 0x0000000088000000| PB 0x0000000088000000| Untracked 
| 129|0x0000000088100000, 0x0000000088100000, 0x0000000088200000|  0%| F|  |TAMS 0x0000000088100000| PB 0x0000000088100000| Untracked 
| 130|0x0000000088200000, 0x0000000088200000, 0x0000000088300000|  0%| F|  |TAMS 0x0000000088200000| PB 0x0000000088200000| Untracked 
| 131|0x0000000088300000, 0x0000000088300000, 0x0000000088400000|  0%| F|  |TAMS 0x0000000088300000| PB 0x0000000088300000| Untracked 
| 132|0x0000000088400000, 0x0000000088400000, 0x0000000088500000|  0%| F|  |TAMS 0x0000000088400000| PB 0x0000000088400000| Untracked 
| 133|0x0000000088500000, 0x0000000088500000, 0x0000000088600000|  0%| F|  |TAMS 0x0000000088500000| PB 0x0000000088500000| Untracked 
| 134|0x0000000088600000, 0x0000000088600000, 0x0000000088700000|  0%| F|  |TAMS 0x0000000088600000| PB 0x0000000088600000| Untracked 
| 135|0x0000000088700000, 0x0000000088700000, 0x0000000088800000|  0%| F|  |TAMS 0x0000000088700000| PB 0x0000000088700000| Untracked 
| 136|0x0000000088800000, 0x0000000088800000, 0x0000000088900000|  0%| F|  |TAMS 0x0000000088800000| PB 0x0000000088800000| Untracked 
| 137|0x0000000088900000, 0x0000000088900000, 0x0000000088a00000|  0%| F|  |TAMS 0x0000000088900000| PB 0x0000000088900000| Untracked 
| 138|0x0000000088a00000, 0x0000000088a00000, 0x0000000088b00000|  0%| F|  |TAMS 0x0000000088a00000| PB 0x0000000088a00000| Untracked 
| 139|0x0000000088b00000, 0x0000000088b00000, 0x0000000088c00000|  0%| F|  |TAMS 0x0000000088b00000| PB 0x0000000088b00000| Untracked 
| 140|0x0000000088c00000, 0x0000000088c00000, 0x0000000088d00000|  0%| F|  |TAMS 0x0000000088c00000| PB 0x0000000088c00000| Untracked 
| 141|0x0000000088d00000, 0x0000000088d00000, 0x0000000088e00000|  0%| F|  |TAMS 0x0000000088d00000| PB 0x0000000088d00000| Untracked 
| 142|0x0000000088e00000, 0x0000000088e00000, 0x0000000088f00000|  0%| F|  |TAMS 0x0000000088e00000| PB 0x0000000088e00000| Untracked 
| 143|0x0000000088f00000, 0x0000000088f00000, 0x0000000089000000|  0%| F|  |TAMS 0x0000000088f00000| PB 0x0000000088f00000| Untracked 
| 144|0x0000000089000000, 0x0000000089000000, 0x0000000089100000|  0%| F|  |TAMS 0x0000000089000000| PB 0x0000000089000000| Untracked 
| 145|0x0000000089100000, 0x0000000089100000, 0x0000000089200000|  0%| F|  |TAMS 0x0000000089100000| PB 0x0000000089100000| Untracked 
| 146|0x0000000089200000, 0x0000000089200000, 0x0000000089300000|  0%| F|  |TAMS 0x0000000089200000| PB 0x0000000089200000| Untracked 
| 147|0x0000000089300000, 0x0000000089300000, 0x0000000089400000|  0%| F|  |TAMS 0x0000000089300000| PB 0x0000000089300000| Untracked 
| 148|0x0000000089400000, 0x0000000089400000, 0x0000000089500000|  0%| F|  |TAMS 0x0000000089400000| PB 0x0000000089400000| Untracked 
| 149|0x0000000089500000, 0x0000000089500000, 0x0000000089600000|  0%| F|  |TAMS 0x0000000089500000| PB 0x0000000089500000| Untracked 
| 150|0x0000000089600000, 0x0000000089600000, 0x0000000089700000|  0%| F|  |TAMS 0x0000000089600000| PB 0x0000000089600000| Untracked 
| 151|0x0000000089700000, 0x0000000089700000, 0x0000000089800000|  0%| F|  |TAMS 0x0000000089700000| PB 0x0000000089700000| Untracked 
| 152|0x0000000089800000, 0x0000000089800000, 0x0000000089900000|  0%| F|  |TAMS 0x0000000089800000| PB 0x0000000089800000| Untracked 
| 153|0x0000000089900000, 0x0000000089900000, 0x0000000089a00000|  0%| F|  |TAMS 0x0000000089900000| PB 0x0000000089900000| Untracked 
| 154|0x0000000089a00000, 0x0000000089a00000, 0x0000000089b00000|  0%| F|  |TAMS 0x0000000089a00000| PB 0x0000000089a00000| Untracked 
| 155|0x0000000089b00000, 0x0000000089b00000, 0x0000000089c00000|  0%| F|  |TAMS 0x0000000089b00000| PB 0x0000000089b00000| Untracked 
| 156|0x0000000089c00000, 0x0000000089c00000, 0x0000000089d00000|  0%| F|  |TAMS 0x0000000089c00000| PB 0x0000000089c00000| Untracked 
| 157|0x0000000089d00000, 0x0000000089d00000, 0x0000000089e00000|  0%| F|  |TAMS 0x0000000089d00000| PB 0x0000000089d00000| Untracked 
| 158|0x0000000089e00000, 0x0000000089e00000, 0x0000000089f00000|  0%| F|  |TAMS 0x0000000089e00000| PB 0x0000000089e00000| Untracked 
| 159|0x0000000089f00000, 0x0000000089f00000, 0x000000008a000000|  0%| F|  |TAMS 0x0000000089f00000| PB 0x0000000089f00000| Untracked 
| 160|0x000000008a000000, 0x000000008a000000, 0x000000008a100000|  0%| F|  |TAMS 0x000000008a000000| PB 0x000000008a000000| Untracked 
| 161|0x000000008a100000, 0x000000008a100000, 0x000000008a200000|  0%| F|  |TAMS 0x000000008a100000| PB 0x000000008a100000| Untracked 
| 162|0x000000008a200000, 0x000000008a200000, 0x000000008a300000|  0%| F|  |TAMS 0x000000008a200000| PB 0x000000008a200000| Untracked 
| 163|0x000000008a300000, 0x000000008a300000, 0x000000008a400000|  0%| F|  |TAMS 0x000000008a300000| PB 0x000000008a300000| Untracked 
| 164|0x000000008a400000, 0x000000008a400000, 0x000000008a500000|  0%| F|  |TAMS 0x000000008a400000| PB 0x000000008a400000| Untracked 
| 165|0x000000008a500000, 0x000000008a500000, 0x000000008a600000|  0%| F|  |TAMS 0x000000008a500000| PB 0x000000008a500000| Untracked 
| 166|0x000000008a600000, 0x000000008a600000, 0x000000008a700000|  0%| F|  |TAMS 0x000000008a600000| PB 0x000000008a600000| Untracked 
| 167|0x000000008a700000, 0x000000008a700000, 0x000000008a800000|  0%| F|  |TAMS 0x000000008a700000| PB 0x000000008a700000| Untracked 
| 168|0x000000008a800000, 0x000000008a800000, 0x000000008a900000|  0%| F|  |TAMS 0x000000008a800000| PB 0x000000008a800000| Untracked 
| 169|0x000000008a900000, 0x000000008a900000, 0x000000008aa00000|  0%| F|  |TAMS 0x000000008a900000| PB 0x000000008a900000| Untracked 
| 170|0x000000008aa00000, 0x000000008aa00000, 0x000000008ab00000|  0%| F|  |TAMS 0x000000008aa00000| PB 0x000000008aa00000| Untracked 
| 171|0x000000008ab00000, 0x000000008ab00000, 0x000000008ac00000|  0%| F|  |TAMS 0x000000008ab00000| PB 0x000000008ab00000| Untracked 
| 172|0x000000008ac00000, 0x000000008ac00000, 0x000000008ad00000|  0%| F|  |TAMS 0x000000008ac00000| PB 0x000000008ac00000| Untracked 
| 173|0x000000008ad00000, 0x000000008ad00000, 0x000000008ae00000|  0%| F|  |TAMS 0x000000008ad00000| PB 0x000000008ad00000| Untracked 
| 174|0x000000008ae00000, 0x000000008ae00000, 0x000000008af00000|  0%| F|  |TAMS 0x000000008ae00000| PB 0x000000008ae00000| Untracked 
| 175|0x000000008af00000, 0x000000008af00000, 0x000000008b000000|  0%| F|  |TAMS 0x000000008af00000| PB 0x000000008af00000| Untracked 
| 176|0x000000008b000000, 0x000000008b000000, 0x000000008b100000|  0%| F|  |TAMS 0x000000008b000000| PB 0x000000008b000000| Untracked 
| 177|0x000000008b100000, 0x000000008b100000, 0x000000008b200000|  0%| F|  |TAMS 0x000000008b100000| PB 0x000000008b100000| Untracked 
| 178|0x000000008b200000, 0x000000008b200000, 0x000000008b300000|  0%| F|  |TAMS 0x000000008b200000| PB 0x000000008b200000| Untracked 
| 179|0x000000008b300000, 0x000000008b300000, 0x000000008b400000|  0%| F|  |TAMS 0x000000008b300000| PB 0x000000008b300000| Untracked 
| 180|0x000000008b400000, 0x000000008b400000, 0x000000008b500000|  0%| F|  |TAMS 0x000000008b400000| PB 0x000000008b400000| Untracked 
| 181|0x000000008b500000, 0x000000008b500000, 0x000000008b600000|  0%| F|  |TAMS 0x000000008b500000| PB 0x000000008b500000| Untracked 
| 182|0x000000008b600000, 0x000000008b600000, 0x000000008b700000|  0%| F|  |TAMS 0x000000008b600000| PB 0x000000008b600000| Untracked 
| 183|0x000000008b700000, 0x000000008b700000, 0x000000008b800000|  0%| F|  |TAMS 0x000000008b700000| PB 0x000000008b700000| Untracked 
| 184|0x000000008b800000, 0x000000008b800000, 0x000000008b900000|  0%| F|  |TAMS 0x000000008b800000| PB 0x000000008b800000| Untracked 
| 185|0x000000008b900000, 0x000000008b900000, 0x000000008ba00000|  0%| F|  |TAMS 0x000000008b900000| PB 0x000000008b900000| Untracked 
| 186|0x000000008ba00000, 0x000000008ba00000, 0x000000008bb00000|  0%| F|  |TAMS 0x000000008ba00000| PB 0x000000008ba00000| Untracked 
| 187|0x000000008bb00000, 0x000000008bb00000, 0x000000008bc00000|  0%| F|  |TAMS 0x000000008bb00000| PB 0x000000008bb00000| Untracked 
| 188|0x000000008bc00000, 0x000000008bc00000, 0x000000008bd00000|  0%| F|  |TAMS 0x000000008bc00000| PB 0x000000008bc00000| Untracked 
| 189|0x000000008bd00000, 0x000000008bd00000, 0x000000008be00000|  0%| F|  |TAMS 0x000000008bd00000| PB 0x000000008bd00000| Untracked 
| 190|0x000000008be00000, 0x000000008be00000, 0x000000008bf00000|  0%| F|  |TAMS 0x000000008be00000| PB 0x000000008be00000| Untracked 
| 191|0x000000008bf00000, 0x000000008bf00000, 0x000000008c000000|  0%| F|  |TAMS 0x000000008bf00000| PB 0x000000008bf00000| Untracked 
| 192|0x000000008c000000, 0x000000008c000000, 0x000000008c100000|  0%| F|  |TAMS 0x000000008c000000| PB 0x000000008c000000| Untracked 
| 193|0x000000008c100000, 0x000000008c100000, 0x000000008c200000|  0%| F|  |TAMS 0x000000008c100000| PB 0x000000008c100000| Untracked 
| 194|0x000000008c200000, 0x000000008c200000, 0x000000008c300000|  0%| F|  |TAMS 0x000000008c200000| PB 0x000000008c200000| Untracked 
| 195|0x000000008c300000, 0x000000008c300000, 0x000000008c400000|  0%| F|  |TAMS 0x000000008c300000| PB 0x000000008c300000| Untracked 
| 196|0x000000008c400000, 0x000000008c400000, 0x000000008c500000|  0%| F|  |TAMS 0x000000008c400000| PB 0x000000008c400000| Untracked 
| 197|0x000000008c500000, 0x000000008c500000, 0x000000008c600000|  0%| F|  |TAMS 0x000000008c500000| PB 0x000000008c500000| Untracked 
| 198|0x000000008c600000, 0x000000008c600000, 0x000000008c700000|  0%| F|  |TAMS 0x000000008c600000| PB 0x000000008c600000| Untracked 
| 199|0x000000008c700000, 0x000000008c700000, 0x000000008c800000|  0%| F|  |TAMS 0x000000008c700000| PB 0x000000008c700000| Untracked 
| 200|0x000000008c800000, 0x000000008c800000, 0x000000008c900000|  0%| F|  |TAMS 0x000000008c800000| PB 0x000000008c800000| Untracked 
| 201|0x000000008c900000, 0x000000008c900000, 0x000000008ca00000|  0%| F|  |TAMS 0x000000008c900000| PB 0x000000008c900000| Untracked 
| 202|0x000000008ca00000, 0x000000008ca00000, 0x000000008cb00000|  0%| F|  |TAMS 0x000000008ca00000| PB 0x000000008ca00000| Untracked 
| 203|0x000000008cb00000, 0x000000008cb00000, 0x000000008cc00000|  0%| F|  |TAMS 0x000000008cb00000| PB 0x000000008cb00000| Untracked 
| 204|0x000000008cc00000, 0x000000008cc00000, 0x000000008cd00000|  0%| F|  |TAMS 0x000000008cc00000| PB 0x000000008cc00000| Untracked 
| 205|0x000000008cd00000, 0x000000008cd00000, 0x000000008ce00000|  0%| F|  |TAMS 0x000000008cd00000| PB 0x000000008cd00000| Untracked 
| 206|0x000000008ce00000, 0x000000008ce00000, 0x000000008cf00000|  0%| F|  |TAMS 0x000000008ce00000| PB 0x000000008ce00000| Untracked 
| 207|0x000000008cf00000, 0x000000008cf00000, 0x000000008d000000|  0%| F|  |TAMS 0x000000008cf00000| PB 0x000000008cf00000| Untracked 
| 208|0x000000008d000000, 0x000000008d000000, 0x000000008d100000|  0%| F|  |TAMS 0x000000008d000000| PB 0x000000008d000000| Untracked 
| 209|0x000000008d100000, 0x000000008d100000, 0x000000008d200000|  0%| F|  |TAMS 0x000000008d100000| PB 0x000000008d100000| Untracked 
| 210|0x000000008d200000, 0x000000008d200000, 0x000000008d300000|  0%| F|  |TAMS 0x000000008d200000| PB 0x000000008d200000| Untracked 
| 211|0x000000008d300000, 0x000000008d300000, 0x000000008d400000|  0%| F|  |TAMS 0x000000008d300000| PB 0x000000008d300000| Untracked 
| 212|0x000000008d400000, 0x000000008d400000, 0x000000008d500000|  0%| F|  |TAMS 0x000000008d400000| PB 0x000000008d400000| Untracked 
| 213|0x000000008d500000, 0x000000008d500000, 0x000000008d600000|  0%| F|  |TAMS 0x000000008d500000| PB 0x000000008d500000| Untracked 
| 214|0x000000008d600000, 0x000000008d600000, 0x000000008d700000|  0%| F|  |TAMS 0x000000008d600000| PB 0x000000008d600000| Untracked 
| 215|0x000000008d700000, 0x000000008d700000, 0x000000008d800000|  0%| F|  |TAMS 0x000000008d700000| PB 0x000000008d700000| Untracked 
| 216|0x000000008d800000, 0x000000008d800000, 0x000000008d900000|  0%| F|  |TAMS 0x000000008d800000| PB 0x000000008d800000| Untracked 
| 217|0x000000008d900000, 0x000000008d900000, 0x000000008da00000|  0%| F|  |TAMS 0x000000008d900000| PB 0x000000008d900000| Untracked 
|2044|0x00000000ffc00000, 0x00000000ffc00000, 0x00000000ffd00000|  0%| F|  |TAMS 0x00000000ffc00000| PB 0x00000000ffc00000| Untracked 
|2045|0x00000000ffd00000, 0x00000000ffe00000, 0x00000000ffe00000|100%| O|  |TAMS 0x00000000ffe00000| PB 0x00000000ffd00000| Untracked 
|2046|0x00000000ffe00000, 0x00000000fff00000, 0x00000000fff00000|100%| O|  |TAMS 0x00000000fff00000| PB 0x00000000ffe00000| Untracked 
|2047|0x00000000fff00000, 0x0000000100000000, 0x0000000100000000|100%| O|  |TAMS 0x0000000100000000| PB 0x00000000fff00000| Untracked 

Card table byte_map: [0x000001e9fe9d0000,0x000001e9fedd0000] _byte_map_base: 0x000001e9fe5d0000

Marking Bits: (CMBitMap*) 0x000001e9fbdcf4f0
 Bits: [0x000001e996ff0000, 0x000001e998ff0000)

Polling page: 0x000001e9fd5e0000

Metaspace:

Usage:
  Non-class:     54.29 MB used.
      Class:      8.22 MB used.
       Both:     62.51 MB used.

Virtual space:
  Non-class space:       64.00 MB reserved,      55.12 MB ( 86%) committed,  1 nodes.
      Class space:        1.00 GB reserved,       9.06 MB ( <1%) committed,  1 nodes.
             Both:        1.06 GB reserved,      64.19 MB (  6%) committed. 

Chunk freelists:
   Non-Class:  48.00 KB
       Class:  2.99 MB
        Both:  3.04 MB

MaxMetaspaceSize: unlimited
CompressedClassSpaceSize: 1.00 GB
Initial GC threshold: 21.00 MB
Current GC threshold: 106.88 MB
CDS: on
MetaspaceReclaimPolicy: balanced
 - commit_granule_bytes: 65536.
 - commit_granule_words: 8192.
 - virtual_space_node_default_size: 8388608.
 - enlarge_chunks_in_place: 1.
 - new_chunks_are_fully_committed: 0.
 - uncommit_free_chunks: 1.
 - use_allocation_guard: 0.


Internal statistics:

num_allocs_failed_limit: 3.
num_arena_births: 2882.
num_arena_deaths: 2.
num_vsnodes_births: 2.
num_vsnodes_deaths: 0.
num_space_committed: 1027.
num_space_uncommitted: 0.
num_chunks_returned_to_freelist: 7.
num_chunks_taken_from_freelist: 5425.
num_chunk_merges: 3.
num_chunk_splits: 3555.
num_chunks_enlarged: 2233.
num_inconsistent_stats: 0.

CodeHeap 'non-profiled nmethods': size=119168Kb used=5026Kb max_used=5385Kb free=114141Kb
 bounds [0x000001e98fb90000, 0x000001e9900e0000, 0x000001e996ff0000]
CodeHeap 'profiled nmethods': size=119104Kb used=19839Kb max_used=22470Kb free=99264Kb
 bounds [0x000001e987ff0000, 0x000001e9895f0000, 0x000001e98f440000]
CodeHeap 'non-nmethods': size=7488Kb used=4583Kb max_used=4640Kb free=2904Kb
 bounds [0x000001e98f440000, 0x000001e98f8d0000, 0x000001e98fb90000]
 total_blobs=10733 nmethods=9793 adapters=847
 compilation: enabled
              stopped_count=0, restarted_count=0
 full_count=0

Compilation events (20 events):
Event: 18.802 Thread 0x000001e99f52f720 nmethod 11705 0x000001e988696f90 code [0x000001e988697120, 0x000001e9886972a0]
Event: 18.802 Thread 0x000001e99f533cc0 nmethod 11707 0x000001e988d1a090 code [0x000001e988d1a2e0, 0x000001e988d1ad88]
Event: 18.805 Thread 0x000001e9a1f32950 nmethod 11665 0x000001e98fc32990 code [0x000001e98fc32b00, 0x000001e98fc32cf0]
Event: 18.805 Thread 0x000001e9a1f32950 11479       4       org.objectweb.asm.ByteVector::encodeUtf8 (337 bytes)
Event: 18.808 Thread 0x000001e9a017c780 11709       3       org.gradle.internal.classpath.InstrumentingBackwardsCompatibilityVisitor::fixAsmObjectsForBackwardsCompatibility (31 bytes)
Event: 18.808 Thread 0x000001e99f41bab0 11710       3       org.gradle.internal.classpath.InstrumentingBackwardsCompatibilityVisitor$BackwardCompatibilityMethodVisitor::visitInvokeDynamicInsn (31 bytes)
Event: 18.808 Thread 0x000001e99f41bab0 nmethod 11710 0x000001e988c81490 code [0x000001e988c81660, 0x000001e988c81980]
Event: 18.808 Thread 0x000001e9a017c780 nmethod 11709 0x000001e9884f3c10 code [0x000001e9884f3dc0, 0x000001e9884f41f8]
Event: 18.817 Thread 0x000001e99f533cc0 11712       3       org.objectweb.asm.tree.MethodNode::visitJumpInsn (21 bytes)
Event: 18.817 Thread 0x000001e9a017c780 11713       2       java.util.concurrent.atomic.AtomicLong::<init> (10 bytes)
Event: 18.818 Thread 0x000001e9a017c780 nmethod 11713 0x000001e9883a0690 code [0x000001e9883a0820, 0x000001e9883a0940]
Event: 18.818 Thread 0x000001e99f533cc0 nmethod 11712 0x000001e988423610 code [0x000001e988423800, 0x000001e988423fb8]
Event: 18.819 Thread 0x000001e9a1f32950 nmethod 11479 0x000001e98fde0590 code [0x000001e98fde0740, 0x000001e98fde1168]
Event: 18.819 Thread 0x000001e9a1f32950 11596       4       org.objectweb.asm.ClassReader::getFirstAttributeOffset (136 bytes)
Event: 18.826 Thread 0x000001e9a1f32950 nmethod 11596 0x000001e98fbf0e90 code [0x000001e98fbf1020, 0x000001e98fbf14c8]
Event: 18.827 Thread 0x000001e9a1f32950 11609       4       org.objectweb.asm.ClassWriter::toByteArray (1535 bytes)
Event: 18.851 Thread 0x000001e99f41bab0 11716   !   2       java.io.RandomAccessFile::getChannel (84 bytes)
Event: 18.851 Thread 0x000001e99f533cc0 11717   !   2       sun.nio.ch.FileLockTable::add (205 bytes)
Event: 18.852 Thread 0x000001e99f41bab0 nmethod 11716 0x000001e98852ca10 code [0x000001e98852cbc0, 0x000001e98852cf70]
Event: 18.853 Thread 0x000001e99f533cc0 nmethod 11717 0x000001e9889e8e10 code [0x000001e9889e9080, 0x000001e9889e9cc8]

GC Heap History (20 events):
Event: 5.913 GC heap after
{Heap after GC invocations=15 (full 0):
 garbage-first heap   total 165888K, used 86991K [0x0000000080000000, 0x0000000100000000)
  region size 1024K, 8 young (8192K), 8 survivors (8192K)
 Metaspace       used 55170K, committed 56768K, reserved 1114112K
  class space    used 7653K, committed 8448K, reserved 1048576K
}
Event: 7.934 GC heap before
{Heap before GC invocations=15 (full 0):
 garbage-first heap   total 165888K, used 142287K [0x0000000080000000, 0x0000000100000000)
  region size 1024K, 63 young (64512K), 8 survivors (8192K)
 Metaspace       used 61966K, committed 63680K, reserved 1114112K
  class space    used 8333K, committed 9152K, reserved 1048576K
}
Event: 7.941 GC heap after
{Heap after GC invocations=16 (full 0):
 garbage-first heap   total 165888K, used 91569K [0x0000000080000000, 0x0000000100000000)
  region size 1024K, 5 young (5120K), 5 survivors (5120K)
 Metaspace       used 61966K, committed 63680K, reserved 1114112K
  class space    used 8333K, committed 9152K, reserved 1048576K
}
Event: 14.492 GC heap before
{Heap before GC invocations=17 (full 0):
 garbage-first heap   total 165888K, used 145841K [0x0000000080000000, 0x0000000100000000)
  region size 1024K, 59 young (60416K), 5 survivors (5120K)
 Metaspace       used 62969K, committed 64640K, reserved 1114112K
  class space    used 8375K, committed 9216K, reserved 1048576K
}
Event: 14.495 GC heap after
{Heap after GC invocations=18 (full 0):
 garbage-first heap   total 165888K, used 94863K [0x0000000080000000, 0x0000000100000000)
  region size 1024K, 4 young (4096K), 4 survivors (4096K)
 Metaspace       used 62969K, committed 64640K, reserved 1114112K
  class space    used 8375K, committed 9216K, reserved 1048576K
}
Event: 18.029 GC heap before
{Heap before GC invocations=18 (full 0):
 garbage-first heap   total 165888K, used 150159K [0x0000000080000000, 0x0000000100000000)
  region size 1024K, 56 young (57344K), 4 survivors (4096K)
 Metaspace       used 63685K, committed 65344K, reserved 1114112K
  class space    used 8407K, committed 9216K, reserved 1048576K
}
Event: 18.034 GC heap after
{Heap after GC invocations=19 (full 0):
 garbage-first heap   total 165888K, used 100866K [0x0000000080000000, 0x0000000100000000)
  region size 1024K, 7 young (7168K), 7 survivors (7168K)
 Metaspace       used 63685K, committed 65344K, reserved 1114112K
  class space    used 8407K, committed 9216K, reserved 1048576K
}
Event: 18.135 GC heap before
{Heap before GC invocations=19 (full 0):
 garbage-first heap   total 165888K, used 146946K [0x0000000080000000, 0x0000000100000000)
  region size 1024K, 53 young (54272K), 7 survivors (7168K)
 Metaspace       used 63951K, committed 65664K, reserved 1114112K
  class space    used 8422K, committed 9280K, reserved 1048576K
}
Event: 18.138 GC heap after
{Heap after GC invocations=20 (full 0):
 garbage-first heap   total 165888K, used 101454K [0x0000000080000000, 0x0000000100000000)
  region size 1024K, 2 young (2048K), 2 survivors (2048K)
 Metaspace       used 63951K, committed 65664K, reserved 1114112K
  class space    used 8422K, committed 9280K, reserved 1048576K
}
Event: 18.227 GC heap before
{Heap before GC invocations=21 (full 0):
 garbage-first heap   total 220160K, used 150606K [0x0000000080000000, 0x0000000100000000)
  region size 1024K, 50 young (51200K), 2 survivors (2048K)
 Metaspace       used 63962K, committed 65664K, reserved 1114112K
  class space    used 8417K, committed 9280K, reserved 1048576K
}
Event: 18.229 GC heap after
{Heap after GC invocations=22 (full 0):
 garbage-first heap   total 220160K, used 101163K [0x0000000080000000, 0x0000000100000000)
  region size 1024K, 2 young (2048K), 2 survivors (2048K)
 Metaspace       used 63962K, committed 65664K, reserved 1114112K
  class space    used 8417K, committed 9280K, reserved 1048576K
}
Event: 18.358 GC heap before
{Heap before GC invocations=22 (full 0):
 garbage-first heap   total 220160K, used 196395K [0x0000000080000000, 0x0000000100000000)
  region size 1024K, 96 young (98304K), 2 survivors (2048K)
 Metaspace       used 63980K, committed 65664K, reserved 1114112K
  class space    used 8418K, committed 9280K, reserved 1048576K
}
Event: 18.361 GC heap after
{Heap after GC invocations=23 (full 0):
 garbage-first heap   total 220160K, used 100883K [0x0000000080000000, 0x0000000100000000)
  region size 1024K, 2 young (2048K), 2 survivors (2048K)
 Metaspace       used 63980K, committed 65664K, reserved 1114112K
  class space    used 8418K, committed 9280K, reserved 1048576K
}
Event: 18.496 GC heap before
{Heap before GC invocations=23 (full 0):
 garbage-first heap   total 220160K, used 204307K [0x0000000080000000, 0x0000000100000000)
  region size 1024K, 104 young (106496K), 2 survivors (2048K)
 Metaspace       used 63993K, committed 65664K, reserved 1114112K
  class space    used 8418K, committed 9280K, reserved 1048576K
}
Event: 18.499 GC heap after
{Heap after GC invocations=24 (full 0):
 garbage-first heap   total 220160K, used 102382K [0x0000000080000000, 0x0000000100000000)
  region size 1024K, 4 young (4096K), 4 survivors (4096K)
 Metaspace       used 63993K, committed 65664K, reserved 1114112K
  class space    used 8418K, committed 9280K, reserved 1048576K
}
Event: 18.627 GC heap before
{Heap before GC invocations=25 (full 0):
 garbage-first heap   total 227328K, used 201710K [0x0000000080000000, 0x0000000100000000)
  region size 1024K, 102 young (104448K), 4 survivors (4096K)
 Metaspace       used 63995K, committed 65664K, reserved 1114112K
  class space    used 8418K, committed 9280K, reserved 1048576K
}
Event: 18.629 GC heap after
{Heap after GC invocations=26 (full 0):
 garbage-first heap   total 227328K, used 103076K [0x0000000080000000, 0x0000000100000000)
  region size 1024K, 5 young (5120K), 5 survivors (5120K)
 Metaspace       used 63995K, committed 65664K, reserved 1114112K
  class space    used 8418K, committed 9280K, reserved 1048576K
}
Event: 18.744 GC heap before
{Heap before GC invocations=26 (full 0):
 garbage-first heap   total 227328K, used 207524K [0x0000000080000000, 0x0000000100000000)
  region size 1024K, 108 young (110592K), 5 survivors (5120K)
 Metaspace       used 63999K, committed 65664K, reserved 1114112K
  class space    used 8418K, committed 9280K, reserved 1048576K
}
Event: 18.747 GC heap after
{Heap after GC invocations=27 (full 0):
 garbage-first heap   total 227328K, used 102402K [0x0000000080000000, 0x0000000100000000)
  region size 1024K, 5 young (5120K), 5 survivors (5120K)
 Metaspace       used 63999K, committed 65664K, reserved 1114112K
  class space    used 8418K, committed 9280K, reserved 1048576K
}
Event: 18.866 GC heap before
{Heap before GC invocations=27 (full 0):
 garbage-first heap   total 227328K, used 207874K [0x0000000080000000, 0x0000000100000000)
  region size 1024K, 109 young (111616K), 5 survivors (5120K)
 Metaspace       used 64010K, committed 65728K, reserved 1114112K
  class space    used 8418K, committed 9280K, reserved 1048576K
}

Dll operation events (15 events):
Event: 0.009 Loaded shared library C:\Program Files\Java\jdk-20\bin\java.dll
Event: 0.017 Loaded shared library C:\Program Files\Java\jdk-20\bin\jsvml.dll
Event: 0.075 Loaded shared library C:\Program Files\Java\jdk-20\bin\zip.dll
Event: 0.080 Loaded shared library C:\Program Files\Java\jdk-20\bin\instrument.dll
Event: 0.088 Loaded shared library C:\Program Files\Java\jdk-20\bin\net.dll
Event: 0.090 Loaded shared library C:\Program Files\Java\jdk-20\bin\nio.dll
Event: 0.096 Loaded shared library C:\Program Files\Java\jdk-20\bin\zip.dll
Event: 0.262 Loaded shared library C:\Program Files\Java\jdk-20\bin\jimage.dll
Event: 0.314 Loaded shared library C:\Program Files\Java\jdk-20\bin\verify.dll
Event: 0.446 Loaded shared library C:\Users\Admin\.gradle\native\68d5fa5c4cc2d200863cafc0d521ce42e7d3e7ee720ec0a83991735586a16f82\windows-amd64\native-platform.dll
Event: 0.454 Loaded shared library C:\Users\Admin\.gradle\native\e376f236ea51e6404a007f0833ffe2c6e607c4080706a723a18a27aeea778392\windows-amd64\native-platform-file-events.dll
Event: 1.065 Loaded shared library C:\Program Files\Java\jdk-20\bin\management.dll
Event: 1.068 Loaded shared library C:\Program Files\Java\jdk-20\bin\management_ext.dll
Event: 1.248 Loaded shared library C:\Program Files\Java\jdk-20\bin\extnet.dll
Event: 1.424 Loaded shared library C:\Program Files\Java\jdk-20\bin\sunmscapi.dll

Deoptimization events (20 events):
Event: 18.723 Thread 0x000001e9a55611d0 DEOPT PACKING pc=0x000001e9895ac11e sp=0x0000007d89cfddd0
Event: 18.723 Thread 0x000001e9a55611d0 DEOPT UNPACKING pc=0x000001e98f4aa4c2 sp=0x0000007d89cfd2b8 mode 0
Event: 18.725 Thread 0x000001e9a555e200 DEOPT PACKING pc=0x000001e9895ac11e sp=0x0000007d899fdb30
Event: 18.725 Thread 0x000001e9a555e200 DEOPT UNPACKING pc=0x000001e98f4aa4c2 sp=0x0000007d899fd018 mode 0
Event: 18.728 Thread 0x000001e9a555e200 DEOPT PACKING pc=0x000001e9895ac11e sp=0x0000007d899fd880
Event: 18.728 Thread 0x000001e9a555e200 DEOPT UNPACKING pc=0x000001e98f4aa4c2 sp=0x0000007d899fcd68 mode 0
Event: 18.736 Thread 0x000001e9a555e200 DEOPT PACKING pc=0x000001e9895ac11e sp=0x0000007d899fdb30
Event: 18.736 Thread 0x000001e9a555e200 DEOPT UNPACKING pc=0x000001e98f4aa4c2 sp=0x0000007d899fd018 mode 0
Event: 18.742 Thread 0x000001e9a555e200 DEOPT PACKING pc=0x000001e9895ac11e sp=0x0000007d899fdb30
Event: 18.742 Thread 0x000001e9a555e200 DEOPT UNPACKING pc=0x000001e98f4aa4c2 sp=0x0000007d899fd018 mode 0
Event: 18.753 Thread 0x000001e9a55641a0 DEOPT PACKING pc=0x000001e9895ac11e sp=0x0000007d891fd7f0
Event: 18.753 Thread 0x000001e9a55641a0 DEOPT UNPACKING pc=0x000001e98f4aa4c2 sp=0x0000007d891fccd8 mode 0
Event: 18.756 Thread 0x000001e9a555e200 DEOPT PACKING pc=0x000001e9895ac11e sp=0x0000007d899fdb30
Event: 18.756 Thread 0x000001e9a555e200 DEOPT UNPACKING pc=0x000001e98f4aa4c2 sp=0x0000007d899fd018 mode 0
Event: 18.770 Thread 0x000001e9a555e200 DEOPT PACKING pc=0x000001e9895ac11e sp=0x0000007d899fdb30
Event: 18.770 Thread 0x000001e9a555e200 DEOPT UNPACKING pc=0x000001e98f4aa4c2 sp=0x0000007d899fd018 mode 0
Event: 18.796 Thread 0x000001e9a5560730 DEOPT PACKING pc=0x000001e9895ac11e sp=0x0000007d895fda00
Event: 18.796 Thread 0x000001e9a5560730 DEOPT UNPACKING pc=0x000001e98f4aa4c2 sp=0x0000007d895fcee8 mode 0
Event: 18.810 Thread 0x000001e9a5563700 DEOPT PACKING pc=0x000001e9895ac11e sp=0x0000007d88efdbf0
Event: 18.810 Thread 0x000001e9a5563700 DEOPT UNPACKING pc=0x000001e98f4aa4c2 sp=0x0000007d88efd0d8 mode 0

Classes loaded (20 events):
Event: 7.474 Loading class com/sun/crypto/provider/ChaCha20Cipher$EngineAEADEnc
Event: 7.475 Loading class com/sun/crypto/provider/ChaCha20Cipher$ChaChaEngine
Event: 7.475 Loading class com/sun/crypto/provider/ChaCha20Cipher$ChaChaEngine done
Event: 7.475 Loading class com/sun/crypto/provider/ChaCha20Cipher$EngineAEADEnc done
Event: 7.475 Loading class com/sun/crypto/provider/Poly1305
Event: 7.476 Loading class com/sun/crypto/provider/Poly1305 done
Event: 7.476 Loading class sun/security/util/math/intpoly/IntegerPolynomial1305
Event: 7.476 Loading class sun/security/util/math/intpoly/IntegerPolynomial1305 done
Event: 7.524 Loading class sun/security/ssl/NewSessionTicket$T12NewSessionTicketMessage
Event: 7.524 Loading class sun/security/ssl/NewSessionTicket$T12NewSessionTicketMessage done
Event: 7.524 Loading class sun/security/ssl/SSLCipher$T12CC20P1305ReadCipherGenerator$CC20P1305ReadCipher
Event: 7.524 Loading class sun/security/ssl/SSLCipher$T12CC20P1305ReadCipherGenerator$CC20P1305ReadCipher done
Event: 7.525 Loading class com/sun/crypto/provider/ChaCha20Cipher$EngineAEADDec
Event: 7.525 Loading class com/sun/crypto/provider/ChaCha20Cipher$EngineAEADDec done
Event: 11.401 Loading class java/util/concurrent/LinkedBlockingDeque$Itr
Event: 11.401 Loading class java/util/concurrent/LinkedBlockingDeque$AbstractItr
Event: 11.401 Loading class java/util/concurrent/LinkedBlockingDeque$AbstractItr done
Event: 11.401 Loading class java/util/concurrent/LinkedBlockingDeque$Itr done
Event: 18.004 Loading class java/util/zip/ZipFile$ZipEntryIterator
Event: 18.004 Loading class java/util/zip/ZipFile$ZipEntryIterator done

Classes unloaded (4 events):
Event: 18.180 Thread 0x000001e99b2dd010 Unloading class 0x00000008017c9000 '_BuildScript_$_run_closure1$_closure3'
Event: 18.180 Thread 0x000001e99b2dd010 Unloading class 0x00000008017c8910 '_BuildScript_$_run_closure1$_closure2'
Event: 18.180 Thread 0x000001e99b2dd010 Unloading class 0x00000008017c8530 '_BuildScript_$_run_closure1'
Event: 18.180 Thread 0x000001e99b2dd010 Unloading class 0x00000008017c8000 '_BuildScript_'

Classes redefined (0 events):
No events

Internal exceptions (20 events):
Event: 18.724 Thread 0x000001e9a5560730 Exception <a 'sun/nio/fs/WindowsException'{0x00000000887e1660}> (0x00000000887e1660) 
thrown [s\open\src\hotspot\share\prims\jni.cpp, line 519]
Event: 18.725 Thread 0x000001e9a5560730 Exception <a 'sun/nio/fs/WindowsException'{0x00000000887e1808}> (0x00000000887e1808) 
thrown [s\open\src\hotspot\share\prims\jni.cpp, line 519]
Event: 18.763 Thread 0x000001e9a5563700 Exception <a 'sun/nio/fs/WindowsException'{0x000000008d6b1800}> (0x000000008d6b1800) 
thrown [s\open\src\hotspot\share\prims\jni.cpp, line 519]
Event: 18.763 Thread 0x000001e9a5564c40 Exception <a 'sun/nio/fs/WindowsException'{0x000000008cc230c8}> (0x000000008cc230c8) 
thrown [s\open\src\hotspot\share\prims\jni.cpp, line 519]
Event: 18.764 Thread 0x000001e9a5564c40 Exception <a 'sun/nio/fs/WindowsException'{0x000000008cc23260}> (0x000000008cc23260) 
thrown [s\open\src\hotspot\share\prims\jni.cpp, line 519]
Event: 18.765 Thread 0x000001e9a5563700 Exception <a 'sun/nio/fs/WindowsException'{0x000000008d6b1998}> (0x000000008d6b1998) 
thrown [s\open\src\hotspot\share\prims\jni.cpp, line 519]
Event: 18.770 Thread 0x000001e9a55641a0 Exception <a 'sun/nio/fs/WindowsException'{0x000000008c54e578}> (0x000000008c54e578) 
thrown [s\open\src\hotspot\share\prims\jni.cpp, line 519]
Event: 18.774 Thread 0x000001e9a55641a0 Exception <a 'sun/nio/fs/WindowsException'{0x000000008c54e710}> (0x000000008c54e710) 
thrown [s\open\src\hotspot\share\prims\jni.cpp, line 519]
Event: 18.775 Thread 0x000001e9a5560730 Exception <a 'sun/nio/fs/WindowsException'{0x000000008d924ee8}> (0x000000008d924ee8) 
thrown [s\open\src\hotspot\share\prims\jni.cpp, line 519]
Event: 18.783 Thread 0x000001e9a5564c40 Exception <a 'sun/nio/fs/WindowsException'{0x000000008cc2a180}> (0x000000008cc2a180) 
thrown [s\open\src\hotspot\share\prims\jni.cpp, line 519]
Event: 18.785 Thread 0x000001e9a5560730 Exception <a 'sun/nio/fs/WindowsException'{0x000000008ba3e9c0}> (0x000000008ba3e9c0) 
thrown [s\open\src\hotspot\share\prims\jni.cpp, line 519]
Event: 18.785 Thread 0x000001e9a5560730 Exception <a 'sun/nio/fs/WindowsException'{0x000000008ba3eb60}> (0x000000008ba3eb60) 
thrown [s\open\src\hotspot\share\prims\jni.cpp, line 519]
Event: 18.792 Thread 0x000001e9a5560730 Exception <a 'sun/nio/fs/WindowsException'{0x000000008b8f65b8}> (0x000000008b8f65b8) 
thrown [s\open\src\hotspot\share\prims\jni.cpp, line 519]
Event: 18.795 Thread 0x000001e9a5563700 Exception <a 'sun/nio/fs/WindowsException'{0x000000008d6b7c00}> (0x000000008d6b7c00) 
thrown [s\open\src\hotspot\share\prims\jni.cpp, line 519]
Event: 18.796 Thread 0x000001e9a55641a0 Exception <a 'sun/nio/fs/WindowsException'{0x000000008c5536a0}> (0x000000008c5536a0) 
thrown [s\open\src\hotspot\share\prims\jni.cpp, line 519]
Event: 18.815 Thread 0x000001e9a5564c40 Exception <a 'sun/nio/fs/WindowsException'{0x000000008b053d80}> (0x000000008b053d80) 
thrown [s\open\src\hotspot\share\prims\jni.cpp, line 519]
Event: 18.817 Thread 0x000001e9a5564c40 Exception <a 'sun/nio/fs/WindowsException'{0x000000008b053f40}> (0x000000008b053f40) 
thrown [s\open\src\hotspot\share\prims\jni.cpp, line 519]
Event: 18.826 Thread 0x000001e9a5564c40 Exception <a 'sun/nio/fs/WindowsException'{0x000000008b05ae58}> (0x000000008b05ae58) 
thrown [s\open\src\hotspot\share\prims\jni.cpp, line 519]
Event: 18.848 Thread 0x000001e9a5565190 Exception <a 'sun/nio/fs/WindowsException'{0x00000000882d02c0}> (0x00000000882d02c0) 
thrown [s\open\src\hotspot\share\prims\jni.cpp, line 519]
Event: 18.850 Thread 0x000001e9a5565190 Exception <a 'sun/nio/fs/WindowsException'{0x00000000882d0458}> (0x00000000882d0458) 
thrown [s\open\src\hotspot\share\prims\jni.cpp, line 519]

VM Operations (20 events):
Event: 18.230 Executing VM operation: G1CollectForAllocation done
Event: 18.358 Executing VM operation: G1CollectForAllocation
Event: 18.362 Executing VM operation: G1CollectForAllocation done
Event: 18.495 Executing VM operation: G1CollectForAllocation
Event: 18.495 Executing VM operation: G1CollectForAllocation done
Event: 18.496 Executing VM operation: G1CollectForAllocation
Event: 18.499 Executing VM operation: G1CollectForAllocation done
Event: 18.543 Executing VM operation: G1PauseRemark
Event: 18.549 Executing VM operation: G1PauseRemark done
Event: 18.563 Executing VM operation: G1PauseCleanup
Event: 18.565 Executing VM operation: G1PauseCleanup done
Event: 18.627 Executing VM operation: G1CollectForAllocation
Event: 18.630 Executing VM operation: G1CollectForAllocation done
Event: 18.743 Executing VM operation: G1CollectForAllocation
Event: 18.744 Executing VM operation: G1CollectForAllocation done
Event: 18.744 Executing VM operation: G1CollectForAllocation
Event: 18.747 Executing VM operation: G1CollectForAllocation done
Event: 18.865 Executing VM operation: G1CollectForAllocation
Event: 18.865 Executing VM operation: G1CollectForAllocation done
Event: 18.866 Executing VM operation: G1CollectForAllocation

Events (20 events):
Event: 18.548 Thread 0x000001e99b2dd010 flushing nmethod 0x000001e98ff33a10
Event: 18.548 Thread 0x000001e99b2dd010 flushing nmethod 0x000001e98ff28390
Event: 18.548 Thread 0x000001e99b2dd010 flushing nmethod 0x000001e98ff20790
Event: 18.548 Thread 0x000001e99b2dd010 flushing nmethod 0x000001e98ff2b090
Event: 18.548 Thread 0x000001e99b2dd010 flushing nmethod 0x000001e98ff17d90
Event: 18.548 Thread 0x000001e99b2dd010 flushing nmethod 0x000001e98ff19a90
Event: 18.548 Thread 0x000001e99b2dd010 flushing nmethod 0x000001e98fee0b90
Event: 18.548 Thread 0x000001e99b2dd010 flushing nmethod 0x000001e98fee0610
Event: 18.548 Thread 0x000001e99b2dd010 flushing nmethod 0x000001e98feebe10
Event: 18.548 Thread 0x000001e99b2dd010 flushing nmethod 0x000001e98fe67310
Event: 18.548 Thread 0x000001e99b2dd010 flushing nmethod 0x000001e98fd91890
Event: 18.548 Thread 0x000001e99b2dd010 flushing nmethod 0x000001e98fe6e210
Event: 18.548 Thread 0x000001e99b2dd010 flushing nmethod 0x000001e98fe01090
Event: 18.548 Thread 0x000001e99b2dd010 flushing nmethod 0x000001e98fd9ad10
Event: 18.548 Thread 0x000001e99b2dd010 flushing nmethod 0x000001e98fe12310
Event: 18.548 Thread 0x000001e99b2dd010 flushing nmethod 0x000001e98fd8d110
Event: 18.548 Thread 0x000001e99b2dd010 flushing nmethod 0x000001e98fd5ea10
Event: 18.548 Thread 0x000001e99b2dd010 flushing nmethod 0x000001e98fcf5490
Event: 18.548 Thread 0x000001e99b2dd010 flushing nmethod 0x000001e98fc9ff10
Event: 18.548 Thread 0x000001e99b2dd010 flushing nmethod 0x000001e98fbf0e90


Dynamic libraries:
0x00007ff6d0590000 - 0x00007ff6d05a0000 	C:\Program Files\Java\jdk-20\bin\java.exe
0x00007ffe50fd0000 - 0x00007ffe511e7000 	C:\WINDOWS\SYSTEM32\ntdll.dll
0x00007ffe4f230000 - 0x00007ffe4f2f4000 	C:\WINDOWS\System32\KERNEL32.DLL
0x00007ffe4e5e0000 - 0x00007ffe4e987000 	C:\WINDOWS\System32\KERNELBASE.dll
0x00007ffe4e350000 - 0x00007ffe4e461000 	C:\WINDOWS\System32\ucrtbase.dll
0x00007ffe417b0000 - 0x00007ffe417c9000 	C:\Program Files\Java\jdk-20\bin\jli.dll
0x00007ffe41960000 - 0x00007ffe4197b000 	C:\Program Files\Java\jdk-20\bin\VCRUNTIME140.dll
0x00007ffe4f890000 - 0x00007ffe4f940000 	C:\WINDOWS\System32\ADVAPI32.dll
0x00007ffe50d20000 - 0x00007ffe50dc7000 	C:\WINDOWS\System32\msvcrt.dll
0x00007ffe50c60000 - 0x00007ffe50d06000 	C:\WINDOWS\System32\sechost.dll
0x00007ffe4fcc0000 - 0x00007ffe4fdd7000 	C:\WINDOWS\System32\RPCRT4.dll
0x00007ffe50de0000 - 0x00007ffe50f8e000 	C:\WINDOWS\System32\USER32.dll
0x00007ffe4e530000 - 0x00007ffe4e556000 	C:\WINDOWS\System32\win32u.dll
0x00007ffe34f50000 - 0x00007ffe351e3000 	C:\WINDOWS\WinSxS\amd64_microsoft.windows.common-controls_6595b64144ccf1df_6.0.22621.2506_none_270c5ae97388e100\COMCTL32.dll
0x00007ffe4f860000 - 0x00007ffe4f889000 	C:\WINDOWS\System32\GDI32.dll
0x00007ffe4e990000 - 0x00007ffe4eaa9000 	C:\WINDOWS\System32\gdi32full.dll
0x00007ffe4ec90000 - 0x00007ffe4ed2a000 	C:\WINDOWS\System32\msvcp_win.dll
0x00007ffe463e0000 - 0x00007ffe463ea000 	C:\WINDOWS\SYSTEM32\VERSION.dll
0x00007ffe50210000 - 0x00007ffe50241000 	C:\WINDOWS\System32\IMM32.DLL
0x00007ffe41570000 - 0x00007ffe4157c000 	C:\Program Files\Java\jdk-20\bin\vcruntime140_1.dll
0x00007ffe25da0000 - 0x00007ffe25e2e000 	C:\Program Files\Java\jdk-20\bin\msvcp140.dll
0x00007ffdf9830000 - 0x00007ffdfa4c7000 	C:\Program Files\Java\jdk-20\bin\server\jvm.dll
0x00007ffe4b200000 - 0x00007ffe4b209000 	C:\WINDOWS\SYSTEM32\WSOCK32.dll
0x00007ffe478a0000 - 0x00007ffe478d4000 	C:\WINDOWS\SYSTEM32\WINMM.dll
0x00007ffe4f1b0000 - 0x00007ffe4f221000 	C:\WINDOWS\System32\WS2_32.dll
0x00007ffe4d3e0000 - 0x00007ffe4d3f8000 	C:\WINDOWS\SYSTEM32\kernel.appcore.dll
0x00007ffe41560000 - 0x00007ffe4156a000 	C:\Program Files\Java\jdk-20\bin\jimage.dll
0x00007ffe4bcd0000 - 0x00007ffe4bf03000 	C:\WINDOWS\SYSTEM32\DBGHELP.DLL
0x00007ffe4eda0000 - 0x00007ffe4f129000 	C:\WINDOWS\System32\combase.dll
0x00007ffe4ff70000 - 0x00007ffe50047000 	C:\WINDOWS\System32\OLEAUT32.dll
0x00007ffe163f0000 - 0x00007ffe16422000 	C:\WINDOWS\SYSTEM32\dbgcore.DLL
0x00007ffe4e560000 - 0x00007ffe4e5da000 	C:\WINDOWS\System32\bcryptPrimitives.dll
0x00007ffe41550000 - 0x00007ffe4155e000 	C:\Program Files\Java\jdk-20\bin\instrument.dll
0x00007ffe3fc30000 - 0x00007ffe3fc56000 	C:\Program Files\Java\jdk-20\bin\java.dll
0x00007ffe0ac90000 - 0x00007ffe0ad67000 	C:\Program Files\Java\jdk-20\bin\jsvml.dll
0x00007ffe50250000 - 0x00007ffe50aa9000 	C:\WINDOWS\System32\SHELL32.dll
0x00007ffe4c830000 - 0x00007ffe4d124000 	C:\WINDOWS\SYSTEM32\windows.storage.dll
0x00007ffe4c6f0000 - 0x00007ffe4c82e000 	C:\WINDOWS\SYSTEM32\wintypes.dll
0x00007ffe4f9f0000 - 0x00007ffe4fae3000 	C:\WINDOWS\System32\SHCORE.dll
0x00007ffe50c00000 - 0x00007ffe50c5e000 	C:\WINDOWS\System32\shlwapi.dll
0x00007ffe4e280000 - 0x00007ffe4e2a6000 	C:\WINDOWS\SYSTEM32\profapi.dll
0x00007ffe3fc10000 - 0x00007ffe3fc28000 	C:\Program Files\Java\jdk-20\bin\zip.dll
0x00007ffe3f960000 - 0x00007ffe3f973000 	C:\Program Files\Java\jdk-20\bin\net.dll
0x00007ffe46700000 - 0x00007ffe46837000 	C:\WINDOWS\SYSTEM32\WINHTTP.dll
0x00007ffe4d8c0000 - 0x00007ffe4d929000 	C:\WINDOWS\system32\mswsock.dll
0x00007ffe3f7e0000 - 0x00007ffe3f7f6000 	C:\Program Files\Java\jdk-20\bin\nio.dll
0x00007ffe3fc00000 - 0x00007ffe3fc10000 	C:\Program Files\Java\jdk-20\bin\verify.dll
0x00007ffe41a50000 - 0x00007ffe41a77000 	C:\Users\Admin\.gradle\native\68d5fa5c4cc2d200863cafc0d521ce42e7d3e7ee720ec0a83991735586a16f82\windows-amd64\native-platform.dll
0x00007ffe08a00000 - 0x00007ffe08b44000 	C:\Users\Admin\.gradle\native\e376f236ea51e6404a007f0833ffe2c6e607c4080706a723a18a27aeea778392\windows-amd64\native-platform-file-events.dll
0x00007ffe3f990000 - 0x00007ffe3f99a000 	C:\Program Files\Java\jdk-20\bin\management.dll
0x00007ffe3f7d0000 - 0x00007ffe3f7db000 	C:\Program Files\Java\jdk-20\bin\management_ext.dll
0x00007ffe50dd0000 - 0x00007ffe50dd8000 	C:\WINDOWS\System32\PSAPI.DLL
0x00007ffe4db20000 - 0x00007ffe4db3b000 	C:\WINDOWS\SYSTEM32\CRYPTSP.dll
0x00007ffe4d3a0000 - 0x00007ffe4d3d5000 	C:\WINDOWS\system32\rsaenh.dll
0x00007ffe4d9b0000 - 0x00007ffe4d9dc000 	C:\WINDOWS\SYSTEM32\USERENV.dll
0x00007ffe4dce0000 - 0x00007ffe4dd08000 	C:\WINDOWS\SYSTEM32\bcrypt.dll
0x00007ffe4db10000 - 0x00007ffe4db1c000 	C:\WINDOWS\SYSTEM32\CRYPTBASE.dll
0x00007ffe4c3c0000 - 0x00007ffe4c3ed000 	C:\WINDOWS\SYSTEM32\IPHLPAPI.DLL
0x00007ffe4fde0000 - 0x00007ffe4fde9000 	C:\WINDOWS\System32\NSI.dll
0x00007ffe47800000 - 0x00007ffe47819000 	C:\WINDOWS\SYSTEM32\dhcpcsvc6.DLL
0x00007ffe46890000 - 0x00007ffe468af000 	C:\WINDOWS\SYSTEM32\dhcpcsvc.DLL
0x00007ffe4c430000 - 0x00007ffe4c529000 	C:\WINDOWS\SYSTEM32\DNSAPI.dll
0x00007ffe3f2a0000 - 0x00007ffe3f2a7000 	C:\Program Files\Java\jdk-20\bin\extnet.dll
0x00007ffe3f290000 - 0x00007ffe3f29e000 	C:\Program Files\Java\jdk-20\bin\sunmscapi.dll
0x00007ffe4eab0000 - 0x00007ffe4ec16000 	C:\WINDOWS\System32\CRYPT32.dll
0x00007ffe4dcb0000 - 0x00007ffe4dcdd000 	C:\WINDOWS\SYSTEM32\ncrypt.dll
0x00007ffe4dc70000 - 0x00007ffe4dca7000 	C:\WINDOWS\SYSTEM32\NTASN1.dll
0x00007ffe3f280000 - 0x00007ffe3f288000 	C:\WINDOWS\system32\wshunix.dll
0x00007ffe44550000 - 0x00007ffe4455a000 	C:\Windows\System32\rasadhlp.dll
0x00007ffe45950000 - 0x00007ffe459d3000 	C:\WINDOWS\System32\fwpuclnt.dll

dbghelp: loaded successfully - version: 4.0.5 - missing functions: none
symbol engine: initialized successfully - sym options: 0x614 - pdb path: .;C:\Program Files\Java\jdk-20\bin;C:\WINDOWS\SYSTEM32;C:\WINDOWS\WinSxS\amd64_microsoft.windows.common-controls_6595b64144ccf1df_6.0.22621.2506_none_270c5ae97388e100;C:\Program Files\Java\jdk-20\bin\server;C:\Users\Admin\.gradle\native\68d5fa5c4cc2d200863cafc0d521ce42e7d3e7ee720ec0a83991735586a16f82\windows-amd64;C:\Users\Admin\.gradle\native\e376f236ea51e6404a007f0833ffe2c6e607c4080706a723a18a27aeea778392\windows-amd64

VM Arguments:
jvm_args: --add-opens=java.base/java.util=ALL-UNNAMED --add-opens=java.base/java.lang=ALL-UNNAMED --add-opens=java.base/java.lang.invoke=ALL-UNNAMED --add-opens=java.prefs/java.util.prefs=ALL-UNNAMED --add-opens=java.base/java.nio.charset=ALL-UNNAMED --add-opens=java.base/java.net=ALL-UNNAMED --add-opens=java.base/java.util.concurrent.atomic=ALL-UNNAMED -Xmx2048m -Dfile.encoding=UTF-8 -Duser.country=US -Duser.language=en -Duser.variant -javaagent:C:\Users\Admin\.gradle\wrapper\dists\gradle-8.1-bin\2eyty4r6kz6fpakefpk52nbbm\gradle-8.1\lib\agents\gradle-instrumentation-agent-8.1.jar 
java_command: org.gradle.launcher.daemon.bootstrap.GradleDaemon 8.1
java_class_path (initial): C:\Users\Admin\.gradle\wrapper\dists\gradle-8.1-bin\2eyty4r6kz6fpakefpk52nbbm\gradle-8.1\lib\gradle-launcher-8.1.jar
Launcher Type: SUN_STANDARD

[Global flags]
     intx CICompilerCount                          = 12                                        {product} {ergonomic}
     uint ConcGCThreads                            = 3                                         {product} {ergonomic}
     uint G1ConcRefinementThreads                  = 13                                        {product} {ergonomic}
   size_t G1HeapRegionSize                         = 1048576                                   {product} {ergonomic}
    uintx GCDrainStackTargetSize                   = 64                                        {product} {ergonomic}
   size_t InitialHeapSize                          = 123731968                                 {product} {ergonomic}
   size_t MarkStackSize                            = 4194304                                   {product} {ergonomic}
   size_t MaxHeapSize                              = 2147483648                                {product} {command line}
   size_t MaxNewSize                               = 1287651328                                {product} {ergonomic}
   size_t MinHeapDeltaBytes                        = 1048576                                   {product} {ergonomic}
   size_t MinHeapSize                              = 8388608                                   {product} {ergonomic}
    uintx NonNMethodCodeHeapSize                   = 7602480                                {pd product} {ergonomic}
    uintx NonProfiledCodeHeapSize                  = 122027880                              {pd product} {ergonomic}
    uintx ProfiledCodeHeapSize                     = 122027880                              {pd product} {ergonomic}
    uintx ReservedCodeCacheSize                    = 251658240                              {pd product} {ergonomic}
     bool SegmentedCodeCache                       = true                                      {product} {ergonomic}
   size_t SoftMaxHeapSize                          = 2147483648                             {manageable} {ergonomic}
     bool UseCompressedClassPointers               = true                           {product lp64_product} {ergonomic}
     bool UseCompressedOops                        = true                           {product lp64_product} {ergonomic}
     bool UseG1GC                                  = true                                      {product} {ergonomic}
     bool UseLargePagesIndividualAllocation        = false                                  {pd product} {ergonomic}

Logging:
Log output configuration:
 #0: stdout all=warning uptime,level,tags foldmultilines=false
 #1: stderr all=off uptime,level,tags foldmultilines=false

Environment Variables:
PATH=C:\Program Files\Common Files\Oracle\Java\javapath;C:\Program Files (x86)\Common Files\Oracle\Java\javapath;C:\Users\Admin\AppData\Local\Microsoft\WindowsApps;C:\Users\Admin\AppData\Local\Programs\Microsoft VS Code\bin;C:\Users\Admin\.dotnet\tools;C:\Users\Admin\AppData\Local\Yarn\bin;C:\Users\Admin\AppData\Roaming\npm;C:\Program Files\Git\cmd;C:\Program Files\nodejs\;C:\WINDOWS\system32;C:\WINDOWS;C:\WINDOWS\System32\Wbem;C:\WINDOWS\System32\WindowsPowerShell\v1.0\;C:\WINDOWS\System32\OpenSSH\;C:\Program Files\TortoiseGit\bin;C:\Program Files\dotnet\;C:\Program Files (x86)\NVIDIA Corporation\PhysX\Common;C:\Program Files\NVIDIA Corporation\NVIDIA NvDLISR;C:\Program Files\Microsoft SQL Server\150\Tools\Binn\;C:\Program Files (x86)\Microsoft SQL Server\160\Tools\Binn\;C:\Program Files\Microsoft SQL Server\160\Tools\Binn\;C:\Program Files\Microsoft SQL Server\Client SDK\ODBC\170\Tools\Binn\;C:\Program Files\Microsoft SQL Server\160\DTS\Binn\;C:\Program Files (x86)\Microsoft SQL Server\160\DTS\Binn\;C:\Program Files\Azure Data Studio\bin;C:\ProgramData\chocolatey\bin;C:\Program Files\Cloudflare\Cloudflare WARP\;C:\Users\Admin\AppData\Local\Programs\Python\Python310\Scripts\;C:\Users\Admin\AppData\Local\Programs\Python\Python310\;C:\Users\Admin\AppData\Local\Programs\Python\Python39\Scripts\;C:\Users\Admin\AppData\Local\Programs\Python\Python39\;C:\Users\Admin\AppData\Local\Microsoft\WindowsApps;C:\Users\Admin\AppData\Local\Programs\Microsoft VS Code\bin;C:\Users\Admin\.dotnet\tools;C:\Users\Admin\AppData\Local\Yarn\bin;C:\MinGW\bin;C:\Users\Admin\AppData\Roaming\npm;D:\IntelliJ IDEA 2022.3.3\bin;;C:\Program Files\Azure Data Studio\bin;C:\Program Files\Azure Data Studio\bin
USERNAME=Admin
OS=Windows_NT
PROCESSOR_IDENTIFIER=AMD64 Family 23 Model 96 Stepping 1, AuthenticAMD
TMP=C:\Users\Admin\AppData\Local\Temp
TEMP=C:\Users\Admin\AppData\Local\Temp




---------------  S Y S T E M  ---------------

OS:
 Windows 11 , 64 bit Build 22621 (10.0.22621.2506)
OS uptime: 0 days 4:57 hours

CPU: total 16 (initial active 16) (16 cores per cpu, 2 threads per core) family 23 model 96 stepping 1 microcode 0x0, cx8, cmov, fxsr, ht, mmx, 3dnowpref, sse, sse2, sse3, ssse3, sse4a, sse4.1, sse4.2, popcnt, lzcnt, tsc, tscinvbit, avx, avx2, aes, clmul, bmi1, bmi2, adx, sha, fma, vzeroupper, clflush, clflushopt, rdtscp, rdpid, f16c

Memory: 4k page, system-wide physical 7549M (554M free)
TotalPageFile size 15549M (AvailPageFile size 25M)
current process WorkingSet (physical memory assigned to process): 461M, peak: 461M
current process commit charge ("private bytes"): 518M, peak: 589M

vm_info: Java HotSpot(TM) 64-Bit Server VM (20+36-2344) for windows-amd64 JRE (20+36-2344), built on 2023-02-10T19:30:15Z by "mach5one" with MS VC++ 17.1 (VS2022)

END.
