#
# There is insufficient memory for the Java Runtime Environment to continue.
# Native memory allocation (mmap) failed to map 49283072 bytes for G1 virtual space
# Possible reasons:
#   The system is out of physical RAM or swap space
#   The process is running with CompressedOops enabled, and the Java Heap may be blocking the growth of the native heap
# Possible solutions:
#   Reduce memory load on the system
#   Increase physical memory or swap space
#   Check if swap backing store is full
#   Decrease Java heap size (-Xmx/-Xms)
#   Decrease number of Java threads
#   Decrease Java thread stack sizes (-Xss)
#   Set larger code cache with -XX:ReservedCodeCacheSize=
#   JVM is running with Unscaled Compressed Oops mode in which the Java heap is
#     placed in the first 4GB address space. The Java Heap base address is the
#     maximum limit for the native heap growth. Please use -XX:HeapBaseMinAddress
#     to set the Java Heap base and to place the Java Heap above 4GB virtual address.
# This output file may be truncated or incomplete.
#
#  Out of Memory Error (os_windows.cpp:3528), pid=13544, tid=7800
#
# JRE version: Java(TM) SE Runtime Environment (20.0+36) (build 20+36-2344)
# Java VM: Java HotSpot(TM) 64-Bit Server VM (20+36-2344, mixed mode, sharing, tiered, compressed oops, compressed class ptrs, g1 gc, windows-amd64)
# No core dump will be written. Minidumps are not enabled by default on client versions of Windows
#

---------------  S U M M A R Y ------------

Command Line: --add-opens=java.base/java.util=ALL-UNNAMED --add-opens=java.base/java.lang=ALL-UNNAMED --add-opens=java.base/java.lang.invoke=ALL-UNNAMED --add-opens=java.prefs/java.util.prefs=ALL-UNNAMED --add-opens=java.base/java.nio.charset=ALL-UNNAMED --add-opens=java.base/java.net=ALL-UNNAMED --add-opens=java.base/java.util.concurrent.atomic=ALL-UNNAMED -Xmx2048m -Dfile.encoding=UTF-8 -Duser.country=US -Duser.language=en -Duser.variant -javaagent:C:\Users\Admin\.gradle\wrapper\dists\gradle-8.1-bin\2eyty4r6kz6fpakefpk52nbbm\gradle-8.1\lib\agents\gradle-instrumentation-agent-8.1.jar org.gradle.launcher.daemon.bootstrap.GradleDaemon 8.1

Host: AMD Ryzen 7 4800H with Radeon Graphics         , 16 cores, 7G,  Windows 11 , 64 bit Build 22621 (10.0.22621.2506)
Time: Thu Nov  9 20:51:33 2023 SE Asia Standard Time elapsed time: 6.557139 seconds (0d 0h 0m 6s)

---------------  T H R E A D  ---------------

Current thread (0x00000236c15b5950):  VMThread "VM Thread" [stack: 0x00000094ebb00000,0x00000094ebc00000] [id=7800]

Stack: [0x00000094ebb00000,0x00000094ebc00000]
Native frames: (J=compiled Java code, j=interpreted, Vv=VM code, C=native code)
V  [jvm.dll+0x6bb95a]
V  [jvm.dll+0x8483aa]
V  [jvm.dll+0x849fa5]
V  [jvm.dll+0x84a6a3]
V  [jvm.dll+0x280b0f]
V  [jvm.dll+0x6b86e9]
V  [jvm.dll+0x6ad2da]
V  [jvm.dll+0x35adf5]
V  [jvm.dll+0x363016]
V  [jvm.dll+0x3b3b3e]
V  [jvm.dll+0x3b3dc5]
V  [jvm.dll+0x32b50a]
V  [jvm.dll+0x32b5b7]
V  [jvm.dll+0x373942]
V  [jvm.dll+0x372140]
V  [jvm.dll+0x32ac51]
V  [jvm.dll+0x371836]
V  [jvm.dll+0x84ffee]
V  [jvm.dll+0x851101]
V  [jvm.dll+0x851609]
V  [jvm.dll+0x851883]
V  [jvm.dll+0x7f4906]
V  [jvm.dll+0x6ba5cb]
C  [ucrtbase.dll+0x29363]
C  [KERNEL32.DLL+0x1257d]
C  [ntdll.dll+0x5aa58]

VM_Operation (0x00000094f0bfd9a0): G1CollectForAllocation, mode: safepoint, requested by thread 0x00000236cc586b50


---------------  P R O C E S S  ---------------

Threads class SMR info:
_java_thread_list=0x00000236cc588870, length=70, elements={
0x00000236a49bd750, 0x00000236c15cfea0, 0x00000236c15d0ca0, 0x00000236c15d5540,
0x00000236c15d7090, 0x00000236c15dadf0, 0x00000236c15dd870, 0x00000236c15dfc30,
0x00000236c15e24d0, 0x00000236c15a0180, 0x00000236c61f4b50, 0x00000236c620bfd0,
0x00000236c63952c0, 0x00000236c63d5970, 0x00000236c652bec0, 0x00000236c6bfd570,
0x00000236c74c3780, 0x00000236c79867e0, 0x00000236c7e4bc80, 0x00000236c7bbc040,
0x00000236c7bbeac0, 0x00000236c7bbcae0, 0x00000236c7bbe570, 0x00000236c7bbd030,
0x00000236c7bbe020, 0x00000236c7bbd580, 0x00000236c7bbf010, 0x00000236c7bbdad0,
0x00000236c7bbf560, 0x00000236c7bbc590, 0x00000236cb198eb0, 0x00000236cb19a3f0,
0x00000236cb196ed0, 0x00000236cb196980, 0x00000236cb19c920, 0x00000236cb19ce70,
0x00000236cb197420, 0x00000236cb197ec0, 0x00000236cb197970, 0x00000236cb19be80,
0x00000236cb19c3d0, 0x00000236cb19de60, 0x00000236cb5ae040, 0x00000236cb5ae590,
0x00000236cb5aa080, 0x00000236cb5abb10, 0x00000236cb5aeae0, 0x00000236cb5afad0,
0x00000236cb5ad5a0, 0x00000236cb5ab5c0, 0x00000236cb5b0570, 0x00000236cb5ac060,
0x00000236cb5af030, 0x00000236cb5ac5b0, 0x00000236cb5b0020, 0x00000236cb5adaf0,
0x00000236cb5aab20, 0x00000236cb5acb00, 0x00000236cb5b0ac0, 0x00000236cb5ad050,
0x00000236cb5b1010, 0x00000236cb5b1560, 0x00000236cb5aa5d0, 0x00000236cb5ab070,
0x00000236cc5875f0, 0x00000236cc586b50, 0x00000236cc5860b0, 0x00000236cc584620,
0x00000236cc581ba0, 0x00000236cc583630
}

Java Threads: ( => current thread )
  0x00000236a49bd750 JavaThread "main" [_thread_blocked, id=11336, stack(0x00000094eb500000,0x00000094eb600000)]
  0x00000236c15cfea0 JavaThread "Reference Handler" daemon [_thread_blocked, id=3360, stack(0x00000094ebc00000,0x00000094ebd00000)]
  0x00000236c15d0ca0 JavaThread "Finalizer" daemon [_thread_blocked, id=3236, stack(0x00000094ebd00000,0x00000094ebe00000)]
  0x00000236c15d5540 JavaThread "Signal Dispatcher" daemon [_thread_blocked, id=7068, stack(0x00000094ebe00000,0x00000094ebf00000)]
  0x00000236c15d7090 JavaThread "Attach Listener" daemon [_thread_blocked, id=17712, stack(0x00000094ebf00000,0x00000094ec000000)]
  0x00000236c15dadf0 JavaThread "Service Thread" daemon [_thread_blocked, id=1092, stack(0x00000094ec000000,0x00000094ec100000)]
  0x00000236c15dd870 JavaThread "Monitor Deflation Thread" daemon [_thread_blocked, id=13652, stack(0x00000094ec100000,0x00000094ec200000)]
  0x00000236c15dfc30 JavaThread "C2 CompilerThread0" daemon [_thread_blocked, id=13648, stack(0x00000094ec200000,0x00000094ec300000)]
  0x00000236c15e24d0 JavaThread "C1 CompilerThread0" daemon [_thread_blocked, id=13900, stack(0x00000094ec300000,0x00000094ec400000)]
  0x00000236c15a0180 JavaThread "Common-Cleaner" daemon [_thread_blocked, id=1644, stack(0x00000094ec400000,0x00000094ec500000)]
  0x00000236c61f4b50 JavaThread "C1 CompilerThread1" daemon [_thread_blocked, id=8712, stack(0x00000094ec500000,0x00000094ec600000)]
  0x00000236c620bfd0 JavaThread "C1 CompilerThread2" daemon [_thread_blocked, id=15672, stack(0x00000094ec600000,0x00000094ec700000)]
  0x00000236c63952c0 JavaThread "Notification Thread" daemon [_thread_blocked, id=5976, stack(0x00000094ec700000,0x00000094ec800000)]
  0x00000236c63d5970 JavaThread "C2 CompilerThread1" daemon [_thread_blocked, id=12296, stack(0x00000094ec900000,0x00000094eca00000)]
  0x00000236c652bec0 JavaThread "C2 CompilerThread2" daemon [_thread_in_native, id=2220, stack(0x00000094eca00000,0x00000094ecb00000)]
  0x00000236c6bfd570 JavaThread "C1 CompilerThread3" daemon [_thread_blocked, id=11976, stack(0x00000094ecb00000,0x00000094ecc00000)]
  0x00000236c74c3780 JavaThread "Daemon health stats" [_thread_blocked, id=18140, stack(0x00000094ed000000,0x00000094ed100000)]
  0x00000236c79867e0 JavaThread "Incoming local TCP Connector on port 57020" [_thread_in_native, id=17184, stack(0x00000094ed100000,0x00000094ed200000)]
  0x00000236c7e4bc80 JavaThread "Daemon periodic checks" [_thread_blocked, id=10496, stack(0x00000094ed200000,0x00000094ed300000)]
  0x00000236c7bbc040 JavaThread "Daemon" [_thread_blocked, id=5000, stack(0x00000094ed300000,0x00000094ed400000)]
  0x00000236c7bbeac0 JavaThread "Handler for socket connection from /127.0.0.1:57020 to /127.0.0.1:57021" [_thread_in_native, id=17896, stack(0x00000094ed400000,0x00000094ed500000)]
  0x00000236c7bbcae0 JavaThread "Cancel handler" [_thread_blocked, id=18060, stack(0x00000094ed500000,0x00000094ed600000)]
  0x00000236c7bbe570 JavaThread "Daemon worker" [_thread_blocked, id=18336, stack(0x00000094ed600000,0x00000094ed700000)]
  0x00000236c7bbd030 JavaThread "Asynchronous log dispatcher for DefaultDaemonConnection: socket connection from /127.0.0.1:57020 to /127.0.0.1:57021" [_thread_blocked, id=364, stack(0x00000094ed700000,0x00000094ed800000)]
  0x00000236c7bbe020 JavaThread "Stdin handler" [_thread_blocked, id=8600, stack(0x00000094ed800000,0x00000094ed900000)]
  0x00000236c7bbd580 JavaThread "Daemon client event forwarder" [_thread_blocked, id=17872, stack(0x00000094ed900000,0x00000094eda00000)]
  0x00000236c7bbf010 JavaThread "Cache worker for journal cache (C:\Users\Admin\.gradle\caches\journal-1)" [_thread_blocked, id=7536, stack(0x00000094eda00000,0x00000094edb00000)]
  0x00000236c7bbdad0 JavaThread "File lock request listener" [_thread_in_native, id=15060, stack(0x00000094edb00000,0x00000094edc00000)]
  0x00000236c7bbf560 JavaThread "Cache worker for file hash cache (C:\Users\Admin\.gradle\caches\8.1\fileHashes)" [_thread_blocked, id=12112, stack(0x00000094edc00000,0x00000094edd00000)]
  0x00000236c7bbc590 JavaThread "File watcher server" daemon [_thread_in_native, id=12560, stack(0x00000094ee500000,0x00000094ee600000)]
  0x00000236cb198eb0 JavaThread "File watcher consumer" daemon [_thread_blocked, id=9432, stack(0x00000094ee600000,0x00000094ee700000)]
  0x00000236cb19a3f0 JavaThread "Cache worker for checksums cache (C:\Users\Admin\AndroidStudioProjects\RSS-App\.gradle\8.1\checksums)" [_thread_blocked, id=13004, stack(0x00000094ee900000,0x00000094eea00000)]
  0x00000236cb196ed0 JavaThread "Cache worker for cache directory md-rule (C:\Users\Admin\.gradle\caches\8.1\md-rule)" [_thread_blocked, id=9832, stack(0x00000094eea00000,0x00000094eeb00000)]
  0x00000236cb196980 JavaThread "Cache worker for file content cache (C:\Users\Admin\.gradle\caches\8.1\fileContent)" [_thread_blocked, id=13140, stack(0x00000094eeb00000,0x00000094eec00000)]
  0x00000236cb19c920 JavaThread "Cache worker for file hash cache (C:\Users\Admin\AndroidStudioProjects\RSS-App\.gradle\8.1\fileHashes)" [_thread_blocked, id=17548, stack(0x00000094eec00000,0x00000094eed00000)]
  0x00000236cb19ce70 JavaThread "Cache worker for cache directory md-supplier (C:\Users\Admin\.gradle\caches\8.1\md-supplier)" [_thread_blocked, id=17672, stack(0x00000094eed00000,0x00000094eee00000)]
  0x00000236cb197420 JavaThread "Cache worker for execution history cache (C:\Users\Admin\.gradle\caches\8.1\executionHistory)" [_thread_blocked, id=15704, stack(0x00000094eee00000,0x00000094eef00000)]
  0x00000236cb197ec0 JavaThread "jar transforms" [_thread_blocked, id=2936, stack(0x00000094eef00000,0x00000094ef000000)]
  0x00000236cb197970 JavaThread "jar transforms Thread 2" [_thread_blocked, id=8496, stack(0x00000094ef000000,0x00000094ef100000)]
  0x00000236cb19be80 JavaThread "jar transforms Thread 3" [_thread_blocked, id=1900, stack(0x00000094ef100000,0x00000094ef200000)]
  0x00000236cb19c3d0 JavaThread "jar transforms Thread 4" [_thread_blocked, id=9624, stack(0x00000094ef200000,0x00000094ef300000)]
  0x00000236cb19de60 JavaThread "Cache worker for dependencies-accessors (C:\Users\Admin\AndroidStudioProjects\RSS-App\.gradle\8.1\dependencies-accessors)" [_thread_blocked, id=1080, stack(0x00000094ef300000,0x00000094ef400000)]
  0x00000236cb5ae040 JavaThread "jar transforms Thread 5" [_thread_blocked, id=6936, stack(0x00000094ef400000,0x00000094ef500000)]
  0x00000236cb5ae590 JavaThread "Cache worker for Build Output Cleanup Cache (C:\Users\Admin\AndroidStudioProjects\RSS-App\.gradle\buildOutputCleanup)" [_thread_blocked, id=16960, stack(0x00000094ef500000,0x00000094ef600000)]
  0x00000236cb5aa080 JavaThread "Unconstrained build operations" [_thread_blocked, id=16948, stack(0x00000094ef600000,0x00000094ef700000)]
  0x00000236cb5abb10 JavaThread "Unconstrained build operations Thread 2" [_thread_blocked, id=14340, stack(0x00000094ef700000,0x00000094ef800000)]
  0x00000236cb5aeae0 JavaThread "Unconstrained build operations Thread 3" [_thread_blocked, id=17844, stack(0x00000094ef800000,0x00000094ef900000)]
  0x00000236cb5afad0 JavaThread "Unconstrained build operations Thread 4" [_thread_blocked, id=6440, stack(0x00000094ef900000,0x00000094efa00000)]
  0x00000236cb5ad5a0 JavaThread "Unconstrained build operations Thread 5" [_thread_blocked, id=16464, stack(0x00000094efa00000,0x00000094efb00000)]
  0x00000236cb5ab5c0 JavaThread "Unconstrained build operations Thread 6" [_thread_blocked, id=13412, stack(0x00000094efb00000,0x00000094efc00000)]
  0x00000236cb5b0570 JavaThread "Unconstrained build operations Thread 7" [_thread_blocked, id=5004, stack(0x00000094efc00000,0x00000094efd00000)]
  0x00000236cb5ac060 JavaThread "Unconstrained build operations Thread 8" [_thread_blocked, id=13136, stack(0x00000094efd00000,0x00000094efe00000)]
  0x00000236cb5af030 JavaThread "Unconstrained build operations Thread 9" [_thread_blocked, id=12332, stack(0x00000094efe00000,0x00000094eff00000)]
  0x00000236cb5ac5b0 JavaThread "Unconstrained build operations Thread 10" [_thread_blocked, id=17336, stack(0x00000094eff00000,0x00000094f0000000)]
  0x00000236cb5b0020 JavaThread "Unconstrained build operations Thread 11" [_thread_blocked, id=13108, stack(0x00000094f0000000,0x00000094f0100000)]
  0x00000236cb5adaf0 JavaThread "Unconstrained build operations Thread 12" [_thread_blocked, id=16308, stack(0x00000094f0100000,0x00000094f0200000)]
  0x00000236cb5aab20 JavaThread "Unconstrained build operations Thread 13" [_thread_blocked, id=15492, stack(0x00000094f0200000,0x00000094f0300000)]
  0x00000236cb5acb00 JavaThread "Unconstrained build operations Thread 14" [_thread_blocked, id=2848, stack(0x00000094f0300000,0x00000094f0400000)]
  0x00000236cb5b0ac0 JavaThread "Unconstrained build operations Thread 15" [_thread_blocked, id=17612, stack(0x00000094f0400000,0x00000094f0500000)]
  0x00000236cb5ad050 JavaThread "jar transforms Thread 6" [_thread_blocked, id=7940, stack(0x00000094f0500000,0x00000094f0600000)]
  0x00000236cb5b1010 JavaThread "jar transforms Thread 7" [_thread_blocked, id=6200, stack(0x00000094f0600000,0x00000094f0700000)]
  0x00000236cb5b1560 JavaThread "jar transforms Thread 8" [_thread_blocked, id=396, stack(0x00000094f0700000,0x00000094f0800000)]
  0x00000236cb5aa5d0 JavaThread "jar transforms Thread 9" [_thread_blocked, id=1992, stack(0x00000094f0800000,0x00000094f0900000)]
  0x00000236cb5ab070 JavaThread "jar transforms Thread 10" [_thread_blocked, id=17456, stack(0x00000094f0900000,0x00000094f0a00000)]
  0x00000236cc5875f0 JavaThread "jar transforms Thread 11" [_thread_blocked, id=18068, stack(0x00000094f0a00000,0x00000094f0b00000)]
  0x00000236cc586b50 JavaThread "jar transforms Thread 12" [_thread_blocked, id=5564, stack(0x00000094f0b00000,0x00000094f0c00000)]
  0x00000236cc5860b0 JavaThread "jar transforms Thread 13" [_thread_blocked, id=16364, stack(0x00000094f0c00000,0x00000094f0d00000)]
  0x00000236cc584620 JavaThread "jar transforms Thread 14" [_thread_blocked, id=16240, stack(0x00000094f0d00000,0x00000094f0e00000)]
  0x00000236cc581ba0 JavaThread "jar transforms Thread 15" [_thread_blocked, id=17020, stack(0x00000094f0e00000,0x00000094f0f00000)]
  0x00000236cc583630 JavaThread "jar transforms Thread 16" [_thread_blocked, id=1184, stack(0x00000094f0f00000,0x00000094f1000000)]

Other Threads:
=>0x00000236c15b5950 VMThread "VM Thread" [stack: 0x00000094ebb00000,0x00000094ebc00000] [id=7800]
  0x00000236a49be770 WatcherThread "VM Periodic Task Thread" [stack: 0x00000094ec800000,0x00000094ec900000] [id=15856]
  0x00000236a4a1ac70 WorkerThread "GC Thread#0" [stack: 0x00000094eb600000,0x00000094eb700000] [id=13880]
  0x00000236c63a9a40 WorkerThread "GC Thread#1" [stack: 0x00000094ecc00000,0x00000094ecd00000] [id=14960]
  0x00000236c63a8690 WorkerThread "GC Thread#2" [stack: 0x00000094ecd00000,0x00000094ece00000] [id=8388]
  0x00000236c63a83c0 WorkerThread "GC Thread#3" [stack: 0x00000094ece00000,0x00000094ecf00000] [id=9548]
  0x00000236c63a94a0 WorkerThread "GC Thread#4" [stack: 0x00000094ecf00000,0x00000094ed000000] [id=12812]
  0x00000236c8267610 WorkerThread "GC Thread#5" [stack: 0x00000094edd00000,0x00000094ede00000] [id=16712]
  0x00000236c82678e0 WorkerThread "GC Thread#6" [stack: 0x00000094ede00000,0x00000094edf00000] [id=16524]
  0x00000236c8267bb0 WorkerThread "GC Thread#7" [stack: 0x00000094edf00000,0x00000094ee000000] [id=344]
  0x00000236c8268150 WorkerThread "GC Thread#8" [stack: 0x00000094ee000000,0x00000094ee100000] [id=8960]
  0x00000236c8020ac0 WorkerThread "GC Thread#9" [stack: 0x00000094ee100000,0x00000094ee200000] [id=12672]
  0x00000236c801e090 WorkerThread "GC Thread#10" [stack: 0x00000094ee200000,0x00000094ee300000] [id=1200]
  0x00000236c801e630 WorkerThread "GC Thread#11" [stack: 0x00000094ee300000,0x00000094ee400000] [id=11116]
  0x00000236c801ebd0 WorkerThread "GC Thread#12" [stack: 0x00000094ee400000,0x00000094ee500000] [id=5660]
  0x00000236a4a2bb80 ConcurrentGCThread "G1 Main Marker" [stack: 0x00000094eb700000,0x00000094eb800000] [id=18228]
  0x00000236a4a2d760 WorkerThread "G1 Conc#0" [stack: 0x00000094eb800000,0x00000094eb900000] [id=13840]
  0x00000236c801f440 WorkerThread "G1 Conc#1" [stack: 0x00000094ee700000,0x00000094ee800000] [id=15852]
  0x00000236c801eea0 WorkerThread "G1 Conc#2" [stack: 0x00000094ee800000,0x00000094ee900000] [id=14884]
  0x00000236c1474400 ConcurrentGCThread "G1 Refine#0" [stack: 0x00000094eb900000,0x00000094eba00000] [id=13596]
  0x00000236c1475dc0 ConcurrentGCThread "G1 Service" [stack: 0x00000094eba00000,0x00000094ebb00000] [id=17992]

Threads with active compile tasks:
C2 CompilerThread0     6570 7528 %     4       org.objectweb.asm.ClassReader::readCode @ 92 (5109 bytes)
C2 CompilerThread1     6570 7560       4       org.gradle.internal.file.FilePathUtil::getPathSegments (54 bytes)
C2 CompilerThread2     6570 7246       4       org.objectweb.asm.ClassReader::accept (1412 bytes)

VM state: at safepoint (normal execution)

VM Mutex/Monitor currently owned by a thread:  ([mutex/lock_event])
[0x00000236a49b7960] Threads_lock - owner thread: 0x00000236c15b5950
[0x00000236a49b7a80] Heap_lock - owner thread: 0x00000236cc586b50

Heap address: 0x0000000080000000, size: 2048 MB, Compressed Oops mode: 32-bit

CDS archive(s) mapped at: [0x0000000800000000-0x0000000800c60000-0x0000000800c60000), size 12976128, SharedBaseAddress: 0x0000000800000000, ArchiveRelocationMode: 0.
Compressed class space mapped at: 0x0000000801000000-0x0000000841000000, reserved size: 1073741824
Narrow klass base: 0x0000000800000000, Narrow klass shift: 0, Narrow klass range: 0x100000000

GC Precious Log:
 CardTable entry size: 512
 Card Set container configuration: InlinePtr #cards 5 size 8 Array Of Cards #cards 12 size 40 Howl #buckets 4 coarsen threshold 1843 Howl Bitmap #cards 512 size 80 coarsen threshold 460 Card regions per heap region 1 cards per card region 2048
 CPUs: 16 total, 16 available
 Memory: 7549M
 Large Page Support: Disabled
 NUMA Support: Disabled
 Compressed Oops: Enabled (32-bit)
 Heap Region Size: 1M
 Heap Min Capacity: 8M
 Heap Initial Capacity: 118M
 Heap Max Capacity: 2G
 Pre-touch: Disabled
 Parallel Workers: 13
 Concurrent Workers: 3
 Concurrent Refinement Workers: 13
 Periodic GC: Disabled

Heap:
 garbage-first heap   total 236544K, used 54006K [0x0000000080000000, 0x0000000100000000)
  region size 1024K, 7 young (7168K), 7 survivors (7168K)
 Metaspace       used 46063K, committed 47680K, reserved 1114112K
  class space    used 6377K, committed 7168K, reserved 1048576K

Heap Regions: E=young(eden), S=young(survivor), O=old, HS=humongous(starts), HC=humongous(continues), CS=collection set, F=free, OA=open archive, CA=closed archive, TAMS=top-at-mark-start, PB=parsable bottom
|   0|0x0000000080000000, 0x0000000080100000, 0x0000000080100000|100%|HS|  |TAMS 0x0000000080000000| PB 0x0000000080000000| Complete 
|   1|0x0000000080100000, 0x0000000080200000, 0x0000000080200000|100%|HC|  |TAMS 0x0000000080100000| PB 0x0000000080100000| Complete 
|   2|0x0000000080200000, 0x0000000080300000, 0x0000000080300000|100%|HC|  |TAMS 0x0000000080200000| PB 0x0000000080200000| Complete 
|   3|0x0000000080300000, 0x0000000080400000, 0x0000000080400000|100%|HC|  |TAMS 0x0000000080300000| PB 0x0000000080300000| Complete 
|   4|0x0000000080400000, 0x0000000080500000, 0x0000000080500000|100%| O|  |TAMS 0x0000000080400000| PB 0x0000000080400000| Untracked 
|   5|0x0000000080500000, 0x0000000080600000, 0x0000000080600000|100%| O|  |TAMS 0x0000000080500000| PB 0x0000000080500000| Untracked 
|   6|0x0000000080600000, 0x0000000080700000, 0x0000000080700000|100%| O|  |TAMS 0x0000000080600000| PB 0x0000000080600000| Untracked 
|   7|0x0000000080700000, 0x0000000080800000, 0x0000000080800000|100%| O|  |TAMS 0x0000000080700000| PB 0x0000000080700000| Untracked 
|   8|0x0000000080800000, 0x0000000080900000, 0x0000000080900000|100%| O|  |TAMS 0x0000000080800000| PB 0x0000000080800000| Untracked 
|   9|0x0000000080900000, 0x0000000080a00000, 0x0000000080a00000|100%| O|  |TAMS 0x0000000080900000| PB 0x0000000080900000| Untracked 
|  10|0x0000000080a00000, 0x0000000080b00000, 0x0000000080b00000|100%| O|  |TAMS 0x0000000080a00000| PB 0x0000000080a00000| Untracked 
|  11|0x0000000080b00000, 0x0000000080c00000, 0x0000000080c00000|100%| O|  |TAMS 0x0000000080b00000| PB 0x0000000080b00000| Untracked 
|  12|0x0000000080c00000, 0x0000000080d00000, 0x0000000080d00000|100%| O|  |TAMS 0x0000000080c00000| PB 0x0000000080c00000| Untracked 
|  13|0x0000000080d00000, 0x0000000080e00000, 0x0000000080e00000|100%| O|  |TAMS 0x0000000080d00000| PB 0x0000000080d00000| Untracked 
|  14|0x0000000080e00000, 0x0000000080f00000, 0x0000000080f00000|100%| O|  |TAMS 0x0000000080e00000| PB 0x0000000080e00000| Untracked 
|  15|0x0000000080f00000, 0x0000000081000000, 0x0000000081000000|100%| O|  |TAMS 0x0000000080f00000| PB 0x0000000080f00000| Untracked 
|  16|0x0000000081000000, 0x0000000081100000, 0x0000000081100000|100%| O|  |TAMS 0x0000000081000000| PB 0x0000000081000000| Untracked 
|  17|0x0000000081100000, 0x0000000081200000, 0x0000000081200000|100%| O|  |TAMS 0x0000000081100000| PB 0x0000000081100000| Untracked 
|  18|0x0000000081200000, 0x0000000081300000, 0x0000000081300000|100%| O|  |TAMS 0x0000000081200000| PB 0x0000000081200000| Untracked 
|  19|0x0000000081300000, 0x0000000081400000, 0x0000000081400000|100%| O|  |TAMS 0x0000000081300000| PB 0x0000000081300000| Untracked 
|  20|0x0000000081400000, 0x0000000081500000, 0x0000000081500000|100%| O|  |TAMS 0x0000000081400000| PB 0x0000000081400000| Untracked 
|  21|0x0000000081500000, 0x0000000081600000, 0x0000000081600000|100%| O|  |TAMS 0x0000000081500000| PB 0x0000000081500000| Untracked 
|  22|0x0000000081600000, 0x00000000816f8800, 0x0000000081700000| 97%| O|  |TAMS 0x0000000081600000| PB 0x0000000081600000| Untracked 
|  23|0x0000000081700000, 0x0000000081800000, 0x0000000081800000|100%|HS|  |TAMS 0x0000000081700000| PB 0x0000000081700000| Complete 
|  24|0x0000000081800000, 0x0000000081900000, 0x0000000081900000|100%|HS|  |TAMS 0x0000000081800000| PB 0x0000000081800000| Complete 
|  25|0x0000000081900000, 0x0000000081a00000, 0x0000000081a00000|100%|HS|  |TAMS 0x0000000081900000| PB 0x0000000081900000| Complete 
|  26|0x0000000081a00000, 0x0000000081b00000, 0x0000000081b00000|100%| O|  |TAMS 0x0000000081a00000| PB 0x0000000081a00000| Untracked 
|  27|0x0000000081b00000, 0x0000000081c00000, 0x0000000081c00000|100%| O|  |TAMS 0x0000000081b00000| PB 0x0000000081b00000| Untracked 
|  28|0x0000000081c00000, 0x0000000081d00000, 0x0000000081d00000|100%| O|  |TAMS 0x0000000081c00000| PB 0x0000000081c00000| Untracked 
|  29|0x0000000081d00000, 0x0000000081e00000, 0x0000000081e00000|100%| O|  |TAMS 0x0000000081d00000| PB 0x0000000081d00000| Untracked 
|  30|0x0000000081e00000, 0x0000000081f00000, 0x0000000081f00000|100%| O|  |TAMS 0x0000000081e00000| PB 0x0000000081e00000| Untracked 
|  31|0x0000000081f00000, 0x0000000082000000, 0x0000000082000000|100%| O|  |TAMS 0x0000000081f00000| PB 0x0000000081f00000| Untracked 
|  32|0x0000000082000000, 0x0000000082100000, 0x0000000082100000|100%| O|  |TAMS 0x0000000082000000| PB 0x0000000082000000| Untracked 
|  33|0x0000000082100000, 0x0000000082200000, 0x0000000082200000|100%| O|  |TAMS 0x0000000082100000| PB 0x0000000082100000| Untracked 
|  34|0x0000000082200000, 0x0000000082300000, 0x0000000082300000|100%| O|  |TAMS 0x0000000082200000| PB 0x0000000082200000| Untracked 
|  35|0x0000000082300000, 0x0000000082400000, 0x0000000082400000|100%| O|  |TAMS 0x0000000082300000| PB 0x0000000082300000| Untracked 
|  36|0x0000000082400000, 0x0000000082500000, 0x0000000082500000|100%| O|  |TAMS 0x0000000082400000| PB 0x0000000082400000| Untracked 
|  37|0x0000000082500000, 0x0000000082600000, 0x0000000082600000|100%| O|  |TAMS 0x0000000082500000| PB 0x0000000082500000| Untracked 
|  38|0x0000000082600000, 0x0000000082700000, 0x0000000082700000|100%| O|  |TAMS 0x0000000082600000| PB 0x0000000082600000| Untracked 
|  39|0x0000000082700000, 0x0000000082700000, 0x0000000082800000|  0%| F|  |TAMS 0x0000000082700000| PB 0x0000000082700000| Untracked 
|  40|0x0000000082800000, 0x0000000082900000, 0x0000000082900000|100%| O|  |TAMS 0x0000000082800000| PB 0x0000000082800000| Untracked 
|  41|0x0000000082900000, 0x0000000082a00000, 0x0000000082a00000|100%| O|  |TAMS 0x0000000082900000| PB 0x0000000082900000| Untracked 
|  42|0x0000000082a00000, 0x0000000082b00000, 0x0000000082b00000|100%| O|  |TAMS 0x0000000082a00000| PB 0x0000000082a00000| Untracked 
|  43|0x0000000082b00000, 0x0000000082c00000, 0x0000000082c00000|100%| O|  |TAMS 0x0000000082b00000| PB 0x0000000082b00000| Untracked 
|  44|0x0000000082c00000, 0x0000000082d00000, 0x0000000082d00000|100%| O|  |TAMS 0x0000000082c00000| PB 0x0000000082c00000| Untracked 
|  45|0x0000000082d00000, 0x0000000082d00000, 0x0000000082e00000|  0%| F|  |TAMS 0x0000000082d00000| PB 0x0000000082d00000| Untracked 
|  46|0x0000000082e00000, 0x0000000082f00000, 0x0000000082f00000|100%|HS|  |TAMS 0x0000000082e00000| PB 0x0000000082e00000| Complete 
|  47|0x0000000082f00000, 0x0000000083000000, 0x0000000083000000|100%|HC|  |TAMS 0x0000000082f00000| PB 0x0000000082f00000| Complete 
|  48|0x0000000083000000, 0x000000008307c400, 0x0000000083100000| 48%| O|  |TAMS 0x0000000083000000| PB 0x0000000083000000| Untracked 
|  49|0x0000000083100000, 0x0000000083100000, 0x0000000083200000|  0%| F|  |TAMS 0x0000000083100000| PB 0x0000000083100000| Untracked 
|  50|0x0000000083200000, 0x0000000083200000, 0x0000000083300000|  0%| F|  |TAMS 0x0000000083200000| PB 0x0000000083200000| Untracked 
|  51|0x0000000083300000, 0x0000000083300000, 0x0000000083400000|  0%| F|  |TAMS 0x0000000083300000| PB 0x0000000083300000| Untracked 
|  52|0x0000000083400000, 0x0000000083400000, 0x0000000083500000|  0%| F|  |TAMS 0x0000000083400000| PB 0x0000000083400000| Untracked 
|  53|0x0000000083500000, 0x0000000083500000, 0x0000000083600000|  0%| F|  |TAMS 0x0000000083500000| PB 0x0000000083500000| Untracked 
|  54|0x0000000083600000, 0x0000000083600000, 0x0000000083700000|  0%| F|  |TAMS 0x0000000083600000| PB 0x0000000083600000| Untracked 
|  55|0x0000000083700000, 0x0000000083700000, 0x0000000083800000|  0%| F|  |TAMS 0x0000000083700000| PB 0x0000000083700000| Untracked 
|  56|0x0000000083800000, 0x0000000083800000, 0x0000000083900000|  0%| F|  |TAMS 0x0000000083800000| PB 0x0000000083800000| Untracked 
|  57|0x0000000083900000, 0x0000000083900000, 0x0000000083a00000|  0%| F|  |TAMS 0x0000000083900000| PB 0x0000000083900000| Untracked 
|  58|0x0000000083a00000, 0x0000000083a00000, 0x0000000083b00000|  0%| F|  |TAMS 0x0000000083a00000| PB 0x0000000083a00000| Untracked 
|  59|0x0000000083b00000, 0x0000000083b00000, 0x0000000083c00000|  0%| F|  |TAMS 0x0000000083b00000| PB 0x0000000083b00000| Untracked 
|  60|0x0000000083c00000, 0x0000000083c00000, 0x0000000083d00000|  0%| F|  |TAMS 0x0000000083c00000| PB 0x0000000083c00000| Untracked 
|  61|0x0000000083d00000, 0x0000000083d00000, 0x0000000083e00000|  0%| F|  |TAMS 0x0000000083d00000| PB 0x0000000083d00000| Untracked 
|  62|0x0000000083e00000, 0x0000000083e00000, 0x0000000083f00000|  0%| F|  |TAMS 0x0000000083e00000| PB 0x0000000083e00000| Untracked 
|  63|0x0000000083f00000, 0x0000000083f00000, 0x0000000084000000|  0%| F|  |TAMS 0x0000000083f00000| PB 0x0000000083f00000| Untracked 
|  64|0x0000000084000000, 0x0000000084000000, 0x0000000084100000|  0%| F|  |TAMS 0x0000000084000000| PB 0x0000000084000000| Untracked 
|  65|0x0000000084100000, 0x0000000084100000, 0x0000000084200000|  0%| F|  |TAMS 0x0000000084100000| PB 0x0000000084100000| Untracked 
|  66|0x0000000084200000, 0x0000000084200000, 0x0000000084300000|  0%| F|  |TAMS 0x0000000084200000| PB 0x0000000084200000| Untracked 
|  67|0x0000000084300000, 0x0000000084300000, 0x0000000084400000|  0%| F|  |TAMS 0x0000000084300000| PB 0x0000000084300000| Untracked 
|  68|0x0000000084400000, 0x0000000084400000, 0x0000000084500000|  0%| F|  |TAMS 0x0000000084400000| PB 0x0000000084400000| Untracked 
|  69|0x0000000084500000, 0x0000000084500000, 0x0000000084600000|  0%| F|  |TAMS 0x0000000084500000| PB 0x0000000084500000| Untracked 
|  70|0x0000000084600000, 0x0000000084600000, 0x0000000084700000|  0%| F|  |TAMS 0x0000000084600000| PB 0x0000000084600000| Untracked 
|  71|0x0000000084700000, 0x0000000084700000, 0x0000000084800000|  0%| F|  |TAMS 0x0000000084700000| PB 0x0000000084700000| Untracked 
|  72|0x0000000084800000, 0x0000000084800000, 0x0000000084900000|  0%| F|  |TAMS 0x0000000084800000| PB 0x0000000084800000| Untracked 
|  73|0x0000000084900000, 0x0000000084900000, 0x0000000084a00000|  0%| F|  |TAMS 0x0000000084900000| PB 0x0000000084900000| Untracked 
|  74|0x0000000084a00000, 0x0000000084a00000, 0x0000000084b00000|  0%| F|  |TAMS 0x0000000084a00000| PB 0x0000000084a00000| Untracked 
|  75|0x0000000084b00000, 0x0000000084b00000, 0x0000000084c00000|  0%| F|  |TAMS 0x0000000084b00000| PB 0x0000000084b00000| Untracked 
|  76|0x0000000084c00000, 0x0000000084c00000, 0x0000000084d00000|  0%| F|  |TAMS 0x0000000084c00000| PB 0x0000000084c00000| Untracked 
|  77|0x0000000084d00000, 0x0000000084d00000, 0x0000000084e00000|  0%| F|  |TAMS 0x0000000084d00000| PB 0x0000000084d00000| Untracked 
|  78|0x0000000084e00000, 0x0000000084e00000, 0x0000000084f00000|  0%| F|  |TAMS 0x0000000084e00000| PB 0x0000000084e00000| Untracked 
|  79|0x0000000084f00000, 0x0000000084f00000, 0x0000000085000000|  0%| F|  |TAMS 0x0000000084f00000| PB 0x0000000084f00000| Untracked 
|  80|0x0000000085000000, 0x0000000085000000, 0x0000000085100000|  0%| F|  |TAMS 0x0000000085000000| PB 0x0000000085000000| Untracked 
|  81|0x0000000085100000, 0x0000000085100000, 0x0000000085200000|  0%| F|  |TAMS 0x0000000085100000| PB 0x0000000085100000| Untracked 
|  82|0x0000000085200000, 0x0000000085200000, 0x0000000085300000|  0%| F|  |TAMS 0x0000000085200000| PB 0x0000000085200000| Untracked 
|  83|0x0000000085300000, 0x0000000085300000, 0x0000000085400000|  0%| F|  |TAMS 0x0000000085300000| PB 0x0000000085300000| Untracked 
|  84|0x0000000085400000, 0x0000000085400000, 0x0000000085500000|  0%| F|  |TAMS 0x0000000085400000| PB 0x0000000085400000| Untracked 
|  85|0x0000000085500000, 0x0000000085500000, 0x0000000085600000|  0%| F|  |TAMS 0x0000000085500000| PB 0x0000000085500000| Untracked 
|  86|0x0000000085600000, 0x0000000085648e80, 0x0000000085700000| 28%| S|CS|TAMS 0x0000000085600000| PB 0x0000000085600000| Complete 
|  87|0x0000000085700000, 0x0000000085700000, 0x0000000085800000|  0%| F|  |TAMS 0x0000000085700000| PB 0x0000000085700000| Untracked 
|  88|0x0000000085800000, 0x0000000085900000, 0x0000000085900000|100%| S|CS|TAMS 0x0000000085800000| PB 0x0000000085800000| Complete 
|  89|0x0000000085900000, 0x0000000085a00000, 0x0000000085a00000|100%| S|CS|TAMS 0x0000000085900000| PB 0x0000000085900000| Complete 
|  90|0x0000000085a00000, 0x0000000085b00000, 0x0000000085b00000|100%| S|CS|TAMS 0x0000000085a00000| PB 0x0000000085a00000| Complete 
|  91|0x0000000085b00000, 0x0000000085c00000, 0x0000000085c00000|100%| S|CS|TAMS 0x0000000085b00000| PB 0x0000000085b00000| Complete 
|  92|0x0000000085c00000, 0x0000000085d00000, 0x0000000085d00000|100%| S|CS|TAMS 0x0000000085c00000| PB 0x0000000085c00000| Complete 
|  93|0x0000000085d00000, 0x0000000085d00000, 0x0000000085e00000|  0%| F|  |TAMS 0x0000000085d00000| PB 0x0000000085d00000| Untracked 
|  94|0x0000000085e00000, 0x0000000085e00000, 0x0000000085f00000|  0%| F|  |TAMS 0x0000000085e00000| PB 0x0000000085e00000| Untracked 
|  95|0x0000000085f00000, 0x0000000085f00000, 0x0000000086000000|  0%| F|  |TAMS 0x0000000085f00000| PB 0x0000000085f00000| Untracked 
|  96|0x0000000086000000, 0x0000000086000000, 0x0000000086100000|  0%| F|  |TAMS 0x0000000086000000| PB 0x0000000086000000| Untracked 
|  97|0x0000000086100000, 0x0000000086100000, 0x0000000086200000|  0%| F|  |TAMS 0x0000000086100000| PB 0x0000000086100000| Untracked 
|  98|0x0000000086200000, 0x0000000086300000, 0x0000000086300000|100%| S|CS|TAMS 0x0000000086200000| PB 0x0000000086200000| Complete 
|  99|0x0000000086300000, 0x0000000086300000, 0x0000000086400000|  0%| F|  |TAMS 0x0000000086300000| PB 0x0000000086300000| Untracked 
| 100|0x0000000086400000, 0x0000000086400000, 0x0000000086500000|  0%| F|  |TAMS 0x0000000086400000| PB 0x0000000086400000| Untracked 
| 101|0x0000000086500000, 0x0000000086500000, 0x0000000086600000|  0%| F|  |TAMS 0x0000000086500000| PB 0x0000000086500000| Untracked 
| 102|0x0000000086600000, 0x0000000086600000, 0x0000000086700000|  0%| F|  |TAMS 0x0000000086600000| PB 0x0000000086600000| Untracked 
| 103|0x0000000086700000, 0x0000000086700000, 0x0000000086800000|  0%| F|  |TAMS 0x0000000086700000| PB 0x0000000086700000| Untracked 
| 104|0x0000000086800000, 0x0000000086800000, 0x0000000086900000|  0%| F|  |TAMS 0x0000000086800000| PB 0x0000000086800000| Untracked 
| 105|0x0000000086900000, 0x0000000086900000, 0x0000000086a00000|  0%| F|  |TAMS 0x0000000086900000| PB 0x0000000086900000| Untracked 
| 106|0x0000000086a00000, 0x0000000086a00000, 0x0000000086b00000|  0%| F|  |TAMS 0x0000000086a00000| PB 0x0000000086a00000| Untracked 
| 107|0x0000000086b00000, 0x0000000086b00000, 0x0000000086c00000|  0%| F|  |TAMS 0x0000000086b00000| PB 0x0000000086b00000| Untracked 
| 108|0x0000000086c00000, 0x0000000086c00000, 0x0000000086d00000|  0%| F|  |TAMS 0x0000000086c00000| PB 0x0000000086c00000| Untracked 
| 109|0x0000000086d00000, 0x0000000086d00000, 0x0000000086e00000|  0%| F|  |TAMS 0x0000000086d00000| PB 0x0000000086d00000| Untracked 
| 110|0x0000000086e00000, 0x0000000086e00000, 0x0000000086f00000|  0%| F|  |TAMS 0x0000000086e00000| PB 0x0000000086e00000| Untracked 
| 111|0x0000000086f00000, 0x0000000086f00000, 0x0000000087000000|  0%| F|  |TAMS 0x0000000086f00000| PB 0x0000000086f00000| Untracked 
| 112|0x0000000087000000, 0x0000000087000000, 0x0000000087100000|  0%| F|  |TAMS 0x0000000087000000| PB 0x0000000087000000| Untracked 
| 113|0x0000000087100000, 0x0000000087100000, 0x0000000087200000|  0%| F|  |TAMS 0x0000000087100000| PB 0x0000000087100000| Untracked 
| 114|0x0000000087200000, 0x0000000087200000, 0x0000000087300000|  0%| F|  |TAMS 0x0000000087200000| PB 0x0000000087200000| Untracked 
| 115|0x0000000087300000, 0x0000000087300000, 0x0000000087400000|  0%| F|  |TAMS 0x0000000087300000| PB 0x0000000087300000| Untracked 
| 116|0x0000000087400000, 0x0000000087400000, 0x0000000087500000|  0%| F|  |TAMS 0x0000000087400000| PB 0x0000000087400000| Untracked 
| 117|0x0000000087500000, 0x0000000087500000, 0x0000000087600000|  0%| F|  |TAMS 0x0000000087500000| PB 0x0000000087500000| Untracked 
| 118|0x0000000087600000, 0x0000000087600000, 0x0000000087700000|  0%| F|  |TAMS 0x0000000087600000| PB 0x0000000087600000| Untracked 
| 119|0x0000000087700000, 0x0000000087700000, 0x0000000087800000|  0%| F|  |TAMS 0x0000000087700000| PB 0x0000000087700000| Untracked 
| 120|0x0000000087800000, 0x0000000087800000, 0x0000000087900000|  0%| F|  |TAMS 0x0000000087800000| PB 0x0000000087800000| Untracked 
| 121|0x0000000087900000, 0x0000000087900000, 0x0000000087a00000|  0%| F|  |TAMS 0x0000000087900000| PB 0x0000000087900000| Untracked 
| 122|0x0000000087a00000, 0x0000000087a00000, 0x0000000087b00000|  0%| F|  |TAMS 0x0000000087a00000| PB 0x0000000087a00000| Untracked 
| 123|0x0000000087b00000, 0x0000000087b00000, 0x0000000087c00000|  0%| F|  |TAMS 0x0000000087b00000| PB 0x0000000087b00000| Untracked 
| 124|0x0000000087c00000, 0x0000000087c00000, 0x0000000087d00000|  0%| F|  |TAMS 0x0000000087c00000| PB 0x0000000087c00000| Untracked 
| 125|0x0000000087d00000, 0x0000000087d00000, 0x0000000087e00000|  0%| F|  |TAMS 0x0000000087d00000| PB 0x0000000087d00000| Untracked 
| 126|0x0000000087e00000, 0x0000000087e00000, 0x0000000087f00000|  0%| F|  |TAMS 0x0000000087e00000| PB 0x0000000087e00000| Untracked 
| 127|0x0000000087f00000, 0x0000000087f00000, 0x0000000088000000|  0%| F|  |TAMS 0x0000000087f00000| PB 0x0000000087f00000| Untracked 
| 128|0x0000000088000000, 0x0000000088000000, 0x0000000088100000|  0%| F|  |TAMS 0x0000000088000000| PB 0x0000000088000000| Untracked 
| 129|0x0000000088100000, 0x0000000088100000, 0x0000000088200000|  0%| F|  |TAMS 0x0000000088100000| PB 0x0000000088100000| Untracked 
| 130|0x0000000088200000, 0x0000000088200000, 0x0000000088300000|  0%| F|  |TAMS 0x0000000088200000| PB 0x0000000088200000| Untracked 
| 131|0x0000000088300000, 0x0000000088300000, 0x0000000088400000|  0%| F|  |TAMS 0x0000000088300000| PB 0x0000000088300000| Untracked 
| 132|0x0000000088400000, 0x0000000088400000, 0x0000000088500000|  0%| F|  |TAMS 0x0000000088400000| PB 0x0000000088400000| Untracked 
| 133|0x0000000088500000, 0x0000000088500000, 0x0000000088600000|  0%| F|  |TAMS 0x0000000088500000| PB 0x0000000088500000| Untracked 
| 134|0x0000000088600000, 0x0000000088600000, 0x0000000088700000|  0%| F|  |TAMS 0x0000000088600000| PB 0x0000000088600000| Untracked 
| 135|0x0000000088700000, 0x0000000088700000, 0x0000000088800000|  0%| F|  |TAMS 0x0000000088700000| PB 0x0000000088700000| Untracked 
| 136|0x0000000088800000, 0x0000000088800000, 0x0000000088900000|  0%| F|  |TAMS 0x0000000088800000| PB 0x0000000088800000| Untracked 
| 137|0x0000000088900000, 0x0000000088900000, 0x0000000088a00000|  0%| F|  |TAMS 0x0000000088900000| PB 0x0000000088900000| Untracked 
| 138|0x0000000088a00000, 0x0000000088a00000, 0x0000000088b00000|  0%| F|  |TAMS 0x0000000088a00000| PB 0x0000000088a00000| Untracked 
| 139|0x0000000088b00000, 0x0000000088b00000, 0x0000000088c00000|  0%| F|  |TAMS 0x0000000088b00000| PB 0x0000000088b00000| Untracked 
| 140|0x0000000088c00000, 0x0000000088c00000, 0x0000000088d00000|  0%| F|  |TAMS 0x0000000088c00000| PB 0x0000000088c00000| Untracked 
| 141|0x0000000088d00000, 0x0000000088d00000, 0x0000000088e00000|  0%| F|  |TAMS 0x0000000088d00000| PB 0x0000000088d00000| Untracked 
| 142|0x0000000088e00000, 0x0000000088e00000, 0x0000000088f00000|  0%| F|  |TAMS 0x0000000088e00000| PB 0x0000000088e00000| Untracked 
| 143|0x0000000088f00000, 0x0000000088f00000, 0x0000000089000000|  0%| F|  |TAMS 0x0000000088f00000| PB 0x0000000088f00000| Untracked 
| 144|0x0000000089000000, 0x0000000089000000, 0x0000000089100000|  0%| F|  |TAMS 0x0000000089000000| PB 0x0000000089000000| Untracked 
| 145|0x0000000089100000, 0x0000000089100000, 0x0000000089200000|  0%| F|  |TAMS 0x0000000089100000| PB 0x0000000089100000| Untracked 
| 146|0x0000000089200000, 0x0000000089200000, 0x0000000089300000|  0%| F|  |TAMS 0x0000000089200000| PB 0x0000000089200000| Untracked 
| 147|0x0000000089300000, 0x0000000089300000, 0x0000000089400000|  0%| F|  |TAMS 0x0000000089300000| PB 0x0000000089300000| Untracked 
| 148|0x0000000089400000, 0x0000000089400000, 0x0000000089500000|  0%| F|  |TAMS 0x0000000089400000| PB 0x0000000089400000| Untracked 
| 149|0x0000000089500000, 0x0000000089500000, 0x0000000089600000|  0%| F|  |TAMS 0x0000000089500000| PB 0x0000000089500000| Untracked 
| 150|0x0000000089600000, 0x0000000089600000, 0x0000000089700000|  0%| F|  |TAMS 0x0000000089600000| PB 0x0000000089600000| Untracked 
| 151|0x0000000089700000, 0x0000000089700000, 0x0000000089800000|  0%| F|  |TAMS 0x0000000089700000| PB 0x0000000089700000| Untracked 
| 152|0x0000000089800000, 0x0000000089800000, 0x0000000089900000|  0%| F|  |TAMS 0x0000000089800000| PB 0x0000000089800000| Untracked 
| 153|0x0000000089900000, 0x0000000089900000, 0x0000000089a00000|  0%| F|  |TAMS 0x0000000089900000| PB 0x0000000089900000| Untracked 
| 154|0x0000000089a00000, 0x0000000089a00000, 0x0000000089b00000|  0%| F|  |TAMS 0x0000000089a00000| PB 0x0000000089a00000| Untracked 
| 155|0x0000000089b00000, 0x0000000089b00000, 0x0000000089c00000|  0%| F|  |TAMS 0x0000000089b00000| PB 0x0000000089b00000| Untracked 
| 156|0x0000000089c00000, 0x0000000089c00000, 0x0000000089d00000|  0%| F|  |TAMS 0x0000000089c00000| PB 0x0000000089c00000| Untracked 
| 157|0x0000000089d00000, 0x0000000089d00000, 0x0000000089e00000|  0%| F|  |TAMS 0x0000000089d00000| PB 0x0000000089d00000| Untracked 
| 158|0x0000000089e00000, 0x0000000089e00000, 0x0000000089f00000|  0%| F|  |TAMS 0x0000000089e00000| PB 0x0000000089e00000| Untracked 
| 159|0x0000000089f00000, 0x0000000089f00000, 0x000000008a000000|  0%| F|  |TAMS 0x0000000089f00000| PB 0x0000000089f00000| Untracked 
| 160|0x000000008a000000, 0x000000008a000000, 0x000000008a100000|  0%| F|  |TAMS 0x000000008a000000| PB 0x000000008a000000| Untracked 
| 161|0x000000008a100000, 0x000000008a100000, 0x000000008a200000|  0%| F|  |TAMS 0x000000008a100000| PB 0x000000008a100000| Untracked 
| 162|0x000000008a200000, 0x000000008a200000, 0x000000008a300000|  0%| F|  |TAMS 0x000000008a200000| PB 0x000000008a200000| Untracked 
| 163|0x000000008a300000, 0x000000008a300000, 0x000000008a400000|  0%| F|  |TAMS 0x000000008a300000| PB 0x000000008a300000| Untracked 
| 164|0x000000008a400000, 0x000000008a400000, 0x000000008a500000|  0%| F|  |TAMS 0x000000008a400000| PB 0x000000008a400000| Untracked 
| 165|0x000000008a500000, 0x000000008a500000, 0x000000008a600000|  0%| F|  |TAMS 0x000000008a500000| PB 0x000000008a500000| Untracked 
| 166|0x000000008a600000, 0x000000008a600000, 0x000000008a700000|  0%| F|  |TAMS 0x000000008a600000| PB 0x000000008a600000| Untracked 
| 167|0x000000008a700000, 0x000000008a700000, 0x000000008a800000|  0%| F|  |TAMS 0x000000008a700000| PB 0x000000008a700000| Untracked 
| 168|0x000000008a800000, 0x000000008a800000, 0x000000008a900000|  0%| F|  |TAMS 0x000000008a800000| PB 0x000000008a800000| Untracked 
| 169|0x000000008a900000, 0x000000008a900000, 0x000000008aa00000|  0%| F|  |TAMS 0x000000008a900000| PB 0x000000008a900000| Untracked 
| 170|0x000000008aa00000, 0x000000008aa00000, 0x000000008ab00000|  0%| F|  |TAMS 0x000000008aa00000| PB 0x000000008aa00000| Untracked 
| 171|0x000000008ab00000, 0x000000008ab00000, 0x000000008ac00000|  0%| F|  |TAMS 0x000000008ab00000| PB 0x000000008ab00000| Untracked 
| 172|0x000000008ac00000, 0x000000008ac00000, 0x000000008ad00000|  0%| F|  |TAMS 0x000000008ac00000| PB 0x000000008ac00000| Untracked 
| 173|0x000000008ad00000, 0x000000008ad00000, 0x000000008ae00000|  0%| F|  |TAMS 0x000000008ad00000| PB 0x000000008ad00000| Untracked 
| 174|0x000000008ae00000, 0x000000008ae00000, 0x000000008af00000|  0%| F|  |TAMS 0x000000008ae00000| PB 0x000000008ae00000| Untracked 
| 175|0x000000008af00000, 0x000000008af00000, 0x000000008b000000|  0%| F|  |TAMS 0x000000008af00000| PB 0x000000008af00000| Untracked 
| 176|0x000000008b000000, 0x000000008b000000, 0x000000008b100000|  0%| F|  |TAMS 0x000000008b000000| PB 0x000000008b000000| Untracked 
| 177|0x000000008b100000, 0x000000008b100000, 0x000000008b200000|  0%| F|  |TAMS 0x000000008b100000| PB 0x000000008b100000| Untracked 
| 178|0x000000008b200000, 0x000000008b200000, 0x000000008b300000|  0%| F|  |TAMS 0x000000008b200000| PB 0x000000008b200000| Untracked 
| 179|0x000000008b300000, 0x000000008b300000, 0x000000008b400000|  0%| F|  |TAMS 0x000000008b300000| PB 0x000000008b300000| Untracked 
| 180|0x000000008b400000, 0x000000008b400000, 0x000000008b500000|  0%| F|  |TAMS 0x000000008b400000| PB 0x000000008b400000| Untracked 
| 181|0x000000008b500000, 0x000000008b500000, 0x000000008b600000|  0%| F|  |TAMS 0x000000008b500000| PB 0x000000008b500000| Untracked 
| 182|0x000000008b600000, 0x000000008b600000, 0x000000008b700000|  0%| F|  |TAMS 0x000000008b600000| PB 0x000000008b600000| Untracked 
| 183|0x000000008b700000, 0x000000008b700000, 0x000000008b800000|  0%| F|  |TAMS 0x000000008b700000| PB 0x000000008b700000| Untracked 
| 184|0x000000008b800000, 0x000000008b800000, 0x000000008b900000|  0%| F|  |TAMS 0x000000008b800000| PB 0x000000008b800000| Untracked 
| 185|0x000000008b900000, 0x000000008b900000, 0x000000008ba00000|  0%| F|  |TAMS 0x000000008b900000| PB 0x000000008b900000| Untracked 
| 186|0x000000008ba00000, 0x000000008ba00000, 0x000000008bb00000|  0%| F|  |TAMS 0x000000008ba00000| PB 0x000000008ba00000| Untracked 
| 187|0x000000008bb00000, 0x000000008bb00000, 0x000000008bc00000|  0%| F|  |TAMS 0x000000008bb00000| PB 0x000000008bb00000| Untracked 
| 188|0x000000008bc00000, 0x000000008bc00000, 0x000000008bd00000|  0%| F|  |TAMS 0x000000008bc00000| PB 0x000000008bc00000| Untracked 
| 189|0x000000008bd00000, 0x000000008bd00000, 0x000000008be00000|  0%| F|  |TAMS 0x000000008bd00000| PB 0x000000008bd00000| Untracked 
| 190|0x000000008be00000, 0x000000008be00000, 0x000000008bf00000|  0%| F|  |TAMS 0x000000008be00000| PB 0x000000008be00000| Untracked 
| 191|0x000000008bf00000, 0x000000008bf00000, 0x000000008c000000|  0%| F|  |TAMS 0x000000008bf00000| PB 0x000000008bf00000| Untracked 
| 192|0x000000008c000000, 0x000000008c000000, 0x000000008c100000|  0%| F|  |TAMS 0x000000008c000000| PB 0x000000008c000000| Untracked 
| 193|0x000000008c100000, 0x000000008c100000, 0x000000008c200000|  0%| F|  |TAMS 0x000000008c100000| PB 0x000000008c100000| Untracked 
| 194|0x000000008c200000, 0x000000008c200000, 0x000000008c300000|  0%| F|  |TAMS 0x000000008c200000| PB 0x000000008c200000| Untracked 
| 195|0x000000008c300000, 0x000000008c300000, 0x000000008c400000|  0%| F|  |TAMS 0x000000008c300000| PB 0x000000008c300000| Untracked 
| 196|0x000000008c400000, 0x000000008c400000, 0x000000008c500000|  0%| F|  |TAMS 0x000000008c400000| PB 0x000000008c400000| Untracked 
| 197|0x000000008c500000, 0x000000008c500000, 0x000000008c600000|  0%| F|  |TAMS 0x000000008c500000| PB 0x000000008c500000| Untracked 
| 198|0x000000008c600000, 0x000000008c600000, 0x000000008c700000|  0%| F|  |TAMS 0x000000008c600000| PB 0x000000008c600000| Untracked 
| 199|0x000000008c700000, 0x000000008c700000, 0x000000008c800000|  0%| F|  |TAMS 0x000000008c700000| PB 0x000000008c700000| Untracked 
| 200|0x000000008c800000, 0x000000008c800000, 0x000000008c900000|  0%| F|  |TAMS 0x000000008c800000| PB 0x000000008c800000| Untracked 
| 201|0x000000008c900000, 0x000000008c900000, 0x000000008ca00000|  0%| F|  |TAMS 0x000000008c900000| PB 0x000000008c900000| Untracked 
| 202|0x000000008ca00000, 0x000000008ca00000, 0x000000008cb00000|  0%| F|  |TAMS 0x000000008ca00000| PB 0x000000008ca00000| Untracked 
| 203|0x000000008cb00000, 0x000000008cb00000, 0x000000008cc00000|  0%| F|  |TAMS 0x000000008cb00000| PB 0x000000008cb00000| Untracked 
| 204|0x000000008cc00000, 0x000000008cc00000, 0x000000008cd00000|  0%| F|  |TAMS 0x000000008cc00000| PB 0x000000008cc00000| Untracked 
| 205|0x000000008cd00000, 0x000000008cd00000, 0x000000008ce00000|  0%| F|  |TAMS 0x000000008cd00000| PB 0x000000008cd00000| Untracked 
| 206|0x000000008ce00000, 0x000000008ce00000, 0x000000008cf00000|  0%| F|  |TAMS 0x000000008ce00000| PB 0x000000008ce00000| Untracked 
| 207|0x000000008cf00000, 0x000000008cf00000, 0x000000008d000000|  0%| F|  |TAMS 0x000000008cf00000| PB 0x000000008cf00000| Untracked 
| 208|0x000000008d000000, 0x000000008d000000, 0x000000008d100000|  0%| F|  |TAMS 0x000000008d000000| PB 0x000000008d000000| Untracked 
| 209|0x000000008d100000, 0x000000008d100000, 0x000000008d200000|  0%| F|  |TAMS 0x000000008d100000| PB 0x000000008d100000| Untracked 
| 210|0x000000008d200000, 0x000000008d200000, 0x000000008d300000|  0%| F|  |TAMS 0x000000008d200000| PB 0x000000008d200000| Untracked 
| 211|0x000000008d300000, 0x000000008d300000, 0x000000008d400000|  0%| F|  |TAMS 0x000000008d300000| PB 0x000000008d300000| Untracked 
| 212|0x000000008d400000, 0x000000008d400000, 0x000000008d500000|  0%| F|  |TAMS 0x000000008d400000| PB 0x000000008d400000| Untracked 
| 213|0x000000008d500000, 0x000000008d500000, 0x000000008d600000|  0%| F|  |TAMS 0x000000008d500000| PB 0x000000008d500000| Untracked 
| 214|0x000000008d600000, 0x000000008d600000, 0x000000008d700000|  0%| F|  |TAMS 0x000000008d600000| PB 0x000000008d600000| Untracked 
| 215|0x000000008d700000, 0x000000008d700000, 0x000000008d800000|  0%| F|  |TAMS 0x000000008d700000| PB 0x000000008d700000| Untracked 
| 216|0x000000008d800000, 0x000000008d800000, 0x000000008d900000|  0%| F|  |TAMS 0x000000008d800000| PB 0x000000008d800000| Untracked 
| 217|0x000000008d900000, 0x000000008d900000, 0x000000008da00000|  0%| F|  |TAMS 0x000000008d900000| PB 0x000000008d900000| Untracked 
| 218|0x000000008da00000, 0x000000008da00000, 0x000000008db00000|  0%| F|  |TAMS 0x000000008da00000| PB 0x000000008da00000| Untracked 
| 219|0x000000008db00000, 0x000000008db00000, 0x000000008dc00000|  0%| F|  |TAMS 0x000000008db00000| PB 0x000000008db00000| Untracked 
| 220|0x000000008dc00000, 0x000000008dc00000, 0x000000008dd00000|  0%| F|  |TAMS 0x000000008dc00000| PB 0x000000008dc00000| Untracked 
| 221|0x000000008dd00000, 0x000000008dd00000, 0x000000008de00000|  0%| F|  |TAMS 0x000000008dd00000| PB 0x000000008dd00000| Untracked 
| 222|0x000000008de00000, 0x000000008de00000, 0x000000008df00000|  0%| F|  |TAMS 0x000000008de00000| PB 0x000000008de00000| Untracked 
| 223|0x000000008df00000, 0x000000008df00000, 0x000000008e000000|  0%| F|  |TAMS 0x000000008df00000| PB 0x000000008df00000| Untracked 
| 224|0x000000008e000000, 0x000000008e000000, 0x000000008e100000|  0%| F|  |TAMS 0x000000008e000000| PB 0x000000008e000000| Untracked 
| 225|0x000000008e100000, 0x000000008e100000, 0x000000008e200000|  0%| F|  |TAMS 0x000000008e100000| PB 0x000000008e100000| Untracked 
| 226|0x000000008e200000, 0x000000008e200000, 0x000000008e300000|  0%| F|  |TAMS 0x000000008e200000| PB 0x000000008e200000| Untracked 
| 227|0x000000008e300000, 0x000000008e300000, 0x000000008e400000|  0%| F|  |TAMS 0x000000008e300000| PB 0x000000008e300000| Untracked 
| 228|0x000000008e400000, 0x000000008e400000, 0x000000008e500000|  0%| F|  |TAMS 0x000000008e400000| PB 0x000000008e400000| Untracked 
| 229|0x000000008e500000, 0x000000008e500000, 0x000000008e600000|  0%| F|  |TAMS 0x000000008e500000| PB 0x000000008e500000| Untracked 
| 230|0x000000008e600000, 0x000000008e600000, 0x000000008e700000|  0%| F|  |TAMS 0x000000008e600000| PB 0x000000008e600000| Untracked 

Card table byte_map: [0x00000236bc6f0000,0x00000236bcaf0000] _byte_map_base: 0x00000236bc2f0000

Marking Bits: (CMBitMap*) 0x00000236a4a1b2a0
 Bits: [0x00000236bcef0000, 0x00000236beef0000)

Polling page: 0x00000236a2970000

Metaspace:

Usage:
  Non-class:     38.76 MB used.
      Class:      6.23 MB used.
       Both:     44.98 MB used.

Virtual space:
  Non-class space:       64.00 MB reserved,      39.56 MB ( 62%) committed,  1 nodes.
      Class space:        1.00 GB reserved,       7.00 MB ( <1%) committed,  1 nodes.
             Both:        1.06 GB reserved,      46.56 MB (  4%) committed. 

Chunk freelists:
   Non-Class:  432.00 KB
       Class:  935.00 KB
        Both:  1.33 MB

MaxMetaspaceSize: unlimited
CompressedClassSpaceSize: 1.00 GB
Initial GC threshold: 21.00 MB
Current GC threshold: 59.62 MB
CDS: on
MetaspaceReclaimPolicy: balanced
 - commit_granule_bytes: 65536.
 - commit_granule_words: 8192.
 - virtual_space_node_default_size: 8388608.
 - enlarge_chunks_in_place: 1.
 - new_chunks_are_fully_committed: 0.
 - uncommit_free_chunks: 1.
 - use_allocation_guard: 0.


Internal statistics:

num_allocs_failed_limit: 9.
num_arena_births: 2766.
num_arena_deaths: 0.
num_vsnodes_births: 2.
num_vsnodes_deaths: 0.
num_space_committed: 745.
num_space_uncommitted: 0.
num_chunks_returned_to_freelist: 9.
num_chunks_taken_from_freelist: 4773.
num_chunk_merges: 9.
num_chunk_splits: 3171.
num_chunks_enlarged: 1989.
num_inconsistent_stats: 0.

CodeHeap 'non-profiled nmethods': size=119168Kb used=3505Kb max_used=3505Kb free=115662Kb
 bounds [0x00000236b4610000, 0x00000236b4980000, 0x00000236bba70000]
CodeHeap 'profiled nmethods': size=119104Kb used=13687Kb max_used=13687Kb free=105416Kb
 bounds [0x00000236aca70000, 0x00000236ad7d0000, 0x00000236b3ec0000]
CodeHeap 'non-nmethods': size=7488Kb used=4469Kb max_used=4545Kb free=3018Kb
 bounds [0x00000236b3ec0000, 0x00000236b4340000, 0x00000236b4610000]
 total_blobs=7719 nmethods=6863 adapters=763
 compilation: enabled
              stopped_count=0, restarted_count=0
 full_count=0

Compilation events (20 events):
Event: 6.408 Thread 0x00000236c63d5970 nmethod 7430 0x00000236b4973590 code [0x00000236b4973700, 0x00000236b4973a58]
Event: 6.409 Thread 0x00000236c63d5970 7346       4       org.objectweb.asm.AnnotationWriter::computeAnnotationsSize (42 bytes)
Event: 6.413 Thread 0x00000236c63d5970 nmethod 7346 0x00000236b4973b90 code [0x00000236b4973d00, 0x00000236b4973e00]
Event: 6.413 Thread 0x00000236c63d5970 7172       4       org.objectweb.asm.Handler::putExceptionTable (63 bytes)
Event: 6.417 Thread 0x00000236c63d5970 nmethod 7172 0x00000236b4973f10 code [0x00000236b49740c0, 0x00000236b49743d0]
Event: 6.417 Thread 0x00000236c63d5970 7546 %     4       org.objectweb.asm.Type::hashCode @ 41 (68 bytes)
Event: 6.424 Thread 0x00000236c63d5970 nmethod 7546% 0x00000236b4974710 code [0x00000236b4974880, 0x00000236b4974c58]
Event: 6.424 Thread 0x00000236c63d5970 7503       4       org.gradle.api.file.RelativePath::getPathString (68 bytes)
Event: 6.439 Thread 0x00000236c63d5970 nmethod 7503 0x00000236b4974e10 code [0x00000236b4975020, 0x00000236b4975d08]
Event: 6.439 Thread 0x00000236c63d5970 7550       4       org.objectweb.asm.Type::hashCode (68 bytes)
Event: 6.445 Thread 0x00000236c63d5970 nmethod 7550 0x00000236b4976590 code [0x00000236b4976700, 0x00000236b4976a10]
Event: 6.446 Thread 0x00000236c63d5970 7532       4       org.gradle.internal.file.FilePathUtil::getPathSegments (54 bytes)
Event: 6.508 Thread 0x00000236c15e24d0 7557       3       org.objectweb.asm.tree.MethodNode::visitTypeInsn (17 bytes)
Event: 6.508 Thread 0x00000236c15e24d0 nmethod 7557 0x00000236ad7cd190 code [0x00000236ad7cd340, 0x00000236ad7cd678]
Event: 6.508 Thread 0x00000236c15e24d0 7558       2       java.util.concurrent.locks.AbstractQueuedSynchronizer$ConditionObject::unlinkCancelledWaiters (91 bytes)
Event: 6.509 Thread 0x00000236c15e24d0 nmethod 7558 0x00000236ad7cd810 code [0x00000236ad7cd9a0, 0x00000236ad7cdcc8]
Event: 6.511 Thread 0x00000236c63d5970 nmethod 7532 0x00000236b4976b90 code [0x00000236b4976dc0, 0x00000236b4978f90]
Event: 6.511 Thread 0x00000236c63d5970 7058       4       org.objectweb.asm.ClassReader::readElementValue (1237 bytes)
Event: 6.541 Thread 0x00000236c63d5970 nmethod 7058 0x00000236b4979a90 code [0x00000236b4979d60, 0x00000236b497b3c8]
Event: 6.541 Thread 0x00000236c63d5970 7560       4       org.gradle.internal.file.FilePathUtil::getPathSegments (54 bytes)

GC Heap History (20 events):
Event: 5.072 GC heap after
{Heap after GC invocations=19 (full 0):
 garbage-first heap   total 195584K, used 51788K [0x0000000080000000, 0x0000000100000000)
  region size 1024K, 5 young (5120K), 5 survivors (5120K)
 Metaspace       used 45980K, committed 47616K, reserved 1114112K
  class space    used 6377K, committed 7168K, reserved 1048576K
}
Event: 5.202 GC heap before
{Heap before GC invocations=19 (full 0):
 garbage-first heap   total 195584K, used 162380K [0x0000000080000000, 0x0000000100000000)
  region size 1024K, 114 young (116736K), 5 survivors (5120K)
 Metaspace       used 46007K, committed 47616K, reserved 1114112K
  class space    used 6377K, committed 7168K, reserved 1048576K
}
Event: 5.206 GC heap after
{Heap after GC invocations=20 (full 0):
 garbage-first heap   total 195584K, used 52823K [0x0000000080000000, 0x0000000100000000)
  region size 1024K, 6 young (6144K), 6 survivors (6144K)
 Metaspace       used 46007K, committed 47616K, reserved 1114112K
  class space    used 6377K, committed 7168K, reserved 1048576K
}
Event: 5.316 GC heap before
{Heap before GC invocations=20 (full 0):
 garbage-first heap   total 195584K, used 162391K [0x0000000080000000, 0x0000000100000000)
  region size 1024K, 114 young (116736K), 6 survivors (6144K)
 Metaspace       used 46020K, committed 47616K, reserved 1114112K
  class space    used 6377K, committed 7168K, reserved 1048576K
}
Event: 5.319 GC heap after
{Heap after GC invocations=21 (full 0):
 garbage-first heap   total 195584K, used 52028K [0x0000000080000000, 0x0000000100000000)
  region size 1024K, 5 young (5120K), 5 survivors (5120K)
 Metaspace       used 46020K, committed 47616K, reserved 1114112K
  class space    used 6377K, committed 7168K, reserved 1048576K
}
Event: 5.439 GC heap before
{Heap before GC invocations=21 (full 0):
 garbage-first heap   total 195584K, used 163644K [0x0000000080000000, 0x0000000100000000)
  region size 1024K, 114 young (116736K), 5 survivors (5120K)
 Metaspace       used 46028K, committed 47616K, reserved 1114112K
  class space    used 6377K, committed 7168K, reserved 1048576K
}
Event: 5.443 GC heap after
{Heap after GC invocations=22 (full 0):
 garbage-first heap   total 195584K, used 55119K [0x0000000080000000, 0x0000000100000000)
  region size 1024K, 8 young (8192K), 8 survivors (8192K)
 Metaspace       used 46028K, committed 47616K, reserved 1114112K
  class space    used 6377K, committed 7168K, reserved 1048576K
}
Event: 5.570 GC heap before
{Heap before GC invocations=22 (full 0):
 garbage-first heap   total 195584K, used 162639K [0x0000000080000000, 0x0000000100000000)
  region size 1024K, 114 young (116736K), 8 survivors (8192K)
 Metaspace       used 46042K, committed 47616K, reserved 1114112K
  class space    used 6377K, committed 7168K, reserved 1048576K
}
Event: 5.573 GC heap after
{Heap after GC invocations=23 (full 0):
 garbage-first heap   total 236544K, used 53037K [0x0000000080000000, 0x0000000100000000)
  region size 1024K, 6 young (6144K), 6 survivors (6144K)
 Metaspace       used 46042K, committed 47616K, reserved 1114112K
  class space    used 6377K, committed 7168K, reserved 1048576K
}
Event: 5.737 GC heap before
{Heap before GC invocations=23 (full 0):
 garbage-first heap   total 236544K, used 188205K [0x0000000080000000, 0x0000000100000000)
  region size 1024K, 138 young (141312K), 6 survivors (6144K)
 Metaspace       used 46045K, committed 47616K, reserved 1114112K
  class space    used 6377K, committed 7168K, reserved 1048576K
}
Event: 5.740 GC heap after
{Heap after GC invocations=24 (full 0):
 garbage-first heap   total 236544K, used 52031K [0x0000000080000000, 0x0000000100000000)
  region size 1024K, 5 young (5120K), 5 survivors (5120K)
 Metaspace       used 46045K, committed 47616K, reserved 1114112K
  class space    used 6377K, committed 7168K, reserved 1048576K
}
Event: 5.897 GC heap before
{Heap before GC invocations=24 (full 0):
 garbage-first heap   total 236544K, used 187199K [0x0000000080000000, 0x0000000100000000)
  region size 1024K, 138 young (141312K), 5 survivors (5120K)
 Metaspace       used 46052K, committed 47616K, reserved 1114112K
  class space    used 6377K, committed 7168K, reserved 1048576K
}
Event: 5.900 GC heap after
{Heap after GC invocations=25 (full 0):
 garbage-first heap   total 236544K, used 52564K [0x0000000080000000, 0x0000000100000000)
  region size 1024K, 5 young (5120K), 5 survivors (5120K)
 Metaspace       used 46052K, committed 47616K, reserved 1114112K
  class space    used 6377K, committed 7168K, reserved 1048576K
}
Event: 6.066 GC heap before
{Heap before GC invocations=25 (full 0):
 garbage-first heap   total 236544K, used 187732K [0x0000000080000000, 0x0000000100000000)
  region size 1024K, 138 young (141312K), 5 survivors (5120K)
 Metaspace       used 46056K, committed 47680K, reserved 1114112K
  class space    used 6377K, committed 7168K, reserved 1048576K
}
Event: 6.069 GC heap after
{Heap after GC invocations=26 (full 0):
 garbage-first heap   total 236544K, used 52753K [0x0000000080000000, 0x0000000100000000)
  region size 1024K, 6 young (6144K), 6 survivors (6144K)
 Metaspace       used 46056K, committed 47680K, reserved 1114112K
  class space    used 6377K, committed 7168K, reserved 1048576K
}
Event: 6.269 GC heap before
{Heap before GC invocations=26 (full 0):
 garbage-first heap   total 236544K, used 186897K [0x0000000080000000, 0x0000000100000000)
  region size 1024K, 138 young (141312K), 6 survivors (6144K)
 Metaspace       used 46060K, committed 47680K, reserved 1114112K
  class space    used 6377K, committed 7168K, reserved 1048576K
}
Event: 6.271 GC heap after
{Heap after GC invocations=27 (full 0):
 garbage-first heap   total 236544K, used 52888K [0x0000000080000000, 0x0000000100000000)
  region size 1024K, 6 young (6144K), 6 survivors (6144K)
 Metaspace       used 46060K, committed 47680K, reserved 1114112K
  class space    used 6377K, committed 7168K, reserved 1048576K
}
Event: 6.410 GC heap before
{Heap before GC invocations=27 (full 0):
 garbage-first heap   total 236544K, used 187032K [0x0000000080000000, 0x0000000100000000)
  region size 1024K, 138 young (141312K), 6 survivors (6144K)
 Metaspace       used 46063K, committed 47680K, reserved 1114112K
  class space    used 6377K, committed 7168K, reserved 1048576K
}
Event: 6.413 GC heap after
{Heap after GC invocations=28 (full 0):
 garbage-first heap   total 236544K, used 52905K [0x0000000080000000, 0x0000000100000000)
  region size 1024K, 6 young (6144K), 6 survivors (6144K)
 Metaspace       used 46063K, committed 47680K, reserved 1114112K
  class space    used 6377K, committed 7168K, reserved 1048576K
}
Event: 6.553 GC heap before
{Heap before GC invocations=28 (full 0):
 garbage-first heap   total 236544K, used 188073K [0x0000000080000000, 0x0000000100000000)
  region size 1024K, 138 young (141312K), 6 survivors (6144K)
 Metaspace       used 46063K, committed 47680K, reserved 1114112K
  class space    used 6377K, committed 7168K, reserved 1048576K
}

Dll operation events (15 events):
Event: 0.008 Loaded shared library C:\Program Files\Java\jdk-20\bin\java.dll
Event: 0.016 Loaded shared library C:\Program Files\Java\jdk-20\bin\jsvml.dll
Event: 0.062 Loaded shared library C:\Program Files\Java\jdk-20\bin\zip.dll
Event: 0.064 Loaded shared library C:\Program Files\Java\jdk-20\bin\instrument.dll
Event: 0.068 Loaded shared library C:\Program Files\Java\jdk-20\bin\net.dll
Event: 0.069 Loaded shared library C:\Program Files\Java\jdk-20\bin\nio.dll
Event: 0.073 Loaded shared library C:\Program Files\Java\jdk-20\bin\zip.dll
Event: 0.225 Loaded shared library C:\Program Files\Java\jdk-20\bin\jimage.dll
Event: 0.276 Loaded shared library C:\Program Files\Java\jdk-20\bin\verify.dll
Event: 0.428 Loaded shared library C:\Users\Admin\.gradle\native\68d5fa5c4cc2d200863cafc0d521ce42e7d3e7ee720ec0a83991735586a16f82\windows-amd64\native-platform.dll
Event: 0.432 Loaded shared library C:\Users\Admin\.gradle\native\e376f236ea51e6404a007f0833ffe2c6e607c4080706a723a18a27aeea778392\windows-amd64\native-platform-file-events.dll
Event: 1.027 Loaded shared library C:\Program Files\Java\jdk-20\bin\management.dll
Event: 1.029 Loaded shared library C:\Program Files\Java\jdk-20\bin\management_ext.dll
Event: 1.177 Loaded shared library C:\Program Files\Java\jdk-20\bin\extnet.dll
Event: 1.340 Loaded shared library C:\Program Files\Java\jdk-20\bin\sunmscapi.dll

Deoptimization events (20 events):
Event: 6.511 Thread 0x00000236cc583630 DEOPT UNPACKING pc=0x00000236b3f29d22 sp=0x00000094f0ffe230 mode 2
Event: 6.511 Thread 0x00000236cb5b1010 DEOPT UNPACKING pc=0x00000236b3f29d22 sp=0x00000094f06fe690 mode 2
Event: 6.512 Thread 0x00000236cb5aa5d0 DEOPT PACKING pc=0x00000236ad7c3446 sp=0x00000094f08fe010
Event: 6.512 Thread 0x00000236cb5aa5d0 DEOPT UNPACKING pc=0x00000236b3f2a4c2 sp=0x00000094f08fd720 mode 0
Event: 6.514 Thread 0x00000236cc584620 DEOPT PACKING pc=0x00000236ad7c3446 sp=0x00000094f0dfe040
Event: 6.514 Thread 0x00000236cc584620 DEOPT UNPACKING pc=0x00000236b3f2a4c2 sp=0x00000094f0dfd750 mode 0
Event: 6.522 Thread 0x00000236cb5b1010 DEOPT PACKING pc=0x00000236ad7c3446 sp=0x00000094f06fe0e0
Event: 6.522 Thread 0x00000236cb5b1010 DEOPT UNPACKING pc=0x00000236b3f2a4c2 sp=0x00000094f06fd7f0 mode 0
Event: 6.525 Thread 0x00000236cc586b50 DEOPT PACKING pc=0x00000236ad7c3446 sp=0x00000094f0bfdfe0
Event: 6.525 Thread 0x00000236cc586b50 DEOPT UNPACKING pc=0x00000236b3f2a4c2 sp=0x00000094f0bfd6f0 mode 0
Event: 6.527 Thread 0x00000236cc584620 DEOPT PACKING pc=0x00000236ad7c3446 sp=0x00000094f0dfe040
Event: 6.528 Thread 0x00000236cc584620 DEOPT UNPACKING pc=0x00000236b3f2a4c2 sp=0x00000094f0dfd750 mode 0
Event: 6.535 Thread 0x00000236cc583630 DEOPT PACKING pc=0x00000236ad7c3446 sp=0x00000094f0ffdc80
Event: 6.535 Thread 0x00000236cc583630 DEOPT UNPACKING pc=0x00000236b3f2a4c2 sp=0x00000094f0ffd390 mode 0
Event: 6.541 Thread 0x00000236cb5aa5d0 DEOPT PACKING pc=0x00000236ad7c3446 sp=0x00000094f08fe010
Event: 6.541 Thread 0x00000236cb5aa5d0 DEOPT UNPACKING pc=0x00000236b3f2a4c2 sp=0x00000094f08fd720 mode 0
Event: 6.546 Thread 0x00000236cb5b1010 DEOPT PACKING pc=0x00000236ad7c3446 sp=0x00000094f06fe0e0
Event: 6.546 Thread 0x00000236cb5b1010 DEOPT UNPACKING pc=0x00000236b3f2a4c2 sp=0x00000094f06fd7f0 mode 0
Event: 6.552 Thread 0x00000236cb5b1010 DEOPT PACKING pc=0x00000236ad7c3446 sp=0x00000094f06fe0e0
Event: 6.552 Thread 0x00000236cb5b1010 DEOPT UNPACKING pc=0x00000236b3f2a4c2 sp=0x00000094f06fd7f0 mode 0

Classes loaded (20 events):
Event: 3.945 Loading class java/io/DeleteOnExitHook
Event: 3.946 Loading class java/io/DeleteOnExitHook done
Event: 3.946 Loading class java/io/DeleteOnExitHook$1
Event: 3.946 Loading class java/io/DeleteOnExitHook$1 done
Event: 4.403 Loading class java/nio/charset/UnsupportedCharsetException
Event: 4.403 Loading class java/nio/charset/UnsupportedCharsetException done
Event: 4.404 Loading class java/util/zip/Deflater
Event: 4.405 Loading class java/util/zip/Deflater done
Event: 4.405 Loading class java/util/zip/Deflater$DeflaterZStreamRef
Event: 4.405 Loading class java/util/zip/Deflater$DeflaterZStreamRef done
Event: 4.411 Loading class java/util/zip/ZipFile$ZipEntryIterator
Event: 4.412 Loading class java/util/zip/ZipFile$ZipEntryIterator done
Event: 4.423 Loading class java/nio/StringCharBuffer
Event: 4.423 Loading class java/nio/StringCharBuffer done
Event: 4.613 Loading class java/nio/file/StandardCopyOption
Event: 4.614 Loading class java/nio/file/StandardCopyOption done
Event: 4.616 Loading class sun/nio/fs/WindowsFileCopy
Event: 4.617 Loading class sun/nio/fs/WindowsFileCopy done
Event: 4.824 Loading class java/lang/foreign/MemorySegment
Event: 4.828 Loading class java/lang/foreign/MemorySegment done

Classes unloaded (0 events):
No events

Classes redefined (0 events):
No events

Internal exceptions (20 events):
Event: 5.663 Thread 0x00000236cb5b1560 Exception <a 'sun/nio/fs/WindowsException'{0x0000000089fafc30}> (0x0000000089fafc30) 
thrown [s\open\src\hotspot\share\prims\jni.cpp, line 519]
Event: 5.664 Thread 0x00000236cc5875f0 Exception <a 'sun/nio/fs/WindowsException'{0x0000000089d7cd10}> (0x0000000089d7cd10) 
thrown [s\open\src\hotspot\share\prims\jni.cpp, line 519]
Event: 5.665 Thread 0x00000236cc5875f0 Exception <a 'sun/nio/fs/WindowsException'{0x0000000089d7ced0}> (0x0000000089d7ced0) 
thrown [s\open\src\hotspot\share\prims\jni.cpp, line 519]
Event: 5.668 Thread 0x00000236cb5ad050 Exception <a 'sun/nio/fs/WindowsException'{0x0000000089ba69e8}> (0x0000000089ba69e8) 
thrown [s\open\src\hotspot\share\prims\jni.cpp, line 519]
Event: 5.685 Thread 0x00000236cb5b1560 Exception <a 'sun/nio/fs/WindowsException'{0x0000000089fafdc8}> (0x0000000089fafdc8) 
thrown [s\open\src\hotspot\share\prims\jni.cpp, line 519]
Event: 5.686 Thread 0x00000236cb5ad050 Exception <a 'sun/nio/fs/WindowsException'{0x0000000089ba6bc8}> (0x0000000089ba6bc8) 
thrown [s\open\src\hotspot\share\prims\jni.cpp, line 519]
Event: 5.703 Thread 0x00000236cb19be80 Exception <a 'sun/nio/fs/WindowsException'{0x0000000087ff4350}> (0x0000000087ff4350) 
thrown [s\open\src\hotspot\share\prims\jni.cpp, line 519]
Event: 5.704 Thread 0x00000236cb19be80 Exception <a 'sun/nio/fs/WindowsException'{0x0000000087ff4508}> (0x0000000087ff4508) 
thrown [s\open\src\hotspot\share\prims\jni.cpp, line 519]
Event: 5.767 Thread 0x00000236cb5ab070 Exception <a 'sun/nio/fs/WindowsException'{0x000000008cf6fd30}> (0x000000008cf6fd30) 
thrown [s\open\src\hotspot\share\prims\jni.cpp, line 519]
Event: 5.768 Thread 0x00000236cb5ab070 Exception <a 'sun/nio/fs/WindowsException'{0x000000008cf6fed8}> (0x000000008cf6fed8) 
thrown [s\open\src\hotspot\share\prims\jni.cpp, line 519]
Event: 5.810 Thread 0x00000236cb5ae040 Exception <a 'sun/nio/fs/WindowsException'{0x000000008adc2158}> (0x000000008adc2158) 
thrown [s\open\src\hotspot\share\prims\jni.cpp, line 519]
Event: 5.811 Thread 0x00000236cb5ae040 Exception <a 'sun/nio/fs/WindowsException'{0x000000008adc2300}> (0x000000008adc2300) 
thrown [s\open\src\hotspot\share\prims\jni.cpp, line 519]
Event: 5.943 Thread 0x00000236cb197ec0 Exception <a 'sun/nio/fs/WindowsException'{0x000000008c05bd70}> (0x000000008c05bd70) 
thrown [s\open\src\hotspot\share\prims\jni.cpp, line 519]
Event: 5.944 Thread 0x00000236cb197ec0 Exception <a 'sun/nio/fs/WindowsException'{0x000000008c05bf20}> (0x000000008c05bf20) 
thrown [s\open\src\hotspot\share\prims\jni.cpp, line 519]
Event: 6.049 Thread 0x00000236cc581ba0 Exception <a 'sun/nio/fs/WindowsException'{0x0000000086f8a150}> (0x0000000086f8a150) 
thrown [s\open\src\hotspot\share\prims\jni.cpp, line 519]
Event: 6.050 Thread 0x00000236cc581ba0 Exception <a 'sun/nio/fs/WindowsException'{0x0000000086f8a308}> (0x0000000086f8a308) 
thrown [s\open\src\hotspot\share\prims\jni.cpp, line 519]
Event: 6.156 Thread 0x00000236cc5860b0 Exception <a 'sun/nio/fs/WindowsException'{0x000000008a882d18}> (0x000000008a882d18) 
thrown [s\open\src\hotspot\share\prims\jni.cpp, line 519]
Event: 6.156 Thread 0x00000236cc5860b0 Exception <a 'sun/nio/fs/WindowsException'{0x000000008a882ec0}> (0x000000008a882ec0) 
thrown [s\open\src\hotspot\share\prims\jni.cpp, line 519]
Event: 6.340 Thread 0x00000236cb19c3d0 Exception <a 'sun/nio/fs/WindowsException'{0x000000008a5d3b90}> (0x000000008a5d3b90) 
thrown [s\open\src\hotspot\share\prims\jni.cpp, line 519]
Event: 6.341 Thread 0x00000236cb19c3d0 Exception <a 'sun/nio/fs/WindowsException'{0x000000008a5d3d38}> (0x000000008a5d3d38) 
thrown [s\open\src\hotspot\share\prims\jni.cpp, line 519]

VM Operations (20 events):
Event: 5.438 Executing VM operation: G1CollectForAllocation done
Event: 5.439 Executing VM operation: G1CollectForAllocation
Event: 5.443 Executing VM operation: G1CollectForAllocation done
Event: 5.570 Executing VM operation: G1CollectForAllocation
Event: 5.573 Executing VM operation: G1CollectForAllocation done
Event: 5.736 Executing VM operation: G1CollectForAllocation
Event: 5.740 Executing VM operation: G1CollectForAllocation done
Event: 5.897 Executing VM operation: G1CollectForAllocation
Event: 5.897 Executing VM operation: G1CollectForAllocation done
Event: 5.897 Executing VM operation: G1CollectForAllocation
Event: 5.900 Executing VM operation: G1CollectForAllocation done
Event: 6.066 Executing VM operation: G1CollectForAllocation
Event: 6.069 Executing VM operation: G1CollectForAllocation done
Event: 6.268 Executing VM operation: G1CollectForAllocation
Event: 6.272 Executing VM operation: G1CollectForAllocation done
Event: 6.409 Executing VM operation: G1CollectForAllocation
Event: 6.410 Executing VM operation: G1CollectForAllocation done
Event: 6.410 Executing VM operation: G1CollectForAllocation
Event: 6.413 Executing VM operation: G1CollectForAllocation done
Event: 6.553 Executing VM operation: G1CollectForAllocation

Events (20 events):
Event: 4.276 Thread 0x00000236cb5b0570 Thread added: 0x00000236cb5b0570
Event: 4.277 Thread 0x00000236cb5ac060 Thread added: 0x00000236cb5ac060
Event: 4.277 Thread 0x00000236cb5af030 Thread added: 0x00000236cb5af030
Event: 4.277 Thread 0x00000236cb5ac5b0 Thread added: 0x00000236cb5ac5b0
Event: 4.277 Thread 0x00000236cb5b0020 Thread added: 0x00000236cb5b0020
Event: 4.277 Thread 0x00000236cb5adaf0 Thread added: 0x00000236cb5adaf0
Event: 4.278 Thread 0x00000236cb5aab20 Thread added: 0x00000236cb5aab20
Event: 4.278 Thread 0x00000236cb5acb00 Thread added: 0x00000236cb5acb00
Event: 4.278 Thread 0x00000236cb5b0ac0 Thread added: 0x00000236cb5b0ac0
Event: 4.382 Thread 0x00000236cb5ad050 Thread added: 0x00000236cb5ad050
Event: 4.382 Thread 0x00000236cb5b1010 Thread added: 0x00000236cb5b1010
Event: 4.382 Thread 0x00000236cb5b1560 Thread added: 0x00000236cb5b1560
Event: 4.382 Thread 0x00000236cb5aa5d0 Thread added: 0x00000236cb5aa5d0
Event: 4.382 Thread 0x00000236cb5ab070 Thread added: 0x00000236cb5ab070
Event: 4.382 Thread 0x00000236cc5875f0 Thread added: 0x00000236cc5875f0
Event: 4.382 Thread 0x00000236cc586b50 Thread added: 0x00000236cc586b50
Event: 4.382 Thread 0x00000236cc5860b0 Thread added: 0x00000236cc5860b0
Event: 4.382 Thread 0x00000236cc584620 Thread added: 0x00000236cc584620
Event: 4.382 Thread 0x00000236cc581ba0 Thread added: 0x00000236cc581ba0
Event: 4.382 Thread 0x00000236cc583630 Thread added: 0x00000236cc583630


Dynamic libraries:
0x00007ff6d0590000 - 0x00007ff6d05a0000 	C:\Program Files\Java\jdk-20\bin\java.exe
0x00007ffe50fd0000 - 0x00007ffe511e7000 	C:\WINDOWS\SYSTEM32\ntdll.dll
0x00007ffe4f230000 - 0x00007ffe4f2f4000 	C:\WINDOWS\System32\KERNEL32.DLL
0x00007ffe4e5e0000 - 0x00007ffe4e987000 	C:\WINDOWS\System32\KERNELBASE.dll
0x00007ffe4e350000 - 0x00007ffe4e461000 	C:\WINDOWS\System32\ucrtbase.dll
0x00007ffe417b0000 - 0x00007ffe417c9000 	C:\Program Files\Java\jdk-20\bin\jli.dll
0x00007ffe41960000 - 0x00007ffe4197b000 	C:\Program Files\Java\jdk-20\bin\VCRUNTIME140.dll
0x00007ffe4f890000 - 0x00007ffe4f940000 	C:\WINDOWS\System32\ADVAPI32.dll
0x00007ffe50d20000 - 0x00007ffe50dc7000 	C:\WINDOWS\System32\msvcrt.dll
0x00007ffe50c60000 - 0x00007ffe50d06000 	C:\WINDOWS\System32\sechost.dll
0x00007ffe4fcc0000 - 0x00007ffe4fdd7000 	C:\WINDOWS\System32\RPCRT4.dll
0x00007ffe50de0000 - 0x00007ffe50f8e000 	C:\WINDOWS\System32\USER32.dll
0x00007ffe4e530000 - 0x00007ffe4e556000 	C:\WINDOWS\System32\win32u.dll
0x00007ffe34f50000 - 0x00007ffe351e3000 	C:\WINDOWS\WinSxS\amd64_microsoft.windows.common-controls_6595b64144ccf1df_6.0.22621.2506_none_270c5ae97388e100\COMCTL32.dll
0x00007ffe4f860000 - 0x00007ffe4f889000 	C:\WINDOWS\System32\GDI32.dll
0x00007ffe4e990000 - 0x00007ffe4eaa9000 	C:\WINDOWS\System32\gdi32full.dll
0x00007ffe4ec90000 - 0x00007ffe4ed2a000 	C:\WINDOWS\System32\msvcp_win.dll
0x00007ffe463e0000 - 0x00007ffe463ea000 	C:\WINDOWS\SYSTEM32\VERSION.dll
0x00007ffe50210000 - 0x00007ffe50241000 	C:\WINDOWS\System32\IMM32.DLL
0x00007ffe41570000 - 0x00007ffe4157c000 	C:\Program Files\Java\jdk-20\bin\vcruntime140_1.dll
0x00007ffe25da0000 - 0x00007ffe25e2e000 	C:\Program Files\Java\jdk-20\bin\msvcp140.dll
0x00007ffdf9830000 - 0x00007ffdfa4c7000 	C:\Program Files\Java\jdk-20\bin\server\jvm.dll
0x00007ffe4b200000 - 0x00007ffe4b209000 	C:\WINDOWS\SYSTEM32\WSOCK32.dll
0x00007ffe4f1b0000 - 0x00007ffe4f221000 	C:\WINDOWS\System32\WS2_32.dll
0x00007ffe478a0000 - 0x00007ffe478d4000 	C:\WINDOWS\SYSTEM32\WINMM.dll
0x00007ffe4d3e0000 - 0x00007ffe4d3f8000 	C:\WINDOWS\SYSTEM32\kernel.appcore.dll
0x00007ffe41560000 - 0x00007ffe4156a000 	C:\Program Files\Java\jdk-20\bin\jimage.dll
0x00007ffe4bcd0000 - 0x00007ffe4bf03000 	C:\WINDOWS\SYSTEM32\DBGHELP.DLL
0x00007ffe4eda0000 - 0x00007ffe4f129000 	C:\WINDOWS\System32\combase.dll
0x00007ffe4ff70000 - 0x00007ffe50047000 	C:\WINDOWS\System32\OLEAUT32.dll
0x00007ffe163f0000 - 0x00007ffe16422000 	C:\WINDOWS\SYSTEM32\dbgcore.DLL
0x00007ffe4e560000 - 0x00007ffe4e5da000 	C:\WINDOWS\System32\bcryptPrimitives.dll
0x00007ffe41550000 - 0x00007ffe4155e000 	C:\Program Files\Java\jdk-20\bin\instrument.dll
0x00007ffe3fc30000 - 0x00007ffe3fc56000 	C:\Program Files\Java\jdk-20\bin\java.dll
0x00007ffe0ac90000 - 0x00007ffe0ad67000 	C:\Program Files\Java\jdk-20\bin\jsvml.dll
0x00007ffe50250000 - 0x00007ffe50aa9000 	C:\WINDOWS\System32\SHELL32.dll
0x00007ffe4c830000 - 0x00007ffe4d124000 	C:\WINDOWS\SYSTEM32\windows.storage.dll
0x00007ffe4c6f0000 - 0x00007ffe4c82e000 	C:\WINDOWS\SYSTEM32\wintypes.dll
0x00007ffe4f9f0000 - 0x00007ffe4fae3000 	C:\WINDOWS\System32\SHCORE.dll
0x00007ffe50c00000 - 0x00007ffe50c5e000 	C:\WINDOWS\System32\shlwapi.dll
0x00007ffe4e280000 - 0x00007ffe4e2a6000 	C:\WINDOWS\SYSTEM32\profapi.dll
0x00007ffe3fc10000 - 0x00007ffe3fc28000 	C:\Program Files\Java\jdk-20\bin\zip.dll
0x00007ffe3f960000 - 0x00007ffe3f973000 	C:\Program Files\Java\jdk-20\bin\net.dll
0x00007ffe46700000 - 0x00007ffe46837000 	C:\WINDOWS\SYSTEM32\WINHTTP.dll
0x00007ffe4d8c0000 - 0x00007ffe4d929000 	C:\WINDOWS\system32\mswsock.dll
0x00007ffe3f7e0000 - 0x00007ffe3f7f6000 	C:\Program Files\Java\jdk-20\bin\nio.dll
0x00007ffe3fc00000 - 0x00007ffe3fc10000 	C:\Program Files\Java\jdk-20\bin\verify.dll
0x00007ffe41a50000 - 0x00007ffe41a77000 	C:\Users\Admin\.gradle\native\68d5fa5c4cc2d200863cafc0d521ce42e7d3e7ee720ec0a83991735586a16f82\windows-amd64\native-platform.dll
0x00007ffe08a00000 - 0x00007ffe08b44000 	C:\Users\Admin\.gradle\native\e376f236ea51e6404a007f0833ffe2c6e607c4080706a723a18a27aeea778392\windows-amd64\native-platform-file-events.dll
0x00007ffe3f990000 - 0x00007ffe3f99a000 	C:\Program Files\Java\jdk-20\bin\management.dll
0x00007ffe3f7d0000 - 0x00007ffe3f7db000 	C:\Program Files\Java\jdk-20\bin\management_ext.dll
0x00007ffe50dd0000 - 0x00007ffe50dd8000 	C:\WINDOWS\System32\PSAPI.DLL
0x00007ffe4db20000 - 0x00007ffe4db3b000 	C:\WINDOWS\SYSTEM32\CRYPTSP.dll
0x00007ffe4d3a0000 - 0x00007ffe4d3d5000 	C:\WINDOWS\system32\rsaenh.dll
0x00007ffe4d9b0000 - 0x00007ffe4d9dc000 	C:\WINDOWS\SYSTEM32\USERENV.dll
0x00007ffe4dce0000 - 0x00007ffe4dd08000 	C:\WINDOWS\SYSTEM32\bcrypt.dll
0x00007ffe4db10000 - 0x00007ffe4db1c000 	C:\WINDOWS\SYSTEM32\CRYPTBASE.dll
0x00007ffe4c3c0000 - 0x00007ffe4c3ed000 	C:\WINDOWS\SYSTEM32\IPHLPAPI.DLL
0x00007ffe4fde0000 - 0x00007ffe4fde9000 	C:\WINDOWS\System32\NSI.dll
0x00007ffe47800000 - 0x00007ffe47819000 	C:\WINDOWS\SYSTEM32\dhcpcsvc6.DLL
0x00007ffe46890000 - 0x00007ffe468af000 	C:\WINDOWS\SYSTEM32\dhcpcsvc.DLL
0x00007ffe4c430000 - 0x00007ffe4c529000 	C:\WINDOWS\SYSTEM32\DNSAPI.dll
0x00007ffe3f2a0000 - 0x00007ffe3f2a7000 	C:\Program Files\Java\jdk-20\bin\extnet.dll
0x00007ffe3f290000 - 0x00007ffe3f29e000 	C:\Program Files\Java\jdk-20\bin\sunmscapi.dll
0x00007ffe4eab0000 - 0x00007ffe4ec16000 	C:\WINDOWS\System32\CRYPT32.dll
0x00007ffe4dcb0000 - 0x00007ffe4dcdd000 	C:\WINDOWS\SYSTEM32\ncrypt.dll
0x00007ffe4dc70000 - 0x00007ffe4dca7000 	C:\WINDOWS\SYSTEM32\NTASN1.dll
0x00007ffe3f280000 - 0x00007ffe3f288000 	C:\WINDOWS\system32\wshunix.dll

dbghelp: loaded successfully - version: 4.0.5 - missing functions: none
symbol engine: initialized successfully - sym options: 0x614 - pdb path: .;C:\Program Files\Java\jdk-20\bin;C:\WINDOWS\SYSTEM32;C:\WINDOWS\WinSxS\amd64_microsoft.windows.common-controls_6595b64144ccf1df_6.0.22621.2506_none_270c5ae97388e100;C:\Program Files\Java\jdk-20\bin\server;C:\Users\Admin\.gradle\native\68d5fa5c4cc2d200863cafc0d521ce42e7d3e7ee720ec0a83991735586a16f82\windows-amd64;C:\Users\Admin\.gradle\native\e376f236ea51e6404a007f0833ffe2c6e607c4080706a723a18a27aeea778392\windows-amd64

VM Arguments:
jvm_args: --add-opens=java.base/java.util=ALL-UNNAMED --add-opens=java.base/java.lang=ALL-UNNAMED --add-opens=java.base/java.lang.invoke=ALL-UNNAMED --add-opens=java.prefs/java.util.prefs=ALL-UNNAMED --add-opens=java.base/java.nio.charset=ALL-UNNAMED --add-opens=java.base/java.net=ALL-UNNAMED --add-opens=java.base/java.util.concurrent.atomic=ALL-UNNAMED -Xmx2048m -Dfile.encoding=UTF-8 -Duser.country=US -Duser.language=en -Duser.variant -javaagent:C:\Users\Admin\.gradle\wrapper\dists\gradle-8.1-bin\2eyty4r6kz6fpakefpk52nbbm\gradle-8.1\lib\agents\gradle-instrumentation-agent-8.1.jar 
java_command: org.gradle.launcher.daemon.bootstrap.GradleDaemon 8.1
java_class_path (initial): C:\Users\Admin\.gradle\wrapper\dists\gradle-8.1-bin\2eyty4r6kz6fpakefpk52nbbm\gradle-8.1\lib\gradle-launcher-8.1.jar
Launcher Type: SUN_STANDARD

[Global flags]
     intx CICompilerCount                          = 12                                        {product} {ergonomic}
     uint ConcGCThreads                            = 3                                         {product} {ergonomic}
     uint G1ConcRefinementThreads                  = 13                                        {product} {ergonomic}
   size_t G1HeapRegionSize                         = 1048576                                   {product} {ergonomic}
    uintx GCDrainStackTargetSize                   = 64                                        {product} {ergonomic}
   size_t InitialHeapSize                          = 123731968                                 {product} {ergonomic}
   size_t MarkStackSize                            = 4194304                                   {product} {ergonomic}
   size_t MaxHeapSize                              = 2147483648                                {product} {command line}
   size_t MaxNewSize                               = 1287651328                                {product} {ergonomic}
   size_t MinHeapDeltaBytes                        = 1048576                                   {product} {ergonomic}
   size_t MinHeapSize                              = 8388608                                   {product} {ergonomic}
    uintx NonNMethodCodeHeapSize                   = 7602480                                {pd product} {ergonomic}
    uintx NonProfiledCodeHeapSize                  = 122027880                              {pd product} {ergonomic}
    uintx ProfiledCodeHeapSize                     = 122027880                              {pd product} {ergonomic}
    uintx ReservedCodeCacheSize                    = 251658240                              {pd product} {ergonomic}
     bool SegmentedCodeCache                       = true                                      {product} {ergonomic}
   size_t SoftMaxHeapSize                          = 2147483648                             {manageable} {ergonomic}
     bool UseCompressedClassPointers               = true                           {product lp64_product} {ergonomic}
     bool UseCompressedOops                        = true                           {product lp64_product} {ergonomic}
     bool UseG1GC                                  = true                                      {product} {ergonomic}
     bool UseLargePagesIndividualAllocation        = false                                  {pd product} {ergonomic}

Logging:
Log output configuration:
 #0: stdout all=warning uptime,level,tags foldmultilines=false
 #1: stderr all=off uptime,level,tags foldmultilines=false

Environment Variables:
PATH=C:\Program Files\Common Files\Oracle\Java\javapath;C:\Program Files (x86)\Common Files\Oracle\Java\javapath;C:\Users\Admin\AppData\Local\Microsoft\WindowsApps;C:\Users\Admin\AppData\Local\Programs\Microsoft VS Code\bin;C:\Users\Admin\.dotnet\tools;C:\Users\Admin\AppData\Local\Yarn\bin;C:\Users\Admin\AppData\Roaming\npm;C:\Program Files\Git\cmd;C:\Program Files\nodejs\;C:\WINDOWS\system32;C:\WINDOWS;C:\WINDOWS\System32\Wbem;C:\WINDOWS\System32\WindowsPowerShell\v1.0\;C:\WINDOWS\System32\OpenSSH\;C:\Program Files\TortoiseGit\bin;C:\Program Files\dotnet\;C:\Program Files (x86)\NVIDIA Corporation\PhysX\Common;C:\Program Files\NVIDIA Corporation\NVIDIA NvDLISR;C:\Program Files\Microsoft SQL Server\150\Tools\Binn\;C:\Program Files (x86)\Microsoft SQL Server\160\Tools\Binn\;C:\Program Files\Microsoft SQL Server\160\Tools\Binn\;C:\Program Files\Microsoft SQL Server\Client SDK\ODBC\170\Tools\Binn\;C:\Program Files\Microsoft SQL Server\160\DTS\Binn\;C:\Program Files (x86)\Microsoft SQL Server\160\DTS\Binn\;C:\Program Files\Azure Data Studio\bin;C:\ProgramData\chocolatey\bin;C:\Program Files\Cloudflare\Cloudflare WARP\;C:\Users\Admin\AppData\Local\Programs\Python\Python310\Scripts\;C:\Users\Admin\AppData\Local\Programs\Python\Python310\;C:\Users\Admin\AppData\Local\Programs\Python\Python39\Scripts\;C:\Users\Admin\AppData\Local\Programs\Python\Python39\;C:\Users\Admin\AppData\Local\Microsoft\WindowsApps;C:\Users\Admin\AppData\Local\Programs\Microsoft VS Code\bin;C:\Users\Admin\.dotnet\tools;C:\Users\Admin\AppData\Local\Yarn\bin;C:\MinGW\bin;C:\Users\Admin\AppData\Roaming\npm;D:\IntelliJ IDEA 2022.3.3\bin;;C:\Program Files\Azure Data Studio\bin;C:\Program Files\Azure Data Studio\bin
USERNAME=Admin
OS=Windows_NT
PROCESSOR_IDENTIFIER=AMD64 Family 23 Model 96 Stepping 1, AuthenticAMD
TMP=C:\Users\Admin\AppData\Local\Temp
TEMP=C:\Users\Admin\AppData\Local\Temp




---------------  S Y S T E M  ---------------

OS:
 Windows 11 , 64 bit Build 22621 (10.0.22621.2506)
OS uptime: 0 days 4:58 hours

CPU: total 16 (initial active 16) (16 cores per cpu, 2 threads per core) family 23 model 96 stepping 1 microcode 0x0, cx8, cmov, fxsr, ht, mmx, 3dnowpref, sse, sse2, sse3, ssse3, sse4a, sse4.1, sse4.2, popcnt, lzcnt, tsc, tscinvbit, avx, avx2, aes, clmul, bmi1, bmi2, adx, sha, fma, vzeroupper, clflush, clflushopt, rdtscp, rdpid, f16c

Memory: 4k page, system-wide physical 7549M (534M free)
TotalPageFile size 15549M (AvailPageFile size 19M)
current process WorkingSet (physical memory assigned to process): 464M, peak: 468M
current process commit charge ("private bytes"): 519M, peak: 566M

vm_info: Java HotSpot(TM) 64-Bit Server VM (20+36-2344) for windows-amd64 JRE (20+36-2344), built on 2023-02-10T19:30:15Z by "mach5one" with MS VC++ 17.1 (VS2022)

END.
